PART A: F2 rational-double route scan (expect empty, E0 rank 0)
   F2 hits: NONE (route dead, as predicted)

PART B: hunting d=1, beta=0, 101 gamma values
[d=1 beta=0 gamma=-50 a=0] rejected
    V7 FAIL: a in {0, beta}
[d=1 beta=0 gamma=-49 a=0] rejected
    V7 FAIL: a in {0, beta}
[d=1 beta=0 gamma=-48 a=0] rejected
    V7 FAIL: a in {0, beta}
[d=1 beta=0 gamma=-47 a=0] rejected
    V7 FAIL: a in {0, beta}
[d=1 beta=0 gamma=-46 a=0] rejected
    V7 FAIL: a in {0, beta}
[d=1 beta=0 gamma=-45 a=0] rejected
    V7 FAIL: a in {0, beta}
[d=1 beta=0 gamma=-44 a=0] rejected
    V7 FAIL: a in {0, beta}
[d=1 beta=0 gamma=-43 a=0] rejected
    V7 FAIL: a in {0, beta}
[d=1 beta=0 gamma=-42 a=0] rejected
    V7 FAIL: a in {0, beta}
[d=1 beta=0 gamma=-41 a=0] rejected
    V7 FAIL: a in {0, beta}
[d=1 beta=0 gamma=-40 a=0] rejected
    V7 FAIL: a in {0, beta}
[d=1 beta=0 gamma=-39 a=0] rejected
    V7 FAIL: a in {0, beta}
[d=1 beta=0 gamma=-38 a=0] rejected
    V7 FAIL: a in {0, beta}
[d=1 beta=0 gamma=-37 a=0] rejected
    V7 FAIL: a in {0, beta}
[d=1 beta=0 gamma=-36 a=0] rejected
    V7 FAIL: a in {0, beta}
[d=1 beta=0 gamma=-35 a=0] rejected
    V7 FAIL: a in {0, beta}
[d=1 beta=0 gamma=-34 a=0] rejected
    V7 FAIL: a in {0, beta}
[d=1 beta=0 gamma=-33 a=0] rejected
    V7 FAIL: a in {0, beta}
[d=1 beta=0 gamma=-32 a=0] rejected
    V7 FAIL: a in {0, beta}
[d=1 beta=0 gamma=-31 a=0] rejected
    V7 FAIL: a in {0, beta}
[d=1 beta=0 gamma=-30 a=0] rejected
    V7 FAIL: a in {0, beta}
[d=1 beta=0 gamma=-29 a=0] rejected
    V7 FAIL: a in {0, beta}
[d=1 beta=0 gamma=-28 a=0] rejected
    V7 FAIL: a in {0, beta}
[d=1 beta=0 gamma=-27 a=0] rejected
    V7 FAIL: a in {0, beta}
[d=1 beta=0 gamma=-26 a=0] rejected
    V7 FAIL: a in {0, beta}
[d=1 beta=0 gamma=-25 a=0] rejected
    V7 FAIL: a in {0, beta}
[d=1 beta=0 gamma=-24 a=0] rejected
    V7 FAIL: a in {0, beta}
[d=1 beta=0 gamma=-23 a=0] rejected
    V7 FAIL: a in {0, beta}
[d=1 beta=0 gamma=-22 a=0] rejected
    V7 FAIL: a in {0, beta}
[d=1 beta=0 gamma=-21 a=0] rejected
    V7 FAIL: a in {0, beta}
[d=1 beta=0 gamma=-20 a=0] rejected
    V7 FAIL: a in {0, beta}
[d=1 beta=0 gamma=-19 a=0] rejected
    V7 FAIL: a in {0, beta}
[d=1 beta=0 gamma=-18 a=0] rejected
    V7 FAIL: a in {0, beta}
[d=1 beta=0 gamma=-17 a=0] rejected
    V7 FAIL: a in {0, beta}
[d=1 beta=0 gamma=-16 a=0] rejected
    V7 FAIL: a in {0, beta}
[d=1 beta=0 gamma=-15 a=0] rejected
    V7 FAIL: a in {0, beta}
[d=1 beta=0 gamma=-14 a=0] rejected
    V7 FAIL: a in {0, beta}
[d=1 beta=0 gamma=-13 a=0] rejected
    V7 FAIL: a in {0, beta}
[d=1 beta=0 gamma=-12 a=0] rejected
    V7 FAIL: a in {0, beta}
[d=1 beta=0 gamma=-11 a=0] rejected
    V7 FAIL: a in {0, beta}
[d=1 beta=0 gamma=-10 a=0] rejected
    V7 FAIL: a in {0, beta}
[d=1 beta=0 gamma=-9 a=0] rejected
    V7 FAIL: a in {0, beta}
[d=1 beta=0 gamma=-8 a=0] rejected
    V7 FAIL: a in {0, beta}
[d=1 beta=0 gamma=-7 a=0] rejected
    V7 FAIL: a in {0, beta}
[d=1 beta=0 gamma=-6 a=0] rejected
    V7 FAIL: a in {0, beta}
[d=1 beta=0 gamma=-5 a=0] rejected
    V7 FAIL: a in {0, beta}
[d=1 beta=0 gamma=-4 a=0] rejected
    V7 FAIL: a in {0, beta}
[d=1 beta=0 gamma=-3 a=0] rejected
    V7 FAIL: a in {0, beta}
[d=1 beta=0 gamma=-2 a=0] rejected
    V7 FAIL: a in {0, beta}
[d=1 beta=0 gamma=-1 a=0] rejected
    V7 FAIL: a in {0, beta}
[d=1 beta=0 gamma=0 a=0] rejected
    V7 FAIL: a in {0, beta}
[d=1 beta=0 gamma=1 a=0] rejected
    V7 FAIL: a in {0, beta}
[d=1 beta=0 gamma=2 a=0] rejected
    V7 FAIL: a in {0, beta}
[d=1 beta=0 gamma=3 a=0] rejected
    V7 FAIL: a in {0, beta}
[d=1 beta=0 gamma=4 a=0] rejected
    V7 FAIL: a in {0, beta}
[d=1 beta=0 gamma=5 a=0] rejected
    V7 FAIL: a in {0, beta}
[d=1 beta=0 gamma=6 a=0] rejected
    V7 FAIL: a in {0, beta}
[d=1 beta=0 gamma=7 a=0] rejected
    V7 FAIL: a in {0, beta}
[d=1 beta=0 gamma=8 a=0] rejected
    V7 FAIL: a in {0, beta}
[d=1 beta=0 gamma=9 a=0] rejected
    V7 FAIL: a in {0, beta}
[d=1 beta=0 gamma=10 a=0] rejected
    V7 FAIL: a in {0, beta}
[d=1 beta=0 gamma=11 a=0] rejected
    V7 FAIL: a in {0, beta}
[d=1 beta=0 gamma=12 a=0] rejected
    V7 FAIL: a in {0, beta}
[d=1 beta=0 gamma=13 a=0] rejected
    V7 FAIL: a in {0, beta}
[d=1 beta=0 gamma=14 a=0] rejected
    V7 FAIL: a in {0, beta}
[d=1 beta=0 gamma=15 a=0] rejected
    V7 FAIL: a in {0, beta}
[d=1 beta=0 gamma=16 a=0] rejected
    V7 FAIL: a in {0, beta}
[d=1 beta=0 gamma=17 a=0] rejected
    V7 FAIL: a in {0, beta}
[d=1 beta=0 gamma=18 a=0] rejected
    V7 FAIL: a in {0, beta}
[d=1 beta=0 gamma=19 a=0] rejected
    V7 FAIL: a in {0, beta}
[d=1 beta=0 gamma=20 a=0] rejected
    V7 FAIL: a in {0, beta}
[d=1 beta=0 gamma=21 a=0] rejected
    V7 FAIL: a in {0, beta}
[d=1 beta=0 gamma=22 a=0] rejected
    V7 FAIL: a in {0, beta}
[d=1 beta=0 gamma=23 a=0] rejected
    V7 FAIL: a in {0, beta}
[d=1 beta=0 gamma=24 a=0] rejected
    V7 FAIL: a in {0, beta}
[d=1 beta=0 gamma=25 a=0] rejected
    V7 FAIL: a in {0, beta}
[d=1 beta=0 gamma=26 a=0] rejected
    V7 FAIL: a in {0, beta}
[d=1 beta=0 gamma=27 a=0] rejected
    V7 FAIL: a in {0, beta}
[d=1 beta=0 gamma=28 a=0] rejected
    V7 FAIL: a in {0, beta}
[d=1 beta=0 gamma=29 a=0] rejected
    V7 FAIL: a in {0, beta}
[d=1 beta=0 gamma=30 a=0] rejected
    V7 FAIL: a in {0, beta}
[d=1 beta=0 gamma=31 a=0] rejected
    V7 FAIL: a in {0, beta}
[d=1 beta=0 gamma=32 a=0] rejected
    V7 FAIL: a in {0, beta}
[d=1 beta=0 gamma=33 a=0] rejected
    V7 FAIL: a in {0, beta}
[d=1 beta=0 gamma=34 a=0] rejected
    V7 FAIL: a in {0, beta}
[d=1 beta=0 gamma=35 a=0] rejected
    V7 FAIL: a in {0, beta}
[d=1 beta=0 gamma=36 a=0] rejected
    V7 FAIL: a in {0, beta}
[d=1 beta=0 gamma=37 a=0] rejected
    V7 FAIL: a in {0, beta}
[d=1 beta=0 gamma=38 a=0] rejected
    V7 FAIL: a in {0, beta}
[d=1 beta=0 gamma=39 a=0] rejected
    V7 FAIL: a in {0, beta}
[d=1 beta=0 gamma=40 a=0] rejected
    V7 FAIL: a in {0, beta}
[d=1 beta=0 gamma=41 a=0] rejected
    V7 FAIL: a in {0, beta}
[d=1 beta=0 gamma=42 a=0] rejected
    V7 FAIL: a in {0, beta}
[d=1 beta=0 gamma=43 a=0] rejected
    V7 FAIL: a in {0, beta}
[d=1 beta=0 gamma=44 a=0] rejected
    V7 FAIL: a in {0, beta}
[d=1 beta=0 gamma=45 a=0] rejected
    V7 FAIL: a in {0, beta}
[d=1 beta=0 gamma=46 a=0] rejected
    V7 FAIL: a in {0, beta}
[d=1 beta=0 gamma=47 a=0] rejected
    V7 FAIL: a in {0, beta}
[d=1 beta=0 gamma=48 a=0] rejected
    V7 FAIL: a in {0, beta}
[d=1 beta=0 gamma=49 a=0] rejected
    V7 FAIL: a in {0, beta}
[d=1 beta=0 gamma=50 a=0] rejected
    V7 FAIL: a in {0, beta}

PART B: hunting d=1, beta=0, 60 gamma values
[d=1 beta=0 gamma=-59/2 a=0] rejected
    V7 FAIL: a in {0, beta}
[d=1 beta=0 gamma=-57/2 a=0] rejected
    V7 FAIL: a in {0, beta}
[d=1 beta=0 gamma=-55/2 a=0] rejected
    V7 FAIL: a in {0, beta}
[d=1 beta=0 gamma=-53/2 a=0] rejected
    V7 FAIL: a in {0, beta}
[d=1 beta=0 gamma=-51/2 a=0] rejected
    V7 FAIL: a in {0, beta}
[d=1 beta=0 gamma=-49/2 a=0] rejected
    V7 FAIL: a in {0, beta}
[d=1 beta=0 gamma=-47/2 a=0] rejected
    V7 FAIL: a in {0, beta}
[d=1 beta=0 gamma=-45/2 a=0] rejected
    V7 FAIL: a in {0, beta}
[d=1 beta=0 gamma=-43/2 a=0] rejected
    V7 FAIL: a in {0, beta}
[d=1 beta=0 gamma=-41/2 a=0] rejected
    V7 FAIL: a in {0, beta}
[d=1 beta=0 gamma=-39/2 a=0] rejected
    V7 FAIL: a in {0, beta}
[d=1 beta=0 gamma=-37/2 a=0] rejected
    V7 FAIL: a in {0, beta}
[d=1 beta=0 gamma=-35/2 a=0] rejected
    V7 FAIL: a in {0, beta}
[d=1 beta=0 gamma=-33/2 a=0] rejected
    V7 FAIL: a in {0, beta}
[d=1 beta=0 gamma=-31/2 a=0] rejected
    V7 FAIL: a in {0, beta}
[d=1 beta=0 gamma=-29/2 a=0] rejected
    V7 FAIL: a in {0, beta}
[d=1 beta=0 gamma=-27/2 a=0] rejected
    V7 FAIL: a in {0, beta}
[d=1 beta=0 gamma=-25/2 a=0] rejected
    V7 FAIL: a in {0, beta}
[d=1 beta=0 gamma=-23/2 a=0] rejected
    V7 FAIL: a in {0, beta}
[d=1 beta=0 gamma=-21/2 a=0] rejected
    V7 FAIL: a in {0, beta}
[d=1 beta=0 gamma=-19/2 a=0] rejected
    V7 FAIL: a in {0, beta}
[d=1 beta=0 gamma=-17/2 a=0] rejected
    V7 FAIL: a in {0, beta}
[d=1 beta=0 gamma=-15/2 a=0] rejected
    V7 FAIL: a in {0, beta}
[d=1 beta=0 gamma=-13/2 a=0] rejected
    V7 FAIL: a in {0, beta}
[d=1 beta=0 gamma=-11/2 a=0] rejected
    V7 FAIL: a in {0, beta}
[d=1 beta=0 gamma=-9/2 a=0] rejected
    V7 FAIL: a in {0, beta}
[d=1 beta=0 gamma=-7/2 a=0] rejected
    V7 FAIL: a in {0, beta}
[d=1 beta=0 gamma=-5/2 a=0] rejected
    V7 FAIL: a in {0, beta}
[d=1 beta=0 gamma=-3/2 a=0] rejected
    V7 FAIL: a in {0, beta}
[d=1 beta=0 gamma=-1/2 a=0] rejected
    V7 FAIL: a in {0, beta}
[d=1 beta=0 gamma=1/2 a=0] rejected
    V7 FAIL: a in {0, beta}
[d=1 beta=0 gamma=3/2 a=0] rejected
    V7 FAIL: a in {0, beta}
[d=1 beta=0 gamma=5/2 a=0] rejected
    V7 FAIL: a in {0, beta}
[d=1 beta=0 gamma=7/2 a=0] rejected
    V7 FAIL: a in {0, beta}
[d=1 beta=0 gamma=9/2 a=0] rejected
    V7 FAIL: a in {0, beta}
[d=1 beta=0 gamma=11/2 a=0] rejected
    V7 FAIL: a in {0, beta}
[d=1 beta=0 gamma=13/2 a=0] rejected
    V7 FAIL: a in {0, beta}
[d=1 beta=0 gamma=15/2 a=0] rejected
    V7 FAIL: a in {0, beta}
[d=1 beta=0 gamma=17/2 a=0] rejected
    V7 FAIL: a in {0, beta}
[d=1 beta=0 gamma=19/2 a=0] rejected
    V7 FAIL: a in {0, beta}
[d=1 beta=0 gamma=21/2 a=0] rejected
    V7 FAIL: a in {0, beta}
[d=1 beta=0 gamma=23/2 a=0] rejected
    V7 FAIL: a in {0, beta}
[d=1 beta=0 gamma=25/2 a=0] rejected
    V7 FAIL: a in {0, beta}
[d=1 beta=0 gamma=27/2 a=0] rejected
    V7 FAIL: a in {0, beta}
[d=1 beta=0 gamma=29/2 a=0] rejected
    V7 FAIL: a in {0, beta}
[d=1 beta=0 gamma=31/2 a=0] rejected
    V7 FAIL: a in {0, beta}
[d=1 beta=0 gamma=33/2 a=0] rejected
    V7 FAIL: a in {0, beta}
[d=1 beta=0 gamma=35/2 a=0] rejected
    V7 FAIL: a in {0, beta}
[d=1 beta=0 gamma=37/2 a=0] rejected
    V7 FAIL: a in {0, beta}
[d=1 beta=0 gamma=39/2 a=0] rejected
    V7 FAIL: a in {0, beta}
[d=1 beta=0 gamma=41/2 a=0] rejected
    V7 FAIL: a in {0, beta}
[d=1 beta=0 gamma=43/2 a=0] rejected
    V7 FAIL: a in {0, beta}
[d=1 beta=0 gamma=45/2 a=0] rejected
    V7 FAIL: a in {0, beta}
[d=1 beta=0 gamma=47/2 a=0] rejected
    V7 FAIL: a in {0, beta}
[d=1 beta=0 gamma=49/2 a=0] rejected
    V7 FAIL: a in {0, beta}
[d=1 beta=0 gamma=51/2 a=0] rejected
    V7 FAIL: a in {0, beta}
[d=1 beta=0 gamma=53/2 a=0] rejected
    V7 FAIL: a in {0, beta}
[d=1 beta=0 gamma=55/2 a=0] rejected
    V7 FAIL: a in {0, beta}
[d=1 beta=0 gamma=57/2 a=0] rejected
    V7 FAIL: a in {0, beta}
[d=1 beta=0 gamma=59/2 a=0] rejected
    V7 FAIL: a in {0, beta}

PART B: hunting d=2, beta=0, 61 gamma values
[d=2 beta=0 gamma=-30 a=0] rejected
    V7 FAIL: a in {0, beta}
[d=2 beta=0 gamma=-29 a=0] rejected
    V7 FAIL: a in {0, beta}
[d=2 beta=0 gamma=-28 a=0] rejected
    V7 FAIL: a in {0, beta}
[d=2 beta=0 gamma=-27 a=0] rejected
    V7 FAIL: a in {0, beta}
[d=2 beta=0 gamma=-26 a=0] rejected
    V7 FAIL: a in {0, beta}
[d=2 beta=0 gamma=-25 a=0] rejected
    V7 FAIL: a in {0, beta}
[d=2 beta=0 gamma=-24 a=0] rejected
    V7 FAIL: a in {0, beta}
[d=2 beta=0 gamma=-23 a=0] rejected
    V7 FAIL: a in {0, beta}
[d=2 beta=0 gamma=-22 a=0] rejected
    V7 FAIL: a in {0, beta}
[d=2 beta=0 gamma=-21 a=0] rejected
    V7 FAIL: a in {0, beta}
[d=2 beta=0 gamma=-20 a=0] rejected
    V7 FAIL: a in {0, beta}
[d=2 beta=0 gamma=-19 a=0] rejected
    V7 FAIL: a in {0, beta}
[d=2 beta=0 gamma=-18 a=0] rejected
    V7 FAIL: a in {0, beta}
[d=2 beta=0 gamma=-17 a=0] rejected
    V7 FAIL: a in {0, beta}
[d=2 beta=0 gamma=-16 a=0] rejected
    V7 FAIL: a in {0, beta}
[d=2 beta=0 gamma=-15 a=0] rejected
    V7 FAIL: a in {0, beta}
[d=2 beta=0 gamma=-14 a=0] rejected
    V7 FAIL: a in {0, beta}
[d=2 beta=0 gamma=-13 a=0] rejected
    V7 FAIL: a in {0, beta}
[d=2 beta=0 gamma=-12 a=0] rejected
    V7 FAIL: a in {0, beta}
[d=2 beta=0 gamma=-11 a=0] rejected
    V7 FAIL: a in {0, beta}
[d=2 beta=0 gamma=-10 a=0] rejected
    V7 FAIL: a in {0, beta}
[d=2 beta=0 gamma=-9 a=0] rejected
    V7 FAIL: a in {0, beta}
[d=2 beta=0 gamma=-8 a=0] rejected
    V7 FAIL: a in {0, beta}
[d=2 beta=0 gamma=-7 a=0] rejected
    V7 FAIL: a in {0, beta}
[d=2 beta=0 gamma=-6 a=0] rejected
    V7 FAIL: a in {0, beta}
[d=2 beta=0 gamma=-5 a=0] rejected
    V7 FAIL: a in {0, beta}
[d=2 beta=0 gamma=-4 a=0] rejected
    V7 FAIL: a in {0, beta}
[d=2 beta=0 gamma=-3 a=0] rejected
    V7 FAIL: a in {0, beta}
[d=2 beta=0 gamma=-2 a=0] rejected
    V7 FAIL: a in {0, beta}
[d=2 beta=0 gamma=-1 a=0] rejected
    V7 FAIL: a in {0, beta}
[d=2 beta=0 gamma=0 a=0] rejected
    V7 FAIL: a in {0, beta}
[d=2 beta=0 gamma=1 a=0] rejected
    V7 FAIL: a in {0, beta}
[d=2 beta=0 gamma=2 a=0] rejected
    V7 FAIL: a in {0, beta}
[d=2 beta=0 gamma=3 a=0] rejected
    V7 FAIL: a in {0, beta}
[d=2 beta=0 gamma=4 a=0] rejected
    V7 FAIL: a in {0, beta}
[d=2 beta=0 gamma=5 a=0] rejected
    V7 FAIL: a in {0, beta}
[d=2 beta=0 gamma=6 a=0] rejected
    V7 FAIL: a in {0, beta}
[d=2 beta=0 gamma=7 a=0] rejected
    V7 FAIL: a in {0, beta}
[d=2 beta=0 gamma=8 a=0] rejected
    V7 FAIL: a in {0, beta}
[d=2 beta=0 gamma=9 a=0] rejected
    V7 FAIL: a in {0, beta}
[d=2 beta=0 gamma=10 a=0] rejected
    V7 FAIL: a in {0, beta}
[d=2 beta=0 gamma=11 a=0] rejected
    V7 FAIL: a in {0, beta}
[d=2 beta=0 gamma=12 a=0] rejected
    V7 FAIL: a in {0, beta}
[d=2 beta=0 gamma=13 a=0] rejected
    V7 FAIL: a in {0, beta}
[d=2 beta=0 gamma=14 a=0] rejected
    V7 FAIL: a in {0, beta}
[d=2 beta=0 gamma=15 a=0] rejected
    V7 FAIL: a in {0, beta}
[d=2 beta=0 gamma=16 a=0] rejected
    V7 FAIL: a in {0, beta}
[d=2 beta=0 gamma=17 a=0] rejected
    V7 FAIL: a in {0, beta}
[d=2 beta=0 gamma=18 a=0] rejected
    V7 FAIL: a in {0, beta}
[d=2 beta=0 gamma=19 a=0] rejected
    V7 FAIL: a in {0, beta}
[d=2 beta=0 gamma=20 a=0] rejected
    V7 FAIL: a in {0, beta}
[d=2 beta=0 gamma=21 a=0] rejected
    V7 FAIL: a in {0, beta}
[d=2 beta=0 gamma=22 a=0] rejected
    V7 FAIL: a in {0, beta}
[d=2 beta=0 gamma=23 a=0] rejected
    V7 FAIL: a in {0, beta}
[d=2 beta=0 gamma=24 a=0] rejected
    V7 FAIL: a in {0, beta}
[d=2 beta=0 gamma=25 a=0] rejected
    V7 FAIL: a in {0, beta}
[d=2 beta=0 gamma=26 a=0] rejected
    V7 FAIL: a in {0, beta}
[d=2 beta=0 gamma=27 a=0] rejected
    V7 FAIL: a in {0, beta}
[d=2 beta=0 gamma=28 a=0] rejected
    V7 FAIL: a in {0, beta}
[d=2 beta=0 gamma=29 a=0] rejected
    V7 FAIL: a in {0, beta}
[d=2 beta=0 gamma=30 a=0] rejected
    V7 FAIL: a in {0, beta}

PART B: hunting d=3, beta=0, 41 gamma values
[d=3 beta=0 gamma=-20 a=0] rejected
    V7 FAIL: a in {0, beta}
[d=3 beta=0 gamma=-19 a=0] rejected
    V7 FAIL: a in {0, beta}
[d=3 beta=0 gamma=-18 a=0] rejected
    V7 FAIL: a in {0, beta}
[d=3 beta=0 gamma=-17 a=0] rejected
    V7 FAIL: a in {0, beta}
[d=3 beta=0 gamma=-16 a=0] rejected
    V7 FAIL: a in {0, beta}
[d=3 beta=0 gamma=-15 a=0] rejected
    V7 FAIL: a in {0, beta}
[d=3 beta=0 gamma=-14 a=0] rejected
    V7 FAIL: a in {0, beta}
[d=3 beta=0 gamma=-13 a=0] rejected
    V7 FAIL: a in {0, beta}
[d=3 beta=0 gamma=-12 a=0] rejected
    V7 FAIL: a in {0, beta}
[d=3 beta=0 gamma=-11 a=0] rejected
    V7 FAIL: a in {0, beta}
[d=3 beta=0 gamma=-10 a=0] rejected
    V7 FAIL: a in {0, beta}
[d=3 beta=0 gamma=-9 a=0] rejected
    V7 FAIL: a in {0, beta}
[d=3 beta=0 gamma=-8 a=0] rejected
    V7 FAIL: a in {0, beta}
[d=3 beta=0 gamma=-7 a=0] rejected
    V7 FAIL: a in {0, beta}
[d=3 beta=0 gamma=-6 a=0] rejected
    V7 FAIL: a in {0, beta}
[d=3 beta=0 gamma=-5 a=0] rejected
    V7 FAIL: a in {0, beta}
[d=3 beta=0 gamma=-4 a=0] rejected
    V7 FAIL: a in {0, beta}
[d=3 beta=0 gamma=-3 a=0] rejected
    V7 FAIL: a in {0, beta}
[d=3 beta=0 gamma=-2 a=0] rejected
    V7 FAIL: a in {0, beta}
[d=3 beta=0 gamma=-1 a=0] rejected
    V7 FAIL: a in {0, beta}
[d=3 beta=0 gamma=0 a=0] rejected
    V7 FAIL: a in {0, beta}
[d=3 beta=0 gamma=1 a=0] rejected
    V7 FAIL: a in {0, beta}
[d=3 beta=0 gamma=2 a=0] rejected
    V7 FAIL: a in {0, beta}
[d=3 beta=0 gamma=3 a=0] rejected
    V7 FAIL: a in {0, beta}
[d=3 beta=0 gamma=4 a=0] rejected
    V7 FAIL: a in {0, beta}
[d=3 beta=0 gamma=5 a=0] rejected
    V7 FAIL: a in {0, beta}
[d=3 beta=0 gamma=6 a=0] rejected
    V7 FAIL: a in {0, beta}
[d=3 beta=0 gamma=7 a=0] rejected
    V7 FAIL: a in {0, beta}
[d=3 beta=0 gamma=8 a=0] rejected
    V7 FAIL: a in {0, beta}
[d=3 beta=0 gamma=9 a=0] rejected
    V7 FAIL: a in {0, beta}
[d=3 beta=0 gamma=10 a=0] rejected
    V7 FAIL: a in {0, beta}
[d=3 beta=0 gamma=11 a=0] rejected
    V7 FAIL: a in {0, beta}
[d=3 beta=0 gamma=12 a=0] rejected
    V7 FAIL: a in {0, beta}
[d=3 beta=0 gamma=13 a=0] rejected
    V7 FAIL: a in {0, beta}
[d=3 beta=0 gamma=14 a=0] rejected
    V7 FAIL: a in {0, beta}
[d=3 beta=0 gamma=15 a=0] rejected
    V7 FAIL: a in {0, beta}
[d=3 beta=0 gamma=16 a=0] rejected
    V7 FAIL: a in {0, beta}
[d=3 beta=0 gamma=17 a=0] rejected
    V7 FAIL: a in {0, beta}
[d=3 beta=0 gamma=18 a=0] rejected
    V7 FAIL: a in {0, beta}
[d=3 beta=0 gamma=19 a=0] rejected
    V7 FAIL: a in {0, beta}
[d=3 beta=0 gamma=20 a=0] rejected
    V7 FAIL: a in {0, beta}

PART B: hunting d=1, beta=1, 61 gamma values
[d=1 beta=1 gamma=-30 a=-28] rejected
    V1 FAIL: gcd degree 1 != 2
[d=1 beta=1 gamma=-29 a=-27] rejected
    V1 FAIL: gcd degree 1 != 2
[d=1 beta=1 gamma=-28 a=-26] rejected
    V1 FAIL: gcd degree 1 != 2
[d=1 beta=1 gamma=-27 a=-25] rejected
    V1 FAIL: gcd degree 1 != 2
[d=1 beta=1 gamma=-26 a=-24] rejected
    V1 FAIL: gcd degree 1 != 2
[d=1 beta=1 gamma=-25 a=-23] rejected
    V1 FAIL: gcd degree 1 != 2
[d=1 beta=1 gamma=-24 a=-22] rejected
    V1 FAIL: gcd degree 1 != 2
[d=1 beta=1 gamma=-23 a=-21] rejected
    V1 FAIL: gcd degree 1 != 2
[d=1 beta=1 gamma=-22 a=-20] rejected
    V1 FAIL: gcd degree 1 != 2
[d=1 beta=1 gamma=-21 a=-19] rejected
    V1 FAIL: gcd degree 1 != 2
[d=1 beta=1 gamma=-20 a=-18] rejected
    V1 FAIL: gcd degree 1 != 2
[d=1 beta=1 gamma=-19 a=-17] rejected
    V1 FAIL: gcd degree 1 != 2
[d=1 beta=1 gamma=-18 a=-16] rejected
    V1 FAIL: gcd degree 1 != 2
[d=1 beta=1 gamma=-17 a=-15] rejected
    V1 FAIL: gcd degree 1 != 2
[d=1 beta=1 gamma=-16 a=-14] rejected
    V1 FAIL: gcd degree 1 != 2
[d=1 beta=1 gamma=-15 a=-13] rejected
    V1 FAIL: gcd degree 1 != 2
[d=1 beta=1 gamma=-14 a=-12] rejected
    V1 FAIL: gcd degree 1 != 2
[d=1 beta=1 gamma=-13 a=-11] rejected
    V1 FAIL: gcd degree 1 != 2
[d=1 beta=1 gamma=-12 a=-10] rejected
    V1 FAIL: gcd degree 1 != 2
[d=1 beta=1 gamma=-11 a=-9] rejected
    V1 FAIL: gcd degree 1 != 2
[d=1 beta=1 gamma=-10 a=-8] rejected
    V1 FAIL: gcd degree 1 != 2
[d=1 beta=1 gamma=-9 a=-7] rejected
    V1 FAIL: gcd degree 1 != 2
[d=1 beta=1 gamma=-8 a=-6] rejected
    V1 FAIL: gcd degree 1 != 2
[d=1 beta=1 gamma=-7 a=-5] rejected
    V1 FAIL: gcd degree 1 != 2
[d=1 beta=1 gamma=-6 a=-4] rejected
    V1 FAIL: gcd degree 1 != 2
[d=1 beta=1 gamma=-5 a=-3] rejected
    V1 FAIL: gcd degree 1 != 2
[d=1 beta=1 gamma=-4 a=-2] rejected
    V1 FAIL: gcd degree 1 != 2
[d=1 beta=1 gamma=-3 a=-1] rejected
    V1 FAIL: gcd degree 1 != 2
[d=1 beta=1 gamma=-2 a=0] rejected
    V7 FAIL: a in {0, beta}
[d=1 beta=1 gamma=-1 a=1] rejected
    V7 FAIL: a in {0, beta}
[d=1 beta=1 gamma=0 a=0] rejected
    V7 FAIL: a in {0, beta}
[d=1 beta=1 gamma=0 a=2] rejected
    V1 FAIL: gcd degree 1 != 2
[d=1 beta=1 gamma=1 a=3] rejected
    V1 FAIL: gcd degree 1 != 2
[d=1 beta=1 gamma=2 a=4] rejected
    V1 FAIL: gcd degree 1 != 2
[d=1 beta=1 gamma=3 a=1] rejected
    V7 FAIL: a in {0, beta}
[d=1 beta=1 gamma=3 a=5] rejected
    V1 FAIL: gcd degree 1 != 2
[d=1 beta=1 gamma=4 a=6] rejected
    V1 FAIL: gcd degree 1 != 2
[d=1 beta=1 gamma=5 a=7] rejected
    V1 FAIL: gcd degree 1 != 2
[d=1 beta=1 gamma=6 a=8] rejected
    V1 FAIL: gcd degree 1 != 2
[d=1 beta=1 gamma=7 a=9] rejected
    V1 FAIL: gcd degree 1 != 2
[d=1 beta=1 gamma=8 a=10] rejected
    V1 FAIL: gcd degree 1 != 2
[d=1 beta=1 gamma=9 a=11] rejected
    V1 FAIL: gcd degree 1 != 2
[d=1 beta=1 gamma=10 a=12] rejected
    V1 FAIL: gcd degree 1 != 2
[d=1 beta=1 gamma=11 a=13] rejected
    V1 FAIL: gcd degree 1 != 2
[d=1 beta=1 gamma=12 a=14] rejected
    V1 FAIL: gcd degree 1 != 2
[d=1 beta=1 gamma=13 a=15] rejected
    V1 FAIL: gcd degree 1 != 2
[d=1 beta=1 gamma=14 a=16] rejected
    V1 FAIL: gcd degree 1 != 2
[d=1 beta=1 gamma=15 a=17] rejected
    V1 FAIL: gcd degree 1 != 2
[d=1 beta=1 gamma=16 a=18] rejected
    V1 FAIL: gcd degree 1 != 2
[d=1 beta=1 gamma=17 a=19] rejected
    V1 FAIL: gcd degree 1 != 2
[d=1 beta=1 gamma=18 a=20] rejected
    V1 FAIL: gcd degree 1 != 2
[d=1 beta=1 gamma=19 a=21] rejected
    V1 FAIL: gcd degree 1 != 2
[d=1 beta=1 gamma=20 a=22] rejected
    V1 FAIL: gcd degree 1 != 2
[d=1 beta=1 gamma=21 a=23] rejected
    V1 FAIL: gcd degree 1 != 2
[d=1 beta=1 gamma=22 a=24] rejected
    V1 FAIL: gcd degree 1 != 2
[d=1 beta=1 gamma=23 a=25] rejected
    V1 FAIL: gcd degree 1 != 2
[d=1 beta=1 gamma=24 a=26] rejected
    V1 FAIL: gcd degree 1 != 2
[d=1 beta=1 gamma=25 a=27] rejected
    V1 FAIL: gcd degree 1 != 2
[d=1 beta=1 gamma=26 a=28] rejected
    V1 FAIL: gcd degree 1 != 2
[d=1 beta=1 gamma=27 a=29] rejected
    V1 FAIL: gcd degree 1 != 2
[d=1 beta=1 gamma=28 a=30] rejected
    V1 FAIL: gcd degree 1 != 2
[d=1 beta=1 gamma=29 a=31] rejected
    V1 FAIL: gcd degree 1 != 2
[d=1 beta=1 gamma=30 a=32] rejected
    V1 FAIL: gcd degree 1 != 2

PART B: hunting d=1, beta=-1, 61 gamma values
[d=1 beta=-1 gamma=-30 a=28] rejected
    V1 FAIL: gcd degree 1 != 2
[d=1 beta=-1 gamma=-29 a=27] rejected
    V1 FAIL: gcd degree 1 != 2
[d=1 beta=-1 gamma=-28 a=26] rejected
    V1 FAIL: gcd degree 1 != 2
[d=1 beta=-1 gamma=-27 a=25] rejected
    V1 FAIL: gcd degree 1 != 2
[d=1 beta=-1 gamma=-26 a=24] rejected
    V1 FAIL: gcd degree 1 != 2
[d=1 beta=-1 gamma=-25 a=23] rejected
    V1 FAIL: gcd degree 1 != 2
[d=1 beta=-1 gamma=-24 a=22] rejected
    V1 FAIL: gcd degree 1 != 2
[d=1 beta=-1 gamma=-23 a=21] rejected
    V1 FAIL: gcd degree 1 != 2
[d=1 beta=-1 gamma=-22 a=20] rejected
    V1 FAIL: gcd degree 1 != 2
[d=1 beta=-1 gamma=-21 a=19] rejected
    V1 FAIL: gcd degree 1 != 2
[d=1 beta=-1 gamma=-20 a=18] rejected
    V1 FAIL: gcd degree 1 != 2
[d=1 beta=-1 gamma=-19 a=17] rejected
    V1 FAIL: gcd degree 1 != 2
[d=1 beta=-1 gamma=-18 a=16] rejected
    V1 FAIL: gcd degree 1 != 2
[d=1 beta=-1 gamma=-17 a=15] rejected
    V1 FAIL: gcd degree 1 != 2
[d=1 beta=-1 gamma=-16 a=14] rejected
    V1 FAIL: gcd degree 1 != 2
[d=1 beta=-1 gamma=-15 a=13] rejected
    V1 FAIL: gcd degree 1 != 2
[d=1 beta=-1 gamma=-14 a=12] rejected
    V1 FAIL: gcd degree 1 != 2
[d=1 beta=-1 gamma=-13 a=11] rejected
    V1 FAIL: gcd degree 1 != 2
[d=1 beta=-1 gamma=-12 a=10] rejected
    V1 FAIL: gcd degree 1 != 2
[d=1 beta=-1 gamma=-11 a=9] rejected
    V1 FAIL: gcd degree 1 != 2
[d=1 beta=-1 gamma=-10 a=8] rejected
    V1 FAIL: gcd degree 1 != 2
[d=1 beta=-1 gamma=-9 a=7] rejected
    V1 FAIL: gcd degree 1 != 2
[d=1 beta=-1 gamma=-8 a=6] rejected
    V1 FAIL: gcd degree 1 != 2
[d=1 beta=-1 gamma=-7 a=5] rejected
    V1 FAIL: gcd degree 1 != 2
[d=1 beta=-1 gamma=-6 a=4] rejected
    V1 FAIL: gcd degree 1 != 2
[d=1 beta=-1 gamma=-5 a=3] rejected
    V1 FAIL: gcd degree 1 != 2
[d=1 beta=-1 gamma=-4 a=2] rejected
    V1 FAIL: gcd degree 1 != 2
[d=1 beta=-1 gamma=-3 a=1] rejected
    V1 FAIL: gcd degree 1 != 2
[d=1 beta=-1 gamma=-2 a=0] rejected
    V7 FAIL: a in {0, beta}
[d=1 beta=-1 gamma=-1 a=-1] rejected
    V7 FAIL: a in {0, beta}
[d=1 beta=-1 gamma=0 a=-2] rejected
    V1 FAIL: gcd degree 1 != 2
[d=1 beta=-1 gamma=0 a=0] rejected
    V7 FAIL: a in {0, beta}
[d=1 beta=-1 gamma=1 a=-3] rejected
    V1 FAIL: gcd degree 1 != 2
[d=1 beta=-1 gamma=2 a=-4] rejected
    V1 FAIL: gcd degree 1 != 2
[d=1 beta=-1 gamma=3 a=-5] rejected
    V1 FAIL: gcd degree 1 != 2
[d=1 beta=-1 gamma=4 a=-6] rejected
    V1 FAIL: gcd degree 1 != 2
[d=1 beta=-1 gamma=5 a=-7] rejected
    V1 FAIL: gcd degree 1 != 2
[d=1 beta=-1 gamma=6 a=-8] rejected
    V1 FAIL: gcd degree 1 != 2
[d=1 beta=-1 gamma=7 a=-9] rejected
    V1 FAIL: gcd degree 1 != 2
[d=1 beta=-1 gamma=8 a=-10] rejected
    V1 FAIL: gcd degree 1 != 2
[d=1 beta=-1 gamma=9 a=-11] rejected
    V1 FAIL: gcd degree 1 != 2
[d=1 beta=-1 gamma=10 a=-12] rejected
    V1 FAIL: gcd degree 1 != 2
[d=1 beta=-1 gamma=11 a=-13] rejected
    V1 FAIL: gcd degree 1 != 2
[d=1 beta=-1 gamma=12 a=-14] rejected
    V1 FAIL: gcd degree 1 != 2
[d=1 beta=-1 gamma=13 a=-15] rejected
    V1 FAIL: gcd degree 1 != 2
[d=1 beta=-1 gamma=14 a=-16] rejected
    V1 FAIL: gcd degree 1 != 2
[d=1 beta=-1 gamma=15 a=-17] rejected
    V1 FAIL: gcd degree 1 != 2
[d=1 beta=-1 gamma=16 a=-18] rejected
    V1 FAIL: gcd degree 1 != 2
[d=1 beta=-1 gamma=17 a=-19] rejected
    V1 FAIL: gcd degree 1 != 2
[d=1 beta=-1 gamma=18 a=-20] rejected
    V1 FAIL: gcd degree 1 != 2
[d=1 beta=-1 gamma=19 a=-21] rejected
    V1 FAIL: gcd degree 1 != 2
[d=1 beta=-1 gamma=20 a=-22] rejected
    V1 FAIL: gcd degree 1 != 2
[d=1 beta=-1 gamma=21 a=-23] rejected
    V1 FAIL: gcd degree 1 != 2
[d=1 beta=-1 gamma=22 a=-24] rejected
    V1 FAIL: gcd degree 1 != 2
[d=1 beta=-1 gamma=23 a=-25] rejected
    V1 FAIL: gcd degree 1 != 2
[d=1 beta=-1 gamma=24 a=-26] rejected
    V1 FAIL: gcd degree 1 != 2
[d=1 beta=-1 gamma=25 a=-27] rejected
    V1 FAIL: gcd degree 1 != 2
[d=1 beta=-1 gamma=26 a=-28] rejected
    V1 FAIL: gcd degree 1 != 2
[d=1 beta=-1 gamma=27 a=-29] rejected
    V1 FAIL: gcd degree 1 != 2
[d=1 beta=-1 gamma=28 a=-30] rejected
    V1 FAIL: gcd degree 1 != 2
[d=1 beta=-1 gamma=29 a=-31] rejected
    V1 FAIL: gcd degree 1 != 2
[d=1 beta=-1 gamma=30 a=-32] rejected
    V1 FAIL: gcd degree 1 != 2

PART B: hunting d=1, beta=2, 41 gamma values
[d=1 beta=2 gamma=-20 a=-24] rejected
    V1 FAIL: gcd degree 1 != 2
[d=1 beta=2 gamma=-19 a=-22] rejected
    V1 FAIL: gcd degree 1 != 2
[d=1 beta=2 gamma=-18 a=-20] rejected
    V1 FAIL: gcd degree 1 != 2
[d=1 beta=2 gamma=-17 a=-18] rejected
    V1 FAIL: gcd degree 1 != 2
[d=1 beta=2 gamma=-16 a=-16] rejected
    V1 FAIL: gcd degree 1 != 2
[d=1 beta=2 gamma=-15 a=-14] rejected
    V1 FAIL: gcd degree 1 != 2
[d=1 beta=2 gamma=-14 a=-12] rejected
    V1 FAIL: gcd degree 1 != 2
[d=1 beta=2 gamma=-13 a=-10] rejected
    V1 FAIL: gcd degree 1 != 2
[d=1 beta=2 gamma=-12 a=-8] rejected
    V1 FAIL: gcd degree 1 != 2
[d=1 beta=2 gamma=-11 a=-6] rejected
    V1 FAIL: gcd degree 1 != 2
[d=1 beta=2 gamma=-10 a=-4] rejected
    V1 FAIL: gcd degree 1 != 2
[d=1 beta=2 gamma=-9 a=-2] rejected
    V1 FAIL: gcd degree 1 != 2
[d=1 beta=2 gamma=-8 a=0] rejected
    V7 FAIL: a in {0, beta}
[d=1 beta=2 gamma=-7 a=2] rejected
    V7 FAIL: a in {0, beta}
[d=1 beta=2 gamma=-6 a=4] rejected
    V1 FAIL: gcd degree 1 != 2
[d=1 beta=2 gamma=-5 a=6] rejected
    V1 FAIL: gcd degree 1 != 2
[d=1 beta=2 gamma=-4 a=8] rejected
    V1 FAIL: gcd degree 1 != 2
[d=1 beta=2 gamma=-3 a=10] rejected
    V1 FAIL: gcd degree 1 != 2
[d=1 beta=2 gamma=-2 a=12] rejected
    V1 FAIL: gcd degree 1 != 2
[d=1 beta=2 gamma=-1 a=14] rejected
    V1 FAIL: gcd degree 1 != 2
[d=1 beta=2 gamma=0 a=0] rejected
    V7 FAIL: a in {0, beta}
[d=1 beta=2 gamma=0 a=16] rejected
    V1 FAIL: gcd degree 1 != 2
[d=1 beta=2 gamma=1 a=18] rejected
    V1 FAIL: gcd degree 1 != 2
[d=1 beta=2 gamma=2 a=20] rejected
    V1 FAIL: gcd degree 1 != 2
[d=1 beta=2 gamma=3 a=22] rejected
    V1 FAIL: gcd degree 1 != 2
[d=1 beta=2 gamma=4 a=24] rejected
    V1 FAIL: gcd degree 1 != 2
[d=1 beta=2 gamma=5 a=2] rejected
    V7 FAIL: a in {0, beta}
[d=1 beta=2 gamma=5 a=26] rejected
    V1 FAIL: gcd degree 1 != 2
[d=1 beta=2 gamma=6 a=28] rejected
    V1 FAIL: gcd degree 1 != 2
[d=1 beta=2 gamma=7 a=30] rejected
    V1 FAIL: gcd degree 1 != 2
[d=1 beta=2 gamma=8 a=32] rejected
    V1 FAIL: gcd degree 1 != 2
[d=1 beta=2 gamma=9 a=34] rejected
    V1 FAIL: gcd degree 1 != 2
[d=1 beta=2 gamma=10 a=36] rejected
    V1 FAIL: gcd degree 1 != 2
[d=1 beta=2 gamma=11 a=38] rejected
    V1 FAIL: gcd degree 1 != 2
[d=1 beta=2 gamma=12 a=40] rejected
    V1 FAIL: gcd degree 1 != 2
[d=1 beta=2 gamma=13 a=42] rejected
    V1 FAIL: gcd degree 1 != 2
[d=1 beta=2 gamma=14 a=44] rejected
    V1 FAIL: gcd degree 1 != 2
[d=1 beta=2 gamma=15 a=46] rejected
    V1 FAIL: gcd degree 1 != 2
[d=1 beta=2 gamma=16 a=48] rejected
    V1 FAIL: gcd degree 1 != 2
[d=1 beta=2 gamma=17 a=50] rejected
    V1 FAIL: gcd degree 1 != 2
[d=1 beta=2 gamma=18 a=52] rejected
    V1 FAIL: gcd degree 1 != 2
[d=1 beta=2 gamma=19 a=54] rejected
    V1 FAIL: gcd degree 1 != 2
[d=1 beta=2 gamma=20 a=56] rejected
    V1 FAIL: gcd degree 1 != 2

PART B: hunting d=1, beta=-2, 41 gamma values
[d=1 beta=-2 gamma=-20 a=24] rejected
    V1 FAIL: gcd degree 1 != 2
[d=1 beta=-2 gamma=-19 a=22] rejected
    V1 FAIL: gcd degree 1 != 2
[d=1 beta=-2 gamma=-18 a=20] rejected
    V1 FAIL: gcd degree 1 != 2
[d=1 beta=-2 gamma=-17 a=18] rejected
    V1 FAIL: gcd degree 1 != 2
[d=1 beta=-2 gamma=-16 a=16] rejected
    V1 FAIL: gcd degree 1 != 2
[d=1 beta=-2 gamma=-15 a=14] rejected
    V1 FAIL: gcd degree 1 != 2
[d=1 beta=-2 gamma=-14 a=12] rejected
    V1 FAIL: gcd degree 1 != 2
[d=1 beta=-2 gamma=-13 a=10] rejected
    V1 FAIL: gcd degree 1 != 2
[d=1 beta=-2 gamma=-12 a=8] rejected
    V1 FAIL: gcd degree 1 != 2
[d=1 beta=-2 gamma=-11 a=6] rejected
    V1 FAIL: gcd degree 1 != 2
[d=1 beta=-2 gamma=-10 a=4] rejected
    V1 FAIL: gcd degree 1 != 2
[d=1 beta=-2 gamma=-9 a=2] rejected
    V1 FAIL: gcd degree 1 != 2
[d=1 beta=-2 gamma=-8 a=0] rejected
    V7 FAIL: a in {0, beta}
[d=1 beta=-2 gamma=-7 a=-2] rejected
    V7 FAIL: a in {0, beta}
[d=1 beta=-2 gamma=-6 a=-4] rejected
    V1 FAIL: gcd degree 1 != 2
[d=1 beta=-2 gamma=-5 a=-6] rejected
    V1 FAIL: gcd degree 1 != 2
[d=1 beta=-2 gamma=-4 a=-8] rejected
    V1 FAIL: gcd degree 1 != 2
[d=1 beta=-2 gamma=-3 a=-10] rejected
    V1 FAIL: gcd degree 1 != 2
[d=1 beta=-2 gamma=-3 a=-2] rejected
    V7 FAIL: a in {0, beta}
[d=1 beta=-2 gamma=-2 a=-12] rejected
    V1 FAIL: gcd degree 1 != 2
[d=1 beta=-2 gamma=-1 a=-14] rejected
    V1 FAIL: gcd degree 1 != 2
[d=1 beta=-2 gamma=0 a=-16] rejected
    V1 FAIL: gcd degree 1 != 2
[d=1 beta=-2 gamma=0 a=0] rejected
    V7 FAIL: a in {0, beta}
[d=1 beta=-2 gamma=1 a=-18] rejected
    V1 FAIL: gcd degree 1 != 2
[d=1 beta=-2 gamma=2 a=-20] rejected
    V1 FAIL: gcd degree 1 != 2
[d=1 beta=-2 gamma=3 a=-22] rejected
    V1 FAIL: gcd degree 1 != 2
[d=1 beta=-2 gamma=4 a=-24] rejected
    V1 FAIL: gcd degree 1 != 2
[d=1 beta=-2 gamma=5 a=-26] rejected
    V1 FAIL: gcd degree 1 != 2
[d=1 beta=-2 gamma=6 a=-28] rejected
    V1 FAIL: gcd degree 1 != 2
[d=1 beta=-2 gamma=7 a=-30] rejected
    V1 FAIL: gcd degree 1 != 2
[d=1 beta=-2 gamma=8 a=-32] rejected
    V1 FAIL: gcd degree 1 != 2
[d=1 beta=-2 gamma=9 a=-34] rejected
    V1 FAIL: gcd degree 1 != 2
[d=1 beta=-2 gamma=10 a=-36] rejected
    V1 FAIL: gcd degree 1 != 2
[d=1 beta=-2 gamma=11 a=-38] rejected
    V1 FAIL: gcd degree 1 != 2
[d=1 beta=-2 gamma=12 a=-40] rejected
    V1 FAIL: gcd degree 1 != 2
[d=1 beta=-2 gamma=13 a=-42] rejected
    V1 FAIL: gcd degree 1 != 2
[d=1 beta=-2 gamma=14 a=-44] rejected
    V1 FAIL: gcd degree 1 != 2
[d=1 beta=-2 gamma=15 a=-46] rejected
    V1 FAIL: gcd degree 1 != 2
[d=1 beta=-2 gamma=16 a=-48] rejected
    V1 FAIL: gcd degree 1 != 2
[d=1 beta=-2 gamma=17 a=-50] rejected
    V1 FAIL: gcd degree 1 != 2
[d=1 beta=-2 gamma=18 a=-52] rejected
    V1 FAIL: gcd degree 1 != 2
[d=1 beta=-2 gamma=19 a=-54] rejected
    V1 FAIL: gcd degree 1 != 2
[d=1 beta=-2 gamma=20 a=-56] rejected
    V1 FAIL: gcd degree 1 != 2

============================================================
VERIFIED CANDIDATES: 0
