============================================================
STAGE 1+2: p = 7, k = 1..8
k=1 q=7: #E0=9 #C'=9 #C=15  s_k=-6
k=2 q=49: #E0=63 #C'=75 #C=111  s_k=-36
k=3 q=343: #E0=324 #C'=324 #C=333  s_k=-9
k=4 q=2401: #E0=2331 #C'=2323 #C=2367  s_k=-44
k=5 q=16807: #E0=17019 #C'=17019 #C=17355  s_k=-336
k=6 q=117649: #E0=117936 #C'=119556 #C=120285  s_k=-729
k=7 q=823543: #E0=821781 #C'=821781 #C=813261  s_k=8520
k=8 q=5764801: #E0=5764563 #C'=5770651 #C=5779719  s_k=-9068
P_C'(T) deg 10 : 16807*T^10 + 2401*T^9 + 4459*T^8 + 294*T^7 + 406*T^6 + 16*T^5 + 58*T^4 + 6*T^3 + 13*T^2 + T + 1
|root|^2 * 7: [1.0] -> PASS
overdetermination k=6: predicted #C' = 117650.02, actual = 119556 FAIL
GENUS 5 CERTIFICATE (p=7): FAIL
factor over ZZ: (16807) * (T^2 + 1/7*T + 1/7) * (T^8 + 6/49*T^6 + 16/2401*T^4 + 6/2401*T^2 + 1/2401)
Prym power sums s_1..s_8: [-6, -36, -9, -44, -336, -729, 8520, -9068]
P_Prym(T) deg 16 : 5764801*T^16 + 4941258*T^15 + 4235364*T^14 + 2470629*T^13 + 1366169*T^12 + 660618*T^11 + 307818*T^10 + 126567*T^9 + 51324*T^8 + 18081*T^7 + 6282*T^6 + 1926*T^5 + 569*T^4 + 147*T^3 + 36*T^2 + 6*T + 1
|root|^2 * 7: [1.0] -> PASS
factor over ZZ: (5764801) * (T^2 - 1/7*T + 1/7) * (T^2 + 1/7*T + 1/7) * (T^12 + 6/7*T^11 + 23/49*T^10 + 69/343*T^9 + 221/2401*T^8 + 15/343*T^7 + 326/16807*T^6 + 15/2401*T^5 + 221/117649*T^4 + 69/117649*T^3 + 23/117649*T^2 + 6/117649*T + 1/117649)
SIMPLICITY CERTIFICATE (deg-16 irreducible at split p=7): NOT IRREDUCIBLE -- inspect
============================================================
STAGE 3: p = 13 genus-5 cross-check, k = 1..6
k=1 q=13: #E0=18 #C'=15 #C=21  s_k=-6
k=2 q=169: #E0=180 #C'=193 #C=153  s_k=40
k=3 q=2197: #E0=2106 #C'=2082 #C=2106  s_k=-24
k=4 q=28561: #E0=28800 #C'=29465 #C=29457  s_k=8
k=5 q=371293: #E0=371538 #C'=372865 #C=371541  s_k=1324
k=6 q=4826809: #E0=4822740 #C'=4825372 #C=4826208  s_k=-836
P_C'(T): 371293*T^10 + 28561*T^9 + 26364*T^8 - 4563*T^7 + 3367*T^6 + 144*T^5 + 259*T^4 - 27*T^3 + 12*T^2 + T + 1
|root|^2 * 13: [1.0]
overdetermination k=6: predicted 4826810.00, actual 4825372
GENUS 5 CERTIFICATE (p=13): FAIL
factor over ZZ: (371293) * (T^2 + 4/13*T + 1/13) * (T^8 - 3/13*T^7 + 11/169*T^6 - 32/2197*T^5 + 244/28561*T^4 - 32/28561*T^3 + 11/28561*T^2 - 3/28561*T + 1/28561)
