This is pdfTeX, Version 3.141592653-2.6-1.40.28 (TeX Live 2025) (preloaded format=pdflatex 2025.8.6)  5 JUL 2026 23:49
entering extended mode
 restricted \write18 enabled.
 %&-line parsing enabled.
**emergent_clock_paper2.tex
(./emergent_clock_paper2.tex
LaTeX2e <2025-06-01> patch level 1
L3 programming layer <2025-07-20>
(/usr/local/texlive/2025/texmf-dist/tex/latex/base/article.cls
Document Class: article 2025/01/22 v1.4n Standard LaTeX document class
(/usr/local/texlive/2025/texmf-dist/tex/latex/base/size11.clo
File: size11.clo 2025/01/22 v1.4n Standard LaTeX file (size option)
)
\c@part=\count275
\c@section=\count276
\c@subsection=\count277
\c@subsubsection=\count278
\c@paragraph=\count279
\c@subparagraph=\count280
\c@figure=\count281
\c@table=\count282
\abovecaptionskip=\skip49
\belowcaptionskip=\skip50
\bibindent=\dimen148
)
(/usr/local/texlive/2025/texmf-dist/tex/latex/amsmath/amsmath.sty
Package: amsmath 2025/06/16 v2.17y AMS math features
\@mathmargin=\skip51

For additional information on amsmath, use the `?' option.
(/usr/local/texlive/2025/texmf-dist/tex/latex/amsmath/amstext.sty
Package: amstext 2024/11/17 v2.01 AMS text

(/usr/local/texlive/2025/texmf-dist/tex/latex/amsmath/amsgen.sty
File: amsgen.sty 1999/11/30 v2.0 generic functions
\@emptytoks=\toks17
\ex@=\dimen149
))
(/usr/local/texlive/2025/texmf-dist/tex/latex/amsmath/amsbsy.sty
Package: amsbsy 1999/11/29 v1.2d Bold Symbols
\pmbraise@=\dimen150
)
(/usr/local/texlive/2025/texmf-dist/tex/latex/amsmath/amsopn.sty
Package: amsopn 2022/04/08 v2.04 operator names
)
\inf@bad=\count283
LaTeX Info: Redefining \frac on input line 233.
\uproot@=\count284
\leftroot@=\count285
LaTeX Info: Redefining \overline on input line 398.
LaTeX Info: Redefining \colon on input line 409.
\classnum@=\count286
\DOTSCASE@=\count287
LaTeX Info: Redefining \ldots on input line 495.
LaTeX Info: Redefining \dots on input line 498.
LaTeX Info: Redefining \cdots on input line 619.
\Mathstrutbox@=\box53
\strutbox@=\box54
LaTeX Info: Redefining \big on input line 721.
LaTeX Info: Redefining \Big on input line 722.
LaTeX Info: Redefining \bigg on input line 723.
LaTeX Info: Redefining \Bigg on input line 724.
\big@size=\dimen151
LaTeX Font Info:    Redeclaring font encoding OML on input line 742.
LaTeX Font Info:    Redeclaring font encoding OMS on input line 743.
\macc@depth=\count288
LaTeX Info: Redefining \bmod on input line 904.
LaTeX Info: Redefining \pmod on input line 909.
LaTeX Info: Redefining \smash on input line 939.
LaTeX Info: Redefining \relbar on input line 969.
LaTeX Info: Redefining \Relbar on input line 970.
\c@MaxMatrixCols=\count289
\dotsspace@=\muskip17
\c@parentequation=\count290
\dspbrk@lvl=\count291
\tag@help=\toks18
\row@=\count292
\column@=\count293
\maxfields@=\count294
\andhelp@=\toks19
\eqnshift@=\dimen152
\alignsep@=\dimen153
\tagshift@=\dimen154
\tagwidth@=\dimen155
\totwidth@=\dimen156
\lineht@=\dimen157
\@envbody=\toks20
\multlinegap=\skip52
\multlinetaggap=\skip53
\mathdisplay@stack=\toks21
LaTeX Info: Redefining \[ on input line 2949.
LaTeX Info: Redefining \] on input line 2950.
)
(/usr/local/texlive/2025/texmf-dist/tex/latex/amsfonts/amssymb.sty
Package: amssymb 2013/01/14 v3.01 AMS font symbols

(/usr/local/texlive/2025/texmf-dist/tex/latex/amsfonts/amsfonts.sty
Package: amsfonts 2013/01/14 v3.01 Basic AMSFonts support
\symAMSa=\mathgroup4
\symAMSb=\mathgroup5
LaTeX Font Info:    Redeclaring math symbol \hbar on input line 98.
LaTeX Font Info:    Overwriting math alphabet `\mathfrak' in version `bold'
(Font)                  U/euf/m/n --> U/euf/b/n on input line 106.
))
(/usr/local/texlive/2025/texmf-dist/tex/latex/amscls/amsthm.sty
Package: amsthm 2020/05/29 v2.20.6
\thm@style=\toks22
\thm@bodyfont=\toks23
\thm@headfont=\toks24
\thm@notefont=\toks25
\thm@headpunct=\toks26
\thm@preskip=\skip54
\thm@postskip=\skip55
\thm@headsep=\skip56
\dth@everypar=\toks27
)
(/usr/local/texlive/2025/texmf-dist/tex/latex/mathtools/mathtools.sty
Package: mathtools 2024/10/04 v1.31 mathematical typesetting tools

(/usr/local/texlive/2025/texmf-dist/tex/latex/graphics/keyval.sty
Package: keyval 2022/05/29 v1.15 key=value parser (DPC)
\KV@toks@=\toks28
)
(/usr/local/texlive/2025/texmf-dist/tex/latex/tools/calc.sty
Package: calc 2025/03/01 v4.3b Infix arithmetic (KKT,FJ)
\calc@Acount=\count295
\calc@Bcount=\count296
\calc@Adimen=\dimen158
\calc@Bdimen=\dimen159
\calc@Askip=\skip57
\calc@Bskip=\skip58
LaTeX Info: Redefining \setlength on input line 86.
LaTeX Info: Redefining \addtolength on input line 87.
\calc@Ccount=\count297
\calc@Cskip=\skip59
)
(/usr/local/texlive/2025/texmf-dist/tex/latex/mathtools/mhsetup.sty
Package: mhsetup 2021/03/18 v1.4 programming setup (MH)
)
\g_MT_multlinerow_int=\count298
\l_MT_multwidth_dim=\dimen160
\origjot=\skip60
\l_MT_shortvdotswithinadjustabove_dim=\dimen161
\l_MT_shortvdotswithinadjustbelow_dim=\dimen162
\l_MT_above_intertext_sep=\dimen163
\l_MT_below_intertext_sep=\dimen164
\l_MT_above_shortintertext_sep=\dimen165
\l_MT_below_shortintertext_sep=\dimen166
\xmathstrut@box=\box55
\xmathstrut@dim=\dimen167
)
(/usr/local/texlive/2025/texmf-dist/tex/latex/geometry/geometry.sty
Package: geometry 2020/01/02 v5.9 Page Geometry

(/usr/local/texlive/2025/texmf-dist/tex/generic/iftex/ifvtex.sty
Package: ifvtex 2019/10/25 v1.7 ifvtex legacy package. Use iftex instead.

(/usr/local/texlive/2025/texmf-dist/tex/generic/iftex/iftex.sty
Package: iftex 2024/12/12 v1.0g TeX engine tests
))
\Gm@cnth=\count299
\Gm@cntv=\count300
\c@Gm@tempcnt=\count301
\Gm@bindingoffset=\dimen168
\Gm@wd@mp=\dimen169
\Gm@odd@mp=\dimen170
\Gm@even@mp=\dimen171
\Gm@layoutwidth=\dimen172
\Gm@layoutheight=\dimen173
\Gm@layouthoffset=\dimen174
\Gm@layoutvoffset=\dimen175
\Gm@dimlist=\toks29
)
(/usr/local/texlive/2025/texmf-dist/tex/latex/booktabs/booktabs.sty
Package: booktabs 2020/01/12 v1.61803398 Publication quality tables
\heavyrulewidth=\dimen176
\lightrulewidth=\dimen177
\cmidrulewidth=\dimen178
\belowrulesep=\dimen179
\belowbottomsep=\dimen180
\aboverulesep=\dimen181
\abovetopsep=\dimen182
\cmidrulesep=\dimen183
\cmidrulekern=\dimen184
\defaultaddspace=\dimen185
\@cmidla=\count302
\@cmidlb=\count303
\@aboverulesep=\dimen186
\@belowrulesep=\dimen187
\@thisruleclass=\count304
\@lastruleclass=\count305
\@thisrulewidth=\dimen188
)
(/usr/local/texlive/2025/texmf-dist/tex/latex/hyperref/hyperref.sty
Package: hyperref 2025-07-12 v7.01o Hypertext links for LaTeX

(/usr/local/texlive/2025/texmf-dist/tex/latex/kvsetkeys/kvsetkeys.sty
Package: kvsetkeys 2022-10-05 v1.19 Key value parser (HO)
)
(/usr/local/texlive/2025/texmf-dist/tex/generic/kvdefinekeys/kvdefinekeys.sty
Package: kvdefinekeys 2019-12-19 v1.6 Define keys (HO)
)
(/usr/local/texlive/2025/texmf-dist/tex/generic/pdfescape/pdfescape.sty
Package: pdfescape 2019/12/09 v1.15 Implements pdfTeX's escape features (HO)

(/usr/local/texlive/2025/texmf-dist/tex/generic/ltxcmds/ltxcmds.sty
Package: ltxcmds 2023-12-04 v1.26 LaTeX kernel commands for general use (HO)
)
(/usr/local/texlive/2025/texmf-dist/tex/generic/pdftexcmds/pdftexcmds.sty
Package: pdftexcmds 2020-06-27 v0.33 Utility functions of pdfTeX for LuaTeX (HO
)

(/usr/local/texlive/2025/texmf-dist/tex/generic/infwarerr/infwarerr.sty
Package: infwarerr 2019/12/03 v1.5 Providing info/warning/error messages (HO)
)
Package pdftexcmds Info: \pdf@primitive is available.
Package pdftexcmds Info: \pdf@ifprimitive is available.
Package pdftexcmds Info: \pdfdraftmode found.
))
(/usr/local/texlive/2025/texmf-dist/tex/latex/hycolor/hycolor.sty
Package: hycolor 2020-01-27 v1.10 Color options for hyperref/bookmark (HO)
)
(/usr/local/texlive/2025/texmf-dist/tex/latex/hyperref/nameref.sty
Package: nameref 2025-06-21 v2.57 Cross-referencing by name of section

(/usr/local/texlive/2025/texmf-dist/tex/latex/refcount/refcount.sty
Package: refcount 2019/12/15 v3.6 Data extraction from label references (HO)
)
(/usr/local/texlive/2025/texmf-dist/tex/generic/gettitlestring/gettitlestring.s
ty
Package: gettitlestring 2019/12/15 v1.6 Cleanup title references (HO)
 (/usr/local/texlive/2025/texmf-dist/tex/latex/kvoptions/kvoptions.sty
Package: kvoptions 2022-06-15 v3.15 Key value format for package options (HO)
))
\c@section@level=\count306
)
(/usr/local/texlive/2025/texmf-dist/tex/latex/etoolbox/etoolbox.sty
Package: etoolbox 2025/02/11 v2.5l e-TeX tools for LaTeX (JAW)
\etb@tempcnta=\count307
)
(/usr/local/texlive/2025/texmf-dist/tex/generic/stringenc/stringenc.sty
Package: stringenc 2019/11/29 v1.12 Convert strings between diff. encodings (HO
)
)
\@linkdim=\dimen189
\Hy@linkcounter=\count308
\Hy@pagecounter=\count309

(/usr/local/texlive/2025/texmf-dist/tex/latex/hyperref/pd1enc.def
File: pd1enc.def 2025-07-12 v7.01o Hyperref: PDFDocEncoding definition (HO)
Now handling font encoding PD1 ...
... no UTF-8 mapping file for font encoding PD1
)
(/usr/local/texlive/2025/texmf-dist/tex/generic/intcalc/intcalc.sty
Package: intcalc 2019/12/15 v1.3 Expandable calculations with integers (HO)
)
\Hy@SavedSpaceFactor=\count310

(/usr/local/texlive/2025/texmf-dist/tex/latex/hyperref/puenc.def
File: puenc.def 2025-07-12 v7.01o Hyperref: PDF Unicode definition (HO)
Now handling font encoding PU ...
... no UTF-8 mapping file for font encoding PU
)
Package hyperref Info: Hyper figures OFF on input line 4195.
Package hyperref Info: Link nesting OFF on input line 4200.
Package hyperref Info: Hyper index ON on input line 4203.
Package hyperref Info: Plain pages OFF on input line 4210.
Package hyperref Info: Backreferencing OFF on input line 4215.
Package hyperref Info: Implicit mode ON; LaTeX internals redefined.
Package hyperref Info: Bookmarks ON on input line 4462.
\c@Hy@tempcnt=\count311

(/usr/local/texlive/2025/texmf-dist/tex/latex/url/url.sty
\Urlmuskip=\muskip18
Package: url 2013/09/16  ver 3.4  Verb mode for urls, etc.
)
LaTeX Info: Redefining \url on input line 4801.
\XeTeXLinkMargin=\dimen190

(/usr/local/texlive/2025/texmf-dist/tex/generic/bitset/bitset.sty
Package: bitset 2019/12/09 v1.3 Handle bit-vector datatype (HO)

(/usr/local/texlive/2025/texmf-dist/tex/generic/bigintcalc/bigintcalc.sty
Package: bigintcalc 2019/12/15 v1.5 Expandable calculations on big integers (HO
)
))
\Fld@menulength=\count312
\Field@Width=\dimen191
\Fld@charsize=\dimen192
Package hyperref Info: Hyper figures OFF on input line 6078.
Package hyperref Info: Link nesting OFF on input line 6083.
Package hyperref Info: Hyper index ON on input line 6086.
Package hyperref Info: backreferencing OFF on input line 6093.
Package hyperref Info: Link coloring OFF on input line 6098.
Package hyperref Info: Link coloring with OCG OFF on input line 6103.
Package hyperref Info: PDF/A mode OFF on input line 6108.
\Hy@abspage=\count313
\c@Item=\count314
\c@Hfootnote=\count315
)
Package hyperref Info: Driver (autodetected): hpdftex.

(/usr/local/texlive/2025/texmf-dist/tex/latex/hyperref/hpdftex.def
File: hpdftex.def 2025-07-12 v7.01o Hyperref driver for pdfTeX
\Fld@listcount=\count316
\c@bookmark@seq@number=\count317

(/usr/local/texlive/2025/texmf-dist/tex/latex/rerunfilecheck/rerunfilecheck.sty
Package: rerunfilecheck 2025-06-21 v1.11 Rerun checks for auxiliary files (HO)

(/usr/local/texlive/2025/texmf-dist/tex/generic/uniquecounter/uniquecounter.sty
Package: uniquecounter 2019/12/15 v1.4 Provide unlimited unique counter (HO)
)
Package uniquecounter Info: New unique counter `rerunfilecheck' on input line 2
84.
)
\Hy@SectionHShift=\skip61
)
\c@theorem=\count318

(/usr/local/texlive/2025/texmf-dist/tex/latex/l3backend/l3backend-pdftex.def
File: l3backend-pdftex.def 2025-06-09 L3 backend support: PDF output (pdfTeX)
\l__color_backend_stack_int=\count319
)
(./emergent_clock_paper2.aux)
\openout1 = `emergent_clock_paper2.aux'.

LaTeX Font Info:    Checking defaults for OML/cmm/m/it on input line 25.
LaTeX Font Info:    ... okay on input line 25.
LaTeX Font Info:    Checking defaults for OMS/cmsy/m/n on input line 25.
LaTeX Font Info:    ... okay on input line 25.
LaTeX Font Info:    Checking defaults for OT1/cmr/m/n on input line 25.
LaTeX Font Info:    ... okay on input line 25.
LaTeX Font Info:    Checking defaults for T1/cmr/m/n on input line 25.
LaTeX Font Info:    ... okay on input line 25.
LaTeX Font Info:    Checking defaults for TS1/cmr/m/n on input line 25.
LaTeX Font Info:    ... okay on input line 25.
LaTeX Font Info:    Checking defaults for OMX/cmex/m/n on input line 25.
LaTeX Font Info:    ... okay on input line 25.
LaTeX Font Info:    Checking defaults for U/cmr/m/n on input line 25.
LaTeX Font Info:    ... okay on input line 25.
LaTeX Font Info:    Checking defaults for PD1/pdf/m/n on input line 25.
LaTeX Font Info:    ... okay on input line 25.
LaTeX Font Info:    Checking defaults for PU/pdf/m/n on input line 25.
LaTeX Font Info:    ... okay on input line 25.

(/usr/local/texlive/2025/texmf-dist/tex/latex/graphics/graphicx.sty
Package: graphicx 2024/12/31 v1.2e Enhanced LaTeX Graphics (DPC,SPQR)

(/usr/local/texlive/2025/texmf-dist/tex/latex/graphics/graphics.sty
Package: graphics 2024/08/06 v1.4g Standard LaTeX Graphics (DPC,SPQR)

(/usr/local/texlive/2025/texmf-dist/tex/latex/graphics/trig.sty
Package: trig 2023/12/02 v1.11 sin cos tan (DPC)
)
(/usr/local/texlive/2025/texmf-dist/tex/latex/graphics-cfg/graphics.cfg
File: graphics.cfg 2016/06/04 v1.11 sample graphics configuration
)
Package graphics Info: Driver file: pdftex.def on input line 106.

(/usr/local/texlive/2025/texmf-dist/tex/latex/graphics-def/pdftex.def
File: pdftex.def 2024/04/13 v1.2c Graphics/color driver for pdftex

(/usr/local/texlive/2025/texmf-dist/tex/context/base/mkii/supp-pdf.mkii
[Loading MPS to PDF converter (version 2006.09.02).]
\scratchcounter=\count320
\scratchdimen=\dimen193
\scratchbox=\box56
\nofMPsegments=\count321
\nofMParguments=\count322
\everyMPshowfont=\toks30
\MPscratchCnt=\count323
\MPscratchDim=\dimen194
\MPnumerator=\count324
\makeMPintoPDFobject=\count325
\everyMPtoPDFconversion=\toks31
)))
(/usr/local/texlive/2025/texmf-dist/tex/latex/epstopdf-pkg/epstopdf-base.sty
Package: epstopdf-base 2020-01-24 v2.11 Base part for package epstopdf
Package epstopdf-base Info: Redefining graphics rule for `.eps' on input line 4
85.

(/usr/local/texlive/2025/texmf-dist/tex/latex/latexconfig/epstopdf-sys.cfg
File: epstopdf-sys.cfg 2010/07/13 v1.3 Configuration of (r)epstopdf for TeX Liv
e
))
\Gin@req@height=\dimen195
\Gin@req@width=\dimen196
)
*geometry* driver: auto-detecting
*geometry* detected driver: pdftex
*geometry* verbose mode - [ preamble ] result:
* driver: pdftex
* paper: <default>
* layout: <same size as paper>
* layoutoffset:(h,v)=(0.0pt,0.0pt)
* modes: 
* h-part:(L,W,R)=(72.26999pt, 469.75502pt, 72.26999pt)
* v-part:(T,H,B)=(72.26999pt, 650.43001pt, 72.26999pt)
* \paperwidth=614.295pt
* \paperheight=794.96999pt
* \textwidth=469.75502pt
* \textheight=650.43001pt
* \oddsidemargin=0.0pt
* \evensidemargin=0.0pt
* \topmargin=-37.0pt
* \headheight=12.0pt
* \headsep=25.0pt
* \topskip=11.0pt
* \footskip=30.0pt
* \marginparwidth=59.0pt
* \marginparsep=10.0pt
* \columnsep=10.0pt
* \skip\footins=10.0pt plus 4.0pt minus 2.0pt
* \hoffset=0.0pt
* \voffset=0.0pt
* \mag=1000
* \@twocolumnfalse
* \@twosidefalse
* \@mparswitchfalse
* \@reversemarginfalse
* (1in=72.27pt=25.4mm, 1cm=28.453pt)

Package hyperref Info: Link coloring OFF on input line 25.
(./emergent_clock_paper2.out) (./emergent_clock_paper2.out)
\@outlinefile=\write3
\openout3 = `emergent_clock_paper2.out'.

LaTeX Font Info:    Trying to load font information for U+msa on input line 27.


(/usr/local/texlive/2025/texmf-dist/tex/latex/amsfonts/umsa.fd
File: umsa.fd 2013/01/14 v3.01 AMS symbols A
)
LaTeX Font Info:    Trying to load font information for U+msb on input line 27.


(/usr/local/texlive/2025/texmf-dist/tex/latex/amsfonts/umsb.fd
File: umsb.fd 2013/01/14 v3.01 AMS symbols B
)

[1

{/usr/local/texlive/2025/texmf-var/fonts/map/pdftex/updmap/pdftex.map}]
(./emergent_clock_paper2.toc

[2])
\tf@toc=\write4
\openout4 = `emergent_clock_paper2.toc'.



[3]
Overfull \hbox (12.183pt too wide) detected at line 163
[]\OML/cmm/m/it/10.95 A[]\OT1/cmr/m/n/10.95 (^^H)(\OML/cmm/m/it/10.95 x\OT1/cmr
/m/n/10.95 )[]  \OMS/cmsy/m/n/10.95 ^^T  \OML/cmm/m/it/10.95 B[]\OT1/cmr/m/n/10
.95 (^^H) \OML/cmm/m/it/10.95 x[];  B[]\OT1/cmr/m/n/10.95 (^^H) := []  [][]  []
[](\OML/cmm/m/it/10.95 ^^\ \OT1/cmr/m/n/10.95 + \OML/cmm/m/it/10.95 iv\OT1/cmr/
m/n/10.95 ) \OML/cmm/m/it/10.95 c[] [][][] \OT1/cmr/m/n/10.95 ^^@ []\OML/cmm/m/
it/10.95 m[]\OT1/cmr/m/n/10.95 1[][][][][][] \OML/cmm/m/it/10.95 dv;
 []



[4{/usr/local/texlive/2025/texmf-dist/fonts/enc/dvips/cm-super/cm-super-ts1.enc
}]
Overfull \hbox (53.9841pt too wide) in paragraph at lines 233--239
[]\OT1/cmr/m/it/10.95 Remainder. \OT1/cmr/m/n/10.95 The Tay-lor re-main-der sat
-is-fies $\OMS/cmsy/m/n/10.95 j\OML/cmm/m/it/10.95 R[]\OT1/cmr/m/n/10.95 (\OML/
cmm/m/it/10.95 u; t\OT1/cmr/m/n/10.95 )\OMS/cmsy/m/n/10.95 j ^^T \OML/cmm/m/it/
10.95 C[]\OT1/cmr/m/n/10.95 (\OML/cmm/m/it/10.95 u\OT1/cmr/m/n/10.95 ) \OML/cmm
/m/it/10.95 t[]$ \OT1/cmr/m/n/10.95 with $\OML/cmm/m/it/10.95 C[]\OT1/cmr/m/n/1
0.95 (\OML/cmm/m/it/10.95 u\OT1/cmr/m/n/10.95 ) = [][] \OMS/cmsy/m/n/10.95 j\OM
L/cmm/m/it/10.95 @[] []\OMS/cmsy/m/n/10.95 j\OML/cmm/m/it/10.95 =\OT1/cmr/m/n/1
0.95 (\OML/cmm/m/it/10.95 M \OT1/cmr/m/n/10.95 +
 []



[5]

[6]

[7]

[8]

[9]
Overfull \hbox (113.12764pt too wide) detected at line 488
[] \OML/cmm/m/it/10.95 "\OT1/cmr/m/n/10.95 (\OML/cmm/m/it/10.95 p\OT1/cmr/m/n/1
0.95 ) \OMS/cmsy/m/n/10.95 2 f\OT1/cmr/m/n/10.95 0\OML/cmm/m/it/10.95 ; \OMS/cm
sy/m/n/10.95 ^^F\OT1/cmr/m/n/10.95 1\OMS/cmsy/m/n/10.95 g []\OML/cmm/m/it/10.95
 ;  [] \OT1/cmr/m/n/10.95 (3\OML/cmm/m/it/10.95 =p\OT1/cmr/m/n/10.95 ) []
 []



[10]
Overfull \hbox (32.94432pt too wide) in paragraph at lines 544--552
 [] 
 []


Overfull \hbox (8.37341pt too wide) in paragraph at lines 582--600
\OT1/cmr/m/n/10.95 (\OT1/cmtt/m/n/10.95 spin[]mul[]conj\OT1/cmr/m/n/10.95 ), so
 $[] = 1$ and it is uni-tary (\OT1/cmtt/m/n/10.95 frobeniusBlock[]det[]one\OT1/
cmr/m/n/10.95 , \OT1/cmtt/m/n/10.95 frobeniusBlock[]unitary\OT1/cmr/m/n/10.95 )
.
 []


Overfull \hbox (38.55376pt too wide) in paragraph at lines 582--600
\OT1/cmr/m/n/10.95 he-lix and anti-helix \OT1/cmr/m/it/10.95 bal-ance $\OMS/cms
y/m/n/10.95 k\OML/cmm/m/it/10.95 E\OT1/cmr/m/n/10.95 (\OML/cmm/m/it/10.95 z\OT1
/cmr/m/n/10.95 )\OMS/cmsy/m/n/10.95 k \OT1/cmr/m/n/10.95 = \OMS/cmsy/m/n/10.95 
k\OML/cmm/m/it/10.95 E[]\OT1/cmr/m/n/10.95 (\OML/cmm/m/it/10.95 z\OT1/cmr/m/n/1
0.95 )\OMS/cmsy/m/n/10.95 k  ([])  \OML/cmm/m/it/10.95 z$ \OT1/cmr/m/n/10.95 re
al (\OT1/cmtt/m/n/10.95 frobeniusBlock[]deBranges[]reality[]bridge\OT1/cmr/m/n/
10.95 ).
 []



[11]

[12]
Overfull \hbox (15.32834pt too wide) in paragraph at lines 660--675
[][] \OML/cmm/m/it/10.95 a[]\OT1/cmr/m/n/10.95 (\OML/cmm/m/it/10.95 n\OT1/cmr/m
/n/10.95 ) \OML/cmm/m/it/10.95 ![]\OT1/cmr/m/n/10.95 (\OML/cmm/m/it/10.95 n\OT1
/cmr/m/n/10.95 ) = \OML/cmm/m/it/10.95 O\OT1/cmr/m/n/10.95 (1)$ gives, on $[] \
OML/cmm/m/it/10.95 s > \OT1/cmr/m/n/10.95 0$, the rep-re-sen-ta-tion $\OML/cmm/
m/it/10.95 L\OT1/cmr/m/n/10.95 (\OML/cmm/m/it/10.95 s; W\OT1/cmr/m/n/10.95 ) = 
\OML/cmm/m/it/10.95 s [][] A[]\OT1/cmr/m/n/10.95 (\OML/cmm/m/it/10.95 x\OT1/cmr
/m/n/10.95 ) \OML/cmm/m/it/10.95 K[]\OT1/cmr/m/n/10.95 (\OML/cmm/m/it/10.95 s; 
x\OT1/cmr/m/n/10.95 ) []$,
 []



[13]
Overfull \hbox (31.77795pt too wide) in paragraph at lines 709--720
\OT1/cmr/m/it/10.95 At an un-ram-i-fied $\OML/cmm/m/it/10.95 v$\OT1/cmr/m/it/10
.95 , $\OML/cmm/m/it/10.95 '[] \OT1/cmr/m/n/10.95 = \OML/cmm/m/it/10.95 A[] \OT
1/cmr/m/n/10.95 = [](\OML/cmm/m/it/10.95 []; ^^L[]\OT1/cmr/m/n/10.95 )$ \OT1/c
mr/m/it/10.95 ($\OML/cmm/m/it/10.95 []^^L[] \OT1/cmr/m/n/10.95 = 1$\OT1/cmr/m/
it/10.95 ) and [] reads $\OML/cmm/m/it/10.95 L[] \OT1/cmr/m/n/10.95 = [](1 \OMS
/cmsy/m/n/10.95 ^^@ [][]\OT1/cmr/m/n/10.95 (\OML/cmm/m/it/10.95 A[]\OT1/cmr/m/n
/10.95 )\OML/cmm/m/it/10.95 q[]\OT1/cmr/m/n/10.95 )[] =
 []



[14]
Overfull \hbox (70.27332pt too wide) in paragraph at lines 769--786
\OT1/cmr/m/n/10.95 ness of \TS1/cmr/m/n/10.95 §[]\OT1/cmr/m/n/10.95 9[] hold fo
r ev-ery Dirich-let $\OML/cmm/m/it/10.95 L$\OT1/cmr/m/n/10.95 -function --- and
 for $\OML/cmm/m/it/10.95 ^^P$ \OT1/cmr/m/n/10.95 --- as the the-o-rems \OT1/cm
tt/m/n/10.95 dirichlet[]strip[]tendsto[]LFunction
 []



[15]

[16]

[17]
Overfull \hbox (170.1605pt too wide) in paragraph at lines 979--987
\OT1/cmr/m/it/10.95 a van-ish-ing of mul-ti-plic-ity $\OML/cmm/m/it/10.95 k$ \O
T1/cmr/m/it/10.95 re-opens with ori-en-ta-tion $\OT1/cmr/m/n/10.95 (\OMS/cmsy/m
/n/10.95 ^^@\OT1/cmr/m/n/10.95 1)[]$ \OT1/cmr/m/it/10.95 (\OT1/cmtt/m/it/10.95 
GeneralizedCohomology.dimension[]parity[]of[]involution[]even\OT1/cmr/m/it/10.9
5 /[]\OT1/cmtt/m/it/10.95 odd\OT1/cmr/m/it/10.95 ).
 []



[18]

[19]
Overfull \hbox (37.30461pt too wide) in paragraph at lines 1054--1073
\OT1/cmr/m/n/10.95 closes (\OT1/cmtt/m/n/10.95 harmonic[]bank[]cell[]sum[]zero\
OT1/cmr/m/n/10.95 ) and its prim-i-tive is bounded (\OT1/cmtt/m/n/10.95 harmoni
c[]bank[]primitive[]bounded\OT1/cmr/m/n/10.95 ),
 []



[20]
Overfull \hbox (310.578pt too wide) in paragraph at lines 1144--1147
\OT1/cmr/m/it/10.95 en-ta-tion, with $\OT1/cmr/m/n/10.95 (\OMS/cmsy/m/n/10.95 ^
^@\OT1/cmr/m/n/10.95 1)[]$ \OT1/cmr/m/it/10.95 at a van-ish-ing of mul-ti-plic-
ity $\OML/cmm/m/it/10.95 k$ \OT1/cmr/m/it/10.95 (\OT1/cmtt/m/it/10.95 Chirality
HB.symClock[]star\OT1/cmr/m/it/10.95 ; \OT1/cmtt/m/it/10.95 GeneralizedCohomolo
gy.dimension[]parity[]of[]involution[]even\OT1/cmr/m/it/10.95 /[]\OT1/cmtt/m/it
/10.95 odd\OT1/cmr/m/it/10.95 ); 
 []


Overfull \hbox (95.38504pt too wide) in paragraph at lines 1147--1150
[]\OT1/cmr/m/n/10.95 Li pos-i-tiv-ity\OT1/cmr/m/it/10.95 : the loss-ledger's re
p-re-sented mea-sure is pos-i-tive semidef-i-nite (\OT1/cmtt/m/it/10.95 SourceH
olonomy.ledger[]positivity\OT1/cmr/m/it/10.95 ,
 []


Overfull \hbox (147.60341pt too wide) in paragraph at lines 1147--1150
\OT1/cmtt/m/it/10.95 helix[]ledger[]positive\OT1/cmr/m/it/10.95 , the Gram \OT1
/cmtt/m/it/10.95 gramH[]posSemidef\OT1/cmr/m/it/10.95 ), pre-served un-der pro-
jec-tion (\OT1/cmtt/m/it/10.95 projection[]retains[]li[]positivity\OT1/cmr/m/it
/10.95 ). 
 []



[21]
Overfull \hbox (4.45985pt too wide) in paragraph at lines 1190--1199
\OT1/cmr/m/n/10.95 the right side \OT1/cmr/m/it/10.95 in-de-pen-dent of $\OML/c
mm/m/it/10.95 t$ \OT1/cmr/m/n/10.95 and fi-nite: the com-ple-tion ker-nel $\OML
/cmm/m/it/10.95 g$ \OT1/cmr/m/n/10.95 de-cays rapidly (super-polynomially)
 []


Overfull \hbox (97.92459pt too wide) in paragraph at lines 1209--1215
\OT1/cmr/m/it/10.95 (\OT1/cmtt/m/it/10.95 RoundTrip.record[]bijective\OT1/cmr/m
/it/10.95 , \OT1/cmtt/m/it/10.95 reconstruct[]record\OT1/cmr/m/it/10.95 ; \OT1/
cmtt/m/it/10.95 SourceHolonomy.projection[]bijective[]loss[]ledger\OT1/cmr/m/it
/10.95 ). 
 []


Overfull \hbox (188.73386pt too wide) in paragraph at lines 1217--1220
\OT1/cmr/m/it/10.95 the in-vo-lu-tion is the mid-point $[] \OML/cmm/m/it/10.95 
s \OT1/cmr/m/n/10.95 = []$ \OT1/cmr/m/it/10.95 (\OT1/cmtt/m/it/10.95 RoundTrip.
midpoint[]to[]critical\OT1/cmr/m/it/10.95 , \OT1/cmtt/m/it/10.95 AutomorphicCan
didate.midpoint[]projects[]to[]half\OT1/cmr/m/it/10.95 ). 
 []



[22]
Overfull \hbox (14.8446pt too wide) in paragraph at lines 1246--1256
\OT1/cmr/m/n/10.95 1$ but booked in the loss ledger and re-stored at the log-a-
rith-mic read-out (\OT1/cmtt/m/n/10.95 RoundTrip.record[]bijective\OT1/cmr/m/n/
10.95 :
 []


Overfull \hbox (18.96759pt too wide) in paragraph at lines 1275--1277
[]\OT1/cmr/m/it/10.95 (1) Fiber ad-mis-si-bil-ity (dual pair). \OT1/cmr/m/n/10.
95 Lemma []14[] cer-ti-fies the carrier-dual-compatible \OT1/cmr/m/it/10.95 pai
r $\OT1/cmr/m/n/10.95 (\OML/cmm/m/it/10.95 W[]; W[]\OT1/cmr/m/n/10.95 )$
 []



[23]
Overfull \hbox (79.27397pt too wide) in paragraph at lines 1299--1306
\OT1/cmr/m/n/10.95 steps (3)--(4) once the re-flec-tion of step (2) is given; t
he Lean in-stance \OT1/cmtt/m/n/10.95 CompletedReflectionFiber.fiberCompleted
 []


Overfull \hbox (1.40605pt too wide) in paragraph at lines 1338--1347
[]\OT1/cmr/m/n/10.95 Substitute the nor-mal-iza-tion into the car-rier re-flec-
tion: $\OML/cmm/m/it/10.95 N[]L[]\OT1/cmr/m/n/10.95 (\OML/cmm/m/it/10.95 s\OT1/
cmr/m/n/10.95 ) = \OML/cmm/m/it/10.95 ^^Q[] N[]L[]\OT1/cmr/m/n/10.95 (1 \OMS/cm
sy/m/n/10.95 ^^@
 []


Overfull \hbox (4.84866pt too wide) in paragraph at lines 1349--1362
\OT1/cmr/m/n/10.95 The sin-gle in-put is the ex-act all-place iden-ti-fi-ca-tio
n $^^C[] = \OML/cmm/m/it/10.95 N[]L[]$\OT1/cmr/m/n/10.95 : place-by-place it is
 Prop. []8[](E5),
 []



[24]

[25]

[26]
LaTeX Font Info:    Trying to load font information for U+euf on input line 148
0.
 (/usr/local/texlive/2025/texmf-dist/tex/latex/amsfonts/ueuf.fd
File: ueuf.fd 2013/01/14 v3.01 Euler Fraktur
)

[27]
Overfull \hbox (7.50381pt too wide) in paragraph at lines 1566--1580
\OT1/cmr/m/n/10.95 (\OT1/cmtt/m/n/10.95 localPoly[]reciprocal\OT1/cmr/m/n/10.95
 ) and in-vari-ant un-der the dual-compatible unit warps (\OT1/cmtt/m/n/10.95 w
arpFiber\OT1/cmr/m/n/10.95 ). Whether
 []



[28]
Overfull \hbox (58.31679pt too wide) in paragraph at lines 1593--1631
\OT1/cmtt/m/n/10.95 obstruction[]recovery\OT1/cmr/m/n/10.95 ), the clock--dip l
ock-in (\OT1/cmtt/m/n/10.95 ClockDipDuality\OT1/cmr/m/n/10.95 : \OT1/cmtt/m/n/1
0.95 locked[]dips[]add\OT1/cmr/m/n/10.95 , \OT1/cmtt/m/n/10.95 unlocked[]dips[]
cancel\OT1/cmr/m/n/10.95 ),
 []



[29]

[30]

[31]

[32]
Overfull \hbox (5.97235pt too wide) in paragraph at lines 1806--1810
\OT1/cmr/m/n/10.95 The functional-equation row is dis-charged by The-o-rem []19
[]: the com-pleted car-rier read-out \OT1/cmr/m/it/10.95 is $\OML/cmm/m/it/10.9
5 N[]L[]$
 []



[33]

Package hyperref Warning: Token not allowed in a PDF string (Unicode):
(hyperref)                removing `math shift' on input line 1843.


Package hyperref Warning: Token not allowed in a PDF string (Unicode):
(hyperref)                removing `\pi' on input line 1843.


Package hyperref Warning: Token not allowed in a PDF string (Unicode):
(hyperref)                removing `math shift' on input line 1843.



[34]
Overfull \hbox (63.53166pt too wide) in paragraph at lines 1914--1942
\OT1/cmr/m/it/10.95 stable in-ter-face \OT1/cmr/m/n/10.95 --- not only the Diri
ch-let model. The the-o-rem \OT1/cmtt/m/n/10.95 FiniteWeightFiber.localPoly[]re
ciprocal
 []



[35]

[36]
LaTeX Font Info:    Font shape `OT1/cmtt/bx/n' in size <10.95> not available
(Font)              Font shape `OT1/cmtt/m/n' tried instead on input line 2041.


Overfull \hbox (13.80147pt too wide) in paragraph at lines 2055--2060
[]\OT1/cmr/bx/n/10.95 The emer-gent clock (\TS1/cmr/bx/n/10.95 §[]\OT1/cmr/bx/n
/10.95 3[]), \OT1/cmtt/m/n/10.95 mb[]beat.py\OT1/cmr/bx/n/10.95 . \OT1/cmr/m/n/
10.95 The comb dis-per-sion law $^^A\OML/cmm/m/it/10.95 ^^W \OMS/cmsy/m/n/10.95
 / \OT1/cmr/m/n/10.95 (\OML/cmm/m/it/10.95 lf[]\OT1/cmr/m/n/10.95 )[](\OML/cmm/
m/it/10.95 X=\OT1/cmr/m/n/10.95 8)[](1 +
 []



[37]
Overfull \hbox (83.46124pt too wide) in paragraph at lines 2067--2077
\OT1/cmr/m/n/10.95 ery --- are for-mal-ized and machine-checked in Lean (Math-l
ib): \OT1/cmtt/m/n/10.95 RequestProject/AutomorphicCandidate.lean\OT1/cmr/m/n/1
0.95 ,
 []


Overfull \hbox (9.3069pt too wide) in paragraph at lines 2067--2077
\OT1/cmr/m/n/10.95 the-o-rem \OT1/cmtt/m/n/10.95 candidate[]wellformed\OT1/cmr/
m/n/10.95 , ax-iom foot-print $\OMS/cmsy/m/n/10.95 f$\OT1/cmtt/m/n/10.95 propex
t\OT1/cmr/m/n/10.95 , \OT1/cmtt/m/n/10.95 Classical.choice\OT1/cmr/m/n/10.95 , 
\OT1/cmtt/m/n/10.95 Quot.sound$\OMS/cmsy/m/n/10.95 g$\OT1/cmr/m/n/10.95 ,
 []


Overfull \hbox (195.492pt too wide) in paragraph at lines 2067--2077
\OT1/cmr/m/n/10.95 no \OT1/cmtt/m/n/10.95 sorry\OT1/cmr/m/n/10.95 /\OT1/cmtt/m/
n/10.95 axiom\OT1/cmr/m/n/10.95 ; it builds in-tree against the full li-brary. 
The con-tin-u-a-tion is \OT1/cmtt/m/n/10.95 LFunctionPhasor.dirichlet[]strip[]t
endsto[]LFunction
 []


Overfull \hbox (90.5947pt too wide) in paragraph at lines 2079--2092
[]\OT1/cmr/bx/n/10.95 The gen-eral fi-nite duality-stable fiber re-flec-tion (\
TS1/cmr/bx/n/10.95 §[]\OT1/cmr/bx/n/10.95 12[], \TS1/cmr/bx/n/10.95 §[]\OT1/cmr
/bx/n/10.95 11[]), \OT1/cmtt/m/n/10.95 RequestProject/FiniteWeightFiber.lean\OT
1/cmr/bx/n/10.95 .
 []


Overfull \hbox (1.56177pt too wide) in paragraph at lines 2093--2103
[]\OT1/cmr/bx/n/10.95 The carrier-cell the-o-rem (\TS1/cmr/bx/n/10.95 §[]\OT1/c
mr/bx/n/10.95 11[]), \OT1/cmtt/m/n/10.95 RequestProject/CellClosure.lean\OT1/cm
r/bx/n/10.95 . \OT1/cmr/m/n/10.95 Cell clo-sure proved
 []


Overfull \hbox (55.65851pt too wide) in paragraph at lines 2093--2103
\OT1/cmr/m/n/10.95 for the fi-nite duality-stable har-monic fiber class, machin
e-checked in Lean. \OT1/cmtt/m/n/10.95 cell[]closure[]partialSum[]le\OT1/cmr/m/
n/10.95 :
 []


Overfull \hbox (32.09306pt too wide) in paragraph at lines 2093--2103
\OT1/cmr/m/n/10.95 a period-$\OML/cmm/m/it/10.95 P$ \OT1/cmr/m/n/10.95 warp bou
nded by $\OML/cmm/m/it/10.95 B$ \OT1/cmr/m/n/10.95 with zero cell sum has prim-
i-tive $\OMS/cmsy/m/n/10.95 ^^T \OML/cmm/m/it/10.95 B P$\OT1/cmr/m/n/10.95 ; \O
T1/cmtt/m/n/10.95 cell[]closure[]dc[]mode[]zero\OT1/cmr/m/n/10.95 :
 []


Overfull \hbox (10.27235pt too wide) in paragraph at lines 2093--2103
\OT1/cmr/m/n/10.95 the $\OML/cmm/m/it/10.95 ^^_$\OT1/cmr/m/n/10.95 -mod-$\OML/c
mm/m/it/10.95 q$ \OT1/cmr/m/n/10.95 in-stance (re-cov-er-ing \OT1/cmtt/m/n/10.9
5 character[]partialSum[]norm[]le\OT1/cmr/m/n/10.95 ). Ax-iom foot-print $\OMS/
cmsy/m/n/10.95 f$\OT1/cmtt/m/n/10.95 propext\OT1/cmr/m/n/10.95 ,
 []


Overfull \hbox (10.5697pt too wide) in paragraph at lines 2105--2122
[]\OT1/cmr/bx/n/10.95 The completed-reflection as-sem-bly (\TS1/cmr/bx/n/10.95 
§[]\OT1/cmr/bx/n/10.95 11[]), \OT1/cmtt/m/n/10.95 RequestProject/CompletedRefle
ction.lean\OT1/cmr/bx/n/10.95 .
 []


Overfull \hbox (53.9586pt too wide) in paragraph at lines 2105--2122
\OT1/cmr/m/n/10.95 stan-ti-ated on the Dirich-let model from Math-lib's complet
ed-$\OML/cmm/m/it/10.95 L$ \OT1/cmr/m/n/10.95 func-tional equa-tion (\OT1/cmtt/
m/n/10.95 dirichletCompleted\OT1/cmr/m/n/10.95 ,
 []


Overfull \hbox (166.27686pt too wide) in paragraph at lines 2105--2122
\OT1/cmr/m/n/10.95 via \OT1/cmtt/m/n/10.95 completedLFunction[]one[]sub\OT1/cmr
/m/n/10.95 ) \OT1/cmr/m/it/10.95 and \OT1/cmr/m/n/10.95 on the gen-eral fi-nite
 duality-stable fiber (\OT1/cmtt/m/n/10.95 CompletedReflectionFiber.fiberComple
ted\OT1/cmr/m/n/10.95 ;
 []


Overfull \hbox (0.32243pt too wide) in paragraph at lines 2105--2122
\OT1/cmr/m/n/10.95 next-but-one en-try). Ax-iom foot-print $\OMS/cmsy/m/n/10.95
 f$\OT1/cmtt/m/n/10.95 propext\OT1/cmr/m/n/10.95 , \OT1/cmtt/m/n/10.95 Classica
l.choice\OT1/cmr/m/n/10.95 , \OT1/cmtt/m/n/10.95 Quot.sound$\OMS/cmsy/m/n/10.95
 g$\OT1/cmr/m/n/10.95 , no \OT1/cmtt/m/n/10.95 sorry\OT1/cmr/m/n/10.95 .
 []



[38]
Overfull \hbox (17.7175pt too wide) in paragraph at lines 2124--2134
[]\OT1/cmr/bx/n/10.95 The channel-agnostic fo-cal resid-ual (\TS1/cmr/bx/n/10.9
5 §[]\OT1/cmr/bx/n/10.95 11[]), \OT1/cmtt/m/n/10.95 RequestProject/FocalResidua
lGeneral.lean\OT1/cmr/bx/n/10.95 .
 []


Overfull \hbox (160.5364pt too wide) in paragraph at lines 2136--2148
[]\OT1/cmr/bx/n/10.95 The fiber's lo-cal com-pleted re-flec-tion (\TS1/cmr/bx/n
/10.95 §[]\OT1/cmr/bx/n/10.95 11[], step (1) of Prop. []18[]), \OT1/cmtt/m/n/10
.95 RequestProject/CompletedReflectionFiber.lean\OT1/cmr/bx/n/10.95 .
 []


Overfull \hbox (0.58199pt too wide) in paragraph at lines 2136--2148
\OT1/cmr/m/n/10.95 fiber ad-mis-si-bil-ity at the completed-object level --- \O
T1/cmr/m/it/10.95 not \OT1/cmr/m/n/10.95 the global twisted FE. \OT1/cmtt/m/n/1
0.95 fiberCompleted
 []


Overfull \hbox (1.66576pt too wide) in paragraph at lines 2136--2148
\OT1/cmtt/m/n/10.95 fiberCompleted[]FE \OT1/cmr/m/n/10.95 reads off $^^C(\OML/c
mm/m/it/10.95 s\OT1/cmr/m/n/10.95 ) = (\OML/cmm/m/it/10.95 "[]"[]\OT1/cmr/m/n/1
0.95 )^^C[](1 \OMS/cmsy/m/n/10.95 ^^@ \OML/cmm/m/it/10.95 s\OT1/cmr/m/n/10.95 )
$ for this \OT1/cmr/m/it/10.95 lo-cal \OT1/cmr/m/n/10.95 ob-ject via \OT1/cmtt/
m/n/10.95 completed[]FE\OT1/cmr/m/n/10.95 ,
 []


Overfull \hbox (7.74411pt too wide) in paragraph at lines 2136--2148
\OT1/cmr/m/n/10.95 and \OT1/cmtt/m/n/10.95 symTensorCompleted \OT1/cmr/m/n/10.9
5 in-stan-ti-ates it at \OT1/cmtt/m/n/10.95 tensorFiber(symFiber$\OML/cmm/m/it/
10.95 r$\OT1/cmtt/m/n/10.95 ,$\OML/cmm/m/it/10.95 W[]$\OT1/cmtt/m/n/10.95 )\OT1
/cmr/m/n/10.95 . The \OT1/cmr/m/it/10.95 global \OT1/cmr/m/n/10.95 twisted
 []


Overfull \hbox (53.79944pt too wide) in paragraph at lines 2161--2170
[]\OT1/cmr/bx/n/10.95 The clipped he-lix: clip, weld, rank, cross-ings (\TS1/cm
r/bx/n/10.95 §[]\OT1/cmr/bx/n/10.95 9[]), \OT1/cmtt/m/n/10.95 clip[]conductor.p
y\OT1/cmr/bx/n/10.95 , \OT1/cmtt/m/n/10.95 weld[]normalization.py\OT1/cmr/bx/n/
10.95 ,
 []


Overfull \hbox (5.1205pt too wide) in paragraph at lines 2173--2185
[]\OT1/cmr/bx/n/10.95 The au-to-mor-phy ma-chin-ery on the car-rier (\TS1/cmr/b
x/n/10.95 §[]\OT1/cmr/bx/n/10.95 10[]), \OT1/cmtt/m/n/10.95 tate[]fe[]check.py\
OT1/cmr/bx/n/10.95 , \OT1/cmtt/m/n/10.95 gl2[]escalate.py\OT1/cmr/bx/n/10.95 ,
 []



[39]
Overfull \hbox (32.34828pt too wide) in paragraph at lines 2201--2211
[]\OT1/cmr/bx/n/10.95 Representation-agnosticism (\TS1/cmr/bx/n/10.95 §[]\OT1/c
mr/bx/n/10.95 12[]), \OT1/cmtt/m/n/10.95 rep[]agnostic.py\OT1/cmr/bx/n/10.95 , 
\OT1/cmtt/m/n/10.95 three[]weight[]clock.py\OT1/cmr/bx/n/10.95 , \OT1/cmtt/m/n/
10.95 sym[]maass.py\OT1/cmr/bx/n/10.95 .
 []


Overfull \hbox (10.81586pt too wide) in paragraph at lines 2213--2221
[]\OT1/cmr/bx/n/10.95 Ramified lo-cal data: the fil-tra-tion tower (\TS1/cmr/bx
/n/10.95 §[]\OT1/cmr/bx/n/10.95 12[]), \OT1/cmtt/m/n/10.95 ramified[]local.py\O
T1/cmr/bx/n/10.95 , \OT1/cmtt/m/n/10.95 wild[]eps[]clock.py\OT1/cmr/bx/n/10.95 
.
 []


Overfull \hbox (16.62994pt too wide) in paragraph at lines 2223--2229
[]\OT1/cmr/bx/n/10.95 The parallel-dimension clock (\TS1/cmr/bx/n/10.95 §[]\OT1
/cmr/bx/n/10.95 12[]), \OT1/cmtt/m/n/10.95 parallel[]clock.py\OT1/cmr/bx/n/10.9
5 , \OT1/cmtt/m/n/10.95 parallel[]dogfood.py\OT1/cmr/bx/n/10.95 . \OT1/cmr/m/n/
10.95 Quadratic
 []



[40]
Overfull \hbox (51.41331pt too wide) in paragraph at lines 2242--2255
[]\OT1/cmr/bx/n/10.95 Loss-ledger$\OMS/cmsy/m/n/10.95 $$\OT1/cmr/bx/n/10.95 cyc
le-filtration cal-i-bra-tion (\TS1/cmr/bx/n/10.95 §[]\OT1/cmr/bx/n/10.95 12[], 
\TS1/cmr/bx/n/10.95 §[]\OT1/cmr/bx/n/10.95 20[]), \OT1/cmtt/m/n/10.95 hodge[]la
yer[]calib.py \OT1/cmr/m/n/10.95 (from \OT1/cmtt/m/n/10.95 sha[]hinge.py\OT1/cm
r/m/n/10.95 ,
 []



[41]

[42] (./emergent_clock_paper2.aux)
 ***********
LaTeX2e <2025-06-01> patch level 1
L3 programming layer <2025-07-20>
 ***********
Package rerunfilecheck Info: File `emergent_clock_paper2.out' has not changed.
(rerunfilecheck)             Checksum: F4951516D8402705D748CB293CFD2096;6973.
 ) 
Here is how much of TeX's memory you used:
 11260 strings out of 467801
 171388 string characters out of 5431917
 601004 words of memory out of 5000000
 39604 multiletter control sequences out of 15000+600000
 643886 words of font info for 105 fonts, out of 8000000 for 9000
 1141 hyphenation exceptions out of 8191
 75i,10n,79p,592b,696s stack positions out of 10000i,1000n,20000p,200000b,200000s
</usr/local/texlive/2025/texmf-dist/fonts/type1/public/amsfonts/cm/cmbx10.pfb
></usr/local/texlive/2025/texmf-dist/fonts/type1/public/amsfonts/cm/cmbx12.pfb>
</usr/local/texlive/2025/texmf-dist/fonts/type1/public/amsfonts/cm/cmex10.pfb><
/usr/local/texlive/2025/texmf-dist/fonts/type1/public/amsfonts/cm/cmitt10.pfb><
/usr/local/texlive/2025/texmf-dist/fonts/type1/public/amsfonts/cm/cmmi10.pfb></
usr/local/texlive/2025/texmf-dist/fonts/type1/public/amsfonts/cm/cmmi12.pfb></u
sr/local/texlive/2025/texmf-dist/fonts/type1/public/amsfonts/cm/cmmi6.pfb></usr
/local/texlive/2025/texmf-dist/fonts/type1/public/amsfonts/cm/cmmi8.pfb></usr/l
ocal/texlive/2025/texmf-dist/fonts/type1/public/amsfonts/cm/cmr10.pfb></usr/loc
al/texlive/2025/texmf-dist/fonts/type1/public/amsfonts/cm/cmr17.pfb></usr/local
/texlive/2025/texmf-dist/fonts/type1/public/amsfonts/cm/cmr6.pfb></usr/local/te
xlive/2025/texmf-dist/fonts/type1/public/amsfonts/cm/cmr7.pfb></usr/local/texli
ve/2025/texmf-dist/fonts/type1/public/amsfonts/cm/cmr8.pfb></usr/local/texlive/
2025/texmf-dist/fonts/type1/public/amsfonts/cm/cmsy10.pfb></usr/local/texlive/2
025/texmf-dist/fonts/type1/public/amsfonts/cm/cmsy6.pfb></usr/local/texlive/202
5/texmf-dist/fonts/type1/public/amsfonts/cm/cmsy8.pfb></usr/local/texlive/2025/
texmf-dist/fonts/type1/public/amsfonts/cm/cmti10.pfb></usr/local/texlive/2025/t
exmf-dist/fonts/type1/public/amsfonts/cm/cmtt10.pfb></usr/local/texlive/2025/te
xmf-dist/fonts/type1/public/amsfonts/euler/eufm10.pfb></usr/local/texlive/2025/
texmf-dist/fonts/type1/public/amsfonts/symbols/msam10.pfb></usr/local/texlive/2
025/texmf-dist/fonts/type1/public/amsfonts/symbols/msbm10.pfb></usr/local/texli
ve/2025/texmf-dist/fonts/type1/public/cm-super/sfbx1095.pfb></usr/local/texlive
/2025/texmf-dist/fonts/type1/public/cm-super/sfrm1095.pfb></usr/local/texlive/2
025/texmf-dist/fonts/type1/public/cm-super/sfti1095.pfb>
Output written on emergent_clock_paper2.pdf (42 pages, 546756 bytes).
PDF statistics:
 905 PDF objects out of 1000 (max. 8388607)
 804 compressed objects within 9 object streams
 152 named destinations out of 1000 (max. 500000)
 217 words of extra memory for PDF output out of 10000 (max. 10000000)

