\BOOKMARK [0][-]{part.1}{\376\377\000I\000\040\000T\000h\000e\000\040\000e\000x\000a\000c\000t\000\040\000g\000a\000u\000g\000e\000\040\000a\000n\000d\000\040\000t\000h\000e\000\040\000p\000r\000o\000d\000u\000c\000t\000i\000v\000i\000t\000y\000\040\000b\000o\000u\000n\000d\000a\000r\000y}{}% 1
\BOOKMARK [1][-]{section.1}{\376\377\000T\000w\000o\000\040\000m\000e\000c\000h\000a\000n\000i\000s\000m\000s}{part.1}% 2
\BOOKMARK [1][-]{section.2}{\376\377\000T\000h\000e\000\040\000e\000x\000a\000c\000t\000\040\000g\000a\000u\000g\000e\000\040\000o\000n\000\040\000t\000h\000e\000\040\000a\000r\000c\000h\000i\000m\000e\000d\000e\000a\000n\000\040\000u\000n\000i\000f\000o\000r\000m\000i\000t\000y}{part.1}% 3
\BOOKMARK [1][-]{section.3}{\376\377\000C\000a\000r\000r\000i\000e\000r\000\040\000c\000o\000o\000r\000d\000i\000n\000a\000t\000e\000s\000,\000\040\000l\000i\000f\000t\000e\000d\000\040\000p\000h\000a\000s\000e\000\040\000t\000r\000a\000n\000s\000p\000o\000r\000t\000,\000\040\000a\000n\000d\000\040\000t\000h\000e\000\040\000S\000\050\000t\000\051\000\040\000r\000e\000a\000d\000o\000u\000t}{part.1}% 4
\BOOKMARK [1][-]{section.4}{\376\377\000T\000h\000e\000\040\000o\000s\000c\000i\000l\000l\000a\000t\000i\000o\000n\000\040\000i\000s\000\040\000t\000h\000e\000\040\000o\000r\000b\000i\000t\000a\000l\000\040\000t\000r\000a\000n\000s\000f\000o\000r\000m\000'\000s\000\040\000o\000w\000n\000\040\000c\000o\000m\000b}{part.1}% 5
\BOOKMARK [1][-]{section.5}{\376\377\000T\000h\000e\000\040\000f\000o\000u\000r\000-\000s\000t\000a\000g\000e\000\040\000c\000e\000l\000l\000\040\000c\000l\000o\000s\000u\000r\000e\000:\000\040\000a\000\040\000l\000o\000s\000s\000l\000e\000s\000s\000\040\000m\000e\000t\000h\000o\000d\000\040\000t\000h\000a\000t\000\040\000s\000c\000a\000l\000e\000s}{part.1}% 6
\BOOKMARK [1][-]{section.6}{\376\377\000T\000h\000e\000\040\000p\000r\000o\000d\000u\000c\000t\000i\000v\000i\000t\000y\000\040\000b\000o\000u\000n\000d\000a\000r\000y}{part.1}% 7
\BOOKMARK [0][-]{part.2}{\376\377\000I\000I\000\040\000T\000h\000e\000\040\000t\000r\000a\000n\000s\000p\000o\000r\000t\000\040\000m\000a\000c\000h\000i\000n\000e}{}% 8
\BOOKMARK [1][-]{section.7}{\376\377\000T\000o\000w\000a\000r\000d\000\040\000f\000u\000n\000c\000t\000o\000r\000i\000a\000l\000i\000t\000y\000:\000\040\000t\000h\000e\000\040\000p\000r\000o\000d\000u\000c\000t\000\040\000l\000a\000w\000\040\000a\000n\000d\000\040\000t\000h\000e\000\040\000t\000r\000a\000n\000s\000f\000e\000r\000\040\000f\000a\000c\000t\000o\000r}{part.2}% 9
\BOOKMARK [1][-]{section.8}{\376\377\000T\000h\000e\000\040\000c\000a\000r\000r\000i\000e\000r\000/\000f\000i\000b\000e\000r\000\040\000r\000e\000s\000c\000a\000l\000i\000n\000g\000:\000\040\000a\000\040\000p\000o\000l\000e\000\040\000b\000e\000c\000o\000m\000e\000s\000\040\000a\000\040\000c\000l\000o\000s\000e\000d\000\040\000c\000e\000l\000l}{part.2}% 10
\BOOKMARK [1][-]{section.9}{\376\377\000S\000y\000m\000m\000e\000t\000r\000i\000c\000-\000p\000o\000w\000e\000r\000\040\000t\000r\000a\000n\000s\000f\000e\000r\000:\000\040\000a\000r\000i\000t\000h\000m\000e\000t\000i\000c\000\040\000t\000r\000a\000n\000s\000p\000a\000r\000e\000n\000c\000y}{part.2}% 11
\BOOKMARK [1][-]{section.10}{\376\377\000D\000e\000t\000e\000c\000t\000i\000o\000n\000:\000\040\000t\000h\000e\000\040\000s\000e\000l\000f\000-\000t\000w\000i\000s\000t\000\040\000i\000d\000e\000n\000t\000i\000t\000y\000\040\000c\000l\000o\000s\000e\000s}{part.2}% 12
\BOOKMARK [2][-]{subsection.10.1}{\376\377\000A\000\040\000n\000o\000n\000-\000a\000b\000e\000l\000i\000a\000n\000\040\000i\000n\000s\000t\000a\000n\000c\000e\000:\000\040\000w\000h\000i\000c\000h\000\040\000F\000r\000o\000b\000e\000n\000i\000u\000s\000\040\000d\000a\000t\000a\000\040\000t\000r\000a\000n\000s\000f\000e\000r\000s}{section.10}% 13
\BOOKMARK [2][-]{subsection.10.2}{\376\377\000T\000h\000e\000\040\000d\000e\000t\000e\000c\000t\000e\000d\000\040\000c\000o\000u\000n\000t\000\040\000i\000s\000\040\000a\000\040\000M\000o\000r\000d\000e\000l\000l\040\023\000W\000e\000i\000l\000\040\000r\000a\000n\000k\000\040\000d\000i\000f\000f\000e\000r\000e\000n\000c\000e}{section.10}% 14
\BOOKMARK [1][-]{section.11}{\376\377\000A\000\040\000c\000a\000n\000d\000i\000d\000a\000t\000e\000\040\000a\000u\000t\000o\000m\000o\000r\000p\000h\000i\000c\000\040\000o\000b\000j\000e\000c\000t\000\040\000f\000r\000o\000m\000\040\000t\000h\000e\000\040\000p\000r\000i\000m\000a\000r\000y\000\040\000c\000o\000n\000s\000t\000r\000u\000c\000t}{part.2}% 15
\BOOKMARK [1][-]{section.12}{\376\377\000T\000h\000e\000\040\000a\000u\000t\000o\000m\000o\000r\000p\000h\000y\000\040\000m\000a\000c\000h\000i\000n\000e\000r\000y\000\040\000o\000n\000\040\000t\000h\000e\000\040\000c\000a\000r\000r\000i\000e\000r}{part.2}% 16
\BOOKMARK [1][-]{section.13}{\376\377\000T\000h\000e\000\040\000t\000r\000a\000n\000s\000p\000o\000r\000t\000e\000d\000\040\000d\000a\000t\000u\000m\000:\000\040\000r\000e\000f\000l\000e\000c\000t\000i\000o\000n\000,\000\040\000c\000o\000m\000p\000l\000e\000t\000i\000o\000n\000,\000\040\000a\000n\000d\000\040\000n\000i\000c\000e\000n\000e\000s\000s\000\040\000l\000a\000w\000s}{part.2}% 17
\BOOKMARK [2][-]{subsection.13.1}{\376\377\000T\000h\000e\000\040\000s\000t\000a\000n\000d\000a\000r\000d\000-\000s\000i\000d\000e\000\040\000f\000u\000n\000c\000t\000i\000o\000n\000a\000l\000\040\000e\000q\000u\000a\000t\000i\000o\000n\000\040\000b\000e\000y\000o\000n\000d\000\040\000t\000h\000e\000\040\000c\000l\000a\000s\000s\000i\000c\000a\000l\000\040\000r\000a\000n\000g\000e\000:\000\040\000a\000\040\000c\000a\000r\000r\000i\000e\000r\000\040\000v\000e\000r\000i\000f\000i\000c\000a\000t\000i\000o\000n}{section.13}% 18
\BOOKMARK [1][-]{section.14}{\376\377\000G\000e\000n\000e\000r\000a\000l\000i\000z\000a\000t\000i\000o\000n\000:\000\040\000a\000\040\000r\000e\000p\000r\000e\000s\000e\000n\000t\000a\000t\000i\000o\000n\000-\000a\000g\000n\000o\000s\000t\000i\000c\000\040\000t\000r\000a\000n\000s\000p\000o\000r\000t}{part.2}% 19
\BOOKMARK [1][-]{section.15}{\376\377\000O\000b\000s\000t\000r\000u\000c\000t\000i\000o\000n\000-\000d\000i\000r\000e\000c\000t\000e\000d\000\040\000h\000a\000r\000m\000o\000n\000i\000z\000a\000t\000i\000o\000n\000:\000\040\000f\000r\000o\000m\000\040\000d\000e\000t\000e\000c\000t\000i\000o\000n\000\040\000t\000o\000\040\000r\000e\000m\000o\000v\000a\000l}{part.2}% 20
\BOOKMARK [0][-]{part.3}{\376\377\000I\000I\000I\000\040\000A\000u\000t\000o\000m\000o\000r\000p\000h\000i\000c\000\040\000l\000a\000n\000d\000i\000n\000g\000:\000\040\000t\000h\000e\000\040\000c\000o\000n\000v\000e\000r\000s\000e\000-\000t\000h\000e\000o\000r\000e\000m\000\040\000c\000h\000e\000c\000k\000s\000u\000m}{}% 21
\BOOKMARK [1][-]{section.16}{\376\377\000T\000h\000e\000\040\000e\000x\000a\000c\000t\000\040\000c\000o\000n\000v\000e\000r\000s\000e\000\040\000t\000h\000e\000o\000r\000e\000m}{part.3}% 22
\BOOKMARK [1][-]{section.17}{\376\377\000T\000h\000e\000\040\000a\000d\000e\000l\000i\000c\000\040\000c\000a\000n\000d\000i\000d\000a\000t\000e}{part.3}% 23
\BOOKMARK [1][-]{section.18}{\376\377\000T\000h\000e\000\040\000f\000u\000l\000l\000\040\000t\000w\000i\000s\000t\000i\000n\000g\000\040\000f\000a\000m\000i\000l\000y}{part.3}% 24
\BOOKMARK [1][-]{section.19}{\376\377\000N\000i\000c\000e\000n\000e\000s\000s}{part.3}% 25
\BOOKMARK [1][-]{section.20}{\376\377\000T\000h\000e\000\040\000c\000o\000n\000v\000e\000r\000s\000e\000-\000t\000h\000e\000o\000r\000e\000m\000\040\000l\000e\000d\000g\000e\000r}{part.3}% 26
\BOOKMARK [1][-]{section.21}{\376\377\000E\000x\000c\000e\000p\000t\000i\000o\000n\000a\000l\000\040}{part.3}% 27
\BOOKMARK [1][-]{section.22}{\376\377\000A\000p\000p\000l\000i\000c\000a\000t\000i\000o\000n\000:\000\040\000S\000a\000t\000o\040\023\000T\000a\000t\000e\000\040\000f\000o\000r\000\040\000M\000a\000a\000s\000s\000\040\000f\000o\000r\000m\000s}{part.3}% 28
\BOOKMARK [1][-]{section.23}{\376\377\000S\000t\000a\000t\000u\000s\000\040\000a\000n\000d\000\040\000a\000c\000t\000i\000v\000e\000\040\000r\000e\000s\000e\000a\000r\000c\000h}{part.3}% 29
\BOOKMARK [1][-]{appendix.A}{\376\377\000R\000e\000p\000r\000o\000d\000u\000c\000i\000b\000i\000l\000i\000t\000y}{part.3}% 30
