================================================================
SIXFOLD RAILS  p = 7
k=1: #C'=10 C_m=[12, 12, 6] sumcheck=OK T0=-2 (C' gives -2)
k=2: #C'=70 C_m=[90, 60, 60] sumcheck=OK T0=-20 (C' gives -20)
k=3: #C'=367 C_m=[399, 306, 396] sumcheck=OK T0=-23 (C' gives -23)
k=4: #C'=2354 C_m=[2358, 2208, 2496] sumcheck=OK T0=48 (C' gives 48)
k=5: #C'=16915 C_m=[16617, 16536, 17592] sumcheck=OK T0=-107 (C' gives -107)
k=6: #C'=118987 C_m=[120801, 120240, 115920] sumcheck=OK T0=-1337 (C' gives -1337)
T0 == C'-trace at all k: PASS
rail char poly f_omega(T) = T^6 - 2*w*T^5 + (-2*w + 3)*T^4 + 9*T^3 + (14*w + 35)*T^2 + (98*w + 98)*T + 343
coefficients integral in Z[zeta_3]: PASS
f * fbar == stored P_B (reciprocal form): PASS
det(Frob | V_omega) = e_6 = 343
*** FREEZE: r = e_6/p^3 = +1  (mu_6 unit; ORDER LAW reading)
rail phases in units of pi/3: ['-2.615', '-1.597', '-0.547', '1.085', '1.393', '2.282']
rail purity: PASS
================================================================
SIXFOLD RAILS  p = 13
k=1: #C'=20 C_m=[27, 18, 15] sumcheck=OK T0=-6 (C' gives -6)
k=2: #C'=188 C_m=[255, 147, 162] sumcheck=OK T0=-18 (C' gives -18)
k=3: #C'=2267 C_m=[2247, 2214, 2340] sumcheck=OK T0=-69 (C' gives -69)
k=4: #C'=28616 C_m=[29007, 28602, 28239] sumcheck=OK T0=-54 (C' gives -54)
k=5: #C'=371970 C_m=[370797, 371895, 373218] sumcheck=OK T0=-676 (C' gives -676)
k=6: #C'=4824719 C_m=[4823277, 4831074, 4819806] sumcheck=OK T0=2091 (C' gives 2091)
T0 == C'-trace at all k: PASS
rail char poly f_omega(T) = T^6 + (-w + 3)*T^5 + (-w + 22)*T^4 + 63*T^3 + (13*w + 299)*T^2 + (169*w + 676)*T + 2197
coefficients integral in Z[zeta_3]: PASS
f * fbar == stored P_B (reciprocal form): PASS
det(Frob | V_omega) = e_6 = 2197
*** FREEZE: r = e_6/p^3 = +1  (mu_6 unit; ORDER LAW reading)
rail phases in units of pi/3: ['-2.431', '-1.678', '-0.939', '1.106', '1.717', '2.224']
rail purity: PASS
