============================================================
p = 7
k=1 q=7: #E0=9 #C'=13 #C=15  s_1=-2
k=2 q=49: #E0=63 #C'=65 #C=75  s_2=-10
k=3 q=343: #E0=324 #C'=331 #C=399  s_3=-68
k=4 q=2401: #E0=2331 #C'=2333 #C=2319  s_4=14
k=5 q=16807: #E0=17019 #C'=17188 #C=16965  s_5=223
k=6 q=117649: #E0=117936 #C'=117971 #C=117501  s_6=470
P_C'(T) deg 12 : 117649*T^12 + 84035*T^11 + 48020*T^10 + 18522*T^9 + 5341*T^8 + 1582*T^7 + 484*T^6 + 226*T^5 + 109*T^4 + 54*T^3 + 20*T^2 + 5*T + 1
|root|^2 * p (all must be 1.000): [1.0]
GENUS 6 CERTIFICATE: PASS
factor over ZZ: (117649) * (T^2 + 1/7*T + 1/7) * (T^10 + 4/7*T^9 + 9/49*T^8 + 17/343*T^7 + 29/2401*T^6 + 78/16807*T^5 + 29/16807*T^4 + 17/16807*T^3 + 9/16807*T^2 + 4/16807*T + 1/16807)
============================================================
p = 13
k=1 q=13: #E0=18 #C'=13 #C=21  s_1=-8
k=2 q=169: #E0=180 #C'=163 #C=207  s_2=-44
k=3 q=2197: #E0=2106 #C'=2110 #C=2181  s_3=-71
k=4 q=28561: #E0=28800 #C'=28867 #C=29415  s_4=-548
k=5 q=371293: #E0=371538 #C'=371288 #C=370776  s_5=512
k=6 q=4826809: #E0=4822740 #C'=4817110 #C=4818135  s_6=-1025
P_C'(T) deg 12 : 4826809*T^12 - 371293*T^11 - 85683*T^10 - 57122*T^9 + 18590*T^8 + 65*T^7 - 1516*T^6 + 5*T^5 + 110*T^4 - 26*T^3 - 3*T^2 - T + 1
|root|^2 * p (all must be 1.000): [1.0]
GENUS 6 CERTIFICATE: PASS
factor over ZZ: (4826809) * (T^2 + 4/13*T + 1/13) * (T^10 - 5/13*T^9 + 4/169*T^8 + 23/2197*T^7 - 34/28561*T^6 - 158/371293*T^5 - 34/371293*T^4 + 23/371293*T^3 + 4/371293*T^2 - 5/371293*T + 1/371293)
