\BOOKMARK [0][-]{part.1}{\376\377\000I\000\040\000T\000h\000e\000\040\000c\000o\000m\000m\000o\000n\000\040\000c\000a\000r\000r\000i\000e\000r\000\040\000s\000y\000s\000t\000e\000m}{}% 1
\BOOKMARK [1][-]{section.1}{\376\377\000T\000h\000e\000\040\000t\000h\000e\000o\000r\000e\000m\000\040\000a\000r\000c\000h\000i\000t\000e\000c\000t\000u\000r\000e}{part.1}% 2
\BOOKMARK [1][-]{section.2}{\376\377\000T\000h\000e\000\040\000d\000o\000u\000b\000l\000e\000-\000e\000n\000d\000e\000d\000\040\000c\000a\000r\000r\000i\000e\000r}{part.1}% 3
\BOOKMARK [1][-]{section.3}{\376\377\000P\000r\000o\000j\000e\000c\000t\000i\000o\000n\000\040\000a\000n\000d\000\040\000t\000h\000e\000\040\000l\000o\000s\000s\000\040\000l\000e\000d\000g\000e\000r}{part.1}% 4
\BOOKMARK [1][-]{section.4}{\376\377\000S\000t\000r\000u\000c\000t\000u\000r\000e\000d\000\040\000s\000o\000u\000r\000c\000e\000s\000,\000\040\000i\000d\000e\000n\000t\000i\000t\000y\000,\000\040\000c\000l\000o\000c\000k\000s\000,\000\040\000a\000n\000d\000\040\000c\000e\000l\000l\000s}{part.1}% 5
\BOOKMARK [1][-]{section.5}{\376\377\000N\000o\000r\000m\000a\000l\000i\000z\000a\000t\000i\000o\000n\000\040\000a\000n\000d\000\040\000s\000i\000m\000u\000l\000t\000a\000n\000e\000o\000u\000s\000\040\000c\000a\000r\000r\000i\000e\000r\000\040\000e\000v\000o\000l\000u\000t\000i\000o\000n}{part.1}% 6
\BOOKMARK [1][-]{section.6}{\376\377\000E\000x\000a\000c\000t\000\040\000c\000l\000o\000s\000u\000r\000e\000,\000\040\000o\000b\000s\000t\000r\000u\000c\000t\000i\000o\000n\000\040\000d\000e\000t\000e\000c\000t\000i\000o\000n\000,\000\040\000a\000n\000d\000\040\000a\000d\000a\000p\000t\000a\000t\000i\000o\000n}{part.1}% 7
\BOOKMARK [1][-]{section.7}{\376\377\000M\000o\000d\000e\000s\000,\000\040\000r\000e\000a\000d\000o\000u\000t\000s\000,\000\040\000r\000e\000f\000l\000e\000c\000t\000i\000o\000n\000,\000\040\000a\000n\000d\000\040\000a\000n\000a\000l\000y\000t\000i\000c\000\040\000l\000a\000n\000d\000i\000n\000g}{part.1}% 8
\BOOKMARK [1][-]{section.8}{\376\377\000E\000x\000h\000a\000u\000s\000t\000i\000o\000n\000,\000\040\000c\000o\000h\000e\000r\000e\000n\000t\000\040\000t\000r\000a\000n\000s\000p\000o\000r\000t\000,\000\040\000a\000n\000d\000\040\000t\000h\000e\000\040\000u\000n\000i\000v\000e\000r\000s\000a\000l\000\040\000t\000h\000e\000o\000r\000e\000m}{part.1}% 9
\BOOKMARK [1][-]{section.9}{\376\377\000T\000h\000e\000\040\000s\000c\000a\000l\000e\000\040\000m\000i\000s\000m\000a\000t\000c\000h\000\040\000b\000e\000h\000i\000n\000d\000\040\000t\000h\000e\000\040\000S\000\050\000t\000\051\000\040\000t\000e\000r\000m}{part.1}% 10
\BOOKMARK [2][-]{subsection.9.1}{\376\377\000T\000h\000e\000\040\000t\000h\000e\000o\000r\000e\000m}{section.9}% 11
\BOOKMARK [2][-]{subsection.9.2}{\376\377\000D\000e\000f\000i\000n\000i\000t\000i\000o\000n\000s\000\040\000o\000f\000\040\000t\000h\000e\000\040\000t\000w\000o\000\040\000c\000o\000u\000n\000t\000s}{section.9}% 12
\BOOKMARK [2][-]{subsection.9.3}{\376\377\000N\000a\000t\000i\000v\000e\000\040\000p\000i\000/\0003\000\040\000c\000h\000a\000i\000n}{section.9}% 13
\BOOKMARK [2][-]{subsection.9.4}{\376\377\000U\000n\000i\000t\000-\0001\000\040\000c\000a\000r\000r\000i\000e\000r\000\040\000c\000h\000a\000i\000n}{section.9}% 14
\BOOKMARK [2][-]{subsection.9.5}{\376\377\000S\000u\000b\000t\000r\000a\000c\000t\000i\000o\000n}{section.9}% 15
\BOOKMARK [2][-]{subsection.9.6}{\376\377\000T\000h\000e\000\040\000a\000r\000r\000o\000w\000s\000,\000\040\000d\000i\000s\000c\000h\000a\000r\000g\000e\000d}{section.9}% 16
\BOOKMARK [2][-]{subsection.9.7}{\376\377\000T\000h\000e\000\040\000g\000e\000n\000e\000r\000a\000l\000\040\000r\000e\000g\000i\000s\000t\000r\000a\000t\000i\000o\000n\000\040\000g\000a\000p\000\040\000S\000\050\000H\000,\000K\000\051\000\040\000a\000n\000d\000\040\000t\000h\000e\000\040\000h\000a\000r\000m\000o\000n\000i\000c\000\040\000f\000a\000m\000i\000l\000y}{section.9}% 17
\BOOKMARK [1][-]{section.10}{\376\377\000T\000h\000e\000\040\000m\000e\000t\000a\000\040\000m\000e\000t\000h\000o\000d}{part.1}% 18
\BOOKMARK [0][-]{part.2}{\376\377\000I\000I\000\040\000A\000u\000t\000o\000m\000o\000r\000p\000h\000i\000c\000\040\000f\000u\000n\000c\000t\000o\000r\000i\000a\000l\000i\000t\000y\000:\000\040\000T\000h\000e\000\040\000c\000o\000n\000v\000e\000r\000s\000e\000-\000t\000h\000e\000o\000r\000e\000m\000\040\000c\000h\000e\000c\000k\000l\000i\000s\000t}{}% 19
\BOOKMARK [1][-]{section.11}{\376\377\000T\000h\000e\000\040\000e\000x\000a\000c\000t\000\040\000c\000o\000n\000v\000e\000r\000s\000e\000\040\000t\000h\000e\000o\000r\000e\000m}{part.2}% 20
\BOOKMARK [1][-]{section.12}{\376\377\000T\000h\000e\000\040\000a\000d\000e\000l\000i\000c\000\040\000c\000a\000n\000d\000i\000d\000a\000t\000e}{part.2}% 21
\BOOKMARK [1][-]{section.13}{\376\377\000T\000h\000e\000\040\000f\000u\000l\000l\000\040\000t\000w\000i\000s\000t\000i\000n\000g\000\040\000f\000a\000m\000i\000l\000y}{part.2}% 22
\BOOKMARK [1][-]{section.14}{\376\377\000N\000i\000c\000e\000n\000e\000s\000s}{part.2}% 23
\BOOKMARK [1][-]{section.15}{\376\377\000T\000h\000e\000\040\000c\000o\000n\000v\000e\000r\000s\000e\000-\000t\000h\000e\000o\000r\000e\000m\000\040\000l\000e\000d\000g\000e\000r}{part.2}% 24
\BOOKMARK [1][-]{section.16}{\376\377\000E\000x\000c\000e\000p\000t\000i\000o\000n\000a\000l\000\040}{part.2}% 25
\BOOKMARK [0][-]{part.3}{\376\377\000I\000I\000I\000\040\000O\000L\000D\000\040\000P\000A\000P\000E\000R\000\040\000B\000E\000G\000I\000N\000S\000\040\000H\000E\000R\000E}{}% 26
\BOOKMARK [0][-]{part.4}{\376\377\000I\000V\000\040\000B\000e\000y\000o\000n\000d\000\040\000E\000n\000d\000o\000s\000c\000o\000p\000y\000\040\000-\000\040\000A\000l\000t\000u\001\037\000\040\000A\000n\000a\000l\000y\000s\000i\000s\000\040\000a\000n\000d\000\040\000R\000e\000p\000a\000i\000r}{}% 27
\BOOKMARK [1][-]{section.17}{\376\377\000T\000w\000o\000\040\000m\000e\000c\000h\000a\000n\000i\000s\000m\000s}{part.4}% 28
\BOOKMARK [1][-]{section.18}{\376\377\000T\000h\000e\000\040\000e\000x\000a\000c\000t\000\040\000g\000a\000u\000g\000e\000\040\000o\000n\000\040\000t\000h\000e\000\040\000a\000r\000c\000h\000i\000m\000e\000d\000e\000a\000n\000\040\000u\000n\000i\000f\000o\000r\000m\000i\000t\000y}{part.4}% 29
\BOOKMARK [1][-]{section.19}{\376\377\000T\000h\000e\000\040\000o\000s\000c\000i\000l\000l\000a\000t\000i\000o\000n\000\040\000i\000s\000\040\000t\000h\000e\000\040\000o\000r\000b\000i\000t\000a\000l\000\040\000t\000r\000a\000n\000s\000f\000o\000r\000m\000'\000s\000\040\000o\000w\000n\000\040\000c\000o\000m\000b}{part.4}% 30
\BOOKMARK [1][-]{section.20}{\376\377\000T\000h\000e\000\040\000f\000o\000u\000r\000-\000s\000t\000a\000g\000e\000\040\000c\000e\000l\000l\000\040\000c\000l\000o\000s\000u\000r\000e\000:\000\040\000a\000\040\000l\000o\000s\000s\000l\000e\000s\000s\000\040\000m\000e\000t\000h\000o\000d\000\040\000t\000h\000a\000t\000\040\000s\000c\000a\000l\000e\000s}{part.4}% 31
\BOOKMARK [1][-]{section.21}{\376\377\000T\000h\000e\000\040\000p\000r\000o\000d\000u\000c\000t\000i\000v\000i\000t\000y\000\040\000b\000o\000u\000n\000d\000a\000r\000y}{part.4}% 32
\BOOKMARK [0][-]{part.5}{\376\377\000V\000\040\000T\000h\000e\000\040\000u\000n\000i\000v\000e\000r\000s\000a\000l\000\040\000t\000r\000a\000n\000s\000p\000o\000r\000t}{}% 33
\BOOKMARK [1][-]{section.22}{\376\377\000T\000o\000w\000a\000r\000d\000\040\000f\000u\000n\000c\000t\000o\000r\000i\000a\000l\000i\000t\000y\000:\000\040\000t\000h\000e\000\040\000p\000r\000o\000d\000u\000c\000t\000\040\000l\000a\000w\000\040\000a\000n\000d\000\040\000t\000h\000e\000\040\000t\000r\000a\000n\000s\000f\000e\000r\000\040\000f\000a\000c\000t\000o\000r}{part.5}% 34
\BOOKMARK [1][-]{section.23}{\376\377\000T\000h\000e\000\040\000c\000a\000r\000r\000i\000e\000r\000/\000f\000i\000b\000e\000r\000\040\000r\000e\000s\000c\000a\000l\000i\000n\000g\000:\000\040\000a\000\040\000p\000o\000l\000e\000\040\000b\000e\000c\000o\000m\000e\000s\000\040\000a\000\040\000c\000l\000o\000s\000e\000d\000\040\000c\000e\000l\000l}{part.5}% 35
\BOOKMARK [1][-]{section.24}{\376\377\000S\000y\000m\000m\000e\000t\000r\000i\000c\000-\000p\000o\000w\000e\000r\000\040\000t\000r\000a\000n\000s\000f\000e\000r\000:\000\040\000a\000r\000i\000t\000h\000m\000e\000t\000i\000c\000\040\000t\000r\000a\000n\000s\000p\000a\000r\000e\000n\000c\000y}{part.5}% 36
\BOOKMARK [1][-]{section.25}{\376\377\000D\000e\000t\000e\000c\000t\000i\000o\000n\000:\000\040\000t\000h\000e\000\040\000s\000e\000l\000f\000-\000t\000w\000i\000s\000t\000\040\000i\000d\000e\000n\000t\000i\000t\000y\000\040\000c\000l\000o\000s\000e\000s}{part.5}% 37
\BOOKMARK [2][-]{subsection.25.1}{\376\377\000A\000\040\000n\000o\000n\000-\000a\000b\000e\000l\000i\000a\000n\000\040\000i\000n\000s\000t\000a\000n\000c\000e\000:\000\040\000w\000h\000i\000c\000h\000\040\000F\000r\000o\000b\000e\000n\000i\000u\000s\000\040\000d\000a\000t\000a\000\040\000t\000r\000a\000n\000s\000f\000e\000r\000s}{section.25}% 38
\BOOKMARK [2][-]{subsection.25.2}{\376\377\000T\000h\000e\000\040\000d\000e\000t\000e\000c\000t\000e\000d\000\040\000c\000o\000u\000n\000t\000\040\000i\000s\000\040\000a\000\040\000M\000o\000r\000d\000e\000l\000l\040\023\000W\000e\000i\000l\000\040\000r\000a\000n\000k\000\040\000d\000i\000f\000f\000e\000r\000e\000n\000c\000e}{section.25}% 39
\BOOKMARK [1][-]{section.26}{\376\377\000A\000\040\000c\000a\000n\000d\000i\000d\000a\000t\000e\000\040\000a\000u\000t\000o\000m\000o\000r\000p\000h\000i\000c\000\040\000o\000b\000j\000e\000c\000t\000\040\000f\000r\000o\000m\000\040\000t\000h\000e\000\040\000p\000r\000i\000m\000a\000r\000y\000\040\000c\000o\000n\000s\000t\000r\000u\000c\000t}{part.5}% 40
\BOOKMARK [1][-]{section.27}{\376\377\000T\000h\000e\000\040\000a\000u\000t\000o\000m\000o\000r\000p\000h\000y\000\040\000m\000a\000c\000h\000i\000n\000e\000r\000y\000\040\000o\000n\000\040\000t\000h\000e\000\040\000c\000a\000r\000r\000i\000e\000r}{part.5}% 41
\BOOKMARK [1][-]{section.28}{\376\377\000T\000h\000e\000\040\000t\000r\000a\000n\000s\000p\000o\000r\000t\000e\000d\000\040\000d\000a\000t\000u\000m\000:\000\040\000r\000e\000f\000l\000e\000c\000t\000i\000o\000n\000,\000\040\000c\000o\000m\000p\000l\000e\000t\000i\000o\000n\000,\000\040\000a\000n\000d\000\040\000n\000i\000c\000e\000n\000e\000s\000s\000\040\000l\000a\000w\000s}{part.5}% 42
\BOOKMARK [2][-]{subsection.28.1}{\376\377\000T\000h\000e\000\040\000s\000t\000a\000n\000d\000a\000r\000d\000-\000s\000i\000d\000e\000\040\000f\000u\000n\000c\000t\000i\000o\000n\000a\000l\000\040\000e\000q\000u\000a\000t\000i\000o\000n\000\040\000b\000e\000y\000o\000n\000d\000\040\000t\000h\000e\000\040\000c\000l\000a\000s\000s\000i\000c\000a\000l\000\040\000r\000a\000n\000g\000e\000:\000\040\000a\000\040\000c\000a\000r\000r\000i\000e\000r\000\040\000v\000e\000r\000i\000f\000i\000c\000a\000t\000i\000o\000n}{section.28}% 43
\BOOKMARK [1][-]{section.29}{\376\377\000G\000e\000n\000e\000r\000a\000l\000i\000z\000a\000t\000i\000o\000n\000:\000\040\000a\000\040\000r\000e\000p\000r\000e\000s\000e\000n\000t\000a\000t\000i\000o\000n\000-\000a\000g\000n\000o\000s\000t\000i\000c\000\040\000t\000r\000a\000n\000s\000p\000o\000r\000t}{part.5}% 44
\BOOKMARK [1][-]{section.30}{\376\377\000O\000b\000s\000t\000r\000u\000c\000t\000i\000o\000n\000-\000d\000i\000r\000e\000c\000t\000e\000d\000\040\000h\000a\000r\000m\000o\000n\000i\000z\000a\000t\000i\000o\000n\000:\000\040\000f\000r\000o\000m\000\040\000d\000e\000t\000e\000c\000t\000i\000o\000n\000\040\000t\000o\000\040\000r\000e\000m\000o\000v\000a\000l}{part.5}% 45
\BOOKMARK [0][-]{part.6}{\376\377\000V\000I\000\040\000S\000i\000g\000n\000i\000f\000i\000c\000a\000n\000t\000\040\000R\000e\000s\000u\000l\000t\000s}{}% 46
\BOOKMARK [1][-]{section.31}{\376\377\000A\000p\000p\000l\000i\000c\000a\000t\000i\000o\000n\000:\000\040\000S\000a\000t\000o\040\023\000T\000a\000t\000e\000\040\000f\000o\000r\000\040\000M\000a\000a\000s\000s\000\040\000f\000o\000r\000m\000s}{part.6}% 47
\BOOKMARK [1][-]{section.32}{\376\377\000S\000t\000a\000t\000u\000s\000\040\000a\000n\000d\000\040\000a\000c\000t\000i\000v\000e\000\040\000r\000e\000s\000e\000a\000r\000c\000h}{part.6}% 48
\BOOKMARK [1][-]{appendix.A}{\376\377\000R\000e\000p\000r\000o\000d\000u\000c\000i\000b\000i\000l\000i\000t\000y}{part.6}% 49
