This is pdfTeX, Version 3.141592653-2.6-1.40.25 (TeX Live 2023) (preloaded format=pdflatex 2023.5.22)  9 JUL 2026 01:00
entering extended mode
 restricted \write18 enabled.
 file:line:error style messages enabled.
 %&-line parsing enabled.
**universal.tex
(./universal.tex
LaTeX2e <2022-11-01> patch level 1
L3 programming layer <2023-05-15> (/usr/local/texlive/2023/texmf-dist/tex/latex/base/article.cls
Document Class: article 2022/07/02 v1.4n Standard LaTeX document class
(/usr/local/texlive/2023/texmf-dist/tex/latex/base/size11.clo
File: size11.clo 2022/07/02 v1.4n Standard LaTeX file (size option)
)
\c@part=\count185
\c@section=\count186
\c@subsection=\count187
\c@subsubsection=\count188
\c@paragraph=\count189
\c@subparagraph=\count190
\c@figure=\count191
\c@table=\count192
\abovecaptionskip=\skip48
\belowcaptionskip=\skip49
\bibindent=\dimen140
) (/usr/local/texlive/2023/texmf-dist/tex/latex/amsmath/amsmath.sty
Package: amsmath 2022/04/08 v2.17n AMS math features
\@mathmargin=\skip50

For additional information on amsmath, use the `?' option.
(/usr/local/texlive/2023/texmf-dist/tex/latex/amsmath/amstext.sty
Package: amstext 2021/08/26 v2.01 AMS text
 (/usr/local/texlive/2023/texmf-dist/tex/latex/amsmath/amsgen.sty
File: amsgen.sty 1999/11/30 v2.0 generic functions
\@emptytoks=\toks16
\ex@=\dimen141
)) (/usr/local/texlive/2023/texmf-dist/tex/latex/amsmath/amsbsy.sty
Package: amsbsy 1999/11/29 v1.2d Bold Symbols
\pmbraise@=\dimen142
) (/usr/local/texlive/2023/texmf-dist/tex/latex/amsmath/amsopn.sty
Package: amsopn 2022/04/08 v2.04 operator names
)
\inf@bad=\count193
LaTeX Info: Redefining \frac on input line 234.
\uproot@=\count194
\leftroot@=\count195
LaTeX Info: Redefining \overline on input line 399.
LaTeX Info: Redefining \colon on input line 410.
\classnum@=\count196
\DOTSCASE@=\count197
LaTeX Info: Redefining \ldots on input line 496.
LaTeX Info: Redefining \dots on input line 499.
LaTeX Info: Redefining \cdots on input line 620.
\Mathstrutbox@=\box51
\strutbox@=\box52
LaTeX Info: Redefining \big on input line 722.
LaTeX Info: Redefining \Big on input line 723.
LaTeX Info: Redefining \bigg on input line 724.
LaTeX Info: Redefining \Bigg on input line 725.
\big@size=\dimen143
LaTeX Font Info:    Redeclaring font encoding OML on input line 743.
LaTeX Font Info:    Redeclaring font encoding OMS on input line 744.
\macc@depth=\count198
LaTeX Info: Redefining \bmod on input line 905.
LaTeX Info: Redefining \pmod on input line 910.
LaTeX Info: Redefining \smash on input line 940.
LaTeX Info: Redefining \relbar on input line 970.
LaTeX Info: Redefining \Relbar on input line 971.
\c@MaxMatrixCols=\count199
\dotsspace@=\muskip16
\c@parentequation=\count266
\dspbrk@lvl=\count267
\tag@help=\toks17
\row@=\count268
\column@=\count269
\maxfields@=\count270
\andhelp@=\toks18
\eqnshift@=\dimen144
\alignsep@=\dimen145
\tagshift@=\dimen146
\tagwidth@=\dimen147
\totwidth@=\dimen148
\lineht@=\dimen149
\@envbody=\toks19
\multlinegap=\skip51
\multlinetaggap=\skip52
\mathdisplay@stack=\toks20
LaTeX Info: Redefining \[ on input line 2953.
LaTeX Info: Redefining \] on input line 2954.
) (/usr/local/texlive/2023/texmf-dist/tex/latex/amsfonts/amssymb.sty
Package: amssymb 2013/01/14 v3.01 AMS font symbols
 (/usr/local/texlive/2023/texmf-dist/tex/latex/amsfonts/amsfonts.sty
Package: amsfonts 2013/01/14 v3.01 Basic AMSFonts support
\symAMSa=\mathgroup4
\symAMSb=\mathgroup5
LaTeX Font Info:    Redeclaring math symbol \hbar on input line 98.
LaTeX Font Info:    Overwriting math alphabet `\mathfrak' in version `bold'
(Font)                  U/euf/m/n --> U/euf/b/n on input line 106.
)) (/usr/local/texlive/2023/texmf-dist/tex/latex/amscls/amsthm.sty
Package: amsthm 2020/05/29 v2.20.6
\thm@style=\toks21
\thm@bodyfont=\toks22
\thm@headfont=\toks23
\thm@notefont=\toks24
\thm@headpunct=\toks25
\thm@preskip=\skip53
\thm@postskip=\skip54
\thm@headsep=\skip55
\dth@everypar=\toks26
) (/usr/local/texlive/2023/texmf-dist/tex/latex/mathtools/mathtools.sty
Package: mathtools 2022/06/29 v1.29 mathematical typesetting tools
 (/usr/local/texlive/2023/texmf-dist/tex/latex/graphics/keyval.sty
Package: keyval 2022/05/29 v1.15 key=value parser (DPC)
\KV@toks@=\toks27
) (/usr/local/texlive/2023/texmf-dist/tex/latex/tools/calc.sty
Package: calc 2017/05/25 v4.3 Infix arithmetic (KKT,FJ)
\calc@Acount=\count271
\calc@Bcount=\count272
\calc@Adimen=\dimen150
\calc@Bdimen=\dimen151
\calc@Askip=\skip56
\calc@Bskip=\skip57
LaTeX Info: Redefining \setlength on input line 80.
LaTeX Info: Redefining \addtolength on input line 81.
\calc@Ccount=\count273
\calc@Cskip=\skip58
) (/usr/local/texlive/2023/texmf-dist/tex/latex/mathtools/mhsetup.sty
Package: mhsetup 2021/03/18 v1.4 programming setup (MH)
)
\g_MT_multlinerow_int=\count274
\l_MT_multwidth_dim=\dimen152
\origjot=\skip59
\l_MT_shortvdotswithinadjustabove_dim=\dimen153
\l_MT_shortvdotswithinadjustbelow_dim=\dimen154
\l_MT_above_intertext_sep=\dimen155
\l_MT_below_intertext_sep=\dimen156
\l_MT_above_shortintertext_sep=\dimen157
\l_MT_below_shortintertext_sep=\dimen158
\xmathstrut@box=\box53
\xmathstrut@dim=\dimen159
) (/usr/local/texlive/2023/texmf-dist/tex/latex/geometry/geometry.sty
Package: geometry 2020/01/02 v5.9 Page Geometry
 (/usr/local/texlive/2023/texmf-dist/tex/generic/iftex/ifvtex.sty
Package: ifvtex 2019/10/25 v1.7 ifvtex legacy package. Use iftex instead.
 (/usr/local/texlive/2023/texmf-dist/tex/generic/iftex/iftex.sty
Package: iftex 2022/02/03 v1.0f TeX engine tests
))
\Gm@cnth=\count275
\Gm@cntv=\count276
\c@Gm@tempcnt=\count277
\Gm@bindingoffset=\dimen160
\Gm@wd@mp=\dimen161
\Gm@odd@mp=\dimen162
\Gm@even@mp=\dimen163
\Gm@layoutwidth=\dimen164
\Gm@layoutheight=\dimen165
\Gm@layouthoffset=\dimen166
\Gm@layoutvoffset=\dimen167
\Gm@dimlist=\toks28
) (/usr/local/texlive/2023/texmf-dist/tex/latex/booktabs/booktabs.sty
Package: booktabs 2020/01/12 v1.61803398 Publication quality tables
\heavyrulewidth=\dimen168
\lightrulewidth=\dimen169
\cmidrulewidth=\dimen170
\belowrulesep=\dimen171
\belowbottomsep=\dimen172
\aboverulesep=\dimen173
\abovetopsep=\dimen174
\cmidrulesep=\dimen175
\cmidrulekern=\dimen176
\defaultaddspace=\dimen177
\@cmidla=\count278
\@cmidlb=\count279
\@aboverulesep=\dimen178
\@belowrulesep=\dimen179
\@thisruleclass=\count280
\@lastruleclass=\count281
\@thisrulewidth=\dimen180
) (/usr/local/texlive/2023/texmf-dist/tex/latex/newpx/newpxtext.sty
Package: newpxtext 2022/01/30 v1.504(Michael Sharpe) latex and unicode latex support for TeXGyrePagellaX
 `newpxtext' v1.504, 2022/01/30 Text macros taking advantage of TeXGyre Pagella and its extensions (msharpe) (/usr/local/texlive/2023/texmf-dist/tex/latex/base/fontenc.sty
Package: fontenc 2021/04/29 v2.0v Standard LaTeX package
) (/usr/local/texlive/2023/texmf-dist/tex/generic/iftex/ifxetex.sty
Package: ifxetex 2019/10/25 v0.7 ifxetex legacy package. Use iftex instead.
) (/usr/local/texlive/2023/texmf-dist/tex/generic/iftex/ifluatex.sty
Package: ifluatex 2019/10/25 v1.5 ifluatex legacy package. Use iftex instead.
) (/usr/local/texlive/2023/texmf-dist/tex/latex/xkeyval/xkeyval.sty
Package: xkeyval 2022/06/16 v2.9 package option processing (HA)
 (/usr/local/texlive/2023/texmf-dist/tex/generic/xkeyval/xkeyval.tex (/usr/local/texlive/2023/texmf-dist/tex/generic/xkeyval/xkvutils.tex
\XKV@toks=\toks29
\XKV@tempa@toks=\toks30
)
\XKV@depth=\count282
File: xkeyval.tex 2014/12/03 v2.7a key=value parser (HA)
)) (/usr/local/texlive/2023/texmf-dist/tex/latex/etoolbox/etoolbox.sty
Package: etoolbox 2020/10/05 v2.5k e-TeX tools for LaTeX (JAW)
\etb@tempcnta=\count283
) (/usr/local/texlive/2023/texmf-dist/tex/latex/base/textcomp.sty
Package: textcomp 2020/02/02 v2.0n Standard LaTeX package
) (/usr/local/texlive/2023/texmf-dist/tex/generic/xstring/xstring.sty (/usr/local/texlive/2023/texmf-dist/tex/generic/xstring/xstring.tex
\integerpart=\count284
\decimalpart=\count285
)
Package: xstring 2023/01/14 v1.85 String manipulations (CT)
) (/usr/local/texlive/2023/texmf-dist/tex/latex/base/ifthen.sty
Package: ifthen 2022/04/13 v1.1d Standard LaTeX ifthen package (DPC)
) (/usr/local/texlive/2023/texmf-dist/tex/latex/carlisle/scalefnt.sty)
LaTeX Font Info:    Setting zplLF sub-encoding to TS1/0 on input line 24.
LaTeX Font Info:    Setting zplTLF sub-encoding to TS1/0 on input line 24.
LaTeX Font Info:    Setting zplOsF sub-encoding to TS1/0 on input line 24.
LaTeX Font Info:    Setting zplTOsF sub-encoding to TS1/0 on input line 24.
\zpl@cnt=\count286

(/usr/local/texlive/2023/texmf-dist/tex/latex/fontaxes/fontaxes.sty
Package: fontaxes 2020/07/21 v1.0e Font selection axes
LaTeX Info: Redefining \upshape on input line 29.
LaTeX Info: Redefining \itshape on input line 31.
LaTeX Info: Redefining \slshape on input line 33.
LaTeX Info: Redefining \swshape on input line 35.
LaTeX Info: Redefining \scshape on input line 37.
LaTeX Info: Redefining \sscshape on input line 39.
LaTeX Info: Redefining \ulcshape on input line 41.
LaTeX Info: Redefining \textsw on input line 47.
LaTeX Info: Redefining \textssc on input line 48.
LaTeX Info: Redefining \textulc on input line 49.
)
LaTeX Info: Redefining \nustyle on input line 254.
LaTeX Info: Redefining \textsu on input line 492.
LaTeX Info: Redefining \oldstylenums on input line 581.
) (/usr/local/texlive/2023/texmf-dist/tex/latex/newpx/newpxmath.sty
Package: newpxmath 2021/12/04 v1.5
 `newpxmath' v1.5, 2021/12/04 Math macros based on pxfonts (msharpe) (/usr/local/texlive/2023/texmf-dist/tex/generic/kastrup/binhex.tex) (/usr/local/texlive/2023/texmf-dist/tex/latex/oberdiek/centernot.sty
Package: centernot 2016/05/16 v1.4 Centers the not symbol horizontally (HO)
)
\px@tA=\toks31
\px@tB=\toks32
\px@su=\read2
\px@Isdigit=\count287
LaTeX Font Info:    Redeclaring symbol font `operators' on input line 211.
LaTeX Font Info:    Overwriting symbol font `operators' in version `normal'
(Font)                  OT1/cmr/m/n --> OT1/zplTLF/m/n on input line 211.
LaTeX Font Info:    Overwriting symbol font `operators' in version `bold'
(Font)                  OT1/cmr/bx/n --> OT1/zplTLF/m/n on input line 211.
LaTeX Font Info:    Overwriting symbol font `operators' in version `bold'
(Font)                  OT1/zplTLF/m/n --> OT1/zplTLF/b/n on input line 212.
LaTeX Font Info:    Redeclaring math alphabet \mathsf on input line 215.
LaTeX Font Info:    Overwriting math alphabet `\mathsf' in version `normal'
(Font)                  OT1/cmss/m/n --> T1/qhv/m/n on input line 215.
LaTeX Font Info:    Overwriting math alphabet `\mathsf' in version `bold'
(Font)                  OT1/cmss/bx/n --> T1/qhv/m/n on input line 215.
LaTeX Font Info:    Redeclaring math alphabet \mathit on input line 216.
LaTeX Font Info:    Overwriting math alphabet `\mathit' in version `normal'
(Font)                  OT1/cmr/m/it --> OT1/zplTLF/m/it on input line 216.
LaTeX Font Info:    Overwriting math alphabet `\mathit' in version `bold'
(Font)                  OT1/cmr/bx/it --> OT1/zplTLF/m/it on input line 216.
LaTeX Font Info:    Redeclaring math alphabet \mathtt on input line 217.
LaTeX Font Info:    Overwriting math alphabet `\mathtt' in version `normal'
(Font)                  OT1/cmtt/m/n --> T1/npxtt/m/n on input line 217.
LaTeX Font Info:    Overwriting math alphabet `\mathtt' in version `bold'
(Font)                  OT1/cmtt/m/n --> T1/npxtt/m/n on input line 217.
LaTeX Font Info:    Redeclaring math alphabet \mathbf on input line 219.
LaTeX Font Info:    Overwriting math alphabet `\mathbf' in version `normal'
(Font)                  OT1/cmr/bx/n --> OT1/zplTLF/b/n on input line 219.
LaTeX Font Info:    Overwriting math alphabet `\mathbf' in version `bold'
(Font)                  OT1/cmr/bx/n --> OT1/zplTLF/b/n on input line 219.
LaTeX Font Info:    Overwriting math alphabet `\mathit' in version `bold'
(Font)                  OT1/zplTLF/m/it --> OT1/zplTLF/b/it on input line 220.
LaTeX Font Info:    Overwriting math alphabet `\mathsf' in version `bold'
(Font)                  T1/qhv/m/n --> T1/qhv/b/n on input line 222.
LaTeX Font Info:    Overwriting math alphabet `\mathtt' in version `bold'
(Font)                  T1/npxtt/m/n --> T1/npxtt/b/n on input line 223.
LaTeX Font Info:    Redeclaring symbol font `letters' on input line 234.
LaTeX Font Info:    Overwriting symbol font `letters' in version `normal'
(Font)                  OML/cmm/m/it --> OML/npxmi/m/it on input line 234.
LaTeX Font Info:    Overwriting symbol font `letters' in version `bold'
(Font)                  OML/cmm/b/it --> OML/npxmi/m/it on input line 234.
LaTeX Font Info:    Overwriting symbol font `letters' in version `bold'
(Font)                  OML/npxmi/m/it --> OML/npxmi/b/it on input line 235.
\symlettersA=\mathgroup6
LaTeX Font Info:    Overwriting symbol font `lettersA' in version `bold'
(Font)                  U/npxmia/m/it --> U/npxmia/b/it on input line 253.
LaTeX Font Info:    Redeclaring math alphabet \mathfrak on input line 255.
Now handling font encoding LMS ...
... no UTF-8 mapping file for font encoding LMS
LaTeX Font Info:    Redeclaring symbol font `symbols' on input line 263.
LaTeX Font Info:    Encoding `OMS' has changed to `LMS' for symbol font
(Font)              `symbols' in the math version `normal' on input line 263.
LaTeX Font Info:    Overwriting symbol font `symbols' in version `normal'
(Font)                  OMS/cmsy/m/n --> LMS/npxsy/m/n on input line 263.
LaTeX Font Info:    Encoding `OMS' has changed to `LMS' for symbol font
(Font)              `symbols' in the math version `bold' on input line 263.
LaTeX Font Info:    Overwriting symbol font `symbols' in version `bold'
(Font)                  OMS/cmsy/b/n --> LMS/npxsy/m/n on input line 263.
LaTeX Font Info:    Overwriting symbol font `symbols' in version `bold'
(Font)                  LMS/npxsy/m/n --> LMS/npxsy/b/n on input line 264.
\symAMSm=\mathgroup7
LaTeX Font Info:    Overwriting symbol font `AMSm' in version `bold'
(Font)                  U/npxsym/m/n --> U/npxsym/b/n on input line 284.
\symsymbolsC=\mathgroup8
LaTeX Font Info:    Overwriting symbol font `symbolsC' in version `bold'
(Font)                  U/npxsyc/m/n --> U/npxsyc/b/n on input line 306.
Now handling font encoding LMX ...
... no UTF-8 mapping file for font encoding LMX
LaTeX Font Info:    Redeclaring symbol font `largesymbols' on input line 326.
LaTeX Font Info:    Encoding `OMX' has changed to `LMX' for symbol font
(Font)              `largesymbols' in the math version `normal' on input line 326.
LaTeX Font Info:    Overwriting symbol font `largesymbols' in version `normal'
(Font)                  OMX/cmex/m/n --> LMX/npxexx/m/n on input line 326.
LaTeX Font Info:    Encoding `OMX' has changed to `LMX' for symbol font
(Font)              `largesymbols' in the math version `bold' on input line 326.
LaTeX Font Info:    Overwriting symbol font `largesymbols' in version `bold'
(Font)                  OMX/cmex/m/n --> LMX/npxexx/m/n on input line 326.
LaTeX Font Info:    Overwriting symbol font `largesymbols' in version `bold'
(Font)                  LMX/npxexx/m/n --> LMX/npxexx/b/n on input line 327.
\symlargesymbolsPXA=\mathgroup9
LaTeX Font Info:    Overwriting symbol font `largesymbolsPXA' in version `bold'
(Font)                  U/npxexa/m/n --> U/npxexa/b/n on input line 334.
\px@cntz=\count288
\px@IsAlNum=\count289
\px@sbptoks=\toks33
LaTeX Font Info:    Redeclaring math delimiter \lfloor on input line 489.
LaTeX Font Info:    Redeclaring math delimiter \rfloor on input line 490.
LaTeX Font Info:    Redeclaring math delimiter \lceil on input line 491.
LaTeX Font Info:    Redeclaring math delimiter \rceil on input line 492.
LaTeX Font Info:    Redeclaring math delimiter \lbrace on input line 493.
LaTeX Font Info:    Redeclaring math delimiter \rbrace on input line 494.
LaTeX Font Info:    Redeclaring math delimiter \langle on input line 495.
LaTeX Font Info:    Redeclaring math delimiter \rangle on input line 497.
LaTeX Font Info:    Redeclaring math delimiter \arrowvert on input line 501.
LaTeX Font Info:    Redeclaring math delimiter \vert on input line 502.
LaTeX Font Info:    Redeclaring math symbol \parallel on input line 503.
LaTeX Font Info:    Redeclaring math delimiter \Arrowvert on input line 504.
LaTeX Font Info:    Redeclaring math accent \grave on input line 544.
LaTeX Font Info:    Redeclaring math accent \acute on input line 545.
LaTeX Font Info:    Redeclaring math accent \hat on input line 546.
LaTeX Font Info:    Redeclaring math accent \tilde on input line 547.
LaTeX Font Info:    Redeclaring math accent \bar on input line 548.
LaTeX Font Info:    Redeclaring math accent \breve on input line 549.
LaTeX Font Info:    Redeclaring math accent \mathring on input line 550.
LaTeX Font Info:    Redeclaring math accent \check on input line 551.
LaTeX Font Info:    Redeclaring math accent \dot on input line 555.
LaTeX Font Info:    Redeclaring math accent \ddot on input line 556.
LaTeX Font Info:    Redeclaring math accent \vec on input line 1598.
LaTeX Info: Redefining \Bbbk on input line 2175.
LaTeX Info: Redefining \not on input line 2457.
LaTeX Info: Redefining \textsquare on input line 2472.
LaTeX Info: Redefining \openbox on input line 2474.
) (/usr/local/texlive/2023/texmf-dist/tex/latex/titlesec/titlesec.sty
Package: titlesec 2021/07/05 v2.14 Sectioning titles
\ttl@box=\box54
\beforetitleunit=\skip60
\aftertitleunit=\skip61
\ttl@plus=\dimen181
\ttl@minus=\dimen182
\ttl@toksa=\toks34
\titlewidth=\dimen183
\titlewidthlast=\dimen184
\titlewidthfirst=\dimen185
) (/usr/local/texlive/2023/texmf-dist/tex/latex/enumitem/enumitem.sty
Package: enumitem 2019/06/20 v3.9 Customized lists
\labelindent=\skip62
\enit@outerparindent=\dimen186
\enit@toks=\toks35
\enit@inbox=\box55
\enit@count@id=\count290
\enitdp@description=\count291
) (/usr/local/texlive/2023/texmf-dist/tex/latex/lineno/lineno.sty
Package: lineno 2023/05/20 line numbers on paragraphs v5.3
 (/usr/local/texlive/2023/texmf-dist/tex/latex/kvoptions/kvoptions.sty
Package: kvoptions 2022-06-15 v3.15 Key value format for package options (HO)
 (/usr/local/texlive/2023/texmf-dist/tex/generic/ltxcmds/ltxcmds.sty
Package: ltxcmds 2020-05-10 v1.25 LaTeX kernel commands for general use (HO)
) (/usr/local/texlive/2023/texmf-dist/tex/latex/kvsetkeys/kvsetkeys.sty
Package: kvsetkeys 2022-10-05 v1.19 Key value parser (HO)
))
\linenopenalty=\count292
\output=\toks36
\linenoprevgraf=\count293
\linenumbersep=\dimen187
\linenumberwidth=\dimen188
\c@linenumber=\count294
\c@pagewiselinenumber=\count295
\c@LN@truepage=\count296
\c@internallinenumber=\count297
\c@internallinenumbers=\count298
\quotelinenumbersep=\dimen189
\bframerule=\dimen190
\bframesep=\dimen191
\bframebox=\box56
\linenoamsmath@ams@eqpen=\count299
LaTeX Info: Redefining \\ on input line 3180.
) (/usr/local/texlive/2023/texmf-dist/tex/latex/fixme/fixme.sty
Package: fixme 2019/01/03 v4.5 Collaborative annotations for LaTeX2e
 (/usr/local/texlive/2023/texmf-dist/tex/latex/tools/verbatim.sty
Package: verbatim 2022-07-02 v1.5u LaTeX2e package for verbatim enhancements
\every@verbatim=\toks37
\verbatim@line=\toks38
\verbatim@in@stream=\read3
)
\lox@file=\read4
\c@fixmecount=\count300
\c@fxnotecount=\count301
\c@fxwarningcount=\count302
\c@fxerrorcount=\count303
\c@fxfatalcount=\count304
) (/usr/local/texlive/2023/texmf-dist/tex/latex/hyperref/hyperref.sty
Package: hyperref 2023-04-22 v7.00x Hypertext links for LaTeX
 (/usr/local/texlive/2023/texmf-dist/tex/generic/pdftexcmds/pdftexcmds.sty
Package: pdftexcmds 2020-06-27 v0.33 Utility functions of pdfTeX for LuaTeX (HO)
 (/usr/local/texlive/2023/texmf-dist/tex/generic/infwarerr/infwarerr.sty
Package: infwarerr 2019/12/03 v1.5 Providing info/warning/error messages (HO)
)
Package pdftexcmds Info: \pdf@primitive is available.
Package pdftexcmds Info: \pdf@ifprimitive is available.
Package pdftexcmds Info: \pdfdraftmode found.
) (/usr/local/texlive/2023/texmf-dist/tex/generic/kvdefinekeys/kvdefinekeys.sty
Package: kvdefinekeys 2019-12-19 v1.6 Define keys (HO)
) (/usr/local/texlive/2023/texmf-dist/tex/generic/pdfescape/pdfescape.sty
Package: pdfescape 2019/12/09 v1.15 Implements pdfTeX's escape features (HO)
) (/usr/local/texlive/2023/texmf-dist/tex/latex/hycolor/hycolor.sty
Package: hycolor 2020-01-27 v1.10 Color options for hyperref/bookmark (HO)
) (/usr/local/texlive/2023/texmf-dist/tex/latex/letltxmacro/letltxmacro.sty
Package: letltxmacro 2019/12/03 v1.6 Let assignment for LaTeX macros (HO)
) (/usr/local/texlive/2023/texmf-dist/tex/latex/auxhook/auxhook.sty
Package: auxhook 2019-12-17 v1.6 Hooks for auxiliary files (HO)
) (/usr/local/texlive/2023/texmf-dist/tex/latex/hyperref/nameref.sty
Package: nameref 2022-05-17 v2.50 Cross-referencing by name of section
 (/usr/local/texlive/2023/texmf-dist/tex/latex/refcount/refcount.sty
Package: refcount 2019/12/15 v3.6 Data extraction from label references (HO)
) (/usr/local/texlive/2023/texmf-dist/tex/generic/gettitlestring/gettitlestring.sty
Package: gettitlestring 2019/12/15 v1.6 Cleanup title references (HO)
)
\c@section@level=\count305
)
\@linkdim=\dimen192
\Hy@linkcounter=\count306
\Hy@pagecounter=\count307
 (/usr/local/texlive/2023/texmf-dist/tex/latex/hyperref/pd1enc.def
File: pd1enc.def 2023-04-22 v7.00x Hyperref: PDFDocEncoding definition (HO)
Now handling font encoding PD1 ...
... no UTF-8 mapping file for font encoding PD1
) (/usr/local/texlive/2023/texmf-dist/tex/generic/intcalc/intcalc.sty
Package: intcalc 2019/12/15 v1.3 Expandable calculations with integers (HO)
)
\Hy@SavedSpaceFactor=\count308
 (/usr/local/texlive/2023/texmf-dist/tex/latex/hyperref/puenc.def
File: puenc.def 2023-04-22 v7.00x Hyperref: PDF Unicode definition (HO)
Now handling font encoding PU ...
... no UTF-8 mapping file for font encoding PU
)
Package hyperref Info: Hyper figures OFF on input line 4182.
Package hyperref Info: Link nesting OFF on input line 4187.
Package hyperref Info: Hyper index ON on input line 4190.
Package hyperref Info: Plain pages OFF on input line 4197.
Package hyperref Info: Backreferencing OFF on input line 4202.
Package hyperref Info: Implicit mode ON; LaTeX internals redefined.
Package hyperref Info: Bookmarks ON on input line 4449.
\c@Hy@tempcnt=\count309
 (/usr/local/texlive/2023/texmf-dist/tex/latex/url/url.sty
\Urlmuskip=\muskip17
Package: url 2013/09/16  ver 3.4  Verb mode for urls, etc.
)
LaTeX Info: Redefining \url on input line 4787.
\XeTeXLinkMargin=\dimen193
 (/usr/local/texlive/2023/texmf-dist/tex/generic/bitset/bitset.sty
Package: bitset 2019/12/09 v1.3 Handle bit-vector datatype (HO)

(/usr/local/texlive/2023/texmf-dist/tex/generic/bigintcalc/bigintcalc.sty
Package: bigintcalc 2019/12/15 v1.5 Expandable calculations on big integers (HO)
))
\Fld@menulength=\count310
\Field@Width=\dimen194
\Fld@charsize=\dimen195
Package hyperref Info: Hyper figures OFF on input line 6066.
Package hyperref Info: Link nesting OFF on input line 6071.
Package hyperref Info: Hyper index ON on input line 6074.
Package hyperref Info: backreferencing OFF on input line 6081.
Package hyperref Info: Link coloring OFF on input line 6086.
Package hyperref Info: Link coloring with OCG OFF on input line 6091.
Package hyperref Info: PDF/A mode OFF on input line 6096.
 (/usr/local/texlive/2023/texmf-dist/tex/latex/base/atbegshi-ltx.sty
Package: atbegshi-ltx 2021/01/10 v1.0c Emulation of the original atbegshi
package with kernel methods
)
\Hy@abspage=\count311
\c@Item=\count312
\c@Hfootnote=\count313
)
Package hyperref Info: Driver (autodetected): hpdftex.
 (/usr/local/texlive/2023/texmf-dist/tex/latex/hyperref/hpdftex.def
File: hpdftex.def 2023-04-22 v7.00x Hyperref driver for pdfTeX
 (/usr/local/texlive/2023/texmf-dist/tex/latex/base/atveryend-ltx.sty
Package: atveryend-ltx 2020/08/19 v1.0a Emulation of the original atveryend package
with kernel methods
)
\Fld@listcount=\count314
\c@bookmark@seq@number=\count315
 (/usr/local/texlive/2023/texmf-dist/tex/latex/rerunfilecheck/rerunfilecheck.sty
Package: rerunfilecheck 2022-07-10 v1.10 Rerun checks for auxiliary files (HO)
 (/usr/local/texlive/2023/texmf-dist/tex/generic/uniquecounter/uniquecounter.sty
Package: uniquecounter 2019/12/15 v1.4 Provide unlimited unique counter (HO)
)
Package uniquecounter Info: New unique counter `rerunfilecheck' on input line 285.
)
\Hy@SectionHShift=\skip63
) (/usr/local/texlive/2023/texmf-dist/tex/latex/microtype/microtype.sty
Package: microtype 2023/03/13 v3.1a Micro-typographical refinements (RS)
\MT@toks=\toks39
\MT@tempbox=\box57
\MT@count=\count316
LaTeX Info: Redefining \noprotrusionifhmode on input line 1059.
LaTeX Info: Redefining \leftprotrusion on input line 1060.
\MT@prot@toks=\toks40
LaTeX Info: Redefining \rightprotrusion on input line 1078.
LaTeX Info: Redefining \textls on input line 1368.
\MT@outer@kern=\dimen196
LaTeX Info: Redefining \textmicrotypecontext on input line 1988.
\MT@listname@count=\count317
 (/usr/local/texlive/2023/texmf-dist/tex/latex/microtype/microtype-pdftex.def
File: microtype-pdftex.def 2023/03/13 v3.1a Definitions specific to pdftex (RS)
LaTeX Info: Redefining \lsstyle on input line 902.
LaTeX Info: Redefining \lslig on input line 902.
\MT@outer@space=\skip64
)
Package microtype Info: Loading configuration file microtype.cfg.
 (/usr/local/texlive/2023/texmf-dist/tex/latex/microtype/microtype.cfg
File: microtype.cfg 2023/03/13 v3.1a microtype main configuration file (RS)
))
\c@theorem=\count318
LaTeX Font Info:    Trying to load font information for T1+zplTLF on input line 79.
 (/usr/local/texlive/2023/texmf-dist/tex/latex/newpx/t1zpltlf.fd
File: t1zpltlf.fd 2021/05/25 v1.0 font definition file for T1/zpl/TLF
)
LaTeX Font Info:    Font shape `T1/zplTLF/m/n' will be
(Font)              scaled to size 10.95pt on input line 79.
 (/usr/local/texlive/2023/texmf-dist/tex/latex/l3backend/l3backend-pdftex.def
File: l3backend-pdftex.def 2023-04-19 L3 backend support: PDF output (pdfTeX)
\l__color_backend_stack_int=\count319
\l__pdf_internal_box=\box58
) (/Users/samuellavery/work/helix_frobenius/automorph/.texpadtmp/universal.aux)
\openout1 = `universal.aux'.

LaTeX Font Info:    Checking defaults for OML/npxmi/m/it on input line 79.
LaTeX Font Info:    Trying to load font information for OML+npxmi on input line 79.
 (/usr/local/texlive/2023/texmf-dist/tex/latex/newpx/omlnpxmi.fd
File: omlnpxmi.fd 2013/03/21 Fontinst v1.933 font definitions for OML/npxmi.
)
LaTeX Font Info:    ... okay on input line 79.
LaTeX Font Info:    Checking defaults for OMS/cmsy/m/n on input line 79.
LaTeX Font Info:    ... okay on input line 79.
LaTeX Font Info:    Checking defaults for OT1/cmr/m/n on input line 79.
LaTeX Font Info:    ... okay on input line 79.
LaTeX Font Info:    Checking defaults for T1/cmr/m/n on input line 79.
LaTeX Font Info:    ... okay on input line 79.
LaTeX Font Info:    Checking defaults for TS1/cmr/m/n on input line 79.
LaTeX Font Info:    ... okay on input line 79.
LaTeX Font Info:    Checking defaults for OMX/cmex/m/n on input line 79.
LaTeX Font Info:    ... okay on input line 79.
LaTeX Font Info:    Checking defaults for U/npxexa/m/n on input line 79.
LaTeX Font Info:    Trying to load font information for U+npxexa on input line 79.
 (/usr/local/texlive/2023/texmf-dist/tex/latex/newpx/unpxexa.fd
File: unpxexa.fd 2013/03/24 Fontinst v1.933 font definitions for U/npxexa.
)
LaTeX Font Info:    ... okay on input line 79.
LaTeX Font Info:    Checking defaults for LMS/npxsy/m/n on input line 79.
LaTeX Font Info:    Trying to load font information for LMS+npxsy on input line 79.
 (/usr/local/texlive/2023/texmf-dist/tex/latex/newpx/lmsnpxsy.fd
File: lmsnpxsy.fd 2016/07/04 Fontinst v1.933 font definitions for LMS/npxsy.
)
LaTeX Font Info:    ... okay on input line 79.
LaTeX Font Info:    Checking defaults for LMX/npxexx/m/n on input line 79.
LaTeX Font Info:    Trying to load font information for LMX+npxexx on input line 79.
 (/usr/local/texlive/2023/texmf-dist/tex/latex/newpx/lmxnpxexx.fd
File: lmxnpxexx.fd 2016/07/04 Fontinst v1.933 font definitions for LMX/npxexx.
)
LaTeX Font Info:    ... okay on input line 79.
LaTeX Font Info:    Checking defaults for PD1/pdf/m/n on input line 79.
LaTeX Font Info:    ... okay on input line 79.
LaTeX Font Info:    Checking defaults for PU/pdf/m/n on input line 79.
LaTeX Font Info:    ... okay on input line 79.
LaTeX Info: Command `\dddot' is already robust on input line 79.
LaTeX Info: Command `\ddddot' is already robust on input line 79.
 (/usr/local/texlive/2023/texmf-dist/tex/latex/graphics/graphicx.sty
Package: graphicx 2021/09/16 v1.2d Enhanced LaTeX Graphics (DPC,SPQR)
 (/usr/local/texlive/2023/texmf-dist/tex/latex/graphics/graphics.sty
Package: graphics 2022/03/10 v1.4e Standard LaTeX Graphics (DPC,SPQR)
 (/usr/local/texlive/2023/texmf-dist/tex/latex/graphics/trig.sty
Package: trig 2021/08/11 v1.11 sin cos tan (DPC)
) (/usr/local/texlive/2023/texmf-dist/tex/latex/graphics-cfg/graphics.cfg
File: graphics.cfg 2016/06/04 v1.11 sample graphics configuration
)
Package graphics Info: Driver file: pdftex.def on input line 107.
 (/usr/local/texlive/2023/texmf-dist/tex/latex/graphics-def/pdftex.def
File: pdftex.def 2022/09/22 v1.2b Graphics/color driver for pdftex
 (/usr/local/texlive/2023/texmf-dist/tex/context/base/mkii/supp-pdf.mkii
[Loading MPS to PDF converter (version 2006.09.02).]
\scratchcounter=\count320
\scratchdimen=\dimen197
\scratchbox=\box59
\nofMPsegments=\count321
\nofMParguments=\count322
\everyMPshowfont=\toks41
\MPscratchCnt=\count323
\MPscratchDim=\dimen198
\MPnumerator=\count324
\makeMPintoPDFobject=\count325
\everyMPtoPDFconversion=\toks42
))) (/usr/local/texlive/2023/texmf-dist/tex/latex/epstopdf-pkg/epstopdf-base.sty
Package: epstopdf-base 2020-01-24 v2.11 Base part for package epstopdf
Package epstopdf-base Info: Redefining graphics rule for `.eps' on input line 485.
 (/usr/local/texlive/2023/texmf-dist/tex/latex/latexconfig/epstopdf-sys.cfg
File: epstopdf-sys.cfg 2010/07/13 v1.3 Configuration of (r)epstopdf for TeX Live
))
\Gin@req@height=\dimen199
\Gin@req@width=\dimen256
)
*geometry* driver: auto-detecting
*geometry* detected driver: pdftex
*geometry* verbose mode - [ preamble ] result:
* driver: pdftex
* paper: <default>
* layout: <same size as paper>
* layoutoffset:(h,v)=(0.0pt,0.0pt)
* modes: 
* h-part:(L,W,R)=(72.26999pt, 469.75502pt, 72.26999pt)
* v-part:(T,H,B)=(72.26999pt, 650.43001pt, 72.26999pt)
* \paperwidth=614.295pt
* \paperheight=794.96999pt
* \textwidth=469.75502pt
* \textheight=650.43001pt
* \oddsidemargin=0.0pt
* \evensidemargin=0.0pt
* \topmargin=-37.0pt
* \headheight=12.0pt
* \headsep=25.0pt
* \topskip=11.0pt
* \footskip=30.0pt
* \marginparwidth=59.0pt
* \marginparsep=10.0pt
* \columnsep=10.0pt
* \skip\footins=10.0pt plus 4.0pt minus 2.0pt
* \hoffset=0.0pt
* \voffset=0.0pt
* \mag=1000
* \@twocolumnfalse
* \@twosidefalse
* \@mparswitchfalse
* \@reversemarginfalse
* (1in=72.27pt=25.4mm, 1cm=28.453pt)

\c@mv@tabular=\count326
\c@mv@boldtabular=\count327
Package hyperref Info: Link coloring OFF on input line 79.
(/Users/samuellavery/work/helix_frobenius/automorph/.texpadtmp/universal.out) (/Users/samuellavery/work/helix_frobenius/automorph/.texpadtmp/universal.out)
\@outlinefile=\write3
\openout3 = `universal.out'.

LaTeX Info: Redefining \microtypecontext on input line 79.
Package microtype Info: Applying patch `item' on input line 79.
Package microtype Info: Applying patch `toc' on input line 79.
Package microtype Info: Applying patch `eqnum' on input line 79.
Package microtype Info: Applying patch `footnote' on input line 79.
Package microtype Info: Applying patch `verbatim' on input line 79.
Package microtype Info: Generating PDF output.
Package microtype Info: Character protrusion enabled (level 2).
Package microtype Info: Using default protrusion set `alltext'.
Package microtype Info: Automatic font expansion enabled (level 2),
(microtype)             stretch: 20, shrink: 20, step: 1, non-selected.
Package microtype Info: Using default expansion set `alltext-nott'.
LaTeX Info: Redefining \showhyphens on input line 79.
Package microtype Info: No adjustment of tracking.
Package microtype Info: No adjustment of interword spacing.
Package microtype Info: No adjustment of character kerning.
Package microtype Info: Loading generic protrusion settings for font family
(microtype)             `zplTLF' (encoding: T1).
(microtype)             For optimal results, create family-specific settings.
(microtype)             See the microtype manual for details.
LaTeX Font Info:    Font shape `T1/zplTLF/m/n' will be
(Font)              scaled to size 17.28pt on input line 81.
LaTeX Font Info:    Font shape `T1/zplTLF/m/n' will be
(Font)              scaled to size 12.0pt on input line 81.
LaTeX Font Info:    Trying to load font information for OT1+zplTLF on input line 81.
 (/usr/local/texlive/2023/texmf-dist/tex/latex/newpx/ot1zpltlf.fd
File: ot1zpltlf.fd 2021/05/25 v1.0 font definition file for OT1/zpl/TLF
)
LaTeX Font Info:    Font shape `OT1/zplTLF/m/n' will be
(Font)              scaled to size 12.0pt on input line 81.
Package microtype Info: Loading generic protrusion settings for font family
(microtype)             `zplTLF' (encoding: OT1).
(microtype)             For optimal results, create family-specific settings.
(microtype)             See the microtype manual for details.
LaTeX Font Info:    Font shape `OT1/zplTLF/m/n' will be
(Font)              scaled to size 8.8pt on input line 81.
LaTeX Font Info:    Font shape `OT1/zplTLF/m/n' will be
(Font)              scaled to size 6.6pt on input line 81.
LaTeX Font Info:    Trying to load font information for U+msa on input line 81.
 (/usr/local/texlive/2023/texmf-dist/tex/latex/amsfonts/umsa.fd
File: umsa.fd 2013/01/14 v3.01 AMS symbols A
) (/usr/local/texlive/2023/texmf-dist/tex/latex/microtype/mt-msa.cfg
File: mt-msa.cfg 2006/02/04 v1.1 microtype config. file: AMS symbols (a) (RS)
)
LaTeX Font Info:    Trying to load font information for U+msb on input line 81.
 (/usr/local/texlive/2023/texmf-dist/tex/latex/amsfonts/umsb.fd
File: umsb.fd 2013/01/14 v3.01 AMS symbols B
) (/usr/local/texlive/2023/texmf-dist/tex/latex/microtype/mt-msb.cfg
File: mt-msb.cfg 2005/06/01 v1.0 microtype config. file: AMS symbols (b) (RS)
)
LaTeX Font Info:    Trying to load font information for U+npxmia on input line 81.
 (/usr/local/texlive/2023/texmf-dist/tex/latex/newpx/unpxmia.fd
File: unpxmia.fd 2013/03/24 Fontinst v1.933 font definitions for U/npxmia.
)
LaTeX Font Info:    Trying to load font information for U+npxsym on input line 81.
 (/usr/local/texlive/2023/texmf-dist/tex/latex/newpx/unpxsym.fd
File: unpxsym.fd 2015/03/21 Fontinst v1.933 font definitions for U/npxsym.
)
LaTeX Font Info:    Trying to load font information for U+npxsyc on input line 81.
 (/usr/local/texlive/2023/texmf-dist/tex/latex/newpx/unpxsyc.fd
File: unpxsyc.fd 2013/03/24 Fontinst v1.933 font definitions for U/npxsyc.
)
LaTeX Font Info:    Trying to load font information for T1+npxtt on input line 81.
 (/usr/local/texlive/2023/texmf-dist/tex/latex/newpx/t1npxtt.fd
File: t1npxtt.fd 2000/12/14 v1.0
)
LaTeX Font Info:    Font shape `T1/npxtt/m/n' will be
(Font)              scaled to size 12.0pt on input line 81.
Package microtype Info: Loading generic protrusion settings for font family
(microtype)             `npxtt' (encoding: T1).
(microtype)             For optimal results, create family-specific settings.
(microtype)             See the microtype manual for details.
LaTeX Font Info:    Font shape `T1/zplTLF/m/n' will be
(Font)              scaled to size 10.0pt on input line 82.
LaTeX Font Info:    Font shape `T1/zplTLF/b/n' will be
(Font)              scaled to size 10.0pt on input line 82.


Package FiXme Warning: \fixme is deprecated;
(FiXme)                please use \fxfatal instead on input line 87.

LaTeX Font Info:    Font shape `T1/zplTLF/m/n' will be
(Font)              scaled to size 9.0pt on input line 87.
Package hyperref Info: bookmark level for unknown fixme defaults to 0 on input line 87.

FiXme Fatal Error: 'REWORD' on input line 87.

FiXme Note: 'INSTRUCTION: restructure and reframe' on input line 95.
LaTeX Font Info:    Font shape `OT1/zplTLF/m/n' will be
(Font)              scaled to size 10.0pt on input line 96.
LaTeX Font Info:    Font shape `OT1/zplTLF/m/n' will be
(Font)              scaled to size 7.3pt on input line 96.
LaTeX Font Info:    Font shape `OT1/zplTLF/m/n' will be
(Font)              scaled to size 5.5pt on input line 96.
LaTeX Font Info:    Font shape `T1/zplTLF/m/it' will be
(Font)              scaled to size 10.0pt on input line 96.
FiXme Note: 'INSTRUCTION: make first part' on input line 101.
FiXme Note: 'EXPAND: expand' on input line 102.

LaTeX Warning: Marginpar on page 1 moved.

FiXme Note: 'EXPAND: expand' on input line 105.

LaTeX Warning: Marginpar on page 1 moved.


LaTeX Warning: Marginpar on page 1 moved.

FiXme Note: 'GARBAGE: what is this?' on input line 107.
FiXme Note: 'GARBAGE: wrong detail level for an abstract' on input line 118.
[1

{/usr/local/texlive/2023/texmf-var/fonts/map/pdftex/updmap/pdftex.map}{/usr/local/texlive/2023/texmf-dist/fonts/enc/dvips/newtx/ntx-ec-tlf.enc}{/usr/local/texlive/2023/texmf-dist/fonts/enc/dvips/newtx/ntx-ot1-tlf.enc}]
LaTeX Font Info:    Font shape `T1/zplTLF/m/n' will be
(Font)              scaled to size 14.4pt on input line 134.
LaTeX Font Info:    Font shape `T1/zplTLF/b/n' will be
(Font)              scaled to size 14.4pt on input line 134.
 (/Users/samuellavery/work/helix_frobenius/automorph/.texpadtmp/universal.toc
LaTeX Font Info:    Font shape `T1/zplTLF/b/n' will be
(Font)              scaled to size 12.0pt on input line 1.
LaTeX Font Info:    Font shape `T1/zplTLF/b/n' will be
(Font)              scaled to size 10.95pt on input line 2.
LaTeX Font Info:    Font shape `OT1/zplTLF/m/n' will be
(Font)              scaled to size 10.95pt on input line 10.
LaTeX Font Info:    Font shape `OT1/zplTLF/m/n' will be
(Font)              scaled to size 8.0pt on input line 10.
LaTeX Font Info:    Font shape `OT1/zplTLF/m/n' will be
(Font)              scaled to size 6.1pt on input line 10.
 [2])
\tf@toc=\write4
\openout4 = `universal.toc'.

 [3]
LaTeX Font Info:    Font shape `T1/npxtt/m/n' will be
(Font)              scaled to size 10.0pt on input line 158.
LaTeX Font Info:    Font shape `T1/zplTLF/b/n' will be
(Font)              scaled to size 20.74pt on input line 179.
LaTeX Font Info:    Font shape `T1/zplTLF/m/it' will be
(Font)              scaled to size 10.95pt on input line 190.
 [4]
LaTeX Font Info:    Font shape `T1/zplTLF/m/n' will be
(Font)              scaled to size 8.0pt on input line 217.
LaTeX Font Info:    Font shape `T1/zplTLF/m/n' will be
(Font)              scaled to size 6.1pt on input line 217.
 [5]
LaTeX Font Info:    Trying to load font information for TS1+zplTLF on input line 373.
 (/usr/local/texlive/2023/texmf-dist/tex/latex/newpx/ts1zpltlf.fd
File: ts1zpltlf.fd 2021/11/24 v1.0 fd file for TS1/zplTLF
)
LaTeX Font Info:    Font shape `TS1/zplTLF/m/n' will be
(Font)              scaled to size 10.95pt on input line 373.
Package microtype Info: Loading generic protrusion settings for font family
(microtype)             `zplTLF' (encoding: TS1).
(microtype)             For optimal results, create family-specific settings.
(microtype)             See the microtype manual for details.
 [6{/usr/local/texlive/2023/texmf-dist/fonts/enc/dvips/newpx/zpl_TOsF.enc}]
LaTeX Font Info:    Trying to load font information for T1+qhv on input line 405.
 (/usr/local/texlive/2023/texmf-dist/tex/latex/tex-gyre/t1qhv.fd
File: t1qhv.fd 2009/09/25 v1.2 font definition file for T1/qhv
)
LaTeX Font Info:    Font shape `T1/qhv/m/n' will be
(Font)              scaled to size 10.29301pt on input line 405.
Package microtype Info: Loading generic protrusion settings for font family
(microtype)             `qhv' (encoding: T1).
(microtype)             For optimal results, create family-specific settings.
(microtype)             See the microtype manual for details.
LaTeX Font Info:    Font shape `T1/qhv/m/n' will be
(Font)              scaled to size 7.52002pt on input line 405.
LaTeX Font Info:    Font shape `T1/qhv/m/n' will be
(Font)              scaled to size 5.73401pt on input line 405.
 [7{/usr/local/texlive/2023/texmf-dist/fonts/enc/dvips/tex-gyre/q-ec.enc}]
LaTeX Font Info:    Font shape `T1/zplTLF/m/it' will be
(Font)              scaled to size 8.0pt on input line 519.
LaTeX Font Info:    Font shape `T1/zplTLF/m/it' will be
(Font)              scaled to size 6.1pt on input line 519.
LaTeX Font Info:    Font shape `T1/npxtt/m/n' will be
(Font)              scaled to size 10.95pt on input line 544.

Overfull \hbox (122.79532pt too wide) detected at line 547
[]\OML/npxmi/m/it/10.95 ;  [];  [];
 []

[8] [9]
LaTeX Font Info:    Font shape `T1/npxtt/m/it' in size <10.95> not available
(Font)              Font shape `T1/npxtt/m/sl' tried instead on input line 656.
LaTeX Font Info:    Font shape `T1/npxtt/m/sl' will be
(Font)              scaled to size 10.95pt on input line 656.
 [10]
LaTeX Font Info:    Font shape `OT1/zplTLF/b/n' will be
(Font)              scaled to size 10.95pt on input line 808.
LaTeX Font Info:    Font shape `OT1/zplTLF/b/n' will be
(Font)              scaled to size 8.0pt on input line 808.
LaTeX Font Info:    Font shape `OT1/zplTLF/b/n' will be
(Font)              scaled to size 6.1pt on input line 808.
 [11] [12] [13] [14] [15]
Overfull \hbox (20.5886pt too wide) in paragraph at lines 1192--1198
[]\T1/zplTLF/m/n/10.95 (-20) Finite complete-cell clo-sure. The re-pro-ducibil-ity ledger en-try for \T1/npxtt/m/n/10.95 RequestProject/CellClosure.lean
 []

[16] [17]
Overfull \hbox (13.78737pt too wide) in paragraph at lines 1346--1357
\LMS/npxsy/m/n/10.95 ą\OML/npxmi/m/it/10.95 A; B; ^^V; ^^U\LMS/npxsy/m/n/10.95 ş$\T1/zplTLF/m/n/10.95 (-20) ; the Dirich-let in-stance is \T1/npxtt/m/n/10.95 HarmonicPencilCell.normalized_cell_focal_residual_exact\T1/zplTLF/m/n/10.95 (-20) ,
 []

[18]
Overfull \hbox (93.91032pt too wide) in paragraph at lines 1412--1423
\T1/zplTLF/m/n/10.95 (-20) placed at car-rier height $\OML/npxmi/m/it/10.95 z[] \U/npxmia/m/it/10.95 = \OML/npxmi/m/it/10.95 n$ \T1/zplTLF/m/n/10.95 (-20) (Lean \T1/npxtt/m/n/10.95 HeightGrowthActive.heightLaw\T1/zplTLF/m/n/10.95 (-20) , \T1/npxtt/m/n/10.95 AntihelixWindow.upperGamma_tendsto_zero\T1/zplTLF/m/n/10.95 (-20) ).
 []


Overfull \hbox (74.48618pt too wide) in paragraph at lines 1426--1439
[] \OML/npxmi/m/it/10.95 ^^_$ \T1/zplTLF/m/n/10.95 (-20) on $[] \OML/npxmi/m/it/10.95 s > \OT1/zplTLF/m/n/10.95 (-20) 0$\T1/zplTLF/m/n/10.95 (-20) , past the $\OT1/zplTLF/m/n/10.95 (-20) 1$\T1/zplTLF/m/n/10.95 (-20) D line $[] \OML/npxmi/m/it/10.95 s \U/npxmia/m/it/10.95 = \OT1/zplTLF/m/n/10.95 (-20) 1$ \T1/zplTLF/m/n/10.95 (-20) (Lean \T1/npxtt/m/n/10.95 LFunctionPhasor.dirichlet_strip_tendsto_LFunction\T1/zplTLF/m/n/10.95 (-20) ).
 []

[19] [20]
Overfull \hbox (35.81335pt too wide) in paragraph at lines 1577--1585
[]\T1/zplTLF/m/n/10.95 (-20) The height law places in-dex $\OML/npxmi/m/it/10.95 n$ \T1/zplTLF/m/n/10.95 (-20) at $\OML/npxmi/m/it/10.95 z[] \U/npxmia/m/it/10.95 = \OML/npxmi/m/it/10.95 n > \OT1/zplTLF/m/n/10.95 (-20) 0$ \T1/zplTLF/m/n/10.95 (-20) with $\OML/npxmi/m/it/10.95 z[] \LMS/npxsy/m/n/10.95 ^^@ \OML/npxmi/m/it/10.95 z[] \U/npxmia/m/it/10.95 = \OT1/zplTLF/m/n/10.95 (-20) 1$ \T1/zplTLF/m/n/10.95 (-20) (Lean \T1/npxtt/m/n/10.95 HeightGrowthActive.heightLaw\T1/zplTLF/m/n/10.95 (-20) ,
 []

[21]
Overfull \hbox (122.98903pt too wide) in paragraph at lines 1607--1621
\T1/zplTLF/m/n/10.95 (-20) past the $\OT1/zplTLF/m/n/10.95 (-20) 1$\T1/zplTLF/m/n/10.95 (-20) D line $[] \OML/npxmi/m/it/10.95 s \U/npxmia/m/it/10.95 = \OT1/zplTLF/m/n/10.95 (-20) 1$\T1/zplTLF/m/n/10.95 (-20) ; for the Dirich-let fibers this land-ing is Lean \T1/npxtt/m/n/10.95 LFunctionPhasor.dirichlet_strip_tendsto_LFunction\T1/zplTLF/m/n/10.95 (-20) .
 []

[22]
Overfull \hbox (13.22961pt too wide) in paragraph at lines 1727--1733
[]\T1/zplTLF/m/n/10.95 (-20) Readout iden-tity. Propo-si-tion []48[], The-o-rem []68[], and Propo-si-tion []66[] pro-vide the lo-cal/Euler/completed
 []


Overfull \hbox (128.28598pt too wide) in paragraph at lines 1733--1737
[]\T1/zplTLF/m/n/10.95 (-20) Reflection. The-o-rem []59[], Lemma []65[], Propo-si-tion []66[], and the \T1/npxtt/m/n/10.95 CompletedReflection.lean\T1/zplTLF/m/n/10.95 (-20) /\T1/npxtt/m/n/10.95 CompletedReflectionFiber.lean
 []

[23] [24]
Overfull \hbox (115.94382pt too wide) in paragraph at lines 1854--1860
\T1/zplTLF/m/it/10.95 (-20) rem []3[]; Lean \T1/npxtt/m/sl/10.95 RoundTrip.record_bijective\T1/zplTLF/m/it/10.95 (-20) , \T1/npxtt/m/sl/10.95 reconstruct_record\T1/zplTLF/m/it/10.95 (-20) , \T1/npxtt/m/sl/10.95 SourceHolonomy.projection_bijective_loss_ledger\T1/zplTLF/m/it/10.95 (-20) )
 []


Overfull \hbox (10.35324pt too wide) in paragraph at lines 1871--1875
\T1/zplTLF/m/it/10.95 (-20) the car-rier fo-cal clo-sure van-ish-ing ex-actly at the read-out's ze-ros (Lean \T1/npxtt/m/sl/10.95 ClosedForm.carrierZero_iff_L_zero\T1/zplTLF/m/it/10.95 (-20) ,
 []


Overfull \hbox (29.46867pt too wide) in paragraph at lines 1878--1889
\T1/zplTLF/m/n/10.95 (-20) map (The-o-rem []3[]; Lean \T1/npxtt/m/n/10.95 record_bijective\T1/zplTLF/m/n/10.95 (-20) , \T1/npxtt/m/n/10.95 reconstruct_record\T1/zplTLF/m/n/10.95 (-20) , \T1/npxtt/m/n/10.95 projection_bijective_loss_ledger\T1/zplTLF/m/n/10.95 (-20) ),
 []


Overfull \hbox (105.29292pt too wide) in paragraph at lines 1904--1913
[]\T1/zplTLF/m/n/10.95 (-20) Each law is machine-checked in \T1/npxtt/m/n/10.95 CarrierFunctoriality \T1/zplTLF/m/n/10.95 (-20) with foot-print $\LMS/npxsy/m/n/10.95 f[]\OML/npxmi/m/it/10.95 ; []; []\LMS/npxsy/m/n/10.95 g$\T1/zplTLF/m/n/10.95 (-20) :
 []

[25]
Overfull \hbox (3.66725pt too wide) in paragraph at lines 2001--2006
[]\T1/zplTLF/m/n/10.95 (-20) Functorial com-po-si-tion. Re-mark []72[] and the \T1/npxtt/m/n/10.95 CarrierFunctoriality.lean\T1/zplTLF/m/n/10.95 (-20) /\T1/npxtt/m/n/10.95 composition_test.py
 []

[26]
LaTeX Font Info:    Font shape `OT1/zplTLF/m/n' will be
(Font)              scaled to size 14.4pt on input line 2022.
LaTeX Font Info:    Font shape `OT1/zplTLF/m/n' will be
(Font)              scaled to size 10.5pt on input line 2022.
LaTeX Font Info:    Font shape `OT1/zplTLF/m/n' will be
(Font)              scaled to size 7.9pt on input line 2022.
LaTeX Font Info:    Font shape `OT1/zplTLF/b/n' will be
(Font)              scaled to size 14.4pt on input line 2022.
LaTeX Font Info:    Font shape `OT1/zplTLF/b/n' will be
(Font)              scaled to size 10.5pt on input line 2022.
LaTeX Font Info:    Font shape `OT1/zplTLF/b/n' will be
(Font)              scaled to size 7.9pt on input line 2022.
LaTeX Font Info:    Font shape `T1/qhv/m/n' will be
(Font)              scaled to size 13.53603pt on input line 2022.
LaTeX Font Info:    Font shape `T1/qhv/m/n' will be
(Font)              scaled to size 9.87003pt on input line 2022.
LaTeX Font Info:    Font shape `T1/qhv/m/n' will be
(Font)              scaled to size 7.42601pt on input line 2022.
 [27]
LaTeX Font Info:    Font shape `OT1/zplTLF/b/n' will be
(Font)              scaled to size 12.0pt on input line 2105.
LaTeX Font Info:    Font shape `OT1/zplTLF/b/n' will be
(Font)              scaled to size 8.8pt on input line 2105.
LaTeX Font Info:    Font shape `OT1/zplTLF/b/n' will be
(Font)              scaled to size 6.6pt on input line 2105.
LaTeX Font Info:    Font shape `T1/qhv/m/n' will be
(Font)              scaled to size 11.28003pt on input line 2105.
LaTeX Font Info:    Font shape `T1/qhv/m/n' will be
(Font)              scaled to size 8.27202pt on input line 2105.
LaTeX Font Info:    Font shape `T1/qhv/m/n' will be
(Font)              scaled to size 6.20401pt on input line 2105.
 [28]
Overfull \hbox (105.22354pt too wide) in paragraph at lines 2232--2238
\T1/qhv/m/n/10.95 (-20) X[] [][]\LMS/npxsy/m/n/10.95 ! ą\OML/npxmi/m/it/10.95 z \LMS/npxsy/m/n/10.95 7! \OML/npxmi/m/it/10.95 N[]\LMS/npxsy/m/n/10.95 ą\OML/npxmi/m/it/10.95 z\LMS/npxsy/m/n/10.95 şş$ \T1/zplTLF/m/n/10.95 (-20) and the unit-$\OT1/zplTLF/m/n/10.95 (-20) 1$ \T1/zplTLF/m/n/10.95 (-20) deriva-tion --- are now proven in \T1/npxtt/m/n/10.95 RequestProject/CarrierScaleCompensation.lean\T1/zplTLF/m/n/10.95 (-20) ,
 []

[29] [30]
Overfull \hbox (89.06848pt too wide) in paragraph at lines 2327--2334
\T1/zplTLF/m/n/10.95 (-20) res-onat-ing marks are \T1/npxtt/m/n/10.95 every_scale_resonates\T1/zplTLF/m/n/10.95 (-20) ; the con-ver-sion is \T1/npxtt/m/n/10.95 dressedCell_eq \T1/zplTLF/m/n/10.95 (-20) with \T1/npxtt/m/n/10.95 fiber_converts_to_harmonic
 []

[31] [32] [33] [34] [35]

Package hyperref Warning: Token not allowed in a PDF string (Unicode):
(hyperref)                removing `math shift' on input line 2701.


Package hyperref Warning: Token not allowed in a PDF string (Unicode):
(hyperref)                removing `\pi' on input line 2701.


Package hyperref Warning: Token not allowed in a PDF string (Unicode):
(hyperref)                removing `math shift' on input line 2701.

[36]
Overfull \hbox (21.07722pt too wide) in paragraph at lines 2733--2733
 \T1/zplTLF/m/n/9 (-20) CONTAMINATION:
 []


Overfull \hbox (21.07722pt too wide) in paragraph at lines 2733--2733
\T1/zplTLF/m/n/9 (-20) CONTAMINATION: 
 []


FiXme Warning: 'MODEL-CONTAMINATION: sandbag' on input line 2733.


Overfull \hbox (21.07722pt too wide) in paragraph at lines 2746--2746
 \T1/zplTLF/m/n/9 (-20) CONTAMINATION:
 []


Overfull \hbox (21.07722pt too wide) in paragraph at lines 2746--2746
\T1/zplTLF/m/n/9 (-20) CONTAMINATION: 
 []


FiXme Warning: 'MODEL-CONTAMINATION: out of place' on input line 2746.

[37] [38] [39]
Overfull \hbox (34.85909pt too wide) in paragraph at lines 2902--2908
[]\T1/zplTLF/m/it/10.95 (-20) Remainder. \T1/zplTLF/m/n/10.95 (-20) The Tay-lor re-main-der sat-is-fies $\LMS/npxsy/m/n/10.95 j\OML/npxmi/m/it/10.95 R[]\LMS/npxsy/m/n/10.95 ą\OML/npxmi/m/it/10.95 u; t\LMS/npxsy/m/n/10.95 şj ^^T \OML/npxmi/m/it/10.95 C[]\LMS/npxsy/m/n/10.95 ą\OML/npxmi/m/it/10.95 u\LMS/npxsy/m/n/10.95 ş \OML/npxmi/m/it/10.95 t[]$ \T1/zplTLF/m/n/10.95 (-20) with $\OML/npxmi/m/it/10.95 C[]\LMS/npxsy/m/n/10.95 ą\OML/npxmi/m/it/10.95 u\LMS/npxsy/m/n/10.95 ş \U/npxmia/m/it/10.95 = [][] \LMS/npxsy/m/n/10.95 j\OML/npxmi/m/it/10.95 @[] []\LMS/npxsy/m/n/10.95 jťą\OML/npxmi/m/it/10.95 M \LMS/npxsy/m/n/10.95 Ď
 []

[40] [41] [42]
Overfull \hbox (80.13918pt too wide) in paragraph at lines 3114--3127
 [] 
 []

[43] [44] [45] [46] [47]
Overfull \hbox (93.50276pt too wide) detected at line 3362
[] \OML/npxmi/m/it/10.95 "\LMS/npxsy/m/n/10.95 ą\OML/npxmi/m/it/10.95 p\LMS/npxsy/m/n/10.95 ş 2 f\OT1/zplTLF/m/n/10.95 0\OML/npxmi/m/it/10.95 ; \LMS/npxsy/m/n/10.95 ^^F\OT1/zplTLF/m/n/10.95 1\LMS/npxsy/m/n/10.95 g []\OML/npxmi/m/it/10.95 ;  [] \LMS/npxsy/m/n/10.95 ą\OT1/zplTLF/m/n/10.95 3\LMS/npxsy/m/n/10.95 ť\OML/npxmi/m/it/10.95 p\LMS/npxsy/m/n/10.95 ş []
 []

[48]
Overfull \hbox (13.00465pt too wide) in paragraph at lines 3420--3428
 [] 
 []


Overfull \hbox (3.7864pt too wide) in paragraph at lines 3458--3476
\T1/zplTLF/m/n/10.95 (-20) (\T1/npxtt/m/n/10.95 spin_mul_conj\T1/zplTLF/m/n/10.95 (-20) ), so $[] \U/npxmia/m/it/10.95 = \OT1/zplTLF/m/n/10.95 (-20) 1$ \T1/zplTLF/m/n/10.95 (-20) and it is uni-tary (\T1/npxtt/m/n/10.95 frobeniusBlock_det_one\T1/zplTLF/m/n/10.95 (-20) , \T1/npxtt/m/n/10.95 frobeniusBlock_unitary\T1/zplTLF/m/n/10.95 (-20) ).
 []


Overfull \hbox (4.06493pt too wide) in paragraph at lines 3458--3476
\T1/zplTLF/m/n/10.95 (-20) and anti-helix \T1/zplTLF/m/it/10.95 (-20) bal-ance $\LMS/npxsy/m/n/10.95 k\OML/npxmi/m/it/10.95 E\LMS/npxsy/m/n/10.95 ą\OML/npxmi/m/it/10.95 z\LMS/npxsy/m/n/10.95 şk \U/npxmia/m/it/10.95 = \LMS/npxsy/m/n/10.95 k\OML/npxmi/m/it/10.95 E[]\LMS/npxsy/m/n/10.95 ą\OML/npxmi/m/it/10.95 z\LMS/npxsy/m/n/10.95 şk  ([])  \OML/npxmi/m/it/10.95 z$ \T1/zplTLF/m/n/10.95 (-20) real (\T1/npxtt/m/n/10.95 frobeniusBlock_deBranges_reality_bridge\T1/zplTLF/m/n/10.95 (-20) ).
 []

[49] [50] [51] [52] [53] [54] [55] [56] [57]
Overfull \hbox (12.34167pt too wide) in paragraph at lines 3979--4012
\T1/zplTLF/m/n/10.95 (-20) (\T1/npxtt/m/n/10.95 harmonic_bank_cell_sum_zero\T1/zplTLF/m/n/10.95 (-20) ) and its prim-i-tive is bounded (\T1/npxtt/m/n/10.95 harmonic_bank_primitive_bounded\T1/zplTLF/m/n/10.95 (-20) ),
 []

[58] [59]
Overfull \hbox (90.64546pt too wide) in paragraph at lines 4045--4074
\T1/zplTLF/m/n/10.95 (-20) machine-checked in Lean for ar-bi-trary chan-nels (\T1/npxtt/m/n/10.95 FocalResidualGeneral.harmonic_residual_no_independent_mode\T1/zplTLF/m/n/10.95 (-20) ,
 []

[60] [61] [62]
Overfull \hbox (234.0031pt too wide) in paragraph at lines 4187--4190
\T1/zplTLF/m/it/10.95 (-20) with $\LMS/npxsy/m/n/10.95 ą^^@\OT1/zplTLF/m/n/10.95 (-20) 1\LMS/npxsy/m/n/10.95 ş[]$ \T1/zplTLF/m/it/10.95 (-20) at a van-ish-ing of mul-ti-plic-ity $\OML/npxmi/m/it/10.95 k$ \T1/zplTLF/m/it/10.95 (-20) (\T1/npxtt/m/sl/10.95 ChiralityHB.symClock_star\T1/zplTLF/m/it/10.95 (-20) ; \T1/npxtt/m/sl/10.95 GeneralizedCohomology.dimension_parity_of_involution_even\T1/zplTLF/m/it/10.95 (-20) /\T1/npxtt/m/sl/10.95 _odd\T1/zplTLF/m/it/10.95 (-20) ); 
 []


Overfull \hbox (47.99185pt too wide) in paragraph at lines 4190--4193
[]\T1/zplTLF/m/n/10.95 (-20) Li pos-i-tiv-ity\T1/zplTLF/m/it/10.95 (-20) : the loss-ledger's rep-re-sented mea-sure is pos-i-tive semidef-i-nite (\T1/npxtt/m/sl/10.95 SourceHolonomy.ledger_positivity\T1/zplTLF/m/it/10.95 (-20) ,
 []


Overfull \hbox (116.78065pt too wide) in paragraph at lines 4190--4193
\T1/npxtt/m/sl/10.95 helix_ledger_positive\T1/zplTLF/m/it/10.95 (-20) , the Gram \T1/npxtt/m/sl/10.95 gramH_posSemidef\T1/zplTLF/m/it/10.95 (-20) ), pre-served un-der pro-jec-tion (\T1/npxtt/m/sl/10.95 projection_retains_li_positivity\T1/zplTLF/m/it/10.95 (-20) ). 
 []

[63]
Overfull \hbox (98.97789pt too wide) in paragraph at lines 4266--4269
\T1/zplTLF/m/it/10.95 (-20) is the mid-point $[] \OML/npxmi/m/it/10.95 s \U/npxmia/m/it/10.95 = []$ \T1/zplTLF/m/it/10.95 (-20) (\T1/npxtt/m/sl/10.95 RoundTrip.midpoint_to_critical\T1/zplTLF/m/it/10.95 (-20) , \T1/npxtt/m/sl/10.95 AutomorphicCandidate.midpoint_projects_to_half\T1/zplTLF/m/it/10.95 (-20) ). 
 []

[64] [65] [66]
Overfull \hbox (233.17839pt too wide) in paragraph at lines 4440--4447
\T1/npxtt/m/sl/10.95 FiniteWeightFiber.fiber_det_one\T1/zplTLF/m/it/10.95 (-20) ); \T1/zplTLF/m/n/10.95 (-20) (ii) \T1/zplTLF/m/it/10.95 (-20) the archimedean self-duality $\OML/npxmi/m/it/10.95 ^^M\LMS/npxsy/m/n/10.95 ą\OML/npxmi/m/it/10.95 s\LMS/npxsy/m/n/10.95 ş \U/npxmia/m/it/10.95 = \OML/npxmi/m/it/10.95 "[]^^M\LMS/npxsy/m/n/10.95 ą\OML/npxmi/m/it/10.95 ^^T \LMS/npxsy/m/n/10.95 ^^@ \OML/npxmi/m/it/10.95 s\LMS/npxsy/m/n/10.95 ş$ \T1/zplTLF/m/it/10.95 (-20) (\T1/npxtt/m/sl/10.95 CompletedReflectionFiber.clockCompletion_selfdual\T1/zplTLF/m/it/10.95 (-20) );
 []

[67] [68] [69] [70]
FiXme Note: 'INSTRUCTION: move this to its own part' on input line 4705.
 [71]
FiXme Note: 'INSTRUCTION: move to new Hodge specific part' on input line 4781.
 [72] [73]
Overfull \hbox (84.68361pt too wide) in paragraph at lines 4863--4901
\T1/zplTLF/m/n/10.95 (-20) arith-metic clock and gauge gap (\T1/npxtt/m/n/10.95 ClockStructure\T1/zplTLF/m/n/10.95 (-20) : \T1/npxtt/m/n/10.95 arithmetic_clock_law\T1/zplTLF/m/n/10.95 (-20) , \T1/npxtt/m/n/10.95 gauge_gap_law\T1/zplTLF/m/n/10.95 (-20) , \T1/npxtt/m/n/10.95 obstruction_recovery\T1/zplTLF/m/n/10.95 (-20) ),
 []

[74] [75] [76] [77]
LaTeX Font Info:    Font shape `T1/zplTLF/b/it' will be
(Font)              scaled to size 10.95pt on input line 5116.
 [78]
FiXme Note: 'INSTRUCTION: move to new hodge part' on input line 5163.
 [79] [80] [81]
FiXme Note: 'INSTRUCTION: Hodge results go here' on input line 5303.


LaTeX Warning: Marginpar on page 82 moved.

FiXme Note: 'INSTRUCTION: Obstruction removal results go here' on input line 5304.

LaTeX Warning: Marginpar on page 82 moved.

FiXme Note: 'INSTRUCTION: Sato--Tate proof goes here' on input line 5308.
[82]
Overfull \hbox (21.07722pt too wide) in paragraph at lines 5357--5357
 \T1/zplTLF/m/n/9 (-20) CONTAMINATION:
 []


Overfull \hbox (21.07722pt too wide) in paragraph at lines 5357--5357
\T1/zplTLF/m/n/9 (-20) CONTAMINATION: 
 []


FiXme Warning: 'MODEL-CONTAMINATION: not remotely accurate' on input line 5357.

[83] [84]
Overfull \hbox (21.07722pt too wide) in paragraph at lines 5445--5445
 \T1/zplTLF/m/n/9 (-20) CONTAMINATION:
 []


Overfull \hbox (21.07722pt too wide) in paragraph at lines 5445--5445
\T1/zplTLF/m/n/9 (-20) CONTAMINATION: 
 []


FiXme Warning: 'MODEL-CONTAMINATION: half correct fabrication' on input line 5445.


Overfull \hbox (21.07722pt too wide) in paragraph at lines 5449--5449
 \T1/zplTLF/m/n/9 (-20) CONTAMINATION:
 []


Overfull \hbox (21.07722pt too wide) in paragraph at lines 5449--5449
\T1/zplTLF/m/n/9 (-20) CONTAMINATION: 
 []


FiXme Warning: 'MODEL-CONTAMINATION: sandbag' on input line 5449.

FiXme Note: 'INSTRUCTION: tighten' on input line 5466.
FiXme Note: 'INSTRUCTION: move to sato--tate section ' on input line 5468.
FiXme Note: 'INSTRUCTION: isolate as a significant result' on input line 5484.

LaTeX Warning: Marginpar on page 85 moved.


Overfull \hbox (21.07722pt too wide) in paragraph at lines 5486--5486
 \T1/zplTLF/m/n/9 (-20) CONTAMINATION:
 []


Overfull \hbox (21.07722pt too wide) in paragraph at lines 5486--5486
\T1/zplTLF/m/n/9 (-20) CONTAMINATION: 
 []


FiXme Warning: 'MODEL-CONTAMINATION: scrambling' on input line 5486.


LaTeX Warning: Marginpar on page 85 moved.

[85]
Overfull \hbox (52.04153pt too wide) in paragraph at lines 5517--5528
\T1/zplTLF/m/n/10.95 (-20) depth cor-re-spon-dence is a \T1/zplTLF/m/it/10.95 (-20) the-o-rem\T1/zplTLF/m/n/10.95 (-20) , machine-checked in Lean (\T1/npxtt/m/n/10.95 RequestProject/HodgeLedgerFiltration.lean\T1/zplTLF/m/n/10.95 (-20) ,
 []

FiXme Note: 'INSTRUCTION: move to hodge part' on input line 5556.
[86]
Overfull \hbox (21.07722pt too wide) in paragraph at lines 5558--5558
 \T1/zplTLF/m/n/9 (-20) CONTAMINATION:
 []


Overfull \hbox (21.07722pt too wide) in paragraph at lines 5558--5558
\T1/zplTLF/m/n/9 (-20) CONTAMINATION: 
 []


FiXme Warning: 'MODEL-CONTAMINATION: hedging' on input line 5558.


Overfull \hbox (155.25035pt too wide) in paragraph at lines 5558--5574
\T1/npxtt/m/n/10.95 momentTower_radical_trivial $\LMS/npxsy/m/n/10.95 !$ \T1/npxtt/m/n/10.95 exhaustive_of_radical_trivial\T1/zplTLF/m/n/10.95 (-20) ; Lean, foot-print $\LMS/npxsy/m/n/10.95 f[]\OML/npxmi/m/it/10.95 ; []; []\LMS/npxsy/m/n/10.95 g$\T1/zplTLF/m/n/10.95 (-20) ,
 []


LaTeX Warning: Marginpar on page 87 moved.

FiXme Note: 'INSTRUCTION: move to hodge part' on input line 5598.

Overfull \hbox (31.41661pt too wide) in paragraph at lines 5575--5599
\T1/zplTLF/m/n/10.95 (-20) Since the global Gross--Schoen height car-ries \T1/zplTLF/m/it/10.95 (-20) non-archimedean \T1/zplTLF/m/n/10.95 (-20) arith-metic data (Zhang's admissible/metrized-
 []

[87]
LaTeX Font Info:    Font shape `T1/npxtt/b/n' in size <10.95> not available
(Font)              Font shape `T1/npxtt/bx/n' tried instead on input line 5609.
LaTeX Font Info:    Font shape `T1/npxtt/bx/n' will be
(Font)              scaled to size 10.95pt on input line 5609.

Overfull \hbox (36.35555pt too wide) in paragraph at lines 5615--5622
[]\T1/zplTLF/b/n/10.95 (-20) Proposition []44[] (the uni-form con-stant), \T1/npxtt/bx/n/10.95 be_prop52_certify.py\T1/zplTLF/b/n/10.95 (-20) . \T1/zplTLF/m/n/10.95 (-20) The con-stant $\OML/npxmi/m/it/10.95 L[] \U/npxmia/m/it/10.95 = \LMS/npxsy/m/n/10.95 k\OML/npxmi/m/it/10.95 @[]\LMS/npxsy/m/n/10.95 ą\OML/npxmi/m/it/10.95 G\LMS/npxsy/m/n/10.95 ą\OML/npxmi/m/it/10.95 y\LMS/npxsy/m/n/10.95 ť\OML/npxmi/m/it/10.95 X\LMS/npxsy/m/n/10.95 ş \OML/npxmi/m/it/10.95 y \U/npxmia/m/it/10.95 	\LMS/npxsy/m/n/10.95 şk[]$
 []


Overfull \hbox (35.05241pt too wide) in paragraph at lines 5656--5670
[]\T1/zplTLF/b/n/10.95 (-20) The for-mally proven GL(4) vector-clock scale au-dit, \T1/npxtt/bx/n/10.95 mb_scale_audit.py \T1/zplTLF/b/n/10.95 (-20) and \T1/npxtt/bx/n/10.95 TwoClockWeightLaw.lean\T1/zplTLF/b/n/10.95 (-20) .
 []

[88]
Overfull \hbox (30.01788pt too wide) in paragraph at lines 5671--5676
[]\T1/zplTLF/b/n/10.95 (-20) The pro-duc-tiv-ity bound-ary (ź[]21[]), \T1/npxtt/bx/n/10.95 mb_uniform.py\T1/zplTLF/b/n/10.95 (-20) . \T1/zplTLF/m/n/10.95 (-20) The Weyl-character tail law $[] \LMS/npxsy/m/n/10.95 ^^X ą\OML/npxmi/m/it/10.95 r[]\OT1/zplTLF/m/n/10.95 (-20) 1\LMS/npxsy/m/n/10.95 ş[]$
 []


Overfull \hbox (176.98645pt too wide) in paragraph at lines 5677--5687
\T1/zplTLF/m/n/10.95 (-20) no \T1/npxtt/m/n/10.95 sorry\T1/zplTLF/m/n/10.95 (-20) /\T1/npxtt/m/n/10.95 axiom\T1/zplTLF/m/n/10.95 (-20) ; it builds in-tree against the full li-brary. The con-tin-u-a-tion is \T1/npxtt/m/n/10.95 LFunctionPhasor.dirichlet_strip_tendsto_LFunction
 []


Overfull \hbox (31.1426pt too wide) in paragraph at lines 5689--5702
[]\T1/zplTLF/b/n/10.95 (-20) The gen-eral fi-nite duality-stable fiber re-flec-tion (ź[]29[], ź[]28[]), \T1/npxtt/bx/n/10.95 RequestProject/FiniteWeightFiber.lean\T1/zplTLF/b/n/10.95 (-20) .
 []


Overfull \hbox (7.81566pt too wide) in paragraph at lines 5703--5713
\T1/zplTLF/m/n/10.95 (-20) fi-nite duality-stable har-monic fiber class, machine-checked in Lean. \T1/npxtt/m/n/10.95 cell_closure_partialSum_le\T1/zplTLF/m/n/10.95 (-20) :
 []


Overfull \hbox (12.25388pt too wide) in paragraph at lines 5703--5713
\T1/zplTLF/m/n/10.95 (-20) a period-$\OML/npxmi/m/it/10.95 P$ \T1/zplTLF/m/n/10.95 (-20) warp bounded by $\OML/npxmi/m/it/10.95 B$ \T1/zplTLF/m/n/10.95 (-20) with zero cell sum has prim-i-tive $\LMS/npxsy/m/n/10.95 ^^T \OML/npxmi/m/it/10.95 B P$\T1/zplTLF/m/n/10.95 (-20) ; \T1/npxtt/m/n/10.95 cell_closure_dc_mode_zero\T1/zplTLF/m/n/10.95 (-20) :
 []


Overfull \hbox (127.40952pt too wide) in paragraph at lines 5715--5736
\T1/npxtt/m/n/10.95 completedLFunction_one_sub\T1/zplTLF/m/n/10.95 (-20) ) \T1/zplTLF/m/it/10.95 (-20) and \T1/zplTLF/m/n/10.95 (-20) on the gen-eral fi-nite duality-stable fiber (\T1/npxtt/m/n/10.95 CompletedReflectionFiber.fiberCompleted\T1/zplTLF/m/n/10.95 (-20) ;
 []

[89]
Overfull \hbox (92.50098pt too wide) in paragraph at lines 5750--5762
[]\T1/zplTLF/b/n/10.95 (-20) The fiber's lo-cal com-pleted re-flec-tion (ź[]28[], step (1) of Prop. []66[]), \T1/npxtt/bx/n/10.95 RequestProject/CompletedReflectionFiber.lean\T1/zplTLF/b/n/10.95 (-20) .
 []


Overfull \hbox (9.72359pt too wide) in paragraph at lines 5775--5784
[]\T1/zplTLF/b/n/10.95 (-20) The clipped he-lix: clip, weld, rank, cross-ings (ź[]26[]), \T1/npxtt/bx/n/10.95 clip_conductor.py\T1/zplTLF/b/n/10.95 (-20) , \T1/npxtt/bx/n/10.95 weld_normalization.py\T1/zplTLF/b/n/10.95 (-20) ,
 []

[90]
Overfull \hbox (63.5972pt too wide) in paragraph at lines 5787--5799
[]\T1/zplTLF/b/n/10.95 (-20) The au-to-mor-phy ma-chin-ery on the car-rier (ź[]27[]), \T1/npxtt/bx/n/10.95 tate_fe_check.py\T1/zplTLF/b/n/10.95 (-20) , \T1/npxtt/bx/n/10.95 gl2_escalate.py\T1/zplTLF/b/n/10.95 (-20) , \T1/npxtt/bx/n/10.95 carrier_poisson.py\T1/zplTLF/b/n/10.95 (-20) ,
 []


Overfull \hbox (25.44539pt too wide) in paragraph at lines 5807--5813
[]\T1/zplTLF/b/n/10.95 (-20) Symmetric pow-ers and root num-bers (ź[]28.1[]), \T1/npxtt/bx/n/10.95 sym_r_fe2.py\T1/zplTLF/b/n/10.95 (-20) , \T1/npxtt/bx/n/10.95 sym_r_fe_2clock.py\T1/zplTLF/b/n/10.95 (-20) , \T1/npxtt/bx/n/10.95 sym_r_sweep2.py\T1/zplTLF/b/n/10.95 (-20) .
 []

[91]
Overfull \hbox (4.83548pt too wide) in paragraph at lines 5858--5872
[]\T1/zplTLF/b/n/10.95 (-20) Loss-ledger$\LMS/npxsy/m/n/10.95 $$\T1/zplTLF/b/n/10.95 (-20) cycle-filtration cal-i-bra-tion (ź[]29[], ź[]32[]), \T1/npxtt/bx/n/10.95 hodge_layer_calib.py \T1/zplTLF/m/n/10.95 (-20) (from \T1/npxtt/m/n/10.95 sha_hinge.py\T1/zplTLF/m/n/10.95 (-20) ,
 []


Overfull \hbox (50.35294pt too wide) in paragraph at lines 5891--5899
[]\T1/zplTLF/b/n/10.95 (-20) The trans-fer ex-po-nent (Lemma []60[], Re-mark []64[]), \T1/npxtt/bx/n/10.95 transfer_exponent.py\T1/zplTLF/b/n/10.95 (-20) . $[]$ \T1/zplTLF/m/n/10.95 (-20) = slope of $[]\LMS/npxsy/m/n/10.95 ą[]j\OML/npxmi/m/it/10.95 A[]\LMS/npxsy/m/n/10.95 jş$
 []

[92]
Overfull \hbox (72.98183pt too wide) in paragraph at lines 5901--5907
[]\T1/zplTLF/b/n/10.95 (-20) Axis pair-ing: the free and the open part of the stand-ing wave (Re-mark []63[]), \T1/npxtt/bx/n/10.95 RequestProject/AxisPairing.lean\T1/zplTLF/b/n/10.95 (-20) .
 []

[93]
Overfull \hbox (29.1252pt too wide) in paragraph at lines 5964--5965
[]\T1/zplTLF/b/n/10.95 (-20) Genuine non-self-dual $[]\LMS/npxsy/m/n/10.95 ą\OT1/zplTLF/m/n/10.95 (-20) 3\LMS/npxsy/m/n/10.95 ş$ \T1/zplTLF/b/n/10.95 (-20) (ź[]20[], ta-ble row), \T1/npxtt/bx/n/10.95 f21_gl3_multirail.py \T1/zplTLF/b/n/10.95 (-20) (data via Sage \T1/npxtt/bx/n/10.95 idealfrobenius\T1/zplTLF/b/n/10.95 (-20) )
 []


Overfull \hbox (32.89534pt too wide) in paragraph at lines 5966--5967
[]\T1/zplTLF/b/n/10.95 (-20) Forcible cell clo-sure (Lemma []55[]), \T1/npxtt/bx/n/10.95 forcible_closure.py \T1/zplTLF/b/n/10.95 (-20) and \T1/npxtt/bx/n/10.95 RequestProject/ForcibleClosure.lean\T1/zplTLF/b/n/10.95 (-20) .
 []


Overfull \hbox (80.62769pt too wide) in paragraph at lines 5968--5969
[]\T1/zplTLF/b/n/10.95 (-20) Carrier-transport func-to-ri-al-ity (ź[]29[]), \T1/npxtt/bx/n/10.95 RequestProject/CarrierFunctoriality.lean \T1/zplTLF/b/n/10.95 (-20) and \T1/npxtt/bx/n/10.95 composition_test.py\T1/zplTLF/b/n/10.95 (-20) .
 []

[94]
Overfull \hbox (21.07722pt too wide) in paragraph at lines 5971--5971
 \T1/zplTLF/m/n/9 (-20) CONTAMINATION:
 []


Overfull \hbox (21.07722pt too wide) in paragraph at lines 5971--5971
\T1/zplTLF/m/n/9 (-20) CONTAMINATION: 
 []


FiXme Warning: 'MODEL-CONTAMINATION: shit format' on input line 5971.


LaTeX Warning: Marginpar on page 95 moved.

FiXme Note: 'INSTRUCTION: make a fucking bibtex file' on input line 5974.
[95]

FiXme Summary: Number of notes: 18,
(FiXme)        Number of warnings: 8,
(FiXme)        Number of errors: 0,
(FiXme)        Number of fatal errors: 1,
(FiXme)        Total: 27.

[96] (/Users/samuellavery/work/helix_frobenius/automorph/.texpadtmp/universal.aux)
Package rerunfilecheck Info: File `universal.out' has not changed.
(rerunfilecheck)             Checksum: E54CA9FD45890DA0B857F277D822B17B;12233.
 ) 
Here is how much of TeX's memory you used:
 18953 strings out of 476097
 298961 string characters out of 5791132
 1880851 words of memory out of 5000000
 38069 multiletter control sequences out of 15000+600000
 726366 words of font info for 589 fonts, out of 8000000 for 9000
 1141 hyphenation exceptions out of 8191
 68i,11n,79p,2048b,779s stack positions out of 10000i,1000n,20000p,200000b,200000s

pdfTeX warning (dest): name{theorem.72} has been referenced but does not exist, replaced by a fixed one

</usr/local/texlive/2023/texmf-dist/fonts/type1/public/newpx/NewPXMI.pfb></usr/local/texlive/2023/texmf-dist/fonts/type1/public/newpx/NewPXMI_gnu.pfb></usr/local/texlive/2023/texmf-dist/fonts/type1/public/newpx/pxmiaX.pfb></usr/local/texlive/2023/texmf-dist/fonts/type1/public/newpx/pxsys.pfb></usr/local/texlive/2023/texmf-dist/fonts/type1/public/tex-gyre/qhvr.pfb></usr/local/texlive/2023/texmf-dist/fonts/type1/public/txfonts/t1xbtt.pfb></usr/local/texlive/2023/texmf-dist/fonts/type1/public/txfonts/t1xtt.pfb></usr/local/texlive/2023/texmf-dist/fonts/type1/public/txfonts/t1xtt.pfb></usr/local/texlive/2023/texmf-dist/fonts/type1/public/newtx/txexs.pfb></usr/local/texlive/2023/texmf-dist/fonts/type1/public/txfonts/txsya.pfb></usr/local/texlive/2023/texmf-dist/fonts/type1/public/txfonts/txsyb.pfb></usr/local/texlive/2023/texmf-dist/fonts/type1/public/txfonts/txsyc.pfb></usr/local/texlive/2023/texmf-dist/fonts/type1/public/newpx/zplb.pfb></usr/local/texlive/2023/texmf-dist/fonts/type1/public/newpx/zplbi.pfb></usr/local/texlive/2023/texmf-dist/fonts/type1/public/newpx/zplr.pfb></usr/local/texlive/2023/texmf-dist/fonts/type1/public/newpx/zplri.pfb>
Output written on /Users/samuellavery/work/helix_frobenius/automorph/.texpadtmp/universal.pdf (96 pages, 822805 bytes).
PDF statistics:
 1733 PDF objects out of 2073 (max. 8388607)
 1584 compressed objects within 16 object streams
 336 named destinations out of 1000 (max. 500000)
 127881 words of extra memory for PDF output out of 128383 (max. 10000000)

