This is pdfTeX, Version 3.141592653-2.6-1.40.25 (TeX Live 2023) (preloaded format=pdflatex 2023.5.22)  14 JUL 2026 22:22
entering extended mode
 restricted \write18 enabled.
 %&-line parsing enabled.
**hodge_companion.tex
(./hodge_companion.tex
LaTeX2e <2022-11-01> patch level 1
L3 programming layer <2023-05-15>
(/usr/local/texlive/2023/texmf-dist/tex/latex/base/article.cls
Document Class: article 2022/07/02 v1.4n Standard LaTeX document class
(/usr/local/texlive/2023/texmf-dist/tex/latex/base/size11.clo
File: size11.clo 2022/07/02 v1.4n Standard LaTeX file (size option)
)
\c@part=\count185
\c@section=\count186
\c@subsection=\count187
\c@subsubsection=\count188
\c@paragraph=\count189
\c@subparagraph=\count190
\c@figure=\count191
\c@table=\count192
\abovecaptionskip=\skip48
\belowcaptionskip=\skip49
\bibindent=\dimen140
)
(/usr/local/texlive/2023/texmf-dist/tex/latex/geometry/geometry.sty
Package: geometry 2020/01/02 v5.9 Page Geometry

(/usr/local/texlive/2023/texmf-dist/tex/latex/graphics/keyval.sty
Package: keyval 2022/05/29 v1.15 key=value parser (DPC)
\KV@toks@=\toks16
)
(/usr/local/texlive/2023/texmf-dist/tex/generic/iftex/ifvtex.sty
Package: ifvtex 2019/10/25 v1.7 ifvtex legacy package. Use iftex instead.

(/usr/local/texlive/2023/texmf-dist/tex/generic/iftex/iftex.sty
Package: iftex 2022/02/03 v1.0f TeX engine tests
))
\Gm@cnth=\count193
\Gm@cntv=\count194
\c@Gm@tempcnt=\count195
\Gm@bindingoffset=\dimen141
\Gm@wd@mp=\dimen142
\Gm@odd@mp=\dimen143
\Gm@even@mp=\dimen144
\Gm@layoutwidth=\dimen145
\Gm@layoutheight=\dimen146
\Gm@layouthoffset=\dimen147
\Gm@layoutvoffset=\dimen148
\Gm@dimlist=\toks17
)
(/usr/local/texlive/2023/texmf-dist/tex/latex/amsmath/amsmath.sty
Package: amsmath 2022/04/08 v2.17n AMS math features
\@mathmargin=\skip50

For additional information on amsmath, use the `?' option.
(/usr/local/texlive/2023/texmf-dist/tex/latex/amsmath/amstext.sty
Package: amstext 2021/08/26 v2.01 AMS text

(/usr/local/texlive/2023/texmf-dist/tex/latex/amsmath/amsgen.sty
File: amsgen.sty 1999/11/30 v2.0 generic functions
\@emptytoks=\toks18
\ex@=\dimen149
))
(/usr/local/texlive/2023/texmf-dist/tex/latex/amsmath/amsbsy.sty
Package: amsbsy 1999/11/29 v1.2d Bold Symbols
\pmbraise@=\dimen150
)
(/usr/local/texlive/2023/texmf-dist/tex/latex/amsmath/amsopn.sty
Package: amsopn 2022/04/08 v2.04 operator names
)
\inf@bad=\count196
LaTeX Info: Redefining \frac on input line 234.
\uproot@=\count197
\leftroot@=\count198
LaTeX Info: Redefining \overline on input line 399.
LaTeX Info: Redefining \colon on input line 410.
\classnum@=\count199
\DOTSCASE@=\count266
LaTeX Info: Redefining \ldots on input line 496.
LaTeX Info: Redefining \dots on input line 499.
LaTeX Info: Redefining \cdots on input line 620.
\Mathstrutbox@=\box51
\strutbox@=\box52
LaTeX Info: Redefining \big on input line 722.
LaTeX Info: Redefining \Big on input line 723.
LaTeX Info: Redefining \bigg on input line 724.
LaTeX Info: Redefining \Bigg on input line 725.
\big@size=\dimen151
LaTeX Font Info:    Redeclaring font encoding OML on input line 743.
LaTeX Font Info:    Redeclaring font encoding OMS on input line 744.
\macc@depth=\count267
LaTeX Info: Redefining \bmod on input line 905.
LaTeX Info: Redefining \pmod on input line 910.
LaTeX Info: Redefining \smash on input line 940.
LaTeX Info: Redefining \relbar on input line 970.
LaTeX Info: Redefining \Relbar on input line 971.
\c@MaxMatrixCols=\count268
\dotsspace@=\muskip16
\c@parentequation=\count269
\dspbrk@lvl=\count270
\tag@help=\toks19
\row@=\count271
\column@=\count272
\maxfields@=\count273
\andhelp@=\toks20
\eqnshift@=\dimen152
\alignsep@=\dimen153
\tagshift@=\dimen154
\tagwidth@=\dimen155
\totwidth@=\dimen156
\lineht@=\dimen157
\@envbody=\toks21
\multlinegap=\skip51
\multlinetaggap=\skip52
\mathdisplay@stack=\toks22
LaTeX Info: Redefining \[ on input line 2953.
LaTeX Info: Redefining \] on input line 2954.
)
(/usr/local/texlive/2023/texmf-dist/tex/latex/amsfonts/amssymb.sty
Package: amssymb 2013/01/14 v3.01 AMS font symbols

(/usr/local/texlive/2023/texmf-dist/tex/latex/amsfonts/amsfonts.sty
Package: amsfonts 2013/01/14 v3.01 Basic AMSFonts support
\symAMSa=\mathgroup4
\symAMSb=\mathgroup5
LaTeX Font Info:    Redeclaring math symbol \hbar on input line 98.
LaTeX Font Info:    Overwriting math alphabet `\mathfrak' in version `bold'
(Font)                  U/euf/m/n --> U/euf/b/n on input line 106.
))
(/usr/local/texlive/2023/texmf-dist/tex/latex/amscls/amsthm.sty
Package: amsthm 2020/05/29 v2.20.6
\thm@style=\toks23
\thm@bodyfont=\toks24
\thm@headfont=\toks25
\thm@notefont=\toks26
\thm@headpunct=\toks27
\thm@preskip=\skip53
\thm@postskip=\skip54
\thm@headsep=\skip55
\dth@everypar=\toks28
)
(/usr/local/texlive/2023/texmf-dist/tex/latex/mathtools/mathtools.sty
Package: mathtools 2022/06/29 v1.29 mathematical typesetting tools

(/usr/local/texlive/2023/texmf-dist/tex/latex/tools/calc.sty
Package: calc 2017/05/25 v4.3 Infix arithmetic (KKT,FJ)
\calc@Acount=\count274
\calc@Bcount=\count275
\calc@Adimen=\dimen158
\calc@Bdimen=\dimen159
\calc@Askip=\skip56
\calc@Bskip=\skip57
LaTeX Info: Redefining \setlength on input line 80.
LaTeX Info: Redefining \addtolength on input line 81.
\calc@Ccount=\count276
\calc@Cskip=\skip58
)
(/usr/local/texlive/2023/texmf-dist/tex/latex/mathtools/mhsetup.sty
Package: mhsetup 2021/03/18 v1.4 programming setup (MH)
)
\g_MT_multlinerow_int=\count277
\l_MT_multwidth_dim=\dimen160
\origjot=\skip59
\l_MT_shortvdotswithinadjustabove_dim=\dimen161
\l_MT_shortvdotswithinadjustbelow_dim=\dimen162
\l_MT_above_intertext_sep=\dimen163
\l_MT_below_intertext_sep=\dimen164
\l_MT_above_shortintertext_sep=\dimen165
\l_MT_below_shortintertext_sep=\dimen166
\xmathstrut@box=\box53
\xmathstrut@dim=\dimen167
)
(/usr/local/texlive/2023/texmf-dist/tex/latex/xcolor/xcolor.sty
Package: xcolor 2022/06/12 v2.14 LaTeX color extensions (UK)

(/usr/local/texlive/2023/texmf-dist/tex/latex/graphics-cfg/color.cfg
File: color.cfg 2016/01/02 v1.6 sample color configuration
)
Package xcolor Info: Driver file: pdftex.def on input line 227.

(/usr/local/texlive/2023/texmf-dist/tex/latex/graphics-def/pdftex.def
File: pdftex.def 2022/09/22 v1.2b Graphics/color driver for pdftex
)
(/usr/local/texlive/2023/texmf-dist/tex/latex/graphics/mathcolor.ltx)
Package xcolor Info: Model `cmy' substituted by `cmy0' on input line 1353.
Package xcolor Info: Model `hsb' substituted by `rgb' on input line 1357.
Package xcolor Info: Model `RGB' extended on input line 1369.
Package xcolor Info: Model `HTML' substituted by `rgb' on input line 1371.
Package xcolor Info: Model `Hsb' substituted by `hsb' on input line 1372.
Package xcolor Info: Model `tHsb' substituted by `hsb' on input line 1373.
Package xcolor Info: Model `HSB' substituted by `hsb' on input line 1374.
Package xcolor Info: Model `Gray' substituted by `gray' on input line 1375.
Package xcolor Info: Model `wave' substituted by `hsb' on input line 1376.
)
(/usr/local/texlive/2023/texmf-dist/tex/latex/pgf/frontendlayer/tikz.sty
(/usr/local/texlive/2023/texmf-dist/tex/latex/pgf/basiclayer/pgf.sty
(/usr/local/texlive/2023/texmf-dist/tex/latex/pgf/utilities/pgfrcs.sty
(/usr/local/texlive/2023/texmf-dist/tex/generic/pgf/utilities/pgfutil-common.te
x
\pgfutil@everybye=\toks29
\pgfutil@tempdima=\dimen168
\pgfutil@tempdimb=\dimen169
)
(/usr/local/texlive/2023/texmf-dist/tex/generic/pgf/utilities/pgfutil-latex.def
\pgfutil@abb=\box54
) (/usr/local/texlive/2023/texmf-dist/tex/generic/pgf/utilities/pgfrcs.code.tex
(/usr/local/texlive/2023/texmf-dist/tex/generic/pgf/pgf.revision.tex)
Package: pgfrcs 2023-01-15 v3.1.10 (3.1.10)
))
Package: pgf 2023-01-15 v3.1.10 (3.1.10)

(/usr/local/texlive/2023/texmf-dist/tex/latex/pgf/basiclayer/pgfcore.sty
(/usr/local/texlive/2023/texmf-dist/tex/latex/graphics/graphicx.sty
Package: graphicx 2021/09/16 v1.2d Enhanced LaTeX Graphics (DPC,SPQR)

(/usr/local/texlive/2023/texmf-dist/tex/latex/graphics/graphics.sty
Package: graphics 2022/03/10 v1.4e Standard LaTeX Graphics (DPC,SPQR)

(/usr/local/texlive/2023/texmf-dist/tex/latex/graphics/trig.sty
Package: trig 2021/08/11 v1.11 sin cos tan (DPC)
)
(/usr/local/texlive/2023/texmf-dist/tex/latex/graphics-cfg/graphics.cfg
File: graphics.cfg 2016/06/04 v1.11 sample graphics configuration
)
Package graphics Info: Driver file: pdftex.def on input line 107.
)
\Gin@req@height=\dimen170
\Gin@req@width=\dimen171
)
(/usr/local/texlive/2023/texmf-dist/tex/latex/pgf/systemlayer/pgfsys.sty
(/usr/local/texlive/2023/texmf-dist/tex/generic/pgf/systemlayer/pgfsys.code.tex
Package: pgfsys 2023-01-15 v3.1.10 (3.1.10)
(/usr/local/texlive/2023/texmf-dist/tex/generic/pgf/utilities/pgfkeys.code.tex
\pgfkeys@pathtoks=\toks30
\pgfkeys@temptoks=\toks31

(/usr/local/texlive/2023/texmf-dist/tex/generic/pgf/utilities/pgfkeyslibraryfil
tered.code.tex
\pgfkeys@tmptoks=\toks32
))
\pgf@x=\dimen172
\pgf@y=\dimen173
\pgf@xa=\dimen174
\pgf@ya=\dimen175
\pgf@xb=\dimen176
\pgf@yb=\dimen177
\pgf@xc=\dimen178
\pgf@yc=\dimen179
\pgf@xd=\dimen180
\pgf@yd=\dimen181
\w@pgf@writea=\write3
\r@pgf@reada=\read2
\c@pgf@counta=\count278
\c@pgf@countb=\count279
\c@pgf@countc=\count280
\c@pgf@countd=\count281
\t@pgf@toka=\toks33
\t@pgf@tokb=\toks34
\t@pgf@tokc=\toks35
\pgf@sys@id@count=\count282

(/usr/local/texlive/2023/texmf-dist/tex/generic/pgf/systemlayer/pgf.cfg
File: pgf.cfg 2023-01-15 v3.1.10 (3.1.10)
)
Driver file for pgf: pgfsys-pdftex.def

(/usr/local/texlive/2023/texmf-dist/tex/generic/pgf/systemlayer/pgfsys-pdftex.d
ef
File: pgfsys-pdftex.def 2023-01-15 v3.1.10 (3.1.10)

(/usr/local/texlive/2023/texmf-dist/tex/generic/pgf/systemlayer/pgfsys-common-p
df.def
File: pgfsys-common-pdf.def 2023-01-15 v3.1.10 (3.1.10)
)))
(/usr/local/texlive/2023/texmf-dist/tex/generic/pgf/systemlayer/pgfsyssoftpath.
code.tex
File: pgfsyssoftpath.code.tex 2023-01-15 v3.1.10 (3.1.10)
\pgfsyssoftpath@smallbuffer@items=\count283
\pgfsyssoftpath@bigbuffer@items=\count284
)
(/usr/local/texlive/2023/texmf-dist/tex/generic/pgf/systemlayer/pgfsysprotocol.
code.tex
File: pgfsysprotocol.code.tex 2023-01-15 v3.1.10 (3.1.10)
))
(/usr/local/texlive/2023/texmf-dist/tex/generic/pgf/basiclayer/pgfcore.code.tex
Package: pgfcore 2023-01-15 v3.1.10 (3.1.10)
(/usr/local/texlive/2023/texmf-dist/tex/generic/pgf/math/pgfmath.code.tex
(/usr/local/texlive/2023/texmf-dist/tex/generic/pgf/math/pgfmathutil.code.tex)
(/usr/local/texlive/2023/texmf-dist/tex/generic/pgf/math/pgfmathparser.code.tex
\pgfmath@dimen=\dimen182
\pgfmath@count=\count285
\pgfmath@box=\box55
\pgfmath@toks=\toks36
\pgfmath@stack@operand=\toks37
\pgfmath@stack@operation=\toks38
)
(/usr/local/texlive/2023/texmf-dist/tex/generic/pgf/math/pgfmathfunctions.code.
tex)
(/usr/local/texlive/2023/texmf-dist/tex/generic/pgf/math/pgfmathfunctions.basic
.code.tex)
(/usr/local/texlive/2023/texmf-dist/tex/generic/pgf/math/pgfmathfunctions.trigo
nometric.code.tex)
(/usr/local/texlive/2023/texmf-dist/tex/generic/pgf/math/pgfmathfunctions.rando
m.code.tex)
(/usr/local/texlive/2023/texmf-dist/tex/generic/pgf/math/pgfmathfunctions.compa
rison.code.tex)
(/usr/local/texlive/2023/texmf-dist/tex/generic/pgf/math/pgfmathfunctions.base.
code.tex)
(/usr/local/texlive/2023/texmf-dist/tex/generic/pgf/math/pgfmathfunctions.round
.code.tex)
(/usr/local/texlive/2023/texmf-dist/tex/generic/pgf/math/pgfmathfunctions.misc.
code.tex)
(/usr/local/texlive/2023/texmf-dist/tex/generic/pgf/math/pgfmathfunctions.integ
erarithmetics.code.tex)
(/usr/local/texlive/2023/texmf-dist/tex/generic/pgf/math/pgfmathcalc.code.tex)
(/usr/local/texlive/2023/texmf-dist/tex/generic/pgf/math/pgfmathfloat.code.tex
\c@pgfmathroundto@lastzeros=\count286
)) (/usr/local/texlive/2023/texmf-dist/tex/generic/pgf/math/pgfint.code.tex)
(/usr/local/texlive/2023/texmf-dist/tex/generic/pgf/basiclayer/pgfcorepoints.co
de.tex
File: pgfcorepoints.code.tex 2023-01-15 v3.1.10 (3.1.10)
\pgf@picminx=\dimen183
\pgf@picmaxx=\dimen184
\pgf@picminy=\dimen185
\pgf@picmaxy=\dimen186
\pgf@pathminx=\dimen187
\pgf@pathmaxx=\dimen188
\pgf@pathminy=\dimen189
\pgf@pathmaxy=\dimen190
\pgf@xx=\dimen191
\pgf@xy=\dimen192
\pgf@yx=\dimen193
\pgf@yy=\dimen194
\pgf@zx=\dimen195
\pgf@zy=\dimen196
)
(/usr/local/texlive/2023/texmf-dist/tex/generic/pgf/basiclayer/pgfcorepathconst
ruct.code.tex
File: pgfcorepathconstruct.code.tex 2023-01-15 v3.1.10 (3.1.10)
\pgf@path@lastx=\dimen197
\pgf@path@lasty=\dimen198
)
(/usr/local/texlive/2023/texmf-dist/tex/generic/pgf/basiclayer/pgfcorepathusage
.code.tex
File: pgfcorepathusage.code.tex 2023-01-15 v3.1.10 (3.1.10)
\pgf@shorten@end@additional=\dimen199
\pgf@shorten@start@additional=\dimen256
)
(/usr/local/texlive/2023/texmf-dist/tex/generic/pgf/basiclayer/pgfcorescopes.co
de.tex
File: pgfcorescopes.code.tex 2023-01-15 v3.1.10 (3.1.10)
\pgfpic=\box56
\pgf@hbox=\box57
\pgf@layerbox@main=\box58
\pgf@picture@serial@count=\count287
)
(/usr/local/texlive/2023/texmf-dist/tex/generic/pgf/basiclayer/pgfcoregraphicst
ate.code.tex
File: pgfcoregraphicstate.code.tex 2023-01-15 v3.1.10 (3.1.10)
\pgflinewidth=\dimen257
)
(/usr/local/texlive/2023/texmf-dist/tex/generic/pgf/basiclayer/pgfcoretransform
ations.code.tex
File: pgfcoretransformations.code.tex 2023-01-15 v3.1.10 (3.1.10)
\pgf@pt@x=\dimen258
\pgf@pt@y=\dimen259
\pgf@pt@temp=\dimen260
)
(/usr/local/texlive/2023/texmf-dist/tex/generic/pgf/basiclayer/pgfcorequick.cod
e.tex
File: pgfcorequick.code.tex 2023-01-15 v3.1.10 (3.1.10)
)
(/usr/local/texlive/2023/texmf-dist/tex/generic/pgf/basiclayer/pgfcoreobjects.c
ode.tex
File: pgfcoreobjects.code.tex 2023-01-15 v3.1.10 (3.1.10)
)
(/usr/local/texlive/2023/texmf-dist/tex/generic/pgf/basiclayer/pgfcorepathproce
ssing.code.tex
File: pgfcorepathprocessing.code.tex 2023-01-15 v3.1.10 (3.1.10)
)
(/usr/local/texlive/2023/texmf-dist/tex/generic/pgf/basiclayer/pgfcorearrows.co
de.tex
File: pgfcorearrows.code.tex 2023-01-15 v3.1.10 (3.1.10)
\pgfarrowsep=\dimen261
)
(/usr/local/texlive/2023/texmf-dist/tex/generic/pgf/basiclayer/pgfcoreshade.cod
e.tex
File: pgfcoreshade.code.tex 2023-01-15 v3.1.10 (3.1.10)
\pgf@max=\dimen262
\pgf@sys@shading@range@num=\count288
\pgf@shadingcount=\count289
)
(/usr/local/texlive/2023/texmf-dist/tex/generic/pgf/basiclayer/pgfcoreimage.cod
e.tex
File: pgfcoreimage.code.tex 2023-01-15 v3.1.10 (3.1.10)
)
(/usr/local/texlive/2023/texmf-dist/tex/generic/pgf/basiclayer/pgfcoreexternal.
code.tex
File: pgfcoreexternal.code.tex 2023-01-15 v3.1.10 (3.1.10)
\pgfexternal@startupbox=\box59
)
(/usr/local/texlive/2023/texmf-dist/tex/generic/pgf/basiclayer/pgfcorelayers.co
de.tex
File: pgfcorelayers.code.tex 2023-01-15 v3.1.10 (3.1.10)
)
(/usr/local/texlive/2023/texmf-dist/tex/generic/pgf/basiclayer/pgfcoretranspare
ncy.code.tex
File: pgfcoretransparency.code.tex 2023-01-15 v3.1.10 (3.1.10)
)
(/usr/local/texlive/2023/texmf-dist/tex/generic/pgf/basiclayer/pgfcorepatterns.
code.tex
File: pgfcorepatterns.code.tex 2023-01-15 v3.1.10 (3.1.10)
)
(/usr/local/texlive/2023/texmf-dist/tex/generic/pgf/basiclayer/pgfcorerdf.code.
tex
File: pgfcorerdf.code.tex 2023-01-15 v3.1.10 (3.1.10)
)))
(/usr/local/texlive/2023/texmf-dist/tex/generic/pgf/modules/pgfmoduleshapes.cod
e.tex
File: pgfmoduleshapes.code.tex 2023-01-15 v3.1.10 (3.1.10)
\pgfnodeparttextbox=\box60
)
(/usr/local/texlive/2023/texmf-dist/tex/generic/pgf/modules/pgfmoduleplot.code.
tex
File: pgfmoduleplot.code.tex 2023-01-15 v3.1.10 (3.1.10)
)
(/usr/local/texlive/2023/texmf-dist/tex/latex/pgf/compatibility/pgfcomp-version
-0-65.sty
Package: pgfcomp-version-0-65 2023-01-15 v3.1.10 (3.1.10)
\pgf@nodesepstart=\dimen263
\pgf@nodesepend=\dimen264
)
(/usr/local/texlive/2023/texmf-dist/tex/latex/pgf/compatibility/pgfcomp-version
-1-18.sty
Package: pgfcomp-version-1-18 2023-01-15 v3.1.10 (3.1.10)
))
(/usr/local/texlive/2023/texmf-dist/tex/latex/pgf/utilities/pgffor.sty
(/usr/local/texlive/2023/texmf-dist/tex/latex/pgf/utilities/pgfkeys.sty
(/usr/local/texlive/2023/texmf-dist/tex/generic/pgf/utilities/pgfkeys.code.tex)
) (/usr/local/texlive/2023/texmf-dist/tex/latex/pgf/math/pgfmath.sty
(/usr/local/texlive/2023/texmf-dist/tex/generic/pgf/math/pgfmath.code.tex))
(/usr/local/texlive/2023/texmf-dist/tex/generic/pgf/utilities/pgffor.code.tex
Package: pgffor 2023-01-15 v3.1.10 (3.1.10)
\pgffor@iter=\dimen265
\pgffor@skip=\dimen266
\pgffor@stack=\toks39
\pgffor@toks=\toks40
))
(/usr/local/texlive/2023/texmf-dist/tex/generic/pgf/frontendlayer/tikz/tikz.cod
e.tex
Package: tikz 2023-01-15 v3.1.10 (3.1.10)

(/usr/local/texlive/2023/texmf-dist/tex/generic/pgf/libraries/pgflibraryplothan
dlers.code.tex
File: pgflibraryplothandlers.code.tex 2023-01-15 v3.1.10 (3.1.10)
\pgf@plot@mark@count=\count290
\pgfplotmarksize=\dimen267
)
\tikz@lastx=\dimen268
\tikz@lasty=\dimen269
\tikz@lastxsaved=\dimen270
\tikz@lastysaved=\dimen271
\tikz@lastmovetox=\dimen272
\tikz@lastmovetoy=\dimen273
\tikzleveldistance=\dimen274
\tikzsiblingdistance=\dimen275
\tikz@figbox=\box61
\tikz@figbox@bg=\box62
\tikz@tempbox=\box63
\tikz@tempbox@bg=\box64
\tikztreelevel=\count291
\tikznumberofchildren=\count292
\tikznumberofcurrentchild=\count293
\tikz@fig@count=\count294

(/usr/local/texlive/2023/texmf-dist/tex/generic/pgf/modules/pgfmodulematrix.cod
e.tex
File: pgfmodulematrix.code.tex 2023-01-15 v3.1.10 (3.1.10)
\pgfmatrixcurrentrow=\count295
\pgfmatrixcurrentcolumn=\count296
\pgf@matrix@numberofcolumns=\count297
)
\tikz@expandcount=\count298

(/usr/local/texlive/2023/texmf-dist/tex/generic/pgf/frontendlayer/tikz/librarie
s/tikzlibrarytopaths.code.tex
File: tikzlibrarytopaths.code.tex 2023-01-15 v3.1.10 (3.1.10)
)))
(/usr/local/texlive/2023/texmf-dist/tex/latex/hyperref/hyperref.sty
Package: hyperref 2023-04-22 v7.00x Hypertext links for LaTeX

(/usr/local/texlive/2023/texmf-dist/tex/generic/ltxcmds/ltxcmds.sty
Package: ltxcmds 2020-05-10 v1.25 LaTeX kernel commands for general use (HO)
)
(/usr/local/texlive/2023/texmf-dist/tex/generic/pdftexcmds/pdftexcmds.sty
Package: pdftexcmds 2020-06-27 v0.33 Utility functions of pdfTeX for LuaTeX (HO
)

(/usr/local/texlive/2023/texmf-dist/tex/generic/infwarerr/infwarerr.sty
Package: infwarerr 2019/12/03 v1.5 Providing info/warning/error messages (HO)
)
Package pdftexcmds Info: \pdf@primitive is available.
Package pdftexcmds Info: \pdf@ifprimitive is available.
Package pdftexcmds Info: \pdfdraftmode found.
)
(/usr/local/texlive/2023/texmf-dist/tex/latex/kvsetkeys/kvsetkeys.sty
Package: kvsetkeys 2022-10-05 v1.19 Key value parser (HO)
)
(/usr/local/texlive/2023/texmf-dist/tex/generic/kvdefinekeys/kvdefinekeys.sty
Package: kvdefinekeys 2019-12-19 v1.6 Define keys (HO)
)
(/usr/local/texlive/2023/texmf-dist/tex/generic/pdfescape/pdfescape.sty
Package: pdfescape 2019/12/09 v1.15 Implements pdfTeX's escape features (HO)
)
(/usr/local/texlive/2023/texmf-dist/tex/latex/hycolor/hycolor.sty
Package: hycolor 2020-01-27 v1.10 Color options for hyperref/bookmark (HO)
)
(/usr/local/texlive/2023/texmf-dist/tex/latex/letltxmacro/letltxmacro.sty
Package: letltxmacro 2019/12/03 v1.6 Let assignment for LaTeX macros (HO)
)
(/usr/local/texlive/2023/texmf-dist/tex/latex/auxhook/auxhook.sty
Package: auxhook 2019-12-17 v1.6 Hooks for auxiliary files (HO)
)
(/usr/local/texlive/2023/texmf-dist/tex/latex/hyperref/nameref.sty
Package: nameref 2022-05-17 v2.50 Cross-referencing by name of section

(/usr/local/texlive/2023/texmf-dist/tex/latex/refcount/refcount.sty
Package: refcount 2019/12/15 v3.6 Data extraction from label references (HO)
)
(/usr/local/texlive/2023/texmf-dist/tex/generic/gettitlestring/gettitlestring.s
ty
Package: gettitlestring 2019/12/15 v1.6 Cleanup title references (HO)
 (/usr/local/texlive/2023/texmf-dist/tex/latex/kvoptions/kvoptions.sty
Package: kvoptions 2022-06-15 v3.15 Key value format for package options (HO)
))
\c@section@level=\count299
)
(/usr/local/texlive/2023/texmf-dist/tex/latex/etoolbox/etoolbox.sty
Package: etoolbox 2020/10/05 v2.5k e-TeX tools for LaTeX (JAW)
\etb@tempcnta=\count300
)
\@linkdim=\dimen276
\Hy@linkcounter=\count301
\Hy@pagecounter=\count302

(/usr/local/texlive/2023/texmf-dist/tex/latex/hyperref/pd1enc.def
File: pd1enc.def 2023-04-22 v7.00x Hyperref: PDFDocEncoding definition (HO)
Now handling font encoding PD1 ...
... no UTF-8 mapping file for font encoding PD1
)
(/usr/local/texlive/2023/texmf-dist/tex/generic/intcalc/intcalc.sty
Package: intcalc 2019/12/15 v1.3 Expandable calculations with integers (HO)
)
\Hy@SavedSpaceFactor=\count303

(/usr/local/texlive/2023/texmf-dist/tex/latex/hyperref/puenc.def
File: puenc.def 2023-04-22 v7.00x Hyperref: PDF Unicode definition (HO)
Now handling font encoding PU ...
... no UTF-8 mapping file for font encoding PU
)
Package hyperref Info: Option `colorlinks' set `true' on input line 4065.
Package hyperref Info: Hyper figures OFF on input line 4182.
Package hyperref Info: Link nesting OFF on input line 4187.
Package hyperref Info: Hyper index ON on input line 4190.
Package hyperref Info: Plain pages OFF on input line 4197.
Package hyperref Info: Backreferencing OFF on input line 4202.
Package hyperref Info: Implicit mode ON; LaTeX internals redefined.
Package hyperref Info: Bookmarks ON on input line 4449.
\c@Hy@tempcnt=\count304

(/usr/local/texlive/2023/texmf-dist/tex/latex/url/url.sty
\Urlmuskip=\muskip17
Package: url 2013/09/16  ver 3.4  Verb mode for urls, etc.
)
LaTeX Info: Redefining \url on input line 4787.
\XeTeXLinkMargin=\dimen277

(/usr/local/texlive/2023/texmf-dist/tex/generic/bitset/bitset.sty
Package: bitset 2019/12/09 v1.3 Handle bit-vector datatype (HO)

(/usr/local/texlive/2023/texmf-dist/tex/generic/bigintcalc/bigintcalc.sty
Package: bigintcalc 2019/12/15 v1.5 Expandable calculations on big integers (HO
)
))
\Fld@menulength=\count305
\Field@Width=\dimen278
\Fld@charsize=\dimen279
Package hyperref Info: Hyper figures OFF on input line 6066.
Package hyperref Info: Link nesting OFF on input line 6071.
Package hyperref Info: Hyper index ON on input line 6074.
Package hyperref Info: backreferencing OFF on input line 6081.
Package hyperref Info: Link coloring ON on input line 6084.
Package hyperref Info: Link coloring with OCG OFF on input line 6091.
Package hyperref Info: PDF/A mode OFF on input line 6096.

(/usr/local/texlive/2023/texmf-dist/tex/latex/base/atbegshi-ltx.sty
Package: atbegshi-ltx 2021/01/10 v1.0c Emulation of the original atbegshi
package with kernel methods
)
\Hy@abspage=\count306
\c@Item=\count307
\c@Hfootnote=\count308
)
Package hyperref Info: Driver (autodetected): hpdftex.

(/usr/local/texlive/2023/texmf-dist/tex/latex/hyperref/hpdftex.def
File: hpdftex.def 2023-04-22 v7.00x Hyperref driver for pdfTeX

(/usr/local/texlive/2023/texmf-dist/tex/latex/base/atveryend-ltx.sty
Package: atveryend-ltx 2020/08/19 v1.0a Emulation of the original atveryend pac
kage
with kernel methods
)
\Fld@listcount=\count309
\c@bookmark@seq@number=\count310

(/usr/local/texlive/2023/texmf-dist/tex/latex/rerunfilecheck/rerunfilecheck.sty
Package: rerunfilecheck 2022-07-10 v1.10 Rerun checks for auxiliary files (HO)

(/usr/local/texlive/2023/texmf-dist/tex/generic/uniquecounter/uniquecounter.sty
Package: uniquecounter 2019/12/15 v1.4 Provide unlimited unique counter (HO)
)
Package uniquecounter Info: New unique counter `rerunfilecheck' on input line 2
85.
)
\Hy@SectionHShift=\skip60
) (/usr/local/texlive/2023/texmf-dist/tex/latex/booktabs/booktabs.sty
Package: booktabs 2020/01/12 v1.61803398 Publication quality tables
\heavyrulewidth=\dimen280
\lightrulewidth=\dimen281
\cmidrulewidth=\dimen282
\belowrulesep=\dimen283
\belowbottomsep=\dimen284
\aboverulesep=\dimen285
\abovetopsep=\dimen286
\cmidrulesep=\dimen287
\cmidrulekern=\dimen288
\defaultaddspace=\dimen289
\@cmidla=\count311
\@cmidlb=\count312
\@aboverulesep=\dimen290
\@belowrulesep=\dimen291
\@thisruleclass=\count313
\@lastruleclass=\count314
\@thisrulewidth=\dimen292
)
\c@theorem=\count315

(/usr/local/texlive/2023/texmf-dist/tex/latex/base/fontenc.sty
Package: fontenc 2021/04/29 v2.0v Standard LaTeX package

(/usr/local/texlive/2023/texmf-dist/tex/latex/cyrillic/ot2enc.def
File: ot2enc.def 2022/06/11 v3.3b Cyrillic encoding definition file
Now handling font encoding OT2 ...
... processing UTF-8 mapping file for font encoding OT2

(/usr/local/texlive/2023/texmf-dist/tex/latex/base/ot2enc.dfu
File: ot2enc.dfu 2022/06/07 v1.3c UTF-8 support
   defining Unicode char U+00AB (decimal 171)
   defining Unicode char U+00BB (decimal 187)
   defining Unicode char U+0131 (decimal 305)
   defining Unicode char U+0237 (decimal 567)
   defining Unicode char U+0400 (decimal 1024)
   defining Unicode char U+0401 (decimal 1025)
   defining Unicode char U+0402 (decimal 1026)
   defining Unicode char U+0403 (decimal 1027)
   defining Unicode char U+0404 (decimal 1028)
   defining Unicode char U+0405 (decimal 1029)
   defining Unicode char U+0406 (decimal 1030)
   defining Unicode char U+0408 (decimal 1032)
   defining Unicode char U+0409 (decimal 1033)
   defining Unicode char U+040A (decimal 1034)
   defining Unicode char U+040B (decimal 1035)
   defining Unicode char U+040C (decimal 1036)
   defining Unicode char U+040D (decimal 1037)
   defining Unicode char U+040F (decimal 1039)
   defining Unicode char U+0410 (decimal 1040)
   defining Unicode char U+0411 (decimal 1041)
   defining Unicode char U+0412 (decimal 1042)
   defining Unicode char U+0413 (decimal 1043)
   defining Unicode char U+0414 (decimal 1044)
   defining Unicode char U+0415 (decimal 1045)
   defining Unicode char U+0416 (decimal 1046)
   defining Unicode char U+0417 (decimal 1047)
   defining Unicode char U+0418 (decimal 1048)
   defining Unicode char U+0419 (decimal 1049)
   defining Unicode char U+041A (decimal 1050)
   defining Unicode char U+041B (decimal 1051)
   defining Unicode char U+041C (decimal 1052)
   defining Unicode char U+041D (decimal 1053)
   defining Unicode char U+041E (decimal 1054)
   defining Unicode char U+041F (decimal 1055)
   defining Unicode char U+0420 (decimal 1056)
   defining Unicode char U+0421 (decimal 1057)
   defining Unicode char U+0422 (decimal 1058)
   defining Unicode char U+0423 (decimal 1059)
   defining Unicode char U+0424 (decimal 1060)
   defining Unicode char U+0425 (decimal 1061)
   defining Unicode char U+0426 (decimal 1062)
   defining Unicode char U+0427 (decimal 1063)
   defining Unicode char U+0428 (decimal 1064)
   defining Unicode char U+0429 (decimal 1065)
   defining Unicode char U+042A (decimal 1066)
   defining Unicode char U+042B (decimal 1067)
   defining Unicode char U+042C (decimal 1068)
   defining Unicode char U+042D (decimal 1069)
   defining Unicode char U+042E (decimal 1070)
   defining Unicode char U+042F (decimal 1071)
   defining Unicode char U+0430 (decimal 1072)
   defining Unicode char U+0431 (decimal 1073)
   defining Unicode char U+0432 (decimal 1074)
   defining Unicode char U+0433 (decimal 1075)
   defining Unicode char U+0434 (decimal 1076)
   defining Unicode char U+0435 (decimal 1077)
   defining Unicode char U+0436 (decimal 1078)
   defining Unicode char U+0437 (decimal 1079)
   defining Unicode char U+0438 (decimal 1080)
   defining Unicode char U+0439 (decimal 1081)
   defining Unicode char U+043A (decimal 1082)
   defining Unicode char U+043B (decimal 1083)
   defining Unicode char U+043C (decimal 1084)
   defining Unicode char U+043D (decimal 1085)
   defining Unicode char U+043E (decimal 1086)
   defining Unicode char U+043F (decimal 1087)
   defining Unicode char U+0440 (decimal 1088)
   defining Unicode char U+0441 (decimal 1089)
   defining Unicode char U+0442 (decimal 1090)
   defining Unicode char U+0443 (decimal 1091)
   defining Unicode char U+0444 (decimal 1092)
   defining Unicode char U+0445 (decimal 1093)
   defining Unicode char U+0446 (decimal 1094)
   defining Unicode char U+0447 (decimal 1095)
   defining Unicode char U+0448 (decimal 1096)
   defining Unicode char U+0449 (decimal 1097)
   defining Unicode char U+044A (decimal 1098)
   defining Unicode char U+044B (decimal 1099)
   defining Unicode char U+044C (decimal 1100)
   defining Unicode char U+044D (decimal 1101)
   defining Unicode char U+044E (decimal 1102)
   defining Unicode char U+044F (decimal 1103)
   defining Unicode char U+0450 (decimal 1104)
   defining Unicode char U+0451 (decimal 1105)
   defining Unicode char U+0452 (decimal 1106)
   defining Unicode char U+0453 (decimal 1107)
   defining Unicode char U+0454 (decimal 1108)
   defining Unicode char U+0455 (decimal 1109)
   defining Unicode char U+0456 (decimal 1110)
   defining Unicode char U+0458 (decimal 1112)
   defining Unicode char U+0459 (decimal 1113)
   defining Unicode char U+045A (decimal 1114)
   defining Unicode char U+045B (decimal 1115)
   defining Unicode char U+045C (decimal 1116)
   defining Unicode char U+045D (decimal 1117)
   defining Unicode char U+045F (decimal 1119)
   defining Unicode char U+0462 (decimal 1122)
   defining Unicode char U+0463 (decimal 1123)
   defining Unicode char U+0472 (decimal 1138)
   defining Unicode char U+0473 (decimal 1139)
   defining Unicode char U+0474 (decimal 1140)
   defining Unicode char U+0475 (decimal 1141)
   defining Unicode char U+04C1 (decimal 1217)
   defining Unicode char U+04C2 (decimal 1218)
   defining Unicode char U+04D0 (decimal 1232)
   defining Unicode char U+04D1 (decimal 1233)
   defining Unicode char U+04D2 (decimal 1234)
   defining Unicode char U+04D3 (decimal 1235)
   defining Unicode char U+04D6 (decimal 1238)
   defining Unicode char U+04D7 (decimal 1239)
   defining Unicode char U+04DC (decimal 1244)
   defining Unicode char U+04DD (decimal 1245)
   defining Unicode char U+04DE (decimal 1246)
   defining Unicode char U+04DF (decimal 1247)
   defining Unicode char U+04E2 (decimal 1250)
   defining Unicode char U+04E3 (decimal 1251)
   defining Unicode char U+04E4 (decimal 1252)
   defining Unicode char U+04E5 (decimal 1253)
   defining Unicode char U+04E6 (decimal 1254)
   defining Unicode char U+04E7 (decimal 1255)
   defining Unicode char U+04EC (decimal 1260)
   defining Unicode char U+04ED (decimal 1261)
   defining Unicode char U+04EE (decimal 1262)
   defining Unicode char U+04EF (decimal 1263)
   defining Unicode char U+04F0 (decimal 1264)
   defining Unicode char U+04F1 (decimal 1265)
   defining Unicode char U+04F2 (decimal 1266)
   defining Unicode char U+04F3 (decimal 1267)
   defining Unicode char U+04F4 (decimal 1268)
   defining Unicode char U+04F5 (decimal 1269)
   defining Unicode char U+04F8 (decimal 1272)
   defining Unicode char U+04F9 (decimal 1273)
   defining Unicode char U+2013 (decimal 8211)
   defining Unicode char U+2014 (decimal 8212)
   defining Unicode char U+2018 (decimal 8216)
   defining Unicode char U+2019 (decimal 8217)
   defining Unicode char U+201C (decimal 8220)
   defining Unicode char U+201D (decimal 8221)
   defining Unicode char U+2116 (decimal 8470)
)))
\symcyrletters=\mathgroup6

(/usr/local/texlive/2023/texmf-dist/tex/latex/l3backend/l3backend-pdftex.def
File: l3backend-pdftex.def 2023-04-19 L3 backend support: PDF output (pdfTeX)
\l__color_backend_stack_int=\count316
\l__pdf_internal_box=\box65
)
(./hodge_companion.aux)
\openout1 = `hodge_companion.aux'.

LaTeX Font Info:    Checking defaults for OML/cmm/m/it on input line 33.
LaTeX Font Info:    ... okay on input line 33.
LaTeX Font Info:    Checking defaults for OMS/cmsy/m/n on input line 33.
LaTeX Font Info:    ... okay on input line 33.
LaTeX Font Info:    Checking defaults for OT1/cmr/m/n on input line 33.
LaTeX Font Info:    ... okay on input line 33.
LaTeX Font Info:    Checking defaults for T1/cmr/m/n on input line 33.
LaTeX Font Info:    ... okay on input line 33.
LaTeX Font Info:    Checking defaults for TS1/cmr/m/n on input line 33.
LaTeX Font Info:    ... okay on input line 33.
LaTeX Font Info:    Checking defaults for OMX/cmex/m/n on input line 33.
LaTeX Font Info:    ... okay on input line 33.
LaTeX Font Info:    Checking defaults for U/cmr/m/n on input line 33.
LaTeX Font Info:    ... okay on input line 33.
LaTeX Font Info:    Checking defaults for PD1/pdf/m/n on input line 33.
LaTeX Font Info:    ... okay on input line 33.
LaTeX Font Info:    Checking defaults for PU/pdf/m/n on input line 33.
LaTeX Font Info:    ... okay on input line 33.
LaTeX Font Info:    Checking defaults for OT2/cmr/m/n on input line 33.
LaTeX Font Info:    Trying to load font information for OT2+cmr on input line 3
3.

(/usr/local/texlive/2023/texmf-dist/tex/latex/cyrillic/ot2cmr.fd
File: ot2cmr.fd 2001/08/11 v3.2c Computer Modern Cyrillic font definitions
)
LaTeX Font Info:    ... okay on input line 33.

*geometry* driver: auto-detecting
*geometry* detected driver: pdftex
*geometry* verbose mode - [ preamble ] result:
* driver: pdftex
* paper: <default>
* layout: <same size as paper>
* layoutoffset:(h,v)=(0.0pt,0.0pt)
* modes: 
* h-part:(L,W,R)=(79.49744pt, 455.30013pt, 79.49744pt)
* v-part:(T,H,B)=(79.49744pt, 635.97511pt, 79.49744pt)
* \paperwidth=614.295pt
* \paperheight=794.96999pt
* \textwidth=455.30013pt
* \textheight=635.97511pt
* \oddsidemargin=7.22745pt
* \evensidemargin=7.22745pt
* \topmargin=-29.77255pt
* \headheight=12.0pt
* \headsep=25.0pt
* \topskip=11.0pt
* \footskip=30.0pt
* \marginparwidth=59.0pt
* \marginparsep=10.0pt
* \columnsep=10.0pt
* \skip\footins=10.0pt plus 4.0pt minus 2.0pt
* \hoffset=0.0pt
* \voffset=0.0pt
* \mag=1000
* \@twocolumnfalse
* \@twosidefalse
* \@mparswitchfalse
* \@reversemarginfalse
* (1in=72.27pt=25.4mm, 1cm=28.453pt)

(/usr/local/texlive/2023/texmf-dist/tex/context/base/mkii/supp-pdf.mkii
[Loading MPS to PDF converter (version 2006.09.02).]
\scratchcounter=\count317
\scratchdimen=\dimen293
\scratchbox=\box66
\nofMPsegments=\count318
\nofMParguments=\count319
\everyMPshowfont=\toks41
\MPscratchCnt=\count320
\MPscratchDim=\dimen294
\MPnumerator=\count321
\makeMPintoPDFobject=\count322
\everyMPtoPDFconversion=\toks42
) (/usr/local/texlive/2023/texmf-dist/tex/latex/epstopdf-pkg/epstopdf-base.sty
Package: epstopdf-base 2020-01-24 v2.11 Base part for package epstopdf

(/usr/local/texlive/2023/texmf-dist/tex/latex/grfext/grfext.sty
Package: grfext 2019/12/03 v1.3 Manage graphics extensions (HO)
)
Package epstopdf-base Info: Redefining graphics rule for `.eps' on input line 4
85.
Package grfext Info: Graphics extension search list:
(grfext)             [.pdf,.png,.jpg,.mps,.jpeg,.jbig2,.jb2,.PDF,.PNG,.JPG,.JPE
G,.JBIG2,.JB2,.eps]
(grfext)             \AppendGraphicsExtensions on input line 504.

(/usr/local/texlive/2023/texmf-dist/tex/latex/latexconfig/epstopdf-sys.cfg
File: epstopdf-sys.cfg 2010/07/13 v1.3 Configuration of (r)epstopdf for TeX Liv
e
))
Package hyperref Info: Link coloring ON on input line 33.

(./hodge_companion.out) (./hodge_companion.out)
\@outlinefile=\write4
\openout4 = `hodge_companion.out'.

LaTeX Font Info:    Trying to load font information for U+msa on input line 35.


(/usr/local/texlive/2023/texmf-dist/tex/latex/amsfonts/umsa.fd
File: umsa.fd 2013/01/14 v3.01 AMS symbols A
)
LaTeX Font Info:    Trying to load font information for U+msb on input line 35.


(/usr/local/texlive/2023/texmf-dist/tex/latex/amsfonts/umsb.fd
File: umsb.fd 2013/01/14 v3.01 AMS symbols B
)
LaTeX Font Info:    Trying to load font information for OT2+wncyr on input line
 35.

(/usr/local/texlive/2023/texmf-dist/tex/latex/cyrillic/ot2wncyr.fd
File: ot2wncyr.fd 1999/12/17 v3.2a Computer Modern Cyrillic font definitions
)
LaTeX Font Info:    Trying to load font information for T1+cmtt on input line 3
5.

(/usr/local/texlive/2023/texmf-dist/tex/latex/base/t1cmtt.fd
File: t1cmtt.fd 2022/07/10 v2.5l Standard LaTeX font definitions
) [1

{/usr/local/texlive/2023/texmf-var/fonts/map/pdftex/updmap/pdftex.map}{/usr/loc
al/texlive/2023/texmf-dist/fonts/enc/dvips/cm-super/cm-super-t1.enc}] (./hodge_
companion.toc
[2])
\tf@toc=\write5
\openout5 = `hodge_companion.toc'.

 [3] [4] [5]
Overfull \hbox (11.71425pt too wide) in paragraph at lines 315--319
\T1/cmr/m/n/10.95 a bi-jec-tion with ex-plicit in-verse (Lean, \T1/cmtt/m/n/10.
95 ConeProjection.record_bijective\T1/cmr/m/n/10.95 , \T1/cmtt/m/n/10.95 recons
truct_record\T1/cmr/m/n/10.95 )
 []

[6{/usr/local/texlive/2023/texmf-dist/fonts/enc/dvips/cm-super/cm-super-ts1.enc
}]
Overfull \hbox (91.76079pt too wide) in paragraph at lines 444--449
\T1/cmr/m/n/10.95 noth-ing down-stream is cir-cu-lar. The book-keep-ing is then
 a machine-checked pack-age (\T1/cmtt/m/n/10.95 HodgeLedgerFiltration.lean
 []

[7] [8]
Overfull \hbox (71.34557pt too wide) in paragraph at lines 508--519
\T1/cmtt/m/n/10.95 generalExtensionTower_detects\T1/cmr/m/n/10.95 , \T1/cmtt/m/
n/10.95 generalExtensionTower_exhaustive\T1/cmr/m/n/10.95 , and \T1/cmtt/m/n/10
.95 generalExtension_retention\T1/cmr/m/n/10.95 ;
 []


Overfull \hbox (74.37935pt too wide) in paragraph at lines 537--551
\T1/cmr/m/it/10.95 in the rad-i-cal of the value tower --- ``killed by semisim-
pli-fi-ca-tion'' as a the-o-rem \T1/cmr/m/n/10.95 (\T1/cmtt/m/n/10.95 jordan_lo
calFactor_driftBlind\T1/cmr/m/n/10.95 ,
 []

[9]
Overfull \hbox (45.34195pt too wide) in paragraph at lines 619--631
 [] 
 []

[10]
Overfull \hbox (3.81503pt too wide) in paragraph at lines 678--686
\T1/cmr/m/n/10.95 tor through the single-archimedean Abel--Jacobi re-al-iza-tio
n (\T1/cmtt/m/n/10.95 radical_of_factorsThrough\T1/cmr/m/n/10.95 ),
 []

[11] [12]
Overfull \hbox (7.37677pt too wide) in paragraph at lines 783--796
\T1/cmr/m/n/10.95 lo-cal-iza-tion prin-ci-ple is machine-checked over the car-r
ier fil-tra-tion (\T1/cmtt/m/n/10.95 MultiRailLocalization.lean\T1/cmr/m/n/10.9
5 :
 []

[13]
LaTeX Font Info:    Trying to load font information for U+euf on input line 827
.
 (/usr/local/texlive/2023/texmf-dist/tex/latex/amsfonts/ueuf.fd
File: ueuf.fd 2013/01/14 v3.01 Euler Fraktur
) [14]
[15]
Overfull \hbox (23.09914pt too wide) in paragraph at lines 984--993
\T1/cmr/m/n/10.95 Zagier/Kolyvagin; grade $\OT1/cmr/m/n/10.95 2$ \T1/cmr/m/n/10
.95 Gan--Gross--Prasad/Kudla/W. Zhang [[], []]; grade $\OT1/cmr/m/n/10.95 3$ \T
1/cmr/m/n/10.95 Gross--Kudla/Gross--
 []


Overfull \hbox (0.47626pt too wide) in paragraph at lines 1015--1028
\T1/cmr/m/it/10.95 prim-i-tive quadru-ple \T1/cmr/m/n/10.95 --- machine-checked
 in model form (\T1/cmtt/m/n/10.95 RequestProject/Rung4SplitNoGo.lean\T1/cmr/m/
n/10.95 :
 []


Overfull \hbox (3.43834pt too wide) in paragraph at lines 1015--1028
\T1/cmr/m/n/10.95 with the mea-sured oc-cu-pancy zero (four dis-tinct non-isoge
nous curves have \T1/cmr/m/it/10.95 no \T1/cmr/m/n/10.95 al-ge-braic $\OT1/cmr/
m/n/10.95 (1\OML/cmm/m/it/10.95 ; \OT1/cmr/m/n/10.95 1\OML/cmm/m/it/10.95 ; \OT
1/cmr/m/n/10.95 1\OML/cmm/m/it/10.95 ; \OT1/cmr/m/n/10.95 1)$\T1/cmr/m/n/10.95 
-
 []

[16] [17] [18] [19]
Overfull \hbox (103.29532pt too wide) in paragraph at lines 1288--1299
 []\T1/cmr/bx/n/10.95 The fiber's for-mal home.[] \T1/cmr/m/n/10.95 The degree-
16 ob-ject of ź[][]11[][] now ex-ists in Lean (\T1/cmtt/m/n/10.95 RequestProjec
t/QuadrupleFiber.lean\T1/cmr/m/n/10.95 ;
 []

[20] [21] [22]
Overfull \hbox (4.0262pt too wide) in paragraph at lines 1458--1470
\T1/cmr/m/n/10.95 primes. Grade five prim-i-tive chan-nel mo-ments $\OT1/cmr/m/
n/10.95 1\OML/cmm/m/it/10.95 ;  \OT1/cmr/m/n/10.95 10\OML/cmm/m/it/10.95 ;  \OT
1/cmr/m/n/10.95 215\OML/cmm/m/it/10.95 =\OT1/cmr/m/n/10.95 8$ \T1/cmr/m/n/10.95
 --- mea-sured $\OT1/cmr/m/n/10.95 1\OML/cmm/m/it/10.95 :\OT1/cmr/m/n/10.95 000
0\OML/cmm/m/it/10.95 ;  \OT1/cmr/m/n/10.95 10\OML/cmm/m/it/10.95 :\OT1/cmr/m/n/
10.95 0081\OML/cmm/m/it/10.95 ;  \OT1/cmr/m/n/10.95 26\OML/cmm/m/it/10.95 :\OT1
/cmr/m/n/10.95 9110$\T1/cmr/m/n/10.95 ;
 []

[23] [24] [25] [26] [27]
Overfull \hbox (11.0748pt too wide) in paragraph at lines 1792--1799
 []\T1/cmr/bx/n/10.95 Register.[] \T1/cmr/m/n/10.95 Ev-ery-thing above is the-o
-rem or mea-sure-ment on theorem-covered ground; the branched
 []

[28]
Overfull \hbox (14.04317pt too wide) in paragraph at lines 1853--1864
\T1/cmr/m/n/10.95 needs no Torelli (the machine-checked rea-son the loop closed
 where it did); and \T1/cmtt/m/n/10.95 boundary_necessity
 []

[29] [30] [31]
Overfull \hbox (41.26976pt too wide) in paragraph at lines 2056--2072
\T1/cmr/m/it/10.95 The ar-chi-tec-ture, machine-checked. \T1/cmr/m/n/10.95 The 
re-duc-tion is now kernel-fixed (\T1/cmtt/m/n/10.95 RequestProject/HodgeDial.le
an\T1/cmr/m/n/10.95 ;
 []


Overfull \hbox (46.57626pt too wide) in paragraph at lines 2056--2072
\OMS/cmsy/m/n/10.95 )$ \T1/cmr/m/n/10.95 sourced) are the two named hy-pothe-se
s --- \T1/cmr/m/it/10.95 as-serted by no one \T1/cmr/m/n/10.95 --- and \T1/cmtt
/m/n/10.95 hodge_of_retention_recognition
 []


Overfull \hbox (11.79858pt too wide) in paragraph at lines 2056--2072
\T1/cmtt/m/n/10.95 generalExtension_sourceExhaustion_of_gradeSplit_sourceConstr
uction \T1/cmr/m/n/10.95 as-sem-bles both into
 []

[32] [33]
Overfull \hbox (92.52843pt too wide) in paragraph at lines 2150--2157
\T1/cmr/m/n/10.95 con-struc-tion $\OMS/cmsy/m/n/10.95 !$ \T1/cmr/m/n/10.95 cy-c
le con-struc-tion $\OMS/cmsy/m/n/10.95 !$ \T1/cmr/m/n/10.95 ex-act re-al-iza-ti
on (\T1/cmtt/m/n/10.95 HigherGradeRecognitionPackage.certifiedSource\T1/cmr/m/n
/10.95 ).
 []

[34] [35]
Overfull \hbox (19.06973pt too wide) in paragraph at lines 2278--2282
\T1/cmr/m/n/10.95 fi-nal ver-i-fi-ca-tion columns. Lean foot-prints are uni-for
mly $\OMS/cmsy/m/n/10.95 f[]\OML/cmm/m/it/10.95 ; []; []\OMS/cmsy/m/n/10.95 g$\
T1/cmr/m/n/10.95 ,
 []


Overfull \hbox (97.47253pt too wide) in paragraph at lines 2284--2295
[]\T1/cmr/bx/n/10.95 The fil-tra-tion dic-tio-nary\T1/cmr/m/n/10.95 , \T1/cmtt/
m/n/10.95 RequestProject/HodgeLedgerFiltration.lean\T1/cmr/m/n/10.95 : \T1/cmtt
/m/n/10.95 carrierFiltration_antitone\T1/cmr/m/n/10.95 ,
 []


Overfull \hbox (5.2306pt too wide) in paragraph at lines 2284--2295
\T1/cmtt/m/n/10.95 ledger_kernel\T1/cmr/m/n/10.95 , \T1/cmtt/m/n/10.95 mem_carr
ierFiltration_succ\T1/cmr/m/n/10.95 , \T1/cmtt/m/n/10.95 no_early_detection\T1/
cmr/m/n/10.95 , \T1/cmtt/m/n/10.95 grade_visibility\T1/cmr/m/n/10.95 ,
 []


Overfull \hbox (118.39803pt too wide) in paragraph at lines 2284--2295
\T1/cmtt/m/n/10.95 firstVisibleDepth_eq_grade\T1/cmr/m/n/10.95 , \T1/cmtt/m/n/1
0.95 isFirstVisible_unique\T1/cmr/m/n/10.95 , \T1/cmtt/m/n/10.95 isFirstVisible
_map_iff\T1/cmr/m/n/10.95 , \T1/cmtt/m/n/10.95 carrierFiltration_unique\T1/cmr/
m/n/10.95 ,
 []


Overfull \hbox (56.12482pt too wide) in paragraph at lines 2284--2295
\T1/cmtt/m/n/10.95 blochBeilinson_coincides\T1/cmr/m/n/10.95 , \T1/cmtt/m/n/10.
95 exhaustive_of_radical_trivial\T1/cmr/m/n/10.95 , \T1/cmtt/m/n/10.95 grade_vi
sible_of_nondegenerate\T1/cmr/m/n/10.95 ,
 []


Overfull \hbox (23.35579pt too wide) in paragraph at lines 2295--2303
[]\T1/cmr/bx/n/10.95 The finite-extension re-ten-tion the-o-rem\T1/cmr/m/n/10.9
5 , \T1/cmtt/m/n/10.95 RequestProject/CarrierTowerSeparation.lean
 []


Overfull \hbox (49.33575pt too wide) in paragraph at lines 2295--2303
\T1/cmr/m/n/10.95 and \T1/cmtt/m/n/10.95 RequestProject/GeneralExtensionRetenti
on.lean\T1/cmr/m/n/10.95 : \T1/cmtt/m/n/10.95 radical_trivial_of_tower_injectiv
e\T1/cmr/m/n/10.95 ,
 []


Overfull \hbox (141.03151pt too wide) in paragraph at lines 2295--2303
\T1/cmtt/m/n/10.95 momentTower_detects\T1/cmr/m/n/10.95 , \T1/cmtt/m/n/10.95 mo
mentTower_radical_trivial\T1/cmr/m/n/10.95 , \T1/cmtt/m/n/10.95 momentTower_exh
austive\T1/cmr/m/n/10.95 , \T1/cmtt/m/n/10.95 generalExtensionTower_detects\T1/
cmr/m/n/10.95 ,
 []

[36]
Overfull \hbox (40.23677pt too wide) in paragraph at lines 2330--2348
\T1/cmr/m/n/10.95 value-blind / jet-visible / never silent; \T1/cmtt/m/n/10.95 
driftPairing_posDef\T1/cmr/m/n/10.95 ; \T1/cmtt/m/n/10.95 anisotropic_of_defini
te_factor\T1/cmr/m/n/10.95 ),
 []


Overfull \hbox (176.70872pt too wide) in paragraph at lines 2330--2348
\T1/cmr/m/n/10.95 cer-ti-fied source, ex-act higher-grade re-al-iza-tion, and g
rade-split recog-ni-tion), \T1/cmtt/m/n/10.95 RequestProject/CeresaGrossSchoenL
anding.lean
 []


Overfull \hbox (39.18137pt too wide) in paragraph at lines 2330--2348
\T1/cmr/m/sc/10.95 Recog-ni-tion\T1/cmr/m/n/10.95 , \T1/cmtt/m/n/10.95 hodge_of
_retention_recognition\T1/cmr/m/n/10.95 , \T1/cmtt/m/n/10.95 model_sourceExhaus
tion_of_recognition\T1/cmr/m/n/10.95 ),
 []


Overfull \hbox (2.70918pt too wide) in paragraph at lines 2363--2369
[]\T1/cmr/bx/n/10.95 The mis-clocking bat-tery\T1/cmr/m/n/10.95 , \T1/cmtt/m/n/
10.95 tmp/harmonic_falsifier.py \T1/cmr/m/n/10.95 and \T1/cmtt/m/n/10.95 tmp/mu
_ladder.py\T1/cmr/m/n/10.95 : wrong
 []

[37]
Overfull \hbox (14.03123pt too wide) in paragraph at lines 2386--2393
[]\T1/cmr/bx/n/10.95 The cer-ti-fied eval-u-a-tor and value chain\T1/cmr/m/n/10
.95 , \T1/cmtt/m/n/10.95 tmp/center_reading.py\T1/cmr/m/n/10.95 , \T1/cmtt/m/n/
10.95 tmp/deg6_center.py\T1/cmr/m/n/10.95 ,
 []


Overfull \hbox (62.29454pt too wide) in paragraph at lines 2393--2399
[]\T1/cmr/bx/n/10.95 Wall four, three faces\T1/cmr/m/n/10.95 , \T1/cmtt/m/n/10.
95 tmp/farside_center.py\T1/cmr/m/n/10.95 , \T1/cmtt/m/n/10.95 tmp/carrier_cent
er.py\T1/cmr/m/n/10.95 , \T1/cmtt/m/n/10.95 tmp/adapted_center.py\T1/cmr/m/n/10
.95 :
 []

[38]
Overfull \hbox (4.40073pt too wide) in paragraph at lines 2438--2444
[]\T1/cmr/bx/n/10.95 The scal-ing test\T1/cmr/m/n/10.95 , \T1/cmtt/m/n/10.95 tm
p/grade56_scaling.py\T1/cmr/m/n/10.95 , \T1/cmtt/m/n/10.95 tmp/theta_79a1.npy\T
1/cmr/m/n/10.95 , \T1/cmtt/m/n/10.95 tmp/theta_83a1.npy\T1/cmr/m/n/10.95 :
 []


Overfull \hbox (72.21738pt too wide) in paragraph at lines 2471--2482
[]\T1/cmr/bx/n/10.95 The con-stancy mech-a-nism\T1/cmr/m/n/10.95 , \T1/cmtt/m/n
/10.95 tmp/constancy_mechanism.py \T1/cmr/m/n/10.95 and \T1/cmtt/m/n/10.95 tmp/
constancy_mechanism_notes.md\T1/cmr/m/n/10.95 :
 []


Overfull \hbox (53.52094pt too wide) in paragraph at lines 2471--2482
\T1/cmr/m/n/10.95 the an-ni-hi-la-tor the-o-rem with ci-ta-tions; vari-ance spe
c-troscopy across generic/degenerate/isogenous/CM
 []

[39]
Overfull \hbox (28.6994pt too wide) in paragraph at lines 2494--2501
[]\T1/cmr/bx/n/10.95 Recognition at grade two (even rung)\T1/cmr/m/n/10.95 , \T
1/cmtt/m/n/10.95 tmp/bf_loop_g2.py \T1/cmr/m/n/10.95 and \T1/cmtt/m/n/10.95 tmp
/bf_loop_g2_notes.md\T1/cmr/m/n/10.95 :
 []


Overfull \hbox (24.08643pt too wide) in paragraph at lines 2501--2511
\T1/cmr/m/n/10.95 over the six cer-ti-fied truths; leave-one-object-out cross-v
alidation killing the closure-improvement
 []


Overfull \hbox (122.1851pt too wide) in paragraph at lines 2526--2537
\T1/cmr/m/n/10.95 fiers), \T1/cmtt/m/n/10.95 tmp/weil_sixfold_count.py \T1/cmr/
m/n/10.95 (the non-CM counter, $\OMS/cmsy/m/n/10.95 1$\T1/cmr/m/n/10.95 -ramifi
cation law), \T1/cmtt/m/n/10.95 tmp/weil_composite_census.sage\T1/cmr/m/n/10.95
 ,
 []


Overfull \hbox (78.71246pt too wide) in paragraph at lines 2526--2537
\T1/cmtt/m/n/10.95 tmp/freeze_mechanism.py \T1/cmr/m/n/10.95 + \T1/cmtt/m/n/10.
95 _notes.md \T1/cmr/m/n/10.95 (the mech-a-nism the-o-rem, link-by-link), \T1/c
mtt/m/n/10.95 tmp/schoen_explicit.py
 []


Overfull \hbox (39.81207pt too wide) in paragraph at lines 2537--2549
\T1/cmr/m/n/10.95 zero and deriva-tive; the certificate-collapse curve; the gen
-eral $\OML/cmm/m/it/10.95 m$\T1/cmr/m/n/10.95 -identity), \T1/cmtt/m/n/10.95 t
mp/transient_form.py\T1/cmr/m/n/10.95 ,
 []


Overfull \hbox (40.64865pt too wide) in paragraph at lines 2549--2572
\T1/cmr/m/n/10.95 type cen-suses as kernel-checked enu-mer-a-tions, \T1/cmr/m/i
t/10.95 empty \T1/cmr/m/n/10.95 ax-iom list), \T1/cmtt/m/n/10.95 RequestProject
/MomentLaw.lean
 []


Overfull \hbox (50.66379pt too wide) in paragraph at lines 2549--2572
\T1/cmtt/m/n/10.95 uniform_twelve\T1/cmr/m/n/10.95 ; \T1/cmtt/m/n/10.95 obstruc
tion_via_identity $\OT1/cmr/m/n/10.95 =$ \T1/cmr/m/n/10.95 ``$\OT1/cmr/m/n/10.9
5 6 \OMS/cmsy/m/n/10.95 ^^@ \OT1/cmr/m/n/10.95 6 = 0$\T1/cmr/m/n/10.95 ''), \T1
/cmtt/m/n/10.95 RequestProject/CatalanMoment.lean
 []


Overfull \hbox (105.49895pt too wide) in paragraph at lines 2549--2572
\T1/cmr/m/n/10.95 (the Sato--Tate/Catalan mo-ment in-te-grals, dis-charg-ing \T
1/cmtt/m/n/10.95 MomentLaw\T1/cmr/m/n/10.95 's hy-pothe-ses), \T1/cmtt/m/n/10.9
5 RequestProject/ResCube.lean
 []


Overfull \hbox (14.22795pt too wide) in paragraph at lines 2549--2572
\T1/cmr/m/n/10.95 kill, and the multiplicity-one coun-ter-fac-tual), and \T1/cm
tt/m/n/10.95 RequestProject/RecognitionBridge.lean
 []

[40] [41] [42] [43] [44] (./hodge_companion.aux)
Package rerunfilecheck Info: File `hodge_companion.out' has not changed.
(rerunfilecheck)             Checksum: C78F71B737B664698CAC4D6E908D861E;5131.
 ) 
Here is how much of TeX's memory you used:
 22695 strings out of 476097
 417560 string characters out of 5791132
 1871851 words of memory out of 5000000
 42477 multiletter control sequences out of 15000+600000
 537486 words of font info for 98 fonts, out of 8000000 for 9000
 1141 hyphenation exceptions out of 8191
 102i,9n,104p,552b,723s stack positions out of 10000i,1000n,20000p,200000b,200000s
</usr/local/texlive/2023/texmf-dist/fonts/type1/public/amsfonts/cm/cmbx10.pfb
></usr/local/texlive/2023/texmf-dist/fonts/type1/public/amsfonts/cm/cmbx8.pfb><
/usr/local/texlive/2023/texmf-dist/fonts/type1/public/amsfonts/cm/cmex10.pfb></
usr/local/texlive/2023/texmf-dist/fonts/type1/public/amsfonts/cm/cmmi10.pfb></u
sr/local/texlive/2023/texmf-dist/fonts/type1/public/amsfonts/cm/cmmi6.pfb></usr
/local/texlive/2023/texmf-dist/fonts/type1/public/amsfonts/cm/cmmi7.pfb></usr/l
ocal/texlive/2023/texmf-dist/fonts/type1/public/amsfonts/cm/cmmi8.pfb></usr/loc
al/texlive/2023/texmf-dist/fonts/type1/public/amsfonts/cm/cmr10.pfb></usr/local
/texlive/2023/texmf-dist/fonts/type1/public/amsfonts/cm/cmr6.pfb></usr/local/te
xlive/2023/texmf-dist/fonts/type1/public/amsfonts/cm/cmr7.pfb></usr/local/texli
ve/2023/texmf-dist/fonts/type1/public/amsfonts/cm/cmr8.pfb></usr/local/texlive/
2023/texmf-dist/fonts/type1/public/amsfonts/cm/cmsy10.pfb></usr/local/texlive/2
023/texmf-dist/fonts/type1/public/amsfonts/cm/cmsy6.pfb></usr/local/texlive/202
3/texmf-dist/fonts/type1/public/amsfonts/cm/cmsy7.pfb></usr/local/texlive/2023/
texmf-dist/fonts/type1/public/amsfonts/cm/cmsy8.pfb></usr/local/texlive/2023/te
xmf-dist/fonts/type1/public/amsfonts/euler/eufm10.pfb></usr/local/texlive/2023/
texmf-dist/fonts/type1/public/amsfonts/symbols/msam10.pfb></usr/local/texlive/2
023/texmf-dist/fonts/type1/public/amsfonts/symbols/msbm10.pfb></usr/local/texli
ve/2023/texmf-dist/fonts/type1/public/cm-super/sfbx1000.pfb></usr/local/texlive
/2023/texmf-dist/fonts/type1/public/cm-super/sfbx1095.pfb></usr/local/texlive/2
023/texmf-dist/fonts/type1/public/cm-super/sfbx1200.pfb></usr/local/texlive/202
3/texmf-dist/fonts/type1/public/cm-super/sfbx1440.pfb></usr/local/texlive/2023/
texmf-dist/fonts/type1/public/cm-super/sfcc1095.pfb></usr/local/texlive/2023/te
xmf-dist/fonts/type1/public/cm-super/sfcc1200.pfb></usr/local/texlive/2023/texm
f-dist/fonts/type1/public/cm-super/sfit1095.pfb></usr/local/texlive/2023/texmf-
dist/fonts/type1/public/cm-super/sfrm0800.pfb></usr/local/texlive/2023/texmf-di
st/fonts/type1/public/cm-super/sfrm1000.pfb></usr/local/texlive/2023/texmf-dist
/fonts/type1/public/cm-super/sfrm1095.pfb></usr/local/texlive/2023/texmf-dist/f
onts/type1/public/cm-super/sfrm1200.pfb></usr/local/texlive/2023/texmf-dist/fon
ts/type1/public/cm-super/sfrm1728.pfb></usr/local/texlive/2023/texmf-dist/fonts
/type1/public/cm-super/sfti1000.pfb></usr/local/texlive/2023/texmf-dist/fonts/t
ype1/public/cm-super/sfti1095.pfb></usr/local/texlive/2023/texmf-dist/fonts/typ
e1/public/cm-super/sftt1095.pfb></usr/local/texlive/2023/texmf-dist/fonts/type1
/public/cm-super/sftt1200.pfb></usr/local/texlive/2023/texmf-dist/fonts/type1/p
ublic/amsfonts/cyrillic/wncyr10.pfb>
Output written on hodge_companion.pdf (44 pages, 781143 bytes).
PDF statistics:
 833 PDF objects out of 1000 (max. 8388607)
 708 compressed objects within 8 object streams
 200 named destinations out of 1000 (max. 500000)
 181 words of extra memory for PDF output out of 10000 (max. 10000000)

