This is pdfTeX, Version 3.141592653-2.6-1.40.28 (TeX Live 2025) (preloaded format=pdflatex 2025.8.6)  12 JUL 2026 20:39
entering extended mode
 restricted \write18 enabled.
 %&-line parsing enabled.
**universal.tex
(./universal.tex
LaTeX2e <2025-06-01> patch level 1
L3 programming layer <2025-07-20>
(/usr/local/texlive/2025/texmf-dist/tex/latex/base/article.cls
Document Class: article 2025/01/22 v1.4n Standard LaTeX document class
(/usr/local/texlive/2025/texmf-dist/tex/latex/base/size11.clo
File: size11.clo 2025/01/22 v1.4n Standard LaTeX file (size option)
)
\c@part=\count275
\c@section=\count276
\c@subsection=\count277
\c@subsubsection=\count278
\c@paragraph=\count279
\c@subparagraph=\count280
\c@figure=\count281
\c@table=\count282
\abovecaptionskip=\skip49
\belowcaptionskip=\skip50
\bibindent=\dimen148
)
(/usr/local/texlive/2025/texmf-dist/tex/latex/amsmath/amsmath.sty
Package: amsmath 2025/06/16 v2.17y AMS math features
\@mathmargin=\skip51

For additional information on amsmath, use the `?' option.
(/usr/local/texlive/2025/texmf-dist/tex/latex/amsmath/amstext.sty
Package: amstext 2024/11/17 v2.01 AMS text

(/usr/local/texlive/2025/texmf-dist/tex/latex/amsmath/amsgen.sty
File: amsgen.sty 1999/11/30 v2.0 generic functions
\@emptytoks=\toks17
\ex@=\dimen149
))
(/usr/local/texlive/2025/texmf-dist/tex/latex/amsmath/amsbsy.sty
Package: amsbsy 1999/11/29 v1.2d Bold Symbols
\pmbraise@=\dimen150
)
(/usr/local/texlive/2025/texmf-dist/tex/latex/amsmath/amsopn.sty
Package: amsopn 2022/04/08 v2.04 operator names
)
\inf@bad=\count283
LaTeX Info: Redefining \frac on input line 233.
\uproot@=\count284
\leftroot@=\count285
LaTeX Info: Redefining \overline on input line 398.
LaTeX Info: Redefining \colon on input line 409.
\classnum@=\count286
\DOTSCASE@=\count287
LaTeX Info: Redefining \ldots on input line 495.
LaTeX Info: Redefining \dots on input line 498.
LaTeX Info: Redefining \cdots on input line 619.
\Mathstrutbox@=\box53
\strutbox@=\box54
LaTeX Info: Redefining \big on input line 721.
LaTeX Info: Redefining \Big on input line 722.
LaTeX Info: Redefining \bigg on input line 723.
LaTeX Info: Redefining \Bigg on input line 724.
\big@size=\dimen151
LaTeX Font Info:    Redeclaring font encoding OML on input line 742.
LaTeX Font Info:    Redeclaring font encoding OMS on input line 743.
\macc@depth=\count288
LaTeX Info: Redefining \bmod on input line 904.
LaTeX Info: Redefining \pmod on input line 909.
LaTeX Info: Redefining \smash on input line 939.
LaTeX Info: Redefining \relbar on input line 969.
LaTeX Info: Redefining \Relbar on input line 970.
\c@MaxMatrixCols=\count289
\dotsspace@=\muskip17
\c@parentequation=\count290
\dspbrk@lvl=\count291
\tag@help=\toks18
\row@=\count292
\column@=\count293
\maxfields@=\count294
\andhelp@=\toks19
\eqnshift@=\dimen152
\alignsep@=\dimen153
\tagshift@=\dimen154
\tagwidth@=\dimen155
\totwidth@=\dimen156
\lineht@=\dimen157
\@envbody=\toks20
\multlinegap=\skip52
\multlinetaggap=\skip53
\mathdisplay@stack=\toks21
LaTeX Info: Redefining \[ on input line 2949.
LaTeX Info: Redefining \] on input line 2950.
)
(/usr/local/texlive/2025/texmf-dist/tex/latex/amsfonts/amssymb.sty
Package: amssymb 2013/01/14 v3.01 AMS font symbols

(/usr/local/texlive/2025/texmf-dist/tex/latex/amsfonts/amsfonts.sty
Package: amsfonts 2013/01/14 v3.01 Basic AMSFonts support
\symAMSa=\mathgroup4
\symAMSb=\mathgroup5
LaTeX Font Info:    Redeclaring math symbol \hbar on input line 98.
LaTeX Font Info:    Overwriting math alphabet `\mathfrak' in version `bold'
(Font)                  U/euf/m/n --> U/euf/b/n on input line 106.
))
(/usr/local/texlive/2025/texmf-dist/tex/latex/amscls/amsthm.sty
Package: amsthm 2020/05/29 v2.20.6
\thm@style=\toks22
\thm@bodyfont=\toks23
\thm@headfont=\toks24
\thm@notefont=\toks25
\thm@headpunct=\toks26
\thm@preskip=\skip54
\thm@postskip=\skip55
\thm@headsep=\skip56
\dth@everypar=\toks27
)
(/usr/local/texlive/2025/texmf-dist/tex/latex/mathtools/mathtools.sty
Package: mathtools 2024/10/04 v1.31 mathematical typesetting tools

(/usr/local/texlive/2025/texmf-dist/tex/latex/graphics/keyval.sty
Package: keyval 2022/05/29 v1.15 key=value parser (DPC)
\KV@toks@=\toks28
)
(/usr/local/texlive/2025/texmf-dist/tex/latex/tools/calc.sty
Package: calc 2025/03/01 v4.3b Infix arithmetic (KKT,FJ)
\calc@Acount=\count295
\calc@Bcount=\count296
\calc@Adimen=\dimen158
\calc@Bdimen=\dimen159
\calc@Askip=\skip57
\calc@Bskip=\skip58
LaTeX Info: Redefining \setlength on input line 86.
LaTeX Info: Redefining \addtolength on input line 87.
\calc@Ccount=\count297
\calc@Cskip=\skip59
)
(/usr/local/texlive/2025/texmf-dist/tex/latex/mathtools/mhsetup.sty
Package: mhsetup 2021/03/18 v1.4 programming setup (MH)
)
\g_MT_multlinerow_int=\count298
\l_MT_multwidth_dim=\dimen160
\origjot=\skip60
\l_MT_shortvdotswithinadjustabove_dim=\dimen161
\l_MT_shortvdotswithinadjustbelow_dim=\dimen162
\l_MT_above_intertext_sep=\dimen163
\l_MT_below_intertext_sep=\dimen164
\l_MT_above_shortintertext_sep=\dimen165
\l_MT_below_shortintertext_sep=\dimen166
\xmathstrut@box=\box55
\xmathstrut@dim=\dimen167
)
(/usr/local/texlive/2025/texmf-dist/tex/latex/geometry/geometry.sty
Package: geometry 2020/01/02 v5.9 Page Geometry

(/usr/local/texlive/2025/texmf-dist/tex/generic/iftex/ifvtex.sty
Package: ifvtex 2019/10/25 v1.7 ifvtex legacy package. Use iftex instead.

(/usr/local/texlive/2025/texmf-dist/tex/generic/iftex/iftex.sty
Package: iftex 2024/12/12 v1.0g TeX engine tests
))
\Gm@cnth=\count299
\Gm@cntv=\count300
\c@Gm@tempcnt=\count301
\Gm@bindingoffset=\dimen168
\Gm@wd@mp=\dimen169
\Gm@odd@mp=\dimen170
\Gm@even@mp=\dimen171
\Gm@layoutwidth=\dimen172
\Gm@layoutheight=\dimen173
\Gm@layouthoffset=\dimen174
\Gm@layoutvoffset=\dimen175
\Gm@dimlist=\toks29
)
(/usr/local/texlive/2025/texmf-dist/tex/latex/booktabs/booktabs.sty
Package: booktabs 2020/01/12 v1.61803398 Publication quality tables
\heavyrulewidth=\dimen176
\lightrulewidth=\dimen177
\cmidrulewidth=\dimen178
\belowrulesep=\dimen179
\belowbottomsep=\dimen180
\aboverulesep=\dimen181
\abovetopsep=\dimen182
\cmidrulesep=\dimen183
\cmidrulekern=\dimen184
\defaultaddspace=\dimen185
\@cmidla=\count302
\@cmidlb=\count303
\@aboverulesep=\dimen186
\@belowrulesep=\dimen187
\@thisruleclass=\count304
\@lastruleclass=\count305
\@thisrulewidth=\dimen188
)
(/usr/local/texlive/2025/texmf-dist/tex/latex/pgf/frontendlayer/tikz.sty
(/usr/local/texlive/2025/texmf-dist/tex/latex/pgf/basiclayer/pgf.sty
(/usr/local/texlive/2025/texmf-dist/tex/latex/pgf/utilities/pgfrcs.sty
(/usr/local/texlive/2025/texmf-dist/tex/generic/pgf/utilities/pgfutil-common.te
x
\pgfutil@everybye=\toks30
\pgfutil@tempdima=\dimen189
\pgfutil@tempdimb=\dimen190
)
(/usr/local/texlive/2025/texmf-dist/tex/generic/pgf/utilities/pgfutil-latex.def
\pgfutil@abb=\box56
) (/usr/local/texlive/2025/texmf-dist/tex/generic/pgf/utilities/pgfrcs.code.tex
(/usr/local/texlive/2025/texmf-dist/tex/generic/pgf/pgf.revision.tex)
Package: pgfrcs 2023-01-15 v3.1.10 (3.1.10)
))
Package: pgf 2023-01-15 v3.1.10 (3.1.10)

(/usr/local/texlive/2025/texmf-dist/tex/latex/pgf/basiclayer/pgfcore.sty
(/usr/local/texlive/2025/texmf-dist/tex/latex/graphics/graphicx.sty
Package: graphicx 2024/12/31 v1.2e Enhanced LaTeX Graphics (DPC,SPQR)

(/usr/local/texlive/2025/texmf-dist/tex/latex/graphics/graphics.sty
Package: graphics 2024/08/06 v1.4g Standard LaTeX Graphics (DPC,SPQR)

(/usr/local/texlive/2025/texmf-dist/tex/latex/graphics/trig.sty
Package: trig 2023/12/02 v1.11 sin cos tan (DPC)
)
(/usr/local/texlive/2025/texmf-dist/tex/latex/graphics-cfg/graphics.cfg
File: graphics.cfg 2016/06/04 v1.11 sample graphics configuration
)
Package graphics Info: Driver file: pdftex.def on input line 106.

(/usr/local/texlive/2025/texmf-dist/tex/latex/graphics-def/pdftex.def
File: pdftex.def 2024/04/13 v1.2c Graphics/color driver for pdftex
))
\Gin@req@height=\dimen191
\Gin@req@width=\dimen192
)
(/usr/local/texlive/2025/texmf-dist/tex/latex/pgf/systemlayer/pgfsys.sty
(/usr/local/texlive/2025/texmf-dist/tex/generic/pgf/systemlayer/pgfsys.code.tex
Package: pgfsys 2023-01-15 v3.1.10 (3.1.10)
(/usr/local/texlive/2025/texmf-dist/tex/generic/pgf/utilities/pgfkeys.code.tex
\pgfkeys@pathtoks=\toks31
\pgfkeys@temptoks=\toks32

(/usr/local/texlive/2025/texmf-dist/tex/generic/pgf/utilities/pgfkeyslibraryfil
tered.code.tex
\pgfkeys@tmptoks=\toks33
))
\pgf@x=\dimen193
\pgf@y=\dimen194
\pgf@xa=\dimen195
\pgf@ya=\dimen196
\pgf@xb=\dimen197
\pgf@yb=\dimen198
\pgf@xc=\dimen199
\pgf@yc=\dimen256
\pgf@xd=\dimen257
\pgf@yd=\dimen258
\w@pgf@writea=\write3
\r@pgf@reada=\read2
\c@pgf@counta=\count306
\c@pgf@countb=\count307
\c@pgf@countc=\count308
\c@pgf@countd=\count309
\t@pgf@toka=\toks34
\t@pgf@tokb=\toks35
\t@pgf@tokc=\toks36
\pgf@sys@id@count=\count310

(/usr/local/texlive/2025/texmf-dist/tex/generic/pgf/systemlayer/pgf.cfg
File: pgf.cfg 2023-01-15 v3.1.10 (3.1.10)
)
Driver file for pgf: pgfsys-pdftex.def

(/usr/local/texlive/2025/texmf-dist/tex/generic/pgf/systemlayer/pgfsys-pdftex.d
ef
File: pgfsys-pdftex.def 2023-01-15 v3.1.10 (3.1.10)

(/usr/local/texlive/2025/texmf-dist/tex/generic/pgf/systemlayer/pgfsys-common-p
df.def
File: pgfsys-common-pdf.def 2023-01-15 v3.1.10 (3.1.10)
)))
(/usr/local/texlive/2025/texmf-dist/tex/generic/pgf/systemlayer/pgfsyssoftpath.
code.tex
File: pgfsyssoftpath.code.tex 2023-01-15 v3.1.10 (3.1.10)
\pgfsyssoftpath@smallbuffer@items=\count311
\pgfsyssoftpath@bigbuffer@items=\count312
)
(/usr/local/texlive/2025/texmf-dist/tex/generic/pgf/systemlayer/pgfsysprotocol.
code.tex
File: pgfsysprotocol.code.tex 2023-01-15 v3.1.10 (3.1.10)
)) (/usr/local/texlive/2025/texmf-dist/tex/latex/xcolor/xcolor.sty
Package: xcolor 2024/09/29 v3.02 LaTeX color extensions (UK)

(/usr/local/texlive/2025/texmf-dist/tex/latex/graphics-cfg/color.cfg
File: color.cfg 2016/01/02 v1.6 sample color configuration
)
Package xcolor Info: Driver file: pdftex.def on input line 274.

(/usr/local/texlive/2025/texmf-dist/tex/latex/graphics/mathcolor.ltx)
Package xcolor Info: Model `cmy' substituted by `cmy0' on input line 1349.
Package xcolor Info: Model `hsb' substituted by `rgb' on input line 1353.
Package xcolor Info: Model `RGB' extended on input line 1365.
Package xcolor Info: Model `HTML' substituted by `rgb' on input line 1367.
Package xcolor Info: Model `Hsb' substituted by `hsb' on input line 1368.
Package xcolor Info: Model `tHsb' substituted by `hsb' on input line 1369.
Package xcolor Info: Model `HSB' substituted by `hsb' on input line 1370.
Package xcolor Info: Model `Gray' substituted by `gray' on input line 1371.
Package xcolor Info: Model `wave' substituted by `hsb' on input line 1372.
)
(/usr/local/texlive/2025/texmf-dist/tex/generic/pgf/basiclayer/pgfcore.code.tex
Package: pgfcore 2023-01-15 v3.1.10 (3.1.10)
(/usr/local/texlive/2025/texmf-dist/tex/generic/pgf/math/pgfmath.code.tex
(/usr/local/texlive/2025/texmf-dist/tex/generic/pgf/math/pgfmathutil.code.tex)
(/usr/local/texlive/2025/texmf-dist/tex/generic/pgf/math/pgfmathparser.code.tex
\pgfmath@dimen=\dimen259
\pgfmath@count=\count313
\pgfmath@box=\box57
\pgfmath@toks=\toks37
\pgfmath@stack@operand=\toks38
\pgfmath@stack@operation=\toks39
)
(/usr/local/texlive/2025/texmf-dist/tex/generic/pgf/math/pgfmathfunctions.code.
tex)
(/usr/local/texlive/2025/texmf-dist/tex/generic/pgf/math/pgfmathfunctions.basic
.code.tex)
(/usr/local/texlive/2025/texmf-dist/tex/generic/pgf/math/pgfmathfunctions.trigo
nometric.code.tex)
(/usr/local/texlive/2025/texmf-dist/tex/generic/pgf/math/pgfmathfunctions.rando
m.code.tex)
(/usr/local/texlive/2025/texmf-dist/tex/generic/pgf/math/pgfmathfunctions.compa
rison.code.tex)
(/usr/local/texlive/2025/texmf-dist/tex/generic/pgf/math/pgfmathfunctions.base.
code.tex)
(/usr/local/texlive/2025/texmf-dist/tex/generic/pgf/math/pgfmathfunctions.round
.code.tex)
(/usr/local/texlive/2025/texmf-dist/tex/generic/pgf/math/pgfmathfunctions.misc.
code.tex)
(/usr/local/texlive/2025/texmf-dist/tex/generic/pgf/math/pgfmathfunctions.integ
erarithmetics.code.tex)
(/usr/local/texlive/2025/texmf-dist/tex/generic/pgf/math/pgfmathcalc.code.tex)
(/usr/local/texlive/2025/texmf-dist/tex/generic/pgf/math/pgfmathfloat.code.tex
\c@pgfmathroundto@lastzeros=\count314
)) (/usr/local/texlive/2025/texmf-dist/tex/generic/pgf/math/pgfint.code.tex)
(/usr/local/texlive/2025/texmf-dist/tex/generic/pgf/basiclayer/pgfcorepoints.co
de.tex
File: pgfcorepoints.code.tex 2023-01-15 v3.1.10 (3.1.10)
\pgf@picminx=\dimen260
\pgf@picmaxx=\dimen261
\pgf@picminy=\dimen262
\pgf@picmaxy=\dimen263
\pgf@pathminx=\dimen264
\pgf@pathmaxx=\dimen265
\pgf@pathminy=\dimen266
\pgf@pathmaxy=\dimen267
\pgf@xx=\dimen268
\pgf@xy=\dimen269
\pgf@yx=\dimen270
\pgf@yy=\dimen271
\pgf@zx=\dimen272
\pgf@zy=\dimen273
)
(/usr/local/texlive/2025/texmf-dist/tex/generic/pgf/basiclayer/pgfcorepathconst
ruct.code.tex
File: pgfcorepathconstruct.code.tex 2023-01-15 v3.1.10 (3.1.10)
\pgf@path@lastx=\dimen274
\pgf@path@lasty=\dimen275
)
(/usr/local/texlive/2025/texmf-dist/tex/generic/pgf/basiclayer/pgfcorepathusage
.code.tex
File: pgfcorepathusage.code.tex 2023-01-15 v3.1.10 (3.1.10)
\pgf@shorten@end@additional=\dimen276
\pgf@shorten@start@additional=\dimen277
)
(/usr/local/texlive/2025/texmf-dist/tex/generic/pgf/basiclayer/pgfcorescopes.co
de.tex
File: pgfcorescopes.code.tex 2023-01-15 v3.1.10 (3.1.10)
\pgfpic=\box58
\pgf@hbox=\box59
\pgf@layerbox@main=\box60
\pgf@picture@serial@count=\count315
)
(/usr/local/texlive/2025/texmf-dist/tex/generic/pgf/basiclayer/pgfcoregraphicst
ate.code.tex
File: pgfcoregraphicstate.code.tex 2023-01-15 v3.1.10 (3.1.10)
\pgflinewidth=\dimen278
)
(/usr/local/texlive/2025/texmf-dist/tex/generic/pgf/basiclayer/pgfcoretransform
ations.code.tex
File: pgfcoretransformations.code.tex 2023-01-15 v3.1.10 (3.1.10)
\pgf@pt@x=\dimen279
\pgf@pt@y=\dimen280
\pgf@pt@temp=\dimen281
)
(/usr/local/texlive/2025/texmf-dist/tex/generic/pgf/basiclayer/pgfcorequick.cod
e.tex
File: pgfcorequick.code.tex 2023-01-15 v3.1.10 (3.1.10)
)
(/usr/local/texlive/2025/texmf-dist/tex/generic/pgf/basiclayer/pgfcoreobjects.c
ode.tex
File: pgfcoreobjects.code.tex 2023-01-15 v3.1.10 (3.1.10)
)
(/usr/local/texlive/2025/texmf-dist/tex/generic/pgf/basiclayer/pgfcorepathproce
ssing.code.tex
File: pgfcorepathprocessing.code.tex 2023-01-15 v3.1.10 (3.1.10)
)
(/usr/local/texlive/2025/texmf-dist/tex/generic/pgf/basiclayer/pgfcorearrows.co
de.tex
File: pgfcorearrows.code.tex 2023-01-15 v3.1.10 (3.1.10)
\pgfarrowsep=\dimen282
)
(/usr/local/texlive/2025/texmf-dist/tex/generic/pgf/basiclayer/pgfcoreshade.cod
e.tex
File: pgfcoreshade.code.tex 2023-01-15 v3.1.10 (3.1.10)
\pgf@max=\dimen283
\pgf@sys@shading@range@num=\count316
\pgf@shadingcount=\count317
)
(/usr/local/texlive/2025/texmf-dist/tex/generic/pgf/basiclayer/pgfcoreimage.cod
e.tex
File: pgfcoreimage.code.tex 2023-01-15 v3.1.10 (3.1.10)
)
(/usr/local/texlive/2025/texmf-dist/tex/generic/pgf/basiclayer/pgfcoreexternal.
code.tex
File: pgfcoreexternal.code.tex 2023-01-15 v3.1.10 (3.1.10)
\pgfexternal@startupbox=\box61
)
(/usr/local/texlive/2025/texmf-dist/tex/generic/pgf/basiclayer/pgfcorelayers.co
de.tex
File: pgfcorelayers.code.tex 2023-01-15 v3.1.10 (3.1.10)
)
(/usr/local/texlive/2025/texmf-dist/tex/generic/pgf/basiclayer/pgfcoretranspare
ncy.code.tex
File: pgfcoretransparency.code.tex 2023-01-15 v3.1.10 (3.1.10)
)
(/usr/local/texlive/2025/texmf-dist/tex/generic/pgf/basiclayer/pgfcorepatterns.
code.tex
File: pgfcorepatterns.code.tex 2023-01-15 v3.1.10 (3.1.10)
)
(/usr/local/texlive/2025/texmf-dist/tex/generic/pgf/basiclayer/pgfcorerdf.code.
tex
File: pgfcorerdf.code.tex 2023-01-15 v3.1.10 (3.1.10)
)))
(/usr/local/texlive/2025/texmf-dist/tex/generic/pgf/modules/pgfmoduleshapes.cod
e.tex
File: pgfmoduleshapes.code.tex 2023-01-15 v3.1.10 (3.1.10)
\pgfnodeparttextbox=\box62
)
(/usr/local/texlive/2025/texmf-dist/tex/generic/pgf/modules/pgfmoduleplot.code.
tex
File: pgfmoduleplot.code.tex 2023-01-15 v3.1.10 (3.1.10)
)
(/usr/local/texlive/2025/texmf-dist/tex/latex/pgf/compatibility/pgfcomp-version
-0-65.sty
Package: pgfcomp-version-0-65 2023-01-15 v3.1.10 (3.1.10)
\pgf@nodesepstart=\dimen284
\pgf@nodesepend=\dimen285
)
(/usr/local/texlive/2025/texmf-dist/tex/latex/pgf/compatibility/pgfcomp-version
-1-18.sty
Package: pgfcomp-version-1-18 2023-01-15 v3.1.10 (3.1.10)
))
(/usr/local/texlive/2025/texmf-dist/tex/latex/pgf/utilities/pgffor.sty
(/usr/local/texlive/2025/texmf-dist/tex/latex/pgf/utilities/pgfkeys.sty
(/usr/local/texlive/2025/texmf-dist/tex/generic/pgf/utilities/pgfkeys.code.tex)
) (/usr/local/texlive/2025/texmf-dist/tex/latex/pgf/math/pgfmath.sty
(/usr/local/texlive/2025/texmf-dist/tex/generic/pgf/math/pgfmath.code.tex))
(/usr/local/texlive/2025/texmf-dist/tex/generic/pgf/utilities/pgffor.code.tex
Package: pgffor 2023-01-15 v3.1.10 (3.1.10)
\pgffor@iter=\dimen286
\pgffor@skip=\dimen287
\pgffor@stack=\toks40
\pgffor@toks=\toks41
))
(/usr/local/texlive/2025/texmf-dist/tex/generic/pgf/frontendlayer/tikz/tikz.cod
e.tex
Package: tikz 2023-01-15 v3.1.10 (3.1.10)

(/usr/local/texlive/2025/texmf-dist/tex/generic/pgf/libraries/pgflibraryplothan
dlers.code.tex
File: pgflibraryplothandlers.code.tex 2023-01-15 v3.1.10 (3.1.10)
\pgf@plot@mark@count=\count318
\pgfplotmarksize=\dimen288
)
\tikz@lastx=\dimen289
\tikz@lasty=\dimen290
\tikz@lastxsaved=\dimen291
\tikz@lastysaved=\dimen292
\tikz@lastmovetox=\dimen293
\tikz@lastmovetoy=\dimen294
\tikzleveldistance=\dimen295
\tikzsiblingdistance=\dimen296
\tikz@figbox=\box63
\tikz@figbox@bg=\box64
\tikz@tempbox=\box65
\tikz@tempbox@bg=\box66
\tikztreelevel=\count319
\tikznumberofchildren=\count320
\tikznumberofcurrentchild=\count321
\tikz@fig@count=\count322

(/usr/local/texlive/2025/texmf-dist/tex/generic/pgf/modules/pgfmodulematrix.cod
e.tex
File: pgfmodulematrix.code.tex 2023-01-15 v3.1.10 (3.1.10)
\pgfmatrixcurrentrow=\count323
\pgfmatrixcurrentcolumn=\count324
\pgf@matrix@numberofcolumns=\count325
)
\tikz@expandcount=\count326

(/usr/local/texlive/2025/texmf-dist/tex/generic/pgf/frontendlayer/tikz/librarie
s/tikzlibrarytopaths.code.tex
File: tikzlibrarytopaths.code.tex 2023-01-15 v3.1.10 (3.1.10)
)))
(/usr/local/texlive/2025/texmf-dist/tex/generic/pgf/frontendlayer/tikz/librarie
s/tikzlibrarydecorations.pathreplacing.code.tex
(/usr/local/texlive/2025/texmf-dist/tex/generic/pgf/frontendlayer/tikz/librarie
s/tikzlibrarydecorations.code.tex
(/usr/local/texlive/2025/texmf-dist/tex/generic/pgf/modules/pgfmoduledecoration
s.code.tex
\pgfdecoratedcompleteddistance=\dimen297
\pgfdecoratedremainingdistance=\dimen298
\pgfdecoratedinputsegmentcompleteddistance=\dimen299
\pgfdecoratedinputsegmentremainingdistance=\dimen300
\pgf@decorate@distancetomove=\dimen301
\pgf@decorate@repeatstate=\count327
\pgfdecorationsegmentamplitude=\dimen302
\pgfdecorationsegmentlength=\dimen303
)
\tikz@lib@dec@box=\box67
)
(/usr/local/texlive/2025/texmf-dist/tex/generic/pgf/libraries/decorations/pgfli
brarydecorations.pathreplacing.code.tex))
(/usr/local/texlive/2025/texmf-dist/tex/generic/pgf/libraries/pgflibraryarrows.
meta.code.tex
File: pgflibraryarrows.meta.code.tex 2023-01-15 v3.1.10 (3.1.10)
\pgfarrowinset=\dimen304
\pgfarrowlength=\dimen305
\pgfarrowwidth=\dimen306
\pgfarrowlinewidth=\dimen307
)
(/usr/local/texlive/2025/texmf-dist/tex/generic/pgf/frontendlayer/tikz/librarie
s/tikzlibrarycalc.code.tex
File: tikzlibrarycalc.code.tex 2023-01-15 v3.1.10 (3.1.10)
)
(/usr/local/texlive/2025/texmf-dist/tex/latex/newpx/newpxtext.sty
Package: newpxtext 2025/06/07 v1.542 LaTeX and unicode LaTeX support for TeXGyr
ePagellaX (Michael Sharpe)

`newpxtext' v1.542, 2025/06/07 Text macros taking advantage of TeXGyre Pagella 
and its extensions (msharpe)
(/usr/local/texlive/2025/texmf-dist/tex/latex/base/fontenc.sty
Package: fontenc 2024/12/21 v2.1c Standard LaTeX package
)
(/usr/local/texlive/2025/texmf-dist/tex/latex/xpatch/xpatch.sty
(/usr/local/texlive/2025/texmf-dist/tex/latex/l3kernel/expl3.sty
Package: expl3 2025-07-20 L3 programming layer (loader) 

(/usr/local/texlive/2025/texmf-dist/tex/latex/l3backend/l3backend-pdftex.def
File: l3backend-pdftex.def 2025-06-09 L3 backend support: PDF output (pdfTeX)
\l__color_backend_stack_int=\count328
))
Package: xpatch 2020/03/25 v0.3a Extending etoolbox patching commands

(/usr/local/texlive/2025/texmf-dist/tex/latex/l3packages/xparse/xparse.sty
Package: xparse 2024-08-16 L3 Experimental document command parser
)
(/usr/local/texlive/2025/texmf-dist/tex/latex/etoolbox/etoolbox.sty
Package: etoolbox 2025/02/11 v2.5l e-TeX tools for LaTeX (JAW)
\etb@tempcnta=\count329
))
(/usr/local/texlive/2025/texmf-dist/tex/latex/xkeyval/xkeyval.sty
Package: xkeyval 2022/06/16 v2.9 package option processing (HA)

(/usr/local/texlive/2025/texmf-dist/tex/generic/xkeyval/xkeyval.tex
(/usr/local/texlive/2025/texmf-dist/tex/generic/xkeyval/xkvutils.tex
\XKV@toks=\toks42
\XKV@tempa@toks=\toks43
)
\XKV@depth=\count330
File: xkeyval.tex 2014/12/03 v2.7a key=value parser (HA)
))
(/usr/local/texlive/2025/texmf-dist/tex/latex/base/textcomp.sty
Package: textcomp 2024/04/24 v2.1b Standard LaTeX package
)
(/usr/local/texlive/2025/texmf-dist/tex/generic/xstring/xstring.sty
(/usr/local/texlive/2025/texmf-dist/tex/generic/xstring/xstring.tex
\xs_counta=\count331
\xs_countb=\count332
)
Package: xstring 2023/08/22 v1.86 String manipulations (CT)
)
(/usr/local/texlive/2025/texmf-dist/tex/latex/base/ifthen.sty
Package: ifthen 2024/03/16 v1.1e Standard LaTeX ifthen package (DPC)
)
(/usr/local/texlive/2025/texmf-dist/tex/latex/carlisle/scalefnt.sty)
LaTeX Font Info:    Setting zplLF sub-encoding to TS1/0 on input line 40.
LaTeX Font Info:    Setting zplTLF sub-encoding to TS1/0 on input line 40.
LaTeX Font Info:    Setting zplOsF sub-encoding to TS1/0 on input line 40.
LaTeX Font Info:    Setting zplTOsF sub-encoding to TS1/0 on input line 40.
\zpl@cnt=\count333

(/usr/local/texlive/2025/texmf-dist/tex/latex/fontaxes/fontaxes.sty
Package: fontaxes 2025-05-24 v2.0.1 Font selection axes (deprecated)

(/usr/local/texlive/2025/texmf-dist/tex/latex/figureversions/figureversions.sty
Package: figureversions 2025-04-29 v1.0.1 Figure versions
))
\zpl@sixem=\dimen308
\zpl@y=\dimen309
\zpl@x=\dimen310
\zpl@tmpdima=\dimen311
\zpl@tmpdimb=\dimen312
\zpl@tmpdimc=\dimen313
\zpl@tmpdimd=\dimen314
\zpl@tmpdime=\dimen315
\zpl@tmpdimf=\dimen316
\zpl@dimA=\dimen317
\zpl@dimAA=\dimen318
\zpl@dimB=\dimen319
\zpl@dimBB=\dimen320
\zpl@dimC=\dimen321
LaTeX Info: Redefining \oldstylenums on input line 807.
LaTeX Font Info:    Trying to load font information for T1+zplLF on input line 
815.
 (/usr/local/texlive/2025/texmf-dist/tex/latex/newpx/t1zpllf.fd
File: t1zpllf.fd 2021/05/25 v1.0 font definition file for T1/zpl/lf
)
LaTeX Font Info:    Trying to load font information for T1+zplTLF on input line
 816.

(/usr/local/texlive/2025/texmf-dist/tex/latex/newpx/t1zpltlf.fd
File: t1zpltlf.fd 2021/05/25 v1.0 font definition file for T1/zpl/tlf
)
LaTeX Font Info:    Trying to load font information for T1+zplOsF on input line
 817.

(/usr/local/texlive/2025/texmf-dist/tex/latex/newpx/t1zplosf.fd
File: t1zplosf.fd 2021/05/25 v1.0 font definition file for T1/zpl/osf
)
LaTeX Font Info:    Trying to load font information for T1+zplTOsF on input lin
e 818.

(/usr/local/texlive/2025/texmf-dist/tex/latex/newpx/t1zpltosf.fd
File: t1zpltosf.fd 2021/05/25 v1.0 font definition file for T1/zpl/tosf
))
(/usr/local/texlive/2025/texmf-dist/tex/latex/newpx/newpxmath.sty
Package: newpxmath 2025/06/07 v1.542 LaTeX math support for newpx (Michael Shar
pe)

`newpxmath' v1.542, 2025/06/07 Math macros based on pxfonts (msharpe)
(/usr/local/texlive/2025/texmf-dist/tex/generic/kastrup/binhex.tex)
(/usr/local/texlive/2025/texmf-dist/tex/latex/oberdiek/centernot.sty
Package: centernot 2016/05/16 v1.4 Centers the not symbol horizontally (HO)
)
\px@tA=\toks44
\px@tB=\toks45
\px@su=\read3
\px@Isdigit=\count334

amsthm NOT loaded
LaTeX Font Info:    Redeclaring symbol font `operators' on input line 222.
LaTeX Font Info:    Overwriting symbol font `operators' in version `normal'
(Font)                  OT1/cmr/m/n --> OT1/minzpl/m/n on input line 222.
LaTeX Font Info:    Overwriting symbol font `operators' in version `bold'
(Font)                  OT1/cmr/bx/n --> OT1/minzpl/m/n on input line 222.
LaTeX Font Info:    Overwriting symbol font `operators' in version `bold'
(Font)                  OT1/minzpl/m/n --> OT1/minzpl/b/n on input line 223.
LaTeX Font Info:    Redeclaring math alphabet \mathsf on input line 226.
LaTeX Font Info:    Overwriting math alphabet `\mathsf' in version `normal'
(Font)                  OT1/cmss/m/n --> T1/qhv/m/n on input line 226.
LaTeX Font Info:    Overwriting math alphabet `\mathsf' in version `bold'
(Font)                  OT1/cmss/bx/n --> T1/qhv/m/n on input line 226.
LaTeX Font Info:    Redeclaring math alphabet \mathit on input line 227.
LaTeX Font Info:    Overwriting math alphabet `\mathit' in version `normal'
(Font)                  OT1/cmr/m/it --> OT1/minzpl/m/it on input line 227.
LaTeX Font Info:    Overwriting math alphabet `\mathit' in version `bold'
(Font)                  OT1/cmr/bx/it --> OT1/minzpl/m/it on input line 227.
LaTeX Font Info:    Redeclaring math alphabet \mathtt on input line 228.
LaTeX Font Info:    Overwriting math alphabet `\mathtt' in version `normal'
(Font)                  OT1/cmtt/m/n --> T1/npxtt/m/n on input line 228.
LaTeX Font Info:    Overwriting math alphabet `\mathtt' in version `bold'
(Font)                  OT1/cmtt/m/n --> T1/npxtt/m/n on input line 228.
LaTeX Font Info:    Redeclaring math alphabet \mathbf on input line 230.
LaTeX Font Info:    Overwriting math alphabet `\mathbf' in version `normal'
(Font)                  OT1/cmr/bx/n --> OT1/minzpl/b/n on input line 230.
LaTeX Font Info:    Overwriting math alphabet `\mathbf' in version `bold'
(Font)                  OT1/cmr/bx/n --> OT1/minzpl/b/n on input line 230.
LaTeX Font Info:    Overwriting math alphabet `\mathit' in version `bold'
(Font)                  OT1/minzpl/m/it --> OT1/minzpl/b/it on input line 231.
LaTeX Font Info:    Overwriting math alphabet `\mathsf' in version `bold'
(Font)                  T1/qhv/m/n --> T1/qhv/b/n on input line 233.
LaTeX Font Info:    Overwriting math alphabet `\mathtt' in version `bold'
(Font)                  T1/npxtt/m/n --> T1/npxtt/b/n on input line 234.
LaTeX Font Info:    Redeclaring symbol font `letters' on input line 245.
LaTeX Font Info:    Overwriting symbol font `letters' in version `normal'
(Font)                  OML/cmm/m/it --> OML/npxmi/m/it on input line 245.
LaTeX Font Info:    Overwriting symbol font `letters' in version `bold'
(Font)                  OML/cmm/b/it --> OML/npxmi/m/it on input line 245.
LaTeX Font Info:    Overwriting symbol font `letters' in version `bold'
(Font)                  OML/npxmi/m/it --> OML/npxmi/b/it on input line 246.
\symlettersA=\mathgroup6
LaTeX Font Info:    Overwriting symbol font `lettersA' in version `bold'
(Font)                  U/npxmia/m/it --> U/npxmia/b/it on input line 264.
LaTeX Font Info:    Redeclaring math alphabet \mathfrak on input line 266.
Now handling font encoding LMS ...
... no UTF-8 mapping file for font encoding LMS
LaTeX Font Info:    Redeclaring symbol font `symbols' on input line 274.
LaTeX Font Info:    Encoding `OMS' has changed to `LMS' for symbol font
(Font)              `symbols' in the math version `normal' on input line 274.
LaTeX Font Info:    Overwriting symbol font `symbols' in version `normal'
(Font)                  OMS/cmsy/m/n --> LMS/npxsy/m/n on input line 274.
LaTeX Font Info:    Encoding `OMS' has changed to `LMS' for symbol font
(Font)              `symbols' in the math version `bold' on input line 274.
LaTeX Font Info:    Overwriting symbol font `symbols' in version `bold'
(Font)                  OMS/cmsy/b/n --> LMS/npxsy/m/n on input line 274.
LaTeX Font Info:    Overwriting symbol font `symbols' in version `bold'
(Font)                  LMS/npxsy/m/n --> LMS/npxsy/b/n on input line 275.
\symAMSm=\mathgroup7
LaTeX Font Info:    Overwriting symbol font `AMSm' in version `bold'
(Font)                  U/npxsym/m/n --> U/npxsym/b/n on input line 295.
\symsymbolsC=\mathgroup8
LaTeX Font Info:    Overwriting symbol font `symbolsC' in version `bold'
(Font)                  U/npxsyc/m/n --> U/npxsyc/b/n on input line 317.
Now handling font encoding LMX ...
... no UTF-8 mapping file for font encoding LMX
LaTeX Font Info:    Redeclaring symbol font `largesymbols' on input line 337.
LaTeX Font Info:    Encoding `OMX' has changed to `LMX' for symbol font
(Font)              `largesymbols' in the math version `normal' on input line 3
37.
LaTeX Font Info:    Overwriting symbol font `largesymbols' in version `normal'
(Font)                  OMX/cmex/m/n --> LMX/npxexx/m/n on input line 337.
LaTeX Font Info:    Encoding `OMX' has changed to `LMX' for symbol font
(Font)              `largesymbols' in the math version `bold' on input line 337
.
LaTeX Font Info:    Overwriting symbol font `largesymbols' in version `bold'
(Font)                  OMX/cmex/m/n --> LMX/npxexx/m/n on input line 337.
LaTeX Font Info:    Overwriting symbol font `largesymbols' in version `bold'
(Font)                  LMX/npxexx/m/n --> LMX/npxexx/b/n on input line 338.
\symlargesymbolsPXA=\mathgroup9
LaTeX Font Info:    Overwriting symbol font `largesymbolsPXA' in version `bold'

(Font)                  U/npxexa/m/n --> U/npxexa/b/n on input line 345.
\px@cntz=\count335
\px@IsAlNum=\count336
\px@sbptoks=\toks46
LaTeX Font Info:    Redeclaring math delimiter \lfloor on input line 500.
LaTeX Font Info:    Redeclaring math delimiter \rfloor on input line 501.
LaTeX Font Info:    Redeclaring math delimiter \lceil on input line 502.
LaTeX Font Info:    Redeclaring math delimiter \rceil on input line 503.
LaTeX Font Info:    Redeclaring math delimiter \lbrace on input line 508.
LaTeX Font Info:    Redeclaring math delimiter \rbrace on input line 509.
LaTeX Font Info:    Redeclaring math delimiter \langle on input line 511.
LaTeX Font Info:    Redeclaring math delimiter \rangle on input line 513.
LaTeX Font Info:    Redeclaring math delimiter \arrowvert on input line 517.
LaTeX Font Info:    Redeclaring math delimiter \vert on input line 518.
LaTeX Font Info:    Redeclaring math symbol \parallel on input line 519.
LaTeX Font Info:    Redeclaring math delimiter \Arrowvert on input line 520.
LaTeX Font Info:    Redeclaring math accent \grave on input line 560.
LaTeX Font Info:    Redeclaring math accent \acute on input line 561.
LaTeX Font Info:    Redeclaring math accent \hat on input line 562.
LaTeX Font Info:    Redeclaring math accent \tilde on input line 563.
LaTeX Font Info:    Redeclaring math accent \bar on input line 564.
LaTeX Font Info:    Redeclaring math accent \breve on input line 565.
LaTeX Font Info:    Redeclaring math accent \mathring on input line 566.
LaTeX Font Info:    Redeclaring math accent \check on input line 567.
LaTeX Font Info:    Redeclaring math accent \dot on input line 571.
LaTeX Font Info:    Redeclaring math accent \ddot on input line 572.
LaTeX Font Info:    Redeclaring math accent \vec on input line 1617.
LaTeX Info: Redefining \Bbbk on input line 2194.
LaTeX Info: Redefining \not on input line 2534.
LaTeX Info: Redefining \textsquare on input line 2549.
LaTeX Info: Redefining \openbox on input line 2551.
) (/usr/local/texlive/2025/texmf-dist/tex/latex/titlesec/titlesec.sty
Package: titlesec 2025/01/04 v2.17 Sectioning titles
\ttl@box=\box68
\beforetitleunit=\skip61
\aftertitleunit=\skip62
\ttl@plus=\dimen322
\ttl@minus=\dimen323
\ttl@toksa=\toks47
\titlewidth=\dimen324
\titlewidthlast=\dimen325
\titlewidthfirst=\dimen326
)
(/usr/local/texlive/2025/texmf-dist/tex/latex/enumitem/enumitem.sty
Package: enumitem 2025/02/06 v3.11 Customized lists
\labelindent=\skip63
\enit@outerparindent=\dimen327
\enit@toks=\toks48
\enit@inbox=\box69
\enit@count@id=\count337
\enitdp@description=\count338
)
(/usr/local/texlive/2025/texmf-dist/tex/latex/lineno/lineno.sty
Package: lineno 2025/05/13 line numbers on paragraphs v5.5

(/usr/local/texlive/2025/texmf-dist/tex/latex/kvoptions/kvoptions.sty
Package: kvoptions 2022-06-15 v3.15 Key value format for package options (HO)

(/usr/local/texlive/2025/texmf-dist/tex/generic/ltxcmds/ltxcmds.sty
Package: ltxcmds 2023-12-04 v1.26 LaTeX kernel commands for general use (HO)
)
(/usr/local/texlive/2025/texmf-dist/tex/latex/kvsetkeys/kvsetkeys.sty
Package: kvsetkeys 2022-10-05 v1.19 Key value parser (HO)
))
\linenopenalty=\count339
\output=\toks49
\linenoprevgraf=\count340
\linenumbersep=\dimen328
\linenumberwidth=\dimen329
\c@linenumber=\count341
\c@pagewiselinenumber=\count342
\c@LN@truepage=\count343
\c@internallinenumber=\count344
\c@internallinenumbers=\count345
\quotelinenumbersep=\dimen330
\bframerule=\dimen331
\bframesep=\dimen332
\bframebox=\box70
\@LN@amsmath@ams@eqpen=\count346
)
(/usr/local/texlive/2025/texmf-dist/tex/latex/fixme/fixme.sty
Package: fixme 2019/01/03 v4.5 Collaborative annotations for LaTeX2e

(/usr/local/texlive/2025/texmf-dist/tex/latex/tools/verbatim.sty
Package: verbatim 2024-01-22 v1.5x LaTeX2e package for verbatim enhancements
\every@verbatim=\toks50
\verbatim@line=\toks51
\verbatim@in@stream=\read4
)
\lox@file=\read5
\c@fixmecount=\count347
\c@fxnotecount=\count348
\c@fxwarningcount=\count349
\c@fxerrorcount=\count350
\c@fxfatalcount=\count351
)
(/usr/local/texlive/2025/texmf-dist/tex/latex/hyperref/hyperref.sty
Package: hyperref 2025-07-12 v7.01o Hypertext links for LaTeX

(/usr/local/texlive/2025/texmf-dist/tex/generic/kvdefinekeys/kvdefinekeys.sty
Package: kvdefinekeys 2019-12-19 v1.6 Define keys (HO)
)
(/usr/local/texlive/2025/texmf-dist/tex/generic/pdfescape/pdfescape.sty
Package: pdfescape 2019/12/09 v1.15 Implements pdfTeX's escape features (HO)

(/usr/local/texlive/2025/texmf-dist/tex/generic/pdftexcmds/pdftexcmds.sty
Package: pdftexcmds 2020-06-27 v0.33 Utility functions of pdfTeX for LuaTeX (HO
)

(/usr/local/texlive/2025/texmf-dist/tex/generic/infwarerr/infwarerr.sty
Package: infwarerr 2019/12/03 v1.5 Providing info/warning/error messages (HO)
)
Package pdftexcmds Info: \pdf@primitive is available.
Package pdftexcmds Info: \pdf@ifprimitive is available.
Package pdftexcmds Info: \pdfdraftmode found.
))
(/usr/local/texlive/2025/texmf-dist/tex/latex/hycolor/hycolor.sty
Package: hycolor 2020-01-27 v1.10 Color options for hyperref/bookmark (HO)
)
(/usr/local/texlive/2025/texmf-dist/tex/latex/hyperref/nameref.sty
Package: nameref 2025-06-21 v2.57 Cross-referencing by name of section

(/usr/local/texlive/2025/texmf-dist/tex/latex/refcount/refcount.sty
Package: refcount 2019/12/15 v3.6 Data extraction from label references (HO)
)
(/usr/local/texlive/2025/texmf-dist/tex/generic/gettitlestring/gettitlestring.s
ty
Package: gettitlestring 2019/12/15 v1.6 Cleanup title references (HO)
)
\c@section@level=\count352
) (/usr/local/texlive/2025/texmf-dist/tex/generic/stringenc/stringenc.sty
Package: stringenc 2019/11/29 v1.12 Convert strings between diff. encodings (HO
)
)
\@linkdim=\dimen333
\Hy@linkcounter=\count353
\Hy@pagecounter=\count354

(/usr/local/texlive/2025/texmf-dist/tex/latex/hyperref/pd1enc.def
File: pd1enc.def 2025-07-12 v7.01o Hyperref: PDFDocEncoding definition (HO)
Now handling font encoding PD1 ...
... no UTF-8 mapping file for font encoding PD1
)
(/usr/local/texlive/2025/texmf-dist/tex/generic/intcalc/intcalc.sty
Package: intcalc 2019/12/15 v1.3 Expandable calculations with integers (HO)
)
\Hy@SavedSpaceFactor=\count355

(/usr/local/texlive/2025/texmf-dist/tex/latex/hyperref/puenc.def
File: puenc.def 2025-07-12 v7.01o Hyperref: PDF Unicode definition (HO)
Now handling font encoding PU ...
... no UTF-8 mapping file for font encoding PU
)
Package hyperref Info: Hyper figures OFF on input line 4195.
Package hyperref Info: Link nesting OFF on input line 4200.
Package hyperref Info: Hyper index ON on input line 4203.
Package hyperref Info: Plain pages OFF on input line 4210.
Package hyperref Info: Backreferencing OFF on input line 4215.
Package hyperref Info: Implicit mode ON; LaTeX internals redefined.
Package hyperref Info: Bookmarks ON on input line 4462.
\c@Hy@tempcnt=\count356

(/usr/local/texlive/2025/texmf-dist/tex/latex/url/url.sty
\Urlmuskip=\muskip18
Package: url 2013/09/16  ver 3.4  Verb mode for urls, etc.
)
LaTeX Info: Redefining \url on input line 4801.
\XeTeXLinkMargin=\dimen334

(/usr/local/texlive/2025/texmf-dist/tex/generic/bitset/bitset.sty
Package: bitset 2019/12/09 v1.3 Handle bit-vector datatype (HO)

(/usr/local/texlive/2025/texmf-dist/tex/generic/bigintcalc/bigintcalc.sty
Package: bigintcalc 2019/12/15 v1.5 Expandable calculations on big integers (HO
)
))
\Fld@menulength=\count357
\Field@Width=\dimen335
\Fld@charsize=\dimen336
Package hyperref Info: Hyper figures OFF on input line 6078.
Package hyperref Info: Link nesting OFF on input line 6083.
Package hyperref Info: Hyper index ON on input line 6086.
Package hyperref Info: backreferencing OFF on input line 6093.
Package hyperref Info: Link coloring OFF on input line 6098.
Package hyperref Info: Link coloring with OCG OFF on input line 6103.
Package hyperref Info: PDF/A mode OFF on input line 6108.
\Hy@abspage=\count358
\c@Item=\count359
\c@Hfootnote=\count360
)
Package hyperref Info: Driver (autodetected): hpdftex.

(/usr/local/texlive/2025/texmf-dist/tex/latex/hyperref/hpdftex.def
File: hpdftex.def 2025-07-12 v7.01o Hyperref driver for pdfTeX
\Fld@listcount=\count361
\c@bookmark@seq@number=\count362

(/usr/local/texlive/2025/texmf-dist/tex/latex/rerunfilecheck/rerunfilecheck.sty
Package: rerunfilecheck 2025-06-21 v1.11 Rerun checks for auxiliary files (HO)

(/usr/local/texlive/2025/texmf-dist/tex/generic/uniquecounter/uniquecounter.sty
Package: uniquecounter 2019/12/15 v1.4 Provide unlimited unique counter (HO)
)
Package uniquecounter Info: New unique counter `rerunfilecheck' on input line 2
84.
)
\Hy@SectionHShift=\skip64
) (/usr/local/texlive/2025/texmf-dist/tex/latex/microtype/microtype.sty
Package: microtype 2025/07/09 v3.2b Micro-typographical refinements (RS)
\MT@toks=\toks52
\MT@tempbox=\box71
\MT@count=\count363
LaTeX Info: Redefining \noprotrusionifhmode on input line 1087.
LaTeX Info: Redefining \leftprotrusion on input line 1088.
\MT@prot@toks=\toks53
LaTeX Info: Redefining \rightprotrusion on input line 1107.
LaTeX Info: Redefining \textls on input line 1449.
\MT@outer@kern=\dimen337
LaTeX Info: Redefining \microtypecontext on input line 2053.
LaTeX Info: Redefining \textmicrotypecontext on input line 2070.
\MT@listname@count=\count364

(/usr/local/texlive/2025/texmf-dist/tex/latex/microtype/microtype-pdftex.def
File: microtype-pdftex.def 2025/07/09 v3.2b Definitions specific to pdftex (RS)

LaTeX Info: Redefining \lsstyle on input line 944.
LaTeX Info: Redefining \lslig on input line 944.
\MT@outer@space=\skip65
)
Package microtype Info: Loading configuration file microtype.cfg.

(/usr/local/texlive/2025/texmf-dist/tex/latex/microtype/microtype.cfg
File: microtype.cfg 2025/07/09 v3.2b microtype main configuration file (RS)
)
LaTeX Info: Redefining \microtypesetup on input line 3065.
)
\c@theorem=\count365
LaTeX Font Info:    Font shape `T1/zpltlf/m/n' will be
(Font)              scaled to size 10.95pt on input line 83.

(./universal.aux)
\openout1 = `universal.aux'.

LaTeX Font Info:    Checking defaults for OML/npxmi/m/it on input line 83.
LaTeX Font Info:    Trying to load font information for OML+npxmi on input line
 83.

(/usr/local/texlive/2025/texmf-dist/tex/latex/newpx/omlnpxmi.fd
File: omlnpxmi.fd 2013/03/21 Fontinst v1.933 font definitions for OML/npxmi.
)
LaTeX Font Info:    ... okay on input line 83.
LaTeX Font Info:    Checking defaults for OMS/cmsy/m/n on input line 83.
LaTeX Font Info:    ... okay on input line 83.
LaTeX Font Info:    Checking defaults for OT1/cmr/m/n on input line 83.
LaTeX Font Info:    ... okay on input line 83.
LaTeX Font Info:    Checking defaults for T1/cmr/m/n on input line 83.
LaTeX Font Info:    ... okay on input line 83.
LaTeX Font Info:    Checking defaults for TS1/cmr/m/n on input line 83.
LaTeX Font Info:    ... okay on input line 83.
LaTeX Font Info:    Checking defaults for OMX/cmex/m/n on input line 83.
LaTeX Font Info:    ... okay on input line 83.
LaTeX Font Info:    Checking defaults for U/npxexa/m/n on input line 83.
LaTeX Font Info:    Trying to load font information for U+npxexa on input line 
83.

(/usr/local/texlive/2025/texmf-dist/tex/latex/newpx/unpxexa.fd
File: unpxexa.fd 2013/03/24 Fontinst v1.933 font definitions for U/npxexa.
)
LaTeX Font Info:    ... okay on input line 83.
LaTeX Font Info:    Checking defaults for LMS/npxsy/m/n on input line 83.
LaTeX Font Info:    Trying to load font information for LMS+npxsy on input line
 83.

(/usr/local/texlive/2025/texmf-dist/tex/latex/newpx/lmsnpxsy.fd
File: lmsnpxsy.fd 2016/07/04 Fontinst v1.933 font definitions for LMS/npxsy.
)
LaTeX Font Info:    ... okay on input line 83.
LaTeX Font Info:    Checking defaults for LMX/npxexx/m/n on input line 83.
LaTeX Font Info:    Trying to load font information for LMX+npxexx on input lin
e 83.

(/usr/local/texlive/2025/texmf-dist/tex/latex/newpx/lmxnpxexx.fd
File: lmxnpxexx.fd 2016/07/04 Fontinst v1.933 font definitions for LMX/npxexx.
)
LaTeX Font Info:    ... okay on input line 83.
LaTeX Font Info:    Checking defaults for PD1/pdf/m/n on input line 83.
LaTeX Font Info:    ... okay on input line 83.
LaTeX Font Info:    Checking defaults for PU/pdf/m/n on input line 83.
LaTeX Font Info:    ... okay on input line 83.
LaTeX Info: Command `\dddot' is already robust on input line 83.
LaTeX Info: Command `\ddddot' is already robust on input line 83.

*geometry* driver: auto-detecting
*geometry* detected driver: pdftex
*geometry* verbose mode - [ preamble ] result:
* driver: pdftex
* paper: <default>
* layout: <same size as paper>
* layoutoffset:(h,v)=(0.0pt,0.0pt)
* modes: 
* h-part:(L,W,R)=(72.26999pt, 469.75502pt, 72.26999pt)
* v-part:(T,H,B)=(72.26999pt, 650.43001pt, 72.26999pt)
* \paperwidth=614.295pt
* \paperheight=794.96999pt
* \textwidth=469.75502pt
* \textheight=650.43001pt
* \oddsidemargin=0.0pt
* \evensidemargin=0.0pt
* \topmargin=-37.0pt
* \headheight=12.0pt
* \headsep=25.0pt
* \topskip=11.0pt
* \footskip=30.0pt
* \marginparwidth=59.0pt
* \marginparsep=10.0pt
* \columnsep=10.0pt
* \skip\footins=10.0pt plus 4.0pt minus 2.0pt
* \hoffset=0.0pt
* \voffset=0.0pt
* \mag=1000
* \@twocolumnfalse
* \@twosidefalse
* \@mparswitchfalse
* \@reversemarginfalse
* (1in=72.27pt=25.4mm, 1cm=28.453pt)

(/usr/local/texlive/2025/texmf-dist/tex/context/base/mkii/supp-pdf.mkii
[Loading MPS to PDF converter (version 2006.09.02).]
\scratchcounter=\count366
\scratchdimen=\dimen338
\scratchbox=\box72
\nofMPsegments=\count367
\nofMParguments=\count368
\everyMPshowfont=\toks54
\MPscratchCnt=\count369
\MPscratchDim=\dimen339
\MPnumerator=\count370
\makeMPintoPDFobject=\count371
\everyMPtoPDFconversion=\toks55
) (/usr/local/texlive/2025/texmf-dist/tex/latex/epstopdf-pkg/epstopdf-base.sty
Package: epstopdf-base 2020-01-24 v2.11 Base part for package epstopdf
Package epstopdf-base Info: Redefining graphics rule for `.eps' on input line 4
85.

(/usr/local/texlive/2025/texmf-dist/tex/latex/latexconfig/epstopdf-sys.cfg
File: epstopdf-sys.cfg 2010/07/13 v1.3 Configuration of (r)epstopdf for TeX Liv
e
))
\c@mv@tabular=\count372
\c@mv@boldtabular=\count373
Package hyperref Info: Link coloring OFF on input line 83.

(./universal.out) (./universal.out)
\@outlinefile=\write4
\openout4 = `universal.out'.

LaTeX Info: Redefining \microtypecontext on input line 83.
Package microtype Info: Applying patch `item' on input line 83.
Package microtype Info: Applying patch `toc' on input line 83.
Package microtype Info: Applying patch `eqnum' on input line 83.
Package microtype Info: Applying patch `footnote' on input line 83.
Package microtype Info: Applying patch `verbatim' on input line 83.
LaTeX Info: Redefining \microtypesetup on input line 83.
Package microtype Info: Generating PDF output.
Package microtype Info: Character protrusion enabled (level 2).
Package microtype Info: Using default protrusion set `alltext'.
Package microtype Info: Automatic font expansion enabled (level 2),
(microtype)             stretch: 20, shrink: 20, step: 1, non-selected.
Package microtype Info: Using default expansion set `alltext-nott'.
Package microtype Info: Patching command `\showhyphens'.
Package microtype Info: No adjustment of tracking.
Package microtype Info: No adjustment of interword spacing.
Package microtype Info: No adjustment of character kerning.

(/usr/local/texlive/2025/texmf-dist/tex/latex/microtype/mt-ppl.cfg
File: mt-ppl.cfg 2005/11/16 v1.6 microtype config. file: Palatino (RS)
)
LaTeX Font Info:    Font shape `T1/zpltlf/m/n' will be
(Font)              scaled to size 17.28pt on input line 85.
LaTeX Font Info:    Font shape `T1/zpltlf/m/n' will be
(Font)              scaled to size 6.0pt on input line 85.
LaTeX Font Info:    Trying to load font information for T1+qhv on input line 85
.

(/usr/local/texlive/2025/texmf-dist/tex/latex/tex-gyre/t1qhv.fd
File: t1qhv.fd 2009/09/25 v1.2 font definition file for T1/qhv
)
LaTeX Font Info:    Font shape `T1/qhv/m/n' will be
(Font)              scaled to size 5.64001pt on input line 85.
Package microtype Info: Loading generic protrusion settings for font family
(microtype)             `qhv' (encoding: T1).
(microtype)             For optimal results, create family-specific settings.
(microtype)             See the microtype manual for details.
LaTeX Font Info:    Font shape `T1/zpltlf/m/n' will be
(Font)              scaled to size 12.0pt on input line 85.
LaTeX Font Info:    Trying to load font information for OT1+minzpl on input lin
e 85.

(/usr/local/texlive/2025/texmf-dist/tex/latex/newpx/ot1minzpl.fd
File: ot1minzpl.fd 2021/05/25 v1.0 font definition file for OT1/minzpl/TLF
)
LaTeX Font Info:    Font shape `OT1/minzpl/m/n' will be
(Font)              scaled to size 12.0pt on input line 85.
Package microtype Info: Loading generic protrusion settings for font family
(microtype)             `minzpl' (encoding: OT1).
(microtype)             For optimal results, create family-specific settings.
(microtype)             See the microtype manual for details.
LaTeX Font Info:    Font shape `OT1/minzpl/m/n' will be
(Font)              scaled to size 8.8pt on input line 85.
LaTeX Font Info:    Font shape `OT1/minzpl/m/n' will be
(Font)              scaled to size 6.6pt on input line 85.
LaTeX Font Info:    Trying to load font information for U+msa on input line 85.


(/usr/local/texlive/2025/texmf-dist/tex/latex/amsfonts/umsa.fd
File: umsa.fd 2013/01/14 v3.01 AMS symbols A
)
(/usr/local/texlive/2025/texmf-dist/tex/latex/microtype/mt-msa.cfg
File: mt-msa.cfg 2006/02/04 v1.1 microtype config. file: AMS symbols (a) (RS)
)
LaTeX Font Info:    Trying to load font information for U+msb on input line 85.


(/usr/local/texlive/2025/texmf-dist/tex/latex/amsfonts/umsb.fd
File: umsb.fd 2013/01/14 v3.01 AMS symbols B
)
(/usr/local/texlive/2025/texmf-dist/tex/latex/microtype/mt-msb.cfg
File: mt-msb.cfg 2005/06/01 v1.0 microtype config. file: AMS symbols (b) (RS)
)
LaTeX Font Info:    Trying to load font information for U+npxmia on input line 
85.

(/usr/local/texlive/2025/texmf-dist/tex/latex/newpx/unpxmia.fd
File: unpxmia.fd 2013/03/24 Fontinst v1.933 font definitions for U/npxmia.
)
LaTeX Font Info:    Trying to load font information for U+npxsym on input line 
85.

(/usr/local/texlive/2025/texmf-dist/tex/latex/newpx/unpxsym.fd
File: unpxsym.fd 2023/08/16 Fontinst v1.933 font definitions for U/npxsym.
)
LaTeX Font Info:    Trying to load font information for U+npxsyc on input line 
85.

(/usr/local/texlive/2025/texmf-dist/tex/latex/newpx/unpxsyc.fd
File: unpxsyc.fd 2013/03/24 Fontinst v1.933 font definitions for U/npxsyc.
)
LaTeX Font Info:    Trying to load font information for T1+npxtt on input line 
85.

(/usr/local/texlive/2025/texmf-dist/tex/latex/newpx/t1npxtt.fd
File: t1npxtt.fd 2000/12/14 v1.0
)
LaTeX Font Info:    Font shape `T1/npxtt/m/n' will be
(Font)              scaled to size 12.0pt on input line 85.
Package microtype Info: Loading generic protrusion settings for font family
(microtype)             `npxtt' (encoding: T1).
(microtype)             For optimal results, create family-specific settings.
(microtype)             See the microtype manual for details.
LaTeX Font Info:    Font shape `T1/zpltlf/m/sc' will be
(Font)              scaled to size 12.0pt on input line 85.
Package microtype Info: Character `029' is missing
(microtype)             in font `T1/zpltlf/m/sc/12'.
(microtype)             Ignoring protrusion settings for this character.
LaTeX Font Info:    Font shape `T1/zpltlf/m/n' will be
(Font)              scaled to size 10.0pt on input line 86.
LaTeX Font Info:    Font shape `T1/zpltlf/b/n' will be
(Font)              scaled to size 10.0pt on input line 86.
LaTeX Font Info:    Font shape `OT1/minzpl/m/n' will be
(Font)              scaled to size 10.0pt on input line 87.
LaTeX Font Info:    Font shape `OT1/minzpl/m/n' will be
(Font)              scaled to size 7.3pt on input line 87.
LaTeX Font Info:    Font shape `OT1/minzpl/m/n' will be
(Font)              scaled to size 5.5pt on input line 87.
LaTeX Font Info:    Font shape `T1/zpltlf/m/it' will be
(Font)              scaled to size 10.0pt on input line 120.


[1

{/usr/local/texlive/2025/texmf-var/fonts/map/pdftex/updmap/pdftex.map}{/usr/loc
al/texlive/2025/texmf-dist/fonts/enc/dvips/newtx/ntx-ec-tlf.enc}{/usr/local/tex
live/2025/texmf-dist/fonts/enc/dvips/tex-gyre/q-ec.enc}{/usr/local/texlive/2025
/texmf-dist/fonts/enc/dvips/newtx/ntx-ec-tlf-pc.enc}
checksum mismatch in font zplmi1.vf ignored
character width mismatch in font zplmi1.vf ignored{/usr/local/texlive/2025/texm
f-dist/fonts/enc/dvips/newtx/ntx-ot1-tlf.enc}{/usr/local/texlive/2025/texmf-dis
t/fonts/enc/dvips/newpx/px-lms.enc}]
LaTeX Font Info:    Font shape `T1/zpltlf/m/sc' will be
(Font)              scaled to size 10.0pt on input line 155.
Package microtype Info: Character `029' is missing
(microtype)             in font `T1/zpltlf/m/sc/10'.
(microtype)             Ignoring protrusion settings for this character.
LaTeX Font Info:    Font shape `T1/npxtt/m/n' will be
(Font)              scaled to size 10.0pt on input line 155.
LaTeX Font Info:    Font shape `T1/zpltlf/m/n' will be
(Font)              scaled to size 7.3pt on input line 155.
LaTeX Font Info:    Font shape `T1/zpltlf/m/n' will be
(Font)              scaled to size 5.5pt on input line 155.
LaTeX Font Info:    Font shape `T1/zpltlf/m/n' will be
(Font)              scaled to size 14.4pt on input line 158.
LaTeX Font Info:    Font shape `T1/zpltlf/b/n' will be
(Font)              scaled to size 14.4pt on input line 158.
 (./universal.toc
LaTeX Font Info:    Font shape `T1/zpltlf/b/n' will be
(Font)              scaled to size 10.95pt on input line 1.
LaTeX Font Info:    Font shape `T1/zpltlf/b/n' will be
(Font)              scaled to size 12.0pt on input line 3.
LaTeX Font Info:    Font shape `OT1/minzpl/m/n' will be
(Font)              scaled to size 10.95pt on input line 12.
LaTeX Font Info:    Font shape `OT1/minzpl/m/n' will be
(Font)              scaled to size 8.0pt on input line 12.
LaTeX Font Info:    Font shape `OT1/minzpl/m/n' will be
(Font)              scaled to size 6.1pt on input line 12.


[2
checksum mismatch in font zplmi1.vf ignored
character width mismatch in font zplmi1.vf ignored
checksum mismatch in font zplmi1.vf ignored
character width mismatch in font zplmi1.vf ignored]

[3])
\tf@toc=\write5
\openout5 = `universal.toc'.



[4]
LaTeX Font Info:    Font shape `T1/zpltlf/m/it' will be
(Font)              scaled to size 10.95pt on input line 188.
LaTeX Font Info:    Font shape `T1/npxtt/m/n' will be
(Font)              scaled to size 10.95pt on input line 211.

Overfull \hbox (71.90779pt too wide) in paragraph at lines 236--246
[]\T1/zpltlf/m/it/10.95 (-20) Two con-di-tional proofs of GRH \T1/zpltlf/m/n/10
.95 (-20) (Part []III[]): self-adjointness is \T1/zpltlf/m/it/10.95 (-20) un-co
n-di-tional \T1/zpltlf/m/n/10.95 (-20) --- a the-o-rem (\T1/npxtt/m/n/10.95 von
NeumannOp_isSymmetric\T1/zpltlf/m/n/10.95 (-20) ),
 []



[5]
LaTeX Font Info:    Font shape `T1/zpltlf/m/n' will be
(Font)              scaled to size 8.0pt on input line 273.
LaTeX Font Info:    Font shape `T1/zpltlf/m/n' will be
(Font)              scaled to size 6.1pt on input line 273.

Overfull \hbox (58.42043pt too wide) in paragraph at lines 301--310
\T1/npxtt/m/n/10.95 TransferContinuation.transfer_analytic\T1/zpltlf/m/n/10.95 
(-20) , \T1/npxtt/m/n/10.95 HarmonicCell.harmonic_residual_no_independent_mode\
T1/zpltlf/m/n/10.95 (-20) ).
 []



[6]
Overfull \hbox (41.45892pt too wide) in paragraph at lines 334--341
\T1/npxtt/m/n/10.95 RamanujanLimit.strand_radius_one_of_tower_ceiling\T1/zpltlf
/m/n/10.95 (-20) , \T1/npxtt/m/n/10.95 strandBlock_unitary_of_tower_ceiling\T1/
zpltlf/m/n/10.95 (-20) ).
 []



[7]
Underfull \hbox (badness 1769) in paragraph at lines 404--406
[]\T1/zpltlf/m/n/10 (+20) a zero: the non-DC bank bal-ances to zero cen-troid (
\T1/npxtt/m/n/10 HarmonicCell\T1/zpltlf/m/n/10 (+20) ,
 []

LaTeX Font Info:    Font shape `T1/zpltlf/b/n' will be
(Font)              scaled to size 20.74pt on input line 412.
LaTeX Font Info:    Font shape `T1/zpltlf/m/n' will be
(Font)              scaled to size 20.74pt on input line 412.


[8
checksum mismatch in font zplmi1.vf ignored
character width mismatch in font zplmi1.vf ignored]

[9]

[10
checksum mismatch in font zplmi1.vf ignored
character width mismatch in font zplmi1.vf ignored]
LaTeX Font Info:    Font shape `T1/qhv/m/n' will be
(Font)              scaled to size 10.29301pt on input line 644.
LaTeX Font Info:    Font shape `T1/qhv/m/n' will be
(Font)              scaled to size 7.52002pt on input line 644.
LaTeX Font Info:    Font shape `T1/qhv/m/n' will be
(Font)              scaled to size 5.73401pt on input line 644.


[11]
LaTeX Font Info:    Font shape `T1/zpltlf/m/it' will be
(Font)              scaled to size 8.0pt on input line 761.
LaTeX Font Info:    Font shape `T1/zpltlf/m/it' will be
(Font)              scaled to size 6.1pt on input line 761.


[12]
LaTeX Font Info:    Font shape `T1/npxtt/m/it' in size <10.95> not available
(Font)              Font shape `T1/npxtt/m/sl' tried instead on input line 906.

LaTeX Font Info:    Font shape `T1/npxtt/m/sl' will be
(Font)              scaled to size 10.95pt on input line 906.


[13]
LaTeX Font Info:    Font shape `OT1/minzpl/b/n' will be
(Font)              scaled to size 10.95pt on input line 1066.
LaTeX Font Info:    Font shape `OT1/minzpl/b/n' will be
(Font)              scaled to size 8.0pt on input line 1066.
LaTeX Font Info:    Font shape `OT1/minzpl/b/n' will be
(Font)              scaled to size 6.1pt on input line 1066.


[14]

[15]

[16]

[17]

[18]

[19]
Overfull \hbox (1.49965pt too wide) in paragraph at lines 1690--1702
\T1/zpltlf/m/n/10.95 (-20) (Lean \T1/npxtt/m/n/10.95 HeightGrowthActive.heightL
aw\T1/zpltlf/m/n/10.95 (-20) , \T1/npxtt/m/n/10.95 AntihelixWindow.upperGamma_t
endsto_zero\T1/zpltlf/m/n/10.95 (-20) ). The $[] \OML/npxmi/m/it/10.95 n$
 []



[20]

[21]
Overfull \hbox (36.03235pt too wide) in paragraph at lines 1867--1875
[]\T1/zpltlf/m/n/10.95 (-20) The height law places in-dex $\OML/npxmi/m/it/10.9
5 n$ \T1/zpltlf/m/n/10.95 (-20) at $\OML/npxmi/m/it/10.95 z[] \U/npxmia/m/it/10
.95 = \OML/npxmi/m/it/10.95 n > \OT1/minzpl/m/n/10.95 0$ \T1/zpltlf/m/n/10.95 (
-20) with $\OML/npxmi/m/it/10.95 z[] \LMS/npxsy/m/n/10.95 ^^@ \OML/npxmi/m/it/1
0.95 z[] \U/npxmia/m/it/10.95 = \OT1/minzpl/m/n/10.95 1$ \T1/zpltlf/m/n/10.95 (
-20) (Lean \T1/npxtt/m/n/10.95 HeightGrowthActive.heightLaw\T1/zpltlf/m/n/10.95
 (-20) ,
 []



[22]
Overfull \hbox (122.87952pt too wide) in paragraph at lines 1898--1912
\T1/zpltlf/m/n/10.95 (-20) past the $\OT1/minzpl/m/n/10.95 1$\T1/zpltlf/m/n/10.
95 (-20) D line $[] \OML/npxmi/m/it/10.95 s \U/npxmia/m/it/10.95 = \OT1/minzpl/
m/n/10.95 1$\T1/zpltlf/m/n/10.95 (-20) ; for the Dirich-let fibers this land-in
g is Lean \T1/npxtt/m/n/10.95 LFunctionPhasor.dirichlet_strip_tendsto_LFunction
\T1/zpltlf/m/n/10.95 (-20) .
 []



[23]

[24]
Overfull \hbox (10.35324pt too wide) in paragraph at lines 2169--2176
\T1/zpltlf/m/it/10.95 (-20) the car-rier fo-cal clo-sure van-ish-ing ex-actly a
t the read-out's ze-ros (Lean \T1/npxtt/m/sl/10.95 ClosedForm.carrierZero_iff_L
_zero\T1/zpltlf/m/it/10.95 (-20) ,
 []


Overfull \hbox (29.46867pt too wide) in paragraph at lines 2179--2190
\T1/zpltlf/m/n/10.95 (-20) map (The-o-rem []3[]; Lean \T1/npxtt/m/n/10.95 recor
d_bijective\T1/zpltlf/m/n/10.95 (-20) , \T1/npxtt/m/n/10.95 reconstruct_record\
T1/zpltlf/m/n/10.95 (-20) , \T1/npxtt/m/n/10.95 projection_bijective_loss_ledge
r\T1/zpltlf/m/n/10.95 (-20) ),
 []


Overfull \hbox (3.8247pt too wide) in paragraph at lines 2205--2213
[]\T1/zpltlf/m/n/10.95 (-20) Each law is machine-checked in \T1/npxtt/m/n/10.95
 CarrierFunctoriality\T1/zpltlf/m/n/10.95 (-20) : the iden-tity is faith-ful (\
T1/npxtt/m/n/10.95 faithful_id\T1/zpltlf/m/n/10.95 (-20) );
 []


Overfull \hbox (3.35526pt too wide) in paragraph at lines 2205--2213
\T1/zpltlf/m/n/10.95 (-20) a com-pos-ite of faith-ful trans-ports is faith-ful 
(\T1/npxtt/m/n/10.95 faithful_comp\T1/zpltlf/m/n/10.95 (-20) ); com-po-si-tion 
is as-so-cia-tive (\T1/npxtt/m/n/10.95 comp_assoc\T1/zpltlf/m/n/10.95 (-20) )
 []



[25]
LaTeX Font Info:    Font shape `OT1/minzpl/m/n' will be
(Font)              scaled to size 14.4pt on input line 2325.
LaTeX Font Info:    Font shape `OT1/minzpl/m/n' will be
(Font)              scaled to size 10.5pt on input line 2325.
LaTeX Font Info:    Font shape `OT1/minzpl/m/n' will be
(Font)              scaled to size 7.9pt on input line 2325.
LaTeX Font Info:    Font shape `OT1/minzpl/b/n' will be
(Font)              scaled to size 14.4pt on input line 2325.
LaTeX Font Info:    Font shape `OT1/minzpl/b/n' will be
(Font)              scaled to size 10.5pt on input line 2325.
LaTeX Font Info:    Font shape `OT1/minzpl/b/n' will be
(Font)              scaled to size 7.9pt on input line 2325.
LaTeX Font Info:    Font shape `T1/qhv/m/n' will be
(Font)              scaled to size 13.53603pt on input line 2325.
LaTeX Font Info:    Font shape `T1/qhv/m/n' will be
(Font)              scaled to size 9.87003pt on input line 2325.
LaTeX Font Info:    Font shape `T1/qhv/m/n' will be
(Font)              scaled to size 7.42601pt on input line 2325.


[26
checksum mismatch in font zplmi1.vf ignored
character width mismatch in font zplmi1.vf ignored]
LaTeX Font Info:    Font shape `OT1/minzpl/b/n' will be
(Font)              scaled to size 12.0pt on input line 2406.
LaTeX Font Info:    Font shape `OT1/minzpl/b/n' will be
(Font)              scaled to size 8.8pt on input line 2406.
LaTeX Font Info:    Font shape `OT1/minzpl/b/n' will be
(Font)              scaled to size 6.6pt on input line 2406.
LaTeX Font Info:    Font shape `T1/qhv/m/n' will be
(Font)              scaled to size 11.28003pt on input line 2406.
LaTeX Font Info:    Font shape `T1/qhv/m/n' will be
(Font)              scaled to size 8.27202pt on input line 2406.
LaTeX Font Info:    Font shape `T1/qhv/m/n' will be
(Font)              scaled to size 6.20401pt on input line 2406.


[27
checksum mismatch in font zplmi1.vf ignored
character width mismatch in font zplmi1.vf ignored]

[28]
LaTeX Font Info:    Trying to load font information for TS1+zpltlf on input lin
e 2539.
 (/usr/local/texlive/2025/texmf-dist/tex/latex/newpx/ts1zpltlf.fd
File: ts1zpltlf.fd 2021/11/24 v1.0 fd file for TS1/zpltlf
)
LaTeX Font Info:    Font shape `TS1/zpltlf/m/n' will be
(Font)              scaled to size 10.95pt on input line 2539.

Overfull \hbox (105.33304pt too wide) in paragraph at lines 2533--2539
\T1/qhv/m/n/10.95 (-20) X[] [][]\LMS/npxsy/m/n/10.95 ! ą\OML/npxmi/m/it/10.95 z
 \LMS/npxsy/m/n/10.95 7! \OML/npxmi/m/it/10.95 N[]\LMS/npxsy/m/n/10.95 ą\OML/np
xmi/m/it/10.95 z\LMS/npxsy/m/n/10.95 şş$ \T1/zpltlf/m/n/10.95 (-20) and the uni
t-$\OT1/minzpl/m/n/10.95 1$ \T1/zpltlf/m/n/10.95 (-20) deriva-tion --- are now 
proven in \T1/npxtt/m/n/10.95 RequestProject/CarrierScaleCompensation.lean\T1/z
pltlf/m/n/10.95 (-20) ,
 []



[29{/usr/local/texlive/2025/texmf-dist/fonts/enc/dvips/newpx/zpl_TOsF.enc}]
Overfull \hbox (89.06848pt too wide) in paragraph at lines 2628--2635
\T1/zpltlf/m/n/10.95 (-20) res-onat-ing marks are \T1/npxtt/m/n/10.95 every_sca
le_resonates\T1/zpltlf/m/n/10.95 (-20) ; the con-ver-sion is \T1/npxtt/m/n/10.9
5 dressedCell_eq \T1/zpltlf/m/n/10.95 (-20) with \T1/npxtt/m/n/10.95 fiber_conv
erts_to_harmonic
 []



[30
checksum mismatch in font zplmi1.vf ignored
character width mismatch in font zplmi1.vf ignored]
Overfull \hbox (25.82095pt too wide) in paragraph at lines 2674--2692
\T1/zpltlf/m/n/10.95 (-20) jumps by ex-actly the van-ish-ing or-der at each eve
nt and is jump-free else-where (\T1/npxtt/m/n/10.95 countMult_hasJump_event\T1/
zpltlf/m/n/10.95 (-20) ,
 []


Overfull \hbox (0.76491pt too wide) in paragraph at lines 2695--2708
\T1/zpltlf/m/it/10.95 (-20) mul-ta-ne-ously: the jump read-out of the weighted 
ledger, $[][] \OML/npxmi/m/it/10.95 h\LMS/npxsy/m/n/10.95 ą\OML/npxmi/m/it/10.9
5 ^^M\LMS/npxsy/m/n/10.95 ş \U/npxmia/m/it/10.95 ^^A\OML/npxmi/m/it/10.95 S[]\L
MS/npxsy/m/n/10.95 ą\OML/npxmi/m/it/10.95 ^^M\LMS/npxsy/m/n/10.95 ş$ \T1/zpltlf
/m/it/10.95 (-20) (\T1/npxtt/m/sl/10.95 windowedTrace_eq_jump_sum\T1/zpltlf/m/i
t/10.95 (-20) );
 []



[31]

[32]

[33]

[34]

[35]

[36]

[37]

Package hyperref Warning: Token not allowed in a PDF string (Unicode):
(hyperref)                removing `math shift' on input line 3188.


Package hyperref Warning: Token not allowed in a PDF string (Unicode):
(hyperref)                removing `\pi' on input line 3188.


Package hyperref Warning: Token not allowed in a PDF string (Unicode):
(hyperref)                removing `math shift' on input line 3188.


Overfull \hbox (35.8506pt too wide) in paragraph at lines 3211--3225
\T1/zpltlf/m/n/10.95 (-20) legs with their ra-dial weights, det-one by the Frob
e-nius simil-i-tude (\T1/npxtt/m/n/10.95 RamanujanLimit.strandBlock_det_one\T1/
zpltlf/m/n/10.95 (-20) :
 []



[38]
Overfull \hbox (0.78798pt too wide) in paragraph at lines 3236--3254
\T1/zpltlf/m/n/10.95 (-20) uniform ceil-ing forces ra-dius one) and \T1/npxtt/m
/n/10.95 RamanujanLimit.strandBlock_unitary_of_tower_ceiling
 []



[39] (./grh_worked_example_draft.tex
LaTeX Font Info:    Font shape `T1/zpltlf/m/sc' will be
(Font)              scaled to size 10.95pt on input line 48.
Package microtype Info: Character `029' is missing
(microtype)             in font `T1/zpltlf/m/sc/10.95'.
(microtype)             Ignoring protrusion settings for this character.


[40]

[41]

[42]

[43]
LaTeX Font Info:    Font shape `OT1/minzpl/m/n' will be
(Font)              scaled to size 6.2pt on input line 378.
LaTeX Font Info:    Font shape `OT1/minzpl/b/n' will be
(Font)              scaled to size 6.2pt on input line 378.
LaTeX Font Info:    Font shape `OT1/minzpl/b/n' will be
(Font)              scaled to size 5.5pt on input line 378.
LaTeX Font Info:    Font shape `T1/qhv/m/n' will be
(Font)              scaled to size 5.828pt on input line 378.
LaTeX Font Info:    Font shape `T1/qhv/m/n' will be
(Font)              scaled to size 5.17001pt on input line 378.
LaTeX Font Info:    Font shape `T1/zpltlf/b/n' will be
(Font)              scaled to size 8.0pt on input line 378.


[44]

[45
checksum mismatch in font zplmi1.vf ignored
character width mismatch in font zplmi1.vf ignored]
LaTeX Font Info:    Font shape `T1/zpltlf/b/sc' will be
(Font)              scaled to size 8.0pt on input line 646.
Package microtype Info: Character `029' is missing
(microtype)             in font `T1/zpltlf/b/sc/8'.
(microtype)             Ignoring protrusion settings for this character.
LaTeX Font Info:    Font shape `T1/zpltlf/b/n' will be
(Font)              scaled to size 6.2pt on input line 646.
LaTeX Font Info:    Font shape `T1/zpltlf/b/n' will be
(Font)              scaled to size 5.5pt on input line 646.
LaTeX Font Info:    Font shape `OT1/minzpl/b/n' will be
(Font)              scaled to size 10.0pt on input line 646.
LaTeX Font Info:    Font shape `OT1/minzpl/b/n' will be
(Font)              scaled to size 7.3pt on input line 646.
LaTeX Font Info:    Font shape `T1/qhv/m/n' will be
(Font)              scaled to size 9.40002pt on input line 646.
LaTeX Font Info:    Font shape `T1/qhv/m/n' will be
(Font)              scaled to size 6.86201pt on input line 646.
LaTeX Font Info:    Font shape `T1/zpltlf/b/it' will be
(Font)              scaled to size 8.0pt on input line 646.
LaTeX Font Info:    Font shape `T1/zpltlf/m/n' will be
(Font)              scaled to size 6.2pt on input line 646.


[46]

[47]

LaTeX Warning: Reference `lem:bridge' on page 48 undefined on input line 709.



[48]

[49]
Overfull \hbox (67.27316pt too wide) in paragraph at lines 859--874
\T1/zpltlf/m/n/10.95 (-20) sup-port-ing files named be-low; ev-ery state-ment c
ar-ries ax-iom foot-print $\LMS/npxsy/m/n/10.95 f[]\OML/npxmi/m/it/10.95 ; []; 
[]\LMS/npxsy/m/n/10.95 g$\T1/zpltlf/m/n/10.95 (-20) ,
 []


Overfull \hbox (71.50922pt too wide) in paragraph at lines 890--896
[]\T1/npxtt/m/n/10.95 grh_of_resolvant_trace_1D_correlation\T1/zpltlf/m/n/10.95
 (-20) : for ev-ery mod-u-lus and char-ac-ter, $[]\LMS/npxsy/m/n/10.95 ą\OML/np
xmi/m/it/10.95 ^^_\LMS/npxsy/m/n/10.95 ş ^
 []


Overfull \hbox (25.35875pt too wide) in paragraph at lines 896--900
[]\T1/npxtt/m/n/10.95 grhComplete_of_resolvant_trace_3D_real\T1/zpltlf/m/n/10.9
5 (-20) , \T1/npxtt/m/n/10.95 grhComplete_of_resolvant_trace_1D_correlation\T1/
zpltlf/m/n/10.95 (-20) :
 []


Overfull \hbox (18.69153pt too wide) in paragraph at lines 900--904
[]\T1/npxtt/m/n/10.95 RH_of_resolvant_trace_3D_real\T1/zpltlf/m/n/10.95 (-20) ,
 \T1/npxtt/m/n/10.95 RH_of_resolvant_trace_1D_correlation\T1/zpltlf/m/n/10.95 (
-20) : the trivial-character
 []



[50]

[51]
Overfull \hbox (17.83632pt too wide) in paragraph at lines 992--997
[]\T1/npxtt/m/n/10.95 carrier_scale_compensation_S \T1/zpltlf/m/n/10.95 (-20) (
\T1/npxtt/m/n/10.95 RequestProject/CarrierScaleCompensation.lean\T1/zpltlf/m/n/
10.95 (-20) ). $\OML/npxmi/m/it/10.95 N[]\LMS/npxsy/m/n/10.95 ą\OML/npxmi/m/it/
10.95 e[]\LMS/npxsy/m/n/10.95 ş ^^@
 []


Overfull \hbox (5.9916pt too wide) in paragraph at lines 997--1001
[]\T1/npxtt/m/n/10.95 native_identification$[]$ \T1/zpltlf/m/n/10.95 (-20) (\T1
/npxtt/m/n/10.95 RequestProject/CarrierScaleCompensation.lean\T1/zpltlf/m/n/10.
95 (-20) ). $\OML/npxmi/m/it/10.95 N[]\LMS/npxsy/m/n/10.95 ą\OML/npxmi/m/it/10.
95 e[]\LMS/npxsy/m/n/10.95 ş$ \T1/zpltlf/m/n/10.95 (-20) equals
 []


Overfull \hbox (7.93672pt too wide) in paragraph at lines 1020--1024
[]\T1/npxtt/m/n/10.95 projection_bijective_loss_ledger \T1/zpltlf/m/n/10.95 (-2
0) (\T1/npxtt/m/n/10.95 RequestProject/SourceHolonomy.lean\T1/zpltlf/m/n/10.95 
(-20) ). The chart chain
 []


Overfull \hbox (45.21255pt too wide) in paragraph at lines 1024--1029
[]\T1/npxtt/m/n/10.95 pipeline_midpoint_iff \T1/zpltlf/m/n/10.95 (-20) (\T1/npx
tt/m/n/10.95 RequestProject/RoundTrip.lean\T1/zpltlf/m/n/10.95 (-20) ). The end
-to-end 3D$\LMS/npxsy/m/n/10.95 !$\T1/zpltlf/m/n/10.95 (-20) height$\LMS/npxsy/
m/n/10.95 !$\T1/zpltlf/m/n/10.95 (-20) encode$\LMS/npxsy/m/n/10.95 !$\T1/zpltlf
/m/n/10.95 (-20) 1D
 []


Overfull \hbox (5.50969pt too wide) in paragraph at lines 1034--1038
[]\T1/npxtt/m/n/10.95 midpoint_entry_on_circle \T1/zpltlf/m/n/10.95 (-20) (\T1/
npxtt/m/n/10.95 RequestProject/SourceHolonomy.lean\T1/zpltlf/m/n/10.95 (-20) ).
 Ev-ery he-lix height charts
 []



[52]
Overfull \hbox (6.59998pt too wide) in paragraph at lines 1096--1100
[]\T1/npxtt/m/n/10.95 gradedResolventTrace_eq_residue_sum \T1/zpltlf/m/n/10.95 
(-20) (\T1/npxtt/m/n/10.95 RequestProject/GradedModeDictionary.lean\T1/zpltlf/m
/n/10.95 (-20) ). The
 []



[53]
LaTeX Font Info:    Font shape `T1/zpltlf/m/scit' will be
(Font)              scaled to size 10.95pt on input line 1156.

Overfull \hbox (13.39867pt too wide) in paragraph at lines 1156--1166
[][]\T1/zpltlf/b/n/10.95 (-20) Theorem 45 \T1/zpltlf/m/n/10.95 (-20) (The iden-
tity route)\T1/zpltlf/b/n/10.95 (-20) . []\T1/zpltlf/m/it/10.95 (-20) Un-con-di
-tion-ally: \T1/zpltlf/m/n/10.95 (-20) (i) $[]$ \T1/zpltlf/m/it/10.95 (-20) hol
ds (\T1/npxtt/m/sl/10.95 threeDRealEvidence\T1/zpltlf/m/it/10.95 (-20) );
 []


Overfull \hbox (67.81482pt too wide) in paragraph at lines 1156--1166
\T1/zpltlf/m/n/10.95 (-20) (ii) \T1/zpltlf/m/it/10.95 (-20) for ev-ery mod-u-lu
s $\OML/npxmi/m/it/10.95 N$ \T1/zpltlf/m/it/10.95 (-20) and char-ac-ter $\OML/n
pxmi/m/it/10.95 ^^_  []  N$\T1/zpltlf/m/it/10.95 (-20) , $[] \LMS/npxsy/m/n/10.
95 ^ []ą\OML/npxmi/m/it/10.95 ^^_\LMS/npxsy/m/n/10.95 ş  \U/npxmia/m/it/10.95 =
[]\LMS/npxsy/m/n/10.95 )
 []



[54]
Overfull \hbox (20.35564pt too wide) in paragraph at lines 1191--1202
[][]\T1/zpltlf/b/n/10.95 (-20) Theorem 46 \T1/zpltlf/m/n/10.95 (-20) (The cor-r
e-la-tion route)\T1/zpltlf/b/n/10.95 (-20) . []\T1/zpltlf/m/it/10.95 (-20) Un-c
on-di-tion-ally: \T1/zpltlf/m/n/10.95 (-20) (i) $[]$ \T1/zpltlf/m/it/10.95 (-20
) holds (\T1/npxtt/m/sl/10.95 oneDChartEvidence\T1/zpltlf/m/it/10.95 (-20) );
 []


Overfull \hbox (76.35577pt too wide) in paragraph at lines 1191--1202
\T1/zpltlf/m/n/10.95 (-20) (ii) \T1/zpltlf/m/it/10.95 (-20) for ev-ery mod-u-lu
s $\OML/npxmi/m/it/10.95 N$ \T1/zpltlf/m/it/10.95 (-20) and char-ac-ter $\OML/n
pxmi/m/it/10.95 ^^_  []  N$\T1/zpltlf/m/it/10.95 (-20) , $[]\LMS/npxsy/m/n/10.9
5 ą\OML/npxmi/m/it/10.95 ^^_\LMS/npxsy/m/n/10.95 ş ^ []ą\OML/npxmi/m/it/10.95 ^
^_\LMS/npxsy/m/n/10.95 ş  \U/npxmia/m/it/10.95 =[]\LMS/npxsy/m/n/10.95 )
 []


Overfull \hbox (30.53888pt too wide) in paragraph at lines 1228--1232
[][]\T1/zpltlf/b/n/10.95 (-20) Corollary 47 \T1/zpltlf/m/n/10.95 (-20) (RH, ide
n-tity read-ing)\T1/zpltlf/b/n/10.95 (-20) . []$[] \LMS/npxsy/m/n/10.95 ^ []ą\O
ML/npxmi/m/it/10.95 ^^_[]\LMS/npxsy/m/n/10.95 ş  \U/npxmia/m/it/10.95 =[]\LMS/n
pxsy/m/n/10.95 )
 []


Overfull \hbox (57.61052pt too wide) in paragraph at lines 1235--1241
[][]\T1/zpltlf/b/n/10.95 (-20) Corollary 48 \T1/zpltlf/m/n/10.95 (-20) (RH, cor
-re-la-tion read-ing)\T1/zpltlf/b/n/10.95 (-20) . []$[]\LMS/npxsy/m/n/10.95 ą\O
ML/npxmi/m/it/10.95 ^^_[]\LMS/npxsy/m/n/10.95 ş ^ []ą\OML/npxmi/m/it/10.95 ^^_[
]\LMS/npxsy/m/n/10.95 ş  \U/npxmia/m/it/10.95 =[]\LMS/npxsy/m/n/10.95 )
 []

)

[55]

[56]

[57]
LaTeX Font Info:    Font shape `T1/zpltlf/m/n' will be
(Font)              scaled to size 9.0pt on input line 3447.
LaTeX Font Info:    Font shape `OT1/minzpl/m/n' will be
(Font)              scaled to size 9.0pt on input line 3448.
LaTeX Font Info:    Font shape `OT1/minzpl/b/n' will be
(Font)              scaled to size 9.0pt on input line 3448.
LaTeX Font Info:    Font shape `T1/qhv/m/n' will be
(Font)              scaled to size 8.46002pt on input line 3448.


[58
checksum mismatch in font zplmi1.vf ignored
character width mismatch in font zplmi1.vf ignored]

[59]

[60]

[61]

[62]
Overfull \hbox (91.96979pt too wide) detected at line 3702
[] \OML/npxmi/m/it/10.95 "\LMS/npxsy/m/n/10.95 ą\OML/npxmi/m/it/10.95 p\LMS/npx
sy/m/n/10.95 ş 2 f\OT1/minzpl/m/n/10.95 0\OML/npxmi/m/it/10.95 ; \LMS/npxsy/m/n
/10.95 ^^F\OT1/minzpl/m/n/10.95 1\LMS/npxsy/m/n/10.95 g []\OML/npxmi/m/it/10.95
 ;  [] \LMS/npxsy/m/n/10.95 ą\OT1/minzpl/m/n/10.95 3\LMS/npxsy/m/n/10.95 ť\OML/
npxmi/m/it/10.95 p\LMS/npxsy/m/n/10.95 ş []
 []



[63]
Overfull \hbox (13.00465pt too wide) in paragraph at lines 3760--3768
 [] 
 []


Overfull \hbox (3.8959pt too wide) in paragraph at lines 3798--3816
\T1/zpltlf/m/n/10.95 (-20) (\T1/npxtt/m/n/10.95 spin_mul_conj\T1/zpltlf/m/n/10.
95 (-20) ), so $[] \U/npxmia/m/it/10.95 = \OT1/minzpl/m/n/10.95 1$ \T1/zpltlf/m
/n/10.95 (-20) and it is uni-tary (\T1/npxtt/m/n/10.95 frobeniusBlock_det_one\T
1/zpltlf/m/n/10.95 (-20) , \T1/npxtt/m/n/10.95 frobeniusBlock_unitary\T1/zpltlf
/m/n/10.95 (-20) ).
 []



[64]

[65]

[66]

[67]

[68]

[69]

[70]

Package enumitem Warning: Negative labelwidth. This does not make much
(enumitem)                sense, on input line 4190.


Overfull \hbox (201.19789pt too wide) in paragraph at lines 4190--4195
\T1/zpltlf/m/n/10.95 (-20) Eu-ler fac-tor is read from the \T1/zpltlf/m/it/10.9
5 (-20) de-pro-jected \T1/zpltlf/m/n/10.95 (-20) block --- no tem-pered-ness as
-sumed. Lean: \T1/npxtt/m/n/10.95 FrobeniusSimilitude.frobeniusBlock_eq_conjPai
rBlock
 []


Overfull \hbox (55.80624pt too wide) in paragraph at lines 4190--4195
\T1/zpltlf/m/n/10.95 (-20) (def-i-ni-tional), \T1/npxtt/m/n/10.95 ConeProjectio
n.reconstruct_record\T1/zpltlf/m/n/10.95 (-20) , \T1/npxtt/m/n/10.95 Automorphi
cCandidate.midpoint_projects_to_half\T1/zpltlf/m/n/10.95 (-20) . 
 []


Overfull \hbox (160.75461pt too wide) in paragraph at lines 4195--4203
\T1/zpltlf/m/n/10.95 (-20) logarithmic-readout in-ter-twin-ers. Lean: \T1/npxtt
/m/n/10.95 GeometricReadout.cayley\T1/zpltlf/m/n/10.95 (-20) /\T1/npxtt/m/n/10.
95 cayley_real_norm_one\T1/zpltlf/m/n/10.95 (-20) /\T1/npxtt/m/n/10.95 ConeProj
ection.record_bijective\T1/zpltlf/m/n/10.95 (-20) ,
 []


Overfull \hbox (16.29378pt too wide) in paragraph at lines 4195--4203
\T1/zpltlf/m/n/10.95 (-20) place \T1/npxtt/m/n/10.95 FiniteWeightFiber.localPol
y_reciprocal\T1/zpltlf/m/n/10.95 (-20) ; as-sem-bled \T1/npxtt/m/n/10.95 Comple
tedReflection.completed_FE\T1/zpltlf/m/n/10.95 (-20) ,
 []



[71]
Overfull \hbox (247.19408pt too wide) in paragraph at lines 4209--4213
\T1/npxtt/m/n/10.95 CellClosure.harmonic_bank_primitive_bounded\T1/zpltlf/m/n/1
0.95 (-20) , \T1/npxtt/m/n/10.95 ForcibleClosure.residual_forcible\T1/zpltlf/m/
n/10.95 (-20) , \T1/npxtt/m/n/10.95 CarrierReachability.reachable_independent_s
tage\T1/zpltlf/m/n/10.95 (-20) . 
 []



[72]

[73]
Overfull \hbox (12.34167pt too wide) in paragraph at lines 4375--4408
\T1/zpltlf/m/n/10.95 (-20) (\T1/npxtt/m/n/10.95 harmonic_bank_cell_sum_zero\T1/
zpltlf/m/n/10.95 (-20) ) and its prim-i-tive is bounded (\T1/npxtt/m/n/10.95 ha
rmonic_bank_primitive_bounded\T1/zpltlf/m/n/10.95 (-20) ),
 []



[74]
Overfull \hbox (43.3416pt too wide) in paragraph at lines 4438--4466
\T1/zpltlf/m/n/10.95 (-20) machine-checked in Lean for ar-bi-trary chan-nels (\
T1/npxtt/m/n/10.95 HarmonicCell.harmonic_residual_no_independent_mode
 []



[75]

[76]

[77]
Overfull \hbox (234.1126pt too wide) in paragraph at lines 4564--4567
\T1/zpltlf/m/it/10.95 (-20) with $\LMS/npxsy/m/n/10.95 ą^^@\OT1/minzpl/m/n/10.9
5 1\LMS/npxsy/m/n/10.95 ş[]$ \T1/zpltlf/m/it/10.95 (-20) at a van-ish-ing of mu
l-ti-plic-ity $\OML/npxmi/m/it/10.95 k$ \T1/zpltlf/m/it/10.95 (-20) (\T1/npxtt/
m/sl/10.95 ChiralityHB.symClock_star\T1/zpltlf/m/it/10.95 (-20) ; \T1/npxtt/m/s
l/10.95 GeneralizedCohomology.dimension_parity_of_involution_even\T1/zpltlf/m/i
t/10.95 (-20) /\T1/npxtt/m/sl/10.95 _odd\T1/zpltlf/m/it/10.95 (-20) ); 
 []


Overfull \hbox (47.99185pt too wide) in paragraph at lines 4567--4570
[]\T1/zpltlf/m/n/10.95 (-20) Li pos-i-tiv-ity\T1/zpltlf/m/it/10.95 (-20) : the 
loss-ledger's rep-re-sented mea-sure is pos-i-tive semidef-i-nite (\T1/npxtt/m/
sl/10.95 SourceHolonomy.ledger_positivity\T1/zpltlf/m/it/10.95 (-20) ,
 []


Overfull \hbox (116.78065pt too wide) in paragraph at lines 4567--4570
\T1/npxtt/m/sl/10.95 helix_ledger_positive\T1/zpltlf/m/it/10.95 (-20) , the Gra
m \T1/npxtt/m/sl/10.95 gramH_posSemidef\T1/zpltlf/m/it/10.95 (-20) ), pre-serve
d un-der pro-jec-tion (\T1/npxtt/m/sl/10.95 projection_retains_li_positivity\T1
/zpltlf/m/it/10.95 (-20) ). 
 []



[78]
Overfull \hbox (12.84743pt too wide) in paragraph at lines 4635--4641
\T1/zpltlf/m/it/10.95 (-20) booked \T1/zpltlf/m/n/10.95 (-20) loss-lessly \T1/z
pltlf/m/it/10.95 (-20) --- $[] \LMS/npxsy/m/n/10.95 7! ą[]\OML/npxmi/m/it/10.95
 ; []\LMS/npxsy/m/n/10.95 ş$ \T1/zpltlf/m/it/10.95 (-20) is a bi-jec-tion (\T1/
npxtt/m/sl/10.95 ConeProjection.record_bijective\T1/zpltlf/m/it/10.95 (-20) ,
 []


Overfull \hbox (127.72156pt too wide) in paragraph at lines 4643--4646
\T1/zpltlf/m/it/10.95 (-20) is the mid-point $[] \OML/npxmi/m/it/10.95 s \U/npx
mia/m/it/10.95 = []$ \T1/zpltlf/m/it/10.95 (-20) (\T1/npxtt/m/sl/10.95 ConeProj
ection.midpoint_to_critical\T1/zpltlf/m/it/10.95 (-20) , \T1/npxtt/m/sl/10.95 A
utomorphicCandidate.midpoint_projects_to_half\T1/zpltlf/m/it/10.95 (-20) ). 
 []



[79]

[80]

[81]
Overfull \hbox (192.93726pt too wide) in paragraph at lines 4806--4813
\T1/npxtt/m/sl/10.95 FiniteWeightFiber.fiber_det_one\T1/zpltlf/m/it/10.95 (-20)
 ); \T1/zpltlf/m/n/10.95 (-20) (ii) \T1/zpltlf/m/it/10.95 (-20) the archimedean
 self-duality $\OML/npxmi/m/it/10.95 ^^M\LMS/npxsy/m/n/10.95 ą\OML/npxmi/m/it/1
0.95 s\LMS/npxsy/m/n/10.95 ş \U/npxmia/m/it/10.95 = \OML/npxmi/m/it/10.95 "[]^^
M\LMS/npxsy/m/n/10.95 ą\OML/npxmi/m/it/10.95 ^^T \LMS/npxsy/m/n/10.95 ^^@ \OML/
npxmi/m/it/10.95 s\LMS/npxsy/m/n/10.95 ş$ \T1/zpltlf/m/it/10.95 (-20) (\T1/npxt
t/m/sl/10.95 FiniteWeightFiber.clockCompletion_selfdual\T1/zpltlf/m/it/10.95 (-
20) );
 []



[82]
Overfull \hbox (9.09422pt too wide) in paragraph at lines 4899--4908
\T1/npxtt/m/n/10.95 FiniteWeightFiber.localPoly_reciprocal\T1/zpltlf/m/n/10.95 
(-20) , re-cov-ered as \T1/npxtt/m/n/10.95 DualPairFiber.selfDual_detOne_case\T
1/zpltlf/m/n/10.95 (-20) .
 []



[83]

[84]

[85]

[86]

[87]

[88]
Overfull \hbox (8.69954pt too wide) in paragraph at lines 5241--5279
\T1/zpltlf/m/n/10.95 (-20) (\T1/npxtt/m/n/10.95 ClockDipDuality\T1/zpltlf/m/n/1
0.95 (-20) : \T1/npxtt/m/n/10.95 locked_dips_add\T1/zpltlf/m/n/10.95 (-20) , \T
1/npxtt/m/n/10.95 unlocked_dips_cancel\T1/zpltlf/m/n/10.95 (-20) ), the re-flec
-tion (\T1/npxtt/m/n/10.95 FiniteWeightFiber\T1/zpltlf/m/n/10.95 (-20) ),
 []



[89]

[90]

[91]

[92]
Overfull \hbox (120.97362pt too wide) in paragraph at lines 5416--5423
\T1/zpltlf/m/it/10.95 (-20) (\T1/npxtt/m/sl/10.95 ForcibleClosure.residual_forc
ible\T1/zpltlf/m/it/10.95 (-20) , with the in-de-pen-dent pair of \T1/npxtt/m/s
l/10.95 CarrierReachability.reachable_independent_stage\T1/zpltlf/m/it/10.95 (-
20) ),
 []



[93]
LaTeX Font Info:    Font shape `T1/zpltlf/b/it' will be
(Font)              scaled to size 10.95pt on input line 5505.


[94]

[95]

[96]

[97]

[98]
Overfull \hbox (52.04153pt too wide) in paragraph at lines 5863--5873
\T1/zpltlf/m/n/10.95 (-20) depth cor-re-spon-dence is a \T1/zpltlf/m/it/10.95 (
-20) the-o-rem\T1/zpltlf/m/n/10.95 (-20) , machine-checked in Lean (\T1/npxtt/m
/n/10.95 RequestProject/HodgeLedgerFiltration.lean\T1/zpltlf/m/n/10.95 (-20) :
 []


Overfull \hbox (29.69551pt too wide) in paragraph at lines 5863--5873
\T1/zpltlf/m/n/10.95 (-20) co-or-di-nate is faith-ful, its ker-nel on $\OML/npx
mi/m/it/10.95 F[]$ \T1/zpltlf/m/n/10.95 (-20) be-ing \T1/zpltlf/m/it/10.95 (-20
) ex-actly $\OML/npxmi/m/it/10.95 F[]$ \T1/zpltlf/m/n/10.95 (-20) (\T1/npxtt/m/
n/10.95 ledger_kernel\T1/zpltlf/m/n/10.95 (-20) , \T1/npxtt/m/n/10.95 mem_carri
erFiltration_succ\T1/zpltlf/m/n/10.95 (-20) );
 []



[99]
Underfull \hbox (badness 10000) in paragraph at lines 5919--5944

 []



[100]

[101]

[102]

[103]
Overfull \hbox (30.69812pt too wide) in paragraph at lines 6100--6106
[]\T1/zpltlf/m/it/10.95 (-20) Remainder. \T1/zpltlf/m/n/10.95 (-20) The Tay-lor
 re-main-der sat-is-fies $\LMS/npxsy/m/n/10.95 j\OML/npxmi/m/it/10.95 R[]\LMS/n
pxsy/m/n/10.95 ą\OML/npxmi/m/it/10.95 u; t\LMS/npxsy/m/n/10.95 şj ^^T \OML/npxm
i/m/it/10.95 C[]\LMS/npxsy/m/n/10.95 ą\OML/npxmi/m/it/10.95 u\LMS/npxsy/m/n/10.
95 ş \OML/npxmi/m/it/10.95 t[]$ \T1/zpltlf/m/n/10.95 (-20) with $\OML/npxmi/m/i
t/10.95 C[]\LMS/npxsy/m/n/10.95 ą\OML/npxmi/m/it/10.95 u\LMS/npxsy/m/n/10.95 ş 
\U/npxmia/m/it/10.95 = [][] \LMS/npxsy/m/n/10.95 j\OML/npxmi/m/it/10.95 @[] []\
LMS/npxsy/m/n/10.95 jťą\OML/npxmi/m/it/10.95 M \LMS/npxsy/m/n/10.95 Ď
 []



[104]
LaTeX Font Info:    Font shape `T1/npxtt/b/n' in size <10.95> not available
(Font)              Font shape `T1/npxtt/bx/n' tried instead on input line 6165
.
LaTeX Font Info:    Font shape `T1/npxtt/bx/n' will be
(Font)              scaled to size 10.95pt on input line 6165.

Overfull \hbox (34.16554pt too wide) in paragraph at lines 6171--6178
[]\T1/zpltlf/b/n/10.95 (-20) Proposition []82[] (the uni-form con-stant), \T1/n
pxtt/bx/n/10.95 be_prop52_certify.py\T1/zpltlf/b/n/10.95 (-20) . \T1/zpltlf/m/n
/10.95 (-20) The con-stant $\OML/npxmi/m/it/10.95 L[] \U/npxmia/m/it/10.95 = \L
MS/npxsy/m/n/10.95 k\OML/npxmi/m/it/10.95 @[]\LMS/npxsy/m/n/10.95 ą\OML/npxmi/m
/it/10.95 G\LMS/npxsy/m/n/10.95 ą\OML/npxmi/m/it/10.95 y\LMS/npxsy/m/n/10.95 ť\
OML/npxmi/m/it/10.95 X\LMS/npxsy/m/n/10.95 ş \OML/npxmi/m/it/10.95 y \U/npxmia/
m/it/10.95 	\LMS/npxsy/m/n/10.95 şk[]$
 []



[105]
Overfull \hbox (35.05241pt too wide) in paragraph at lines 6212--6226
[]\T1/zpltlf/b/n/10.95 (-20) The for-mally proven GL(4) vector-clock scale au-d
it, \T1/npxtt/bx/n/10.95 mb_scale_audit.py \T1/zpltlf/b/n/10.95 (-20) and \T1/n
pxtt/bx/n/10.95 TwoClockWeightLaw.lean\T1/zpltlf/b/n/10.95 (-20) .
 []


Overfull \hbox (30.12738pt too wide) in paragraph at lines 6227--6232
[]\T1/zpltlf/b/n/10.95 (-20) The pro-duc-tiv-ity bound-ary (ź[]31[]), \T1/npxtt
/bx/n/10.95 mb_uniform.py\T1/zpltlf/b/n/10.95 (-20) . \T1/zpltlf/m/n/10.95 (-20
) The Weyl-character tail law $[] \LMS/npxsy/m/n/10.95 ^^X ą\OML/npxmi/m/it/10.
95 r[]\OT1/minzpl/m/n/10.95 1\LMS/npxsy/m/n/10.95 ş[]$
 []


Overfull \hbox (25.78616pt too wide) in paragraph at lines 6233--6241
\T1/npxtt/m/n/10.95 LFunctionPhasor.dirichlet_strip_tendsto_LFunction \T1/zpltl
f/m/n/10.95 (-20) (non-principal $\OML/npxmi/m/it/10.95 ^^_$\T1/zpltlf/m/n/10.9
5 (-20) ) and \T1/npxtt/m/n/10.95 eta_strip_tendsto
 []


Overfull \hbox (31.40207pt too wide) in paragraph at lines 6233--6241
\T1/zpltlf/m/n/10.95 (-20) ($\OML/npxmi/m/it/10.95 ^^P$\T1/zpltlf/m/n/10.95 (-2
0) /principal); the re-flec-tion axis and forced ab-scissa are \T1/npxtt/m/n/10
.95 FrobeniusSimilitude.reflection_fixes_iff\T1/zpltlf/m/n/10.95 (-20) ,
 []


Overfull \hbox (31.1426pt too wide) in paragraph at lines 6243--6254
[]\T1/zpltlf/b/n/10.95 (-20) The gen-eral fi-nite duality-stable fiber re-flec-
tion (ź[]39[], ź[]38[]), \T1/npxtt/bx/n/10.95 RequestProject/FiniteWeightFiber.
lean\T1/zpltlf/b/n/10.95 (-20) .
 []



[106]
Overfull \hbox (7.81566pt too wide) in paragraph at lines 6255--6264
\T1/zpltlf/m/n/10.95 (-20) fi-nite duality-stable har-monic fiber class, machin
e-checked in Lean. \T1/npxtt/m/n/10.95 cell_closure_partialSum_le\T1/zpltlf/m/n
/10.95 (-20) :
 []


Overfull \hbox (11.59688pt too wide) in paragraph at lines 6255--6264
\T1/zpltlf/m/n/10.95 (-20) a period-$\OML/npxmi/m/it/10.95 P$ \T1/zpltlf/m/n/10
.95 (-20) warp bounded by $\OML/npxmi/m/it/10.95 B$ \T1/zpltlf/m/n/10.95 (-20) 
with zero cell sum has prim-i-tive $\LMS/npxsy/m/n/10.95 ^^T \OML/npxmi/m/it/10
.95 B P$\T1/zpltlf/m/n/10.95 (-20) ; \T1/npxtt/m/n/10.95 cell_closure_dc_mode_z
ero\T1/zpltlf/m/n/10.95 (-20) :
 []


Overfull \hbox (86.62088pt too wide) in paragraph at lines 6266--6289
\T1/npxtt/m/n/10.95 completedLFunction_one_sub\T1/zpltlf/m/n/10.95 (-20) ) \T1/
zpltlf/m/it/10.95 (-20) and \T1/zpltlf/m/n/10.95 (-20) on the gen-eral fi-nite 
duality-stable fiber (\T1/npxtt/m/n/10.95 FiniteWeightFiber.fiberCompleted\T1/z
pltlf/m/n/10.95 (-20) ;
 []


Overfull \hbox (92.50098pt too wide) in paragraph at lines 6302--6312
[]\T1/zpltlf/b/n/10.95 (-20) The fiber's lo-cal com-pleted re-flec-tion (ź[]38[
], step (1) of Prop. []70[]), \T1/npxtt/bx/n/10.95 RequestProject/CompletedRefl
ectionFiber.lean\T1/zpltlf/b/n/10.95 (-20) .
 []



[107]
Overfull \hbox (9.72359pt too wide) in paragraph at lines 6325--6334
[]\T1/zpltlf/b/n/10.95 (-20) The clipped he-lix: clip, weld, rank, cross-ings (
ź[]36[]), \T1/npxtt/bx/n/10.95 clip_conductor.py\T1/zpltlf/b/n/10.95 (-20) , \T
1/npxtt/bx/n/10.95 weld_normalization.py\T1/zpltlf/b/n/10.95 (-20) ,
 []


Overfull \hbox (63.5972pt too wide) in paragraph at lines 6337--6349
[]\T1/zpltlf/b/n/10.95 (-20) The au-to-mor-phy ma-chin-ery on the car-rier (ź[]
37[]), \T1/npxtt/bx/n/10.95 tate_fe_check.py\T1/zpltlf/b/n/10.95 (-20) , \T1/np
xtt/bx/n/10.95 gl2_escalate.py\T1/zpltlf/b/n/10.95 (-20) , \T1/npxtt/bx/n/10.95
 carrier_poisson.py\T1/zpltlf/b/n/10.95 (-20) ,
 []


Overfull \hbox (25.44539pt too wide) in paragraph at lines 6357--6363
[]\T1/zpltlf/b/n/10.95 (-20) Symmetric pow-ers and root num-bers (ź[]38.1[]), \
T1/npxtt/bx/n/10.95 sym_r_fe2.py\T1/zpltlf/b/n/10.95 (-20) , \T1/npxtt/bx/n/10.
95 sym_r_fe_2clock.py\T1/zpltlf/b/n/10.95 (-20) , \T1/npxtt/bx/n/10.95 sym_r_sw
eep2.py\T1/zpltlf/b/n/10.95 (-20) .
 []



[108]
Overfull \hbox (4.83548pt too wide) in paragraph at lines 6408--6422
[]\T1/zpltlf/b/n/10.95 (-20) Loss-ledger$\LMS/npxsy/m/n/10.95 $$\T1/zpltlf/b/n/
10.95 (-20) cycle-filtration cal-i-bra-tion (ź[]39[], ź[]43[]), \T1/npxtt/bx/n/
10.95 hodge_layer_calib.py \T1/zpltlf/m/n/10.95 (-20) (from \T1/npxtt/m/n/10.95
 sha_hinge.py\T1/zpltlf/m/n/10.95 (-20) ,
 []



[109]
Overfull \hbox (48.60095pt too wide) in paragraph at lines 6441--6449
[]\T1/zpltlf/b/n/10.95 (-20) The trans-fer ex-po-nent (Lemma []64[], Re-mark []
68[]), \T1/npxtt/bx/n/10.95 transfer_exponent.py\T1/zpltlf/b/n/10.95 (-20) . $[
]$ \T1/zpltlf/m/n/10.95 (-20) = slope of $[]\LMS/npxsy/m/n/10.95 ą[]j\OML/npxmi
/m/it/10.95 A[]\LMS/npxsy/m/n/10.95 jş$
 []


Overfull \hbox (72.98183pt too wide) in paragraph at lines 6451--6456
[]\T1/zpltlf/b/n/10.95 (-20) Axis pair-ing: the free and the open part of the s
tand-ing wave (Re-mark []67[]), \T1/npxtt/bx/n/10.95 RequestProject/AxisPairing
.lean\T1/zpltlf/b/n/10.95 (-20) .
 []



[110]
Overfull \hbox (28.87334pt too wide) in paragraph at lines 6512--6513
[]\T1/zpltlf/b/n/10.95 (-20) Genuine non-self-dual $[]\LMS/npxsy/m/n/10.95 ą\OT
1/minzpl/m/n/10.95 3\LMS/npxsy/m/n/10.95 ş$ \T1/zpltlf/b/n/10.95 (-20) (ź[]30[]
, ta-ble row), \T1/npxtt/bx/n/10.95 f21_gl3_multirail.py \T1/zpltlf/b/n/10.95 (
-20) (data via Sage \T1/npxtt/bx/n/10.95 idealfrobenius\T1/zpltlf/b/n/10.95 (-2
0) )
 []


Overfull \hbox (32.89534pt too wide) in paragraph at lines 6513--6514
[]\T1/zpltlf/b/n/10.95 (-20) Forcible cell clo-sure (Lemma []59[]), \T1/npxtt/b
x/n/10.95 forcible_closure.py \T1/zpltlf/b/n/10.95 (-20) and \T1/npxtt/bx/n/10.
95 RequestProject/ForcibleClosure.lean\T1/zpltlf/b/n/10.95 (-20) .
 []



[111]
Overfull \hbox (80.62769pt too wide) in paragraph at lines 6515--6516
[]\T1/zpltlf/b/n/10.95 (-20) Carrier-transport func-to-ri-al-ity (ź[]39[]), \T1
/npxtt/bx/n/10.95 RequestProject/CarrierFunctoriality.lean \T1/zpltlf/b/n/10.95
 (-20) and \T1/npxtt/bx/n/10.95 composition_test.py\T1/zpltlf/b/n/10.95 (-20) .

 []



[112]

[113]

FiXme Summary: Number of notes: 0,
(FiXme)        Number of warnings: 0,
(FiXme)        Number of errors: 0,
(FiXme)        Number of fatal errors: 0,
(FiXme)        Total: 0.



[114] (./universal.aux)
 ***********
LaTeX2e <2025-06-01> patch level 1
L3 programming layer <2020/03/25>
 ***********


LaTeX Warning: There were undefined references.

Package rerunfilecheck Info: File `universal.out' has not changed.
(rerunfilecheck)             Checksum: 43E36E750769FD6C5317E0FD1E1A973F;18421.
 ) 
Here is how much of TeX's memory you used:
 32806 strings out of 467801
 603032 string characters out of 5431917
 1206782 words of memory out of 5000000
 60003 multiletter control sequences out of 15000+600000
 924326 words of font info for 591 fonts, out of 8000000 for 9000
 1141 hyphenation exceptions out of 8191
 102i,11n,107p,1948b,905s stack positions out of 10000i,1000n,20000p,200000b,200000s
</usr/local/texlive/2025/texmf-dist/fonts/type1/public/newpx/NewPXMI.pfb></us
r/local/texlive/2025/texmf-dist/fonts/type1/public/newpx/NewPXMI_gnu.pfb></usr/
local/texlive/2025/texmf-dist/fonts/type1/public/newpx/pxmiaX.pfb></usr/local/t
exlive/2025/texmf-dist/fonts/type1/public/newpx/pxsys.pfb></usr/local/texlive/2
025/texmf-dist/fonts/type1/public/tex-gyre/qhvr.pfb></usr/local/texlive/2025/te
xmf-dist/fonts/type1/public/txfonts/t1xbtt.pfb></usr/local/texlive/2025/texmf-d
ist/fonts/type1/public/txfonts/t1xtt.pfb></usr/local/texlive/2025/texmf-dist/fo
nts/type1/public/txfonts/t1xtt.pfb></usr/local/texlive/2025/texmf-dist/fonts/ty
pe1/public/newtx/txexs.pfb></usr/local/texlive/2025/texmf-dist/fonts/type1/publ
ic/txfonts/txsyc.pfb></usr/local/texlive/2025/texmf-dist/fonts/type1/public/new
tx/txsym.pfb></usr/local/texlive/2025/texmf-dist/fonts/type1/public/newpx/zplb.
pfb></usr/local/texlive/2025/texmf-dist/fonts/type1/public/newpx/zplbi.pfb></us
r/local/texlive/2025/texmf-dist/fonts/type1/public/newpx/zplr.pfb></usr/local/t
exlive/2025/texmf-dist/fonts/type1/public/newpx/zplri.pfb>
Output written on universal.pdf (114 pages, 966961 bytes).
PDF statistics:
 1991 PDF objects out of 2073 (max. 8388607)
 1816 compressed objects within 19 object streams
 371 named destinations out of 1000 (max. 500000)
 141413 words of extra memory for PDF output out of 154059 (max. 10000000)

