\BOOKMARK [1][-]{Doc-Start}{\376\377\000I\000n\000t\000r\000o\000d\000u\000c\000t\000i\000o\000n}{}% 1
\BOOKMARK [1][-]{Item.8}{\376\377\000O\000u\000r\000\040\000c\000o\000n\000t\000r\000i\000b\000u\000t\000i\000o\000n\000s}{}% 2
\BOOKMARK [0][-]{part.1}{\376\377\000I\000\040\000T\000h\000e\000\040\000c\000o\000m\000m\000o\000n\000\040\000c\000a\000r\000r\000i\000e\000r\000\040\000s\000y\000s\000t\000e\000m}{}% 3
\BOOKMARK [1][-]{section.1}{\376\377\000T\000h\000e\000\040\000t\000h\000e\000o\000r\000e\000m\000\040\000a\000r\000c\000h\000i\000t\000e\000c\000t\000u\000r\000e}{part.1}% 4
\BOOKMARK [1][-]{section.2}{\376\377\000T\000h\000e\000\040\000d\000o\000u\000b\000l\000e\000-\000e\000n\000d\000e\000d\000\040\000c\000a\000r\000r\000i\000e\000r}{part.1}% 5
\BOOKMARK [1][-]{section.3}{\376\377\000P\000r\000o\000j\000e\000c\000t\000i\000o\000n\000\040\000a\000n\000d\000\040\000t\000h\000e\000\040\000l\000o\000s\000s\000\040\000l\000e\000d\000g\000e\000r}{part.1}% 6
\BOOKMARK [1][-]{section.4}{\376\377\000S\000t\000r\000u\000c\000t\000u\000r\000e\000d\000\040\000s\000o\000u\000r\000c\000e\000s\000,\000\040\000i\000d\000e\000n\000t\000i\000t\000y\000,\000\040\000c\000l\000o\000c\000k\000s\000,\000\040\000a\000n\000d\000\040\000c\000e\000l\000l\000s}{part.1}% 7
\BOOKMARK [1][-]{section.5}{\376\377\000N\000o\000r\000m\000a\000l\000i\000z\000a\000t\000i\000o\000n\000\040\000a\000n\000d\000\040\000s\000i\000m\000u\000l\000t\000a\000n\000e\000o\000u\000s\000\040\000c\000a\000r\000r\000i\000e\000r\000\040\000e\000v\000o\000l\000u\000t\000i\000o\000n}{part.1}% 8
\BOOKMARK [1][-]{section.6}{\376\377\000E\000x\000a\000c\000t\000\040\000c\000l\000o\000s\000u\000r\000e\000,\000\040\000o\000b\000s\000t\000r\000u\000c\000t\000i\000o\000n\000\040\000d\000e\000t\000e\000c\000t\000i\000o\000n\000,\000\040\000a\000n\000d\000\040\000a\000d\000a\000p\000t\000a\000t\000i\000o\000n}{part.1}% 9
\BOOKMARK [1][-]{section.7}{\376\377\000M\000o\000d\000e\000s\000,\000\040\000r\000e\000a\000d\000o\000u\000t\000s\000,\000\040\000r\000e\000f\000l\000e\000c\000t\000i\000o\000n\000,\000\040\000a\000n\000d\000\040\000a\000n\000a\000l\000y\000t\000i\000c\000\040\000l\000a\000n\000d\000i\000n\000g}{part.1}% 10
\BOOKMARK [1][-]{section.8}{\376\377\000E\000x\000h\000a\000u\000s\000t\000i\000o\000n\000,\000\040\000c\000o\000h\000e\000r\000e\000n\000t\000\040\000t\000r\000a\000n\000s\000p\000o\000r\000t\000,\000\040\000a\000n\000d\000\040\000t\000h\000e\000\040\000u\000n\000i\000v\000e\000r\000s\000a\000l\000\040\000t\000h\000e\000o\000r\000e\000m}{part.1}% 11
\BOOKMARK [1][-]{section.9}{\376\377\000T\000h\000e\000\040\000s\000c\000a\000l\000e\000\040\000m\000i\000s\000m\000a\000t\000c\000h\000\040\000b\000e\000h\000i\000n\000d\000\040\000t\000h\000e\000\040\000S\000\050\000t\000\051\000\040\000t\000e\000r\000m}{part.1}% 12
\BOOKMARK [2][-]{subsection.9.1}{\376\377\000T\000h\000e\000\040\000t\000h\000e\000o\000r\000e\000m}{section.9}% 13
\BOOKMARK [2][-]{subsection.9.2}{\376\377\000I\000n\000d\000e\000p\000e\000n\000d\000e\000n\000t\000\040\000c\000o\000n\000t\000o\000u\000r\000\040\000c\000o\000o\000r\000d\000i\000n\000a\000t\000e\000\040\000f\000o\000r\000\040\000t\000h\000e\000\040\000c\000l\000a\000s\000s\000i\000c\000a\000l\000\040\000a\000r\000g\000u\000m\000e\000n\000t}{section.9}% 14
\BOOKMARK [2][-]{subsection.9.3}{\376\377\000T\000h\000e\000\040\000e\000v\000e\000n\000t\000\040\000c\000o\000u\000n\000t\000\040\000a\000n\000d\000\040\000t\000h\000e\000\040\000p\000h\000a\000s\000e\000\040\000r\000e\000g\000i\000s\000t\000r\000a\000t\000i\000o\000n}{section.9}% 15
\BOOKMARK [2][-]{subsection.9.4}{\376\377\000N\000a\000t\000i\000v\000e\000\040\000p\000i\000/\0003\000\040\000c\000h\000a\000i\000n}{section.9}% 16
\BOOKMARK [2][-]{subsection.9.5}{\376\377\000U\000n\000i\000t\000-\0001\000\040\000p\000h\000a\000s\000e\000-\000r\000e\000g\000i\000s\000t\000r\000a\000t\000i\000o\000n\000\040\000c\000h\000a\000i\000n}{section.9}% 17
\BOOKMARK [2][-]{subsection.9.6}{\376\377\000S\000u\000b\000t\000r\000a\000c\000t\000i\000o\000n}{section.9}% 18
\BOOKMARK [2][-]{subsection.9.7}{\376\377\000T\000h\000e\000\040\000e\000x\000a\000c\000t\000\040\000c\000l\000o\000c\000k\040\023\000j\000u\000m\000p\000\040\000r\000u\000l\000e\000\040\000a\000n\000d\000\040\000i\000t\000s\000\040\000b\000o\000u\000n\000d}{section.9}% 19
\BOOKMARK [2][-]{subsection.9.8}{\376\377\000T\000h\000e\000\040\000a\000r\000r\000o\000w\000s\000,\000\040\000d\000i\000s\000c\000h\000a\000r\000g\000e\000d}{section.9}% 20
\BOOKMARK [2][-]{subsection.9.9}{\376\377\000T\000h\000e\000\040\000g\000e\000n\000e\000r\000a\000l\000\040\000r\000e\000g\000i\000s\000t\000r\000a\000t\000i\000o\000n\000\040\000g\000a\000p\000\040\000S\000\050\000H\000,\000K\000\051\000\040\000a\000n\000d\000\040\000t\000h\000e\000\040\000h\000a\000r\000m\000o\000n\000i\000c\000\040\000f\000a\000m\000i\000l\000y}{section.9}% 21
\BOOKMARK [2][-]{subsection.9.10}{\376\377\000T\000h\000e\000\040\000r\000e\000g\000i\000s\000t\000r\000a\000t\000i\000o\000n\000\040\000d\000y\000n\000a\000m\000i\000c\000s\000\040\000a\000n\000d\000\040\000t\000h\000e\000\040\000c\000e\000n\000s\000u\000s\000\040\000b\000o\000u\000n\000d}{section.9}% 22
\BOOKMARK [2][-]{subsection.9.11}{\376\377\000F\000r\000o\000m\000\040\000t\000h\000e\000\040\000l\000e\000d\000g\000e\000r\000\040\000t\000o\000\040\000t\000h\000e\000\040\000r\000e\000s\000i\000d\000u\000e\000\040\000a\000n\000d\000\040\000t\000h\000e\000\040\000w\000i\000n\000d\000o\000w\000e\000d\000\040\000t\000r\000a\000c\000e}{section.9}% 23
\BOOKMARK [1][-]{section.10}{\376\377\000T\000h\000e\000\040\000m\000e\000t\000a\000\040\000m\000e\000t\000h\000o\000d}{part.1}% 24
\BOOKMARK [0][-]{part.2}{\376\377\000I\000I\000\040\000A\000u\000t\000o\000m\000o\000r\000p\000h\000i\000c\000\040\000f\000u\000n\000c\000t\000o\000r\000i\000a\000l\000i\000t\000y\000:\000\040\000T\000h\000e\000\040\000c\000o\000n\000v\000e\000r\000s\000e\000-\000t\000h\000e\000o\000r\000e\000m\000\040\000c\000h\000e\000c\000k\000l\000i\000s\000t}{}% 25
\BOOKMARK [1][-]{section.11}{\376\377\000T\000h\000e\000\040\000e\000x\000a\000c\000t\000\040\000c\000o\000n\000v\000e\000r\000s\000e\000\040\000t\000h\000e\000o\000r\000e\000m}{part.2}% 26
\BOOKMARK [1][-]{section.12}{\376\377\000T\000h\000e\000\040\000a\000d\000e\000l\000i\000c\000\040\000c\000a\000n\000d\000i\000d\000a\000t\000e}{part.2}% 27
\BOOKMARK [1][-]{section.13}{\376\377\000T\000h\000e\000\040\000f\000u\000l\000l\000\040\000t\000w\000i\000s\000t\000i\000n\000g\000\040\000f\000a\000m\000i\000l\000y}{part.2}% 28
\BOOKMARK [1][-]{section.14}{\376\377\000N\000i\000c\000e\000n\000e\000s\000s}{part.2}% 29
\BOOKMARK [1][-]{section.15}{\376\377\000T\000h\000e\000\040\000c\000o\000n\000v\000e\000r\000s\000e\000-\000t\000h\000e\000o\000r\000e\000m\000\040\000l\000e\000d\000g\000e\000r}{part.2}% 30
\BOOKMARK [1][-]{section.16}{\376\377\000E\000x\000c\000e\000p\000t\000i\000o\000n\000a\000l\000\040}{part.2}% 31
\BOOKMARK [1][-]{section.17}{\376\377\000T\000h\000e\000\040\000c\000o\000n\000v\000e\000r\000s\000e\000\040\000e\000n\000g\000i\000n\000e\000\040\000i\000n\000\040\000t\000h\000r\000e\000e\000\040\000d\000i\000m\000e\000n\000s\000i\000o\000n\000s\000:\000\040\000t\000h\000e\000\040\000m\000a\000c\000h\000i\000n\000e\000-\000c\000h\000e\000c\000k\000e\000d\000\040\000g\000e\000n\000e\000r\000a\000t\000o\000r\000\040\000d\000e\000s\000c\000e\000n\000t}{part.2}% 32
\BOOKMARK [1][-]{section.18}{\376\377\000T\000h\000e\000\040\000r\000a\000d\000i\000a\000l\000\040\000l\000i\000m\000i\000t\000:\000\040\000R\000a\000m\000a\000n\000u\000j\000a\000n\040\023\000P\000e\000t\000e\000r\000s\000s\000o\000n\000\040\000a\000n\000d\000\040\000S\000e\000l\000b\000e\000r\000g}{part.2}% 33
\BOOKMARK [1][-]{section.19}{\376\377\000A\000p\000p\000l\000i\000c\000a\000t\000i\000o\000n\000:\000\040\000S\000a\000t\000o\040\023\000T\000a\000t\000e\000\040\000f\000o\000r\000\040\000M\000a\000a\000s\000s\000\040\000f\000o\000r\000m\000s}{part.2}% 34
\BOOKMARK [0][-]{part.3}{\376\377\000I\000I\000I\000\040\000W\000o\000r\000k\000e\000d\000\040\000E\000x\000a\000m\000p\000l\000e\000:\000\040\000T\000w\000o\000\040\000C\000o\000n\000d\000i\000t\000i\000o\000n\000a\000l\000\040\000G\000R\000H\000\040\000R\000o\000u\000t\000e\000s\000\040\000a\000n\000d\000\040\000C\000a\000r\000r\000i\000e\000r\000\040\000G\000e\000o\000m\000e\000t\000r\000y}{}% 35
\BOOKMARK [1][-]{section.20}{\376\377\000O\000v\000e\000r\000v\000i\000e\000w}{part.3}% 36
\BOOKMARK [1][-]{section.21}{\376\377\000T\000h\000e\000\040\000c\000a\000r\000r\000i\000e\000r\000\040\000c\000o\000n\000s\000t\000r\000u\000c\000t\000i\000o\000n\000\040\000a\000n\000d\000\040\000i\000t\000s\000\040\000i\000n\000t\000e\000r\000f\000a\000c\000e\000s}{part.3}% 37
\BOOKMARK [2][-]{subsection.21.1}{\376\377\000T\000h\000e\000\040\0003\000D\000\040\000s\000t\000a\000t\000e\000\040\000s\000p\000a\000c\000e}{section.21}% 38
\BOOKMARK [2][-]{subsection.21.2}{\376\377\000T\000h\000e\000\040\000c\000a\000r\000r\000i\000e\000r\000:\000\040\000a\000\040\000d\000o\000u\000b\000l\000e\000-\000e\000n\000d\000e\000d\000\040\000h\000e\000l\000i\000x\000\040\000o\000n\000\040\000t\000h\000e\000\040\000r\000e\000s\000c\000a\000l\000e\000d\000\040\000n\000u\000m\000b\000e\000r\000\040\000l\000i\000n\000e}{section.21}% 39
\BOOKMARK [2][-]{subsection.21.3}{\376\377\000T\000h\000e\000\040\000f\000i\000b\000e\000r\000:\000\040\000t\000h\000e\000\040\000c\000h\000a\000r\000a\000c\000t\000e\000r\000'\000s\000\040\000o\000c\000c\000u\000p\000a\000t\000i\000o\000n\000\040\000o\000f\000\040\000t\000h\000e\000\040\000c\000a\000r\000r\000i\000e\000r}{section.21}% 40
\BOOKMARK [2][-]{subsection.21.4}{\376\377\000T\000h\000e\000\040\000b\000i\000d\000i\000r\000e\000c\000t\000i\000o\000n\000a\000l\000\040\000t\000r\000a\000n\000s\000p\000o\000r\000t\000:\000\040\000d\000o\000w\000n\000\040\000t\000o\000\040\000t\000h\000e\000\040\000o\000r\000d\000i\000n\000a\000t\000e\000,\000\040\000b\000a\000c\000k\000\040\000t\000o\000\040\000t\000h\000e\000\040\000s\000t\000a\000t\000e}{section.21}% 41
\BOOKMARK [2][-]{subsection.21.5}{\376\377\000M\000i\000d\000p\000o\000i\000n\000t\000\040\000p\000r\000o\000v\000e\000n\000a\000n\000c\000e\000:\000\040\000g\000e\000o\000m\000e\000t\000r\000y\000\040\000f\000i\000r\000s\000t\000,\000\040\000c\000h\000a\000r\000t\000\040\000s\000e\000c\000o\000n\000d}{section.21}% 42
\BOOKMARK [2][-]{subsection.21.6}{\376\377\000T\000h\000e\000\040\000c\000h\000a\000r\000t\000:\000\040\000y\000\040\000=\000\040\000l\000o\000g\000\040\000Z\000\040\000a\000n\000d\000\040\000Z\000\040\000=\000\040\000e\000\136\000y}{section.21}% 43
\BOOKMARK [2][-]{subsection.21.7}{\376\377\000V\000a\000n\000i\000s\000h\000i\000n\000g\000\040\000i\000s\000\040\000f\000o\000c\000a\000l\000\040\000a\000l\000i\000g\000n\000m\000e\000n\000t}{section.21}% 44
\BOOKMARK [2][-]{subsection.21.8}{\376\377\000T\000h\000e\000\040\000t\000w\000o\000\040\000G\000r\000a\000m\000\040\000o\000p\000e\000r\000a\000t\000o\000r\000s}{section.21}% 45
\BOOKMARK [2][-]{subsection.21.9}{\376\377\000T\000h\000e\000\040\000c\000h\000a\000r\000t\000-\000s\000i\000d\000e\000\040\000r\000e\000g\000i\000s\000t\000r\000a\000t\000i\000o\000n\000\040\000a\000u\000d\000i\000t}{section.21}% 46
\BOOKMARK [2][-]{subsection.21.10}{\376\377\000T\000h\000e\000\040\000H\000i\000l\000b\000e\000r\000t\040\023\000P\000\363\000l\000y\000a\000\040\000s\000e\000t\000u\000p\000\040\000w\000e\000\040\000u\000s\000e}{section.21}% 47
\BOOKMARK [1][-]{section.22}{\376\377\000T\000h\000e\000\040\000t\000h\000e\000o\000r\000e\000m\000s}{part.3}% 48
\BOOKMARK [1][-]{section.23}{\376\377\000E\000v\000i\000d\000e\000n\000c\000e\000\040\000I\000:\000\040\000t\000h\000e\000\040\0003\000D\040\023\0001\000D\000\040\000c\000o\000r\000r\000e\000l\000a\000t\000i\000o\000n}{part.3}% 49
\BOOKMARK [1][-]{section.24}{\376\377\000E\000v\000i\000d\000e\000n\000c\000e\000\040\000I\000I\000:\000\040\000i\000n\000t\000e\000r\000n\000a\000l\000\040\000t\000h\000r\000e\000e\000-\000d\000i\000m\000e\000n\000s\000i\000o\000n\000a\000l\000\040\000c\000a\000r\000r\000i\000e\000r\000\040\000f\000a\000c\000t\000s}{part.3}% 50
\BOOKMARK [1][-]{section.25}{\376\377\000P\000r\000o\000o\000f\000\040\000A\000:\000\040\000G\000R\000H\000\040\000u\000n\000d\000e\000r\000\040\000\050\000Z\000-\0003\000D\000\051}{part.3}% 51
\BOOKMARK [1][-]{section.26}{\376\377\000P\000r\000o\000o\000f\000\040\000B\000:\000\040\000G\000R\000H\000\040\000u\000n\000d\000e\000r\000\040\000\050\000H\000P\000-\000W\000\051}{part.3}% 52
\BOOKMARK [1][-]{section.27}{\376\377\000R\000i\000e\000m\000a\000n\000n\000\040\000H\000y\000p\000o\000t\000h\000e\000s\000i\000s\000\040\000c\000o\000r\000o\000l\000l\000a\000r\000i\000e\000s\000\040\000a\000t\000\040\000c\000h\000i\000=\0001}{part.3}% 53
\BOOKMARK [1][-]{section.28}{\376\377\000C\000o\000n\000c\000l\000u\000s\000i\000o\000n}{part.3}% 54
\BOOKMARK [0][-]{part.4}{\376\377\000I\000V\000\040\000B\000e\000y\000o\000n\000d\000\040\000E\000n\000d\000o\000s\000c\000o\000p\000y\000\040\000-\000\040\000A\000l\000t\000u\001\037\000\040\000A\000n\000a\000l\000y\000s\000i\000s\000\040\000a\000n\000d\000\040\000R\000e\000p\000a\000i\000r}{}% 55
\BOOKMARK [1][-]{section.29}{\376\377\000T\000h\000e\000\040\000o\000b\000s\000t\000r\000u\000c\000t\000i\000o\000n\000:\000\040\000A\000l\000t\000u\001\037\000'\000s\000\040\000u\000n\000i\000f\000o\000r\000m\000i\000t\000y\000\040\000p\000r\000o\000b\000l\000e\000m}{part.4}% 56
\BOOKMARK [1][-]{section.30}{\376\377\000T\000h\000e\000\040\000o\000s\000c\000i\000l\000l\000a\000t\000i\000o\000n\000\040\000i\000s\000\040\000t\000h\000e\000\040\000o\000r\000b\000i\000t\000a\000l\000\040\000t\000r\000a\000n\000s\000f\000o\000r\000m\000'\000s\000\040\000o\000w\000n\000\040\000c\000o\000m\000b}{part.4}% 57
\BOOKMARK [1][-]{section.31}{\376\377\000T\000h\000e\000\040\000r\000e\000p\000a\000i\000r\000:\000\040\000a\000\040\000l\000o\000s\000s\000l\000e\000s\000s\000\040\000m\000e\000t\000h\000o\000d\000\040\000t\000h\000a\000t\000\040\000s\000c\000a\000l\000e\000s}{part.4}% 58
\BOOKMARK [1][-]{section.32}{\376\377\000T\000h\000e\000\040\000p\000r\000o\000d\000u\000c\000t\000i\000v\000i\000t\000y\000\040\000b\000o\000u\000n\000d\000a\000r\000y}{part.4}% 59
\BOOKMARK [0][-]{part.5}{\376\377\000V\000\040\000U\000n\000i\000v\000e\000r\000s\000a\000l\000\040\000T\000r\000a\000n\000s\000p\000o\000r\000t}{}% 60
\BOOKMARK [1][-]{section.33}{\376\377\000T\000o\000w\000a\000r\000d\000\040\000U\000n\000i\000v\000e\000r\000s\000a\000l\000\040\000T\000r\000a\000n\000s\000p\000o\000r\000t}{part.5}% 61
\BOOKMARK [1][-]{section.34}{\376\377\000T\000h\000e\000\040\000c\000a\000r\000r\000i\000e\000r\000/\000f\000i\000b\000e\000r\000\040\000r\000e\000s\000c\000a\000l\000i\000n\000g\000:\000\040\000a\000\040\000p\000o\000l\000e\000\040\000b\000e\000c\000o\000m\000e\000s\000\040\000a\000\040\000c\000l\000o\000s\000e\000d\000\040\000c\000e\000l\000l}{part.5}% 62
\BOOKMARK [1][-]{section.35}{\376\377\000S\000y\000m\000m\000e\000t\000r\000i\000c\000-\000p\000o\000w\000e\000r\000\040\000t\000r\000a\000n\000s\000f\000e\000r\000:\000\040\000a\000r\000i\000t\000h\000m\000e\000t\000i\000c\000\040\000t\000r\000a\000n\000s\000p\000a\000r\000e\000n\000c\000y}{part.5}% 63
\BOOKMARK [1][-]{section.36}{\376\377\000D\000e\000t\000e\000c\000t\000i\000o\000n\000:\000\040\000t\000h\000e\000\040\000s\000e\000l\000f\000-\000t\000w\000i\000s\000t\000\040\000i\000d\000e\000n\000t\000i\000t\000y\000\040\000c\000l\000o\000s\000e\000s}{part.5}% 64
\BOOKMARK [2][-]{subsection.36.1}{\376\377\000A\000\040\000n\000o\000n\000-\000a\000b\000e\000l\000i\000a\000n\000\040\000i\000n\000s\000t\000a\000n\000c\000e\000:\000\040\000w\000h\000i\000c\000h\000\040\000F\000r\000o\000b\000e\000n\000i\000u\000s\000\040\000d\000a\000t\000a\000\040\000t\000r\000a\000n\000s\000f\000e\000r\000s}{section.36}% 65
\BOOKMARK [2][-]{subsection.36.2}{\376\377\000T\000h\000e\000\040\000d\000e\000t\000e\000c\000t\000e\000d\000\040\000c\000o\000u\000n\000t\000\040\000i\000s\000\040\000a\000\040\000M\000o\000r\000d\000e\000l\000l\040\023\000W\000e\000i\000l\000\040\000r\000a\000n\000k\000\040\000d\000i\000f\000f\000e\000r\000e\000n\000c\000e}{section.36}% 66
\BOOKMARK [1][-]{section.37}{\376\377\000A\000\040\000c\000a\000n\000d\000i\000d\000a\000t\000e\000\040\000a\000u\000t\000o\000m\000o\000r\000p\000h\000i\000c\000\040\000o\000b\000j\000e\000c\000t\000\040\000f\000r\000o\000m\000\040\000t\000h\000e\000\040\000p\000r\000i\000m\000a\000r\000y\000\040\000c\000o\000n\000s\000t\000r\000u\000c\000t}{part.5}% 67
\BOOKMARK [1][-]{section.38}{\376\377\000T\000h\000e\000\040\000a\000u\000t\000o\000m\000o\000r\000p\000h\000y\000\040\000m\000a\000c\000h\000i\000n\000e\000r\000y\000\040\000o\000n\000\040\000t\000h\000e\000\040\000c\000a\000r\000r\000i\000e\000r}{part.5}% 68
\BOOKMARK [2][-]{subsection.38.1}{\376\377\000T\000h\000e\000\040\000s\000y\000m\000m\000e\000t\000r\000i\000c\000-\000p\000o\000w\000e\000r\000\040\000f\000u\000n\000c\000t\000o\000r\000i\000a\000l\000i\000t\000y\000\040\000c\000a\000n\000c\000e\000l\000l\000a\000t\000i\000o\000n\000\040\000a\000t\000\040\000r\000=\0002\000:\000\040\000t\000h\000e\000\040\000c\000a\000r\000r\000i\000e\000r\000\040\000r\000o\000u\000t\000e\000\040\000a\000n\000d\000\040\000t\000h\000e\000\040\000p\000r\000o\000j\000e\000c\000t\000i\000o\000n\000\040\000s\000h\000a\000d\000o\000w}{section.38}% 69
\BOOKMARK [1][-]{section.39}{\376\377\000T\000h\000e\000\040\000t\000r\000a\000n\000s\000p\000o\000r\000t\000e\000d\000\040\000d\000a\000t\000u\000m\000:\000\040\000r\000e\000f\000l\000e\000c\000t\000i\000o\000n\000,\000\040\000c\000o\000m\000p\000l\000e\000t\000i\000o\000n\000,\000\040\000a\000n\000d\000\040\000n\000i\000c\000e\000n\000e\000s\000s\000\040\000l\000a\000w\000s\000\040\040\023\000\040\000C\000P\000S}{part.5}% 70
\BOOKMARK [2][-]{subsection.39.1}{\376\377\000T\000h\000e\000\040\000s\000t\000a\000n\000d\000a\000r\000d\000-\000s\000i\000d\000e\000\040\000f\000u\000n\000c\000t\000i\000o\000n\000a\000l\000\040\000e\000q\000u\000a\000t\000i\000o\000n\000\040\000b\000e\000y\000o\000n\000d\000\040\000t\000h\000e\000\040\000c\000l\000a\000s\000s\000i\000c\000a\000l\000\040\000r\000a\000n\000g\000e\000:\000\040\000a\000\040\000c\000a\000r\000r\000i\000e\000r\000\040\000v\000e\000r\000i\000f\000i\000c\000a\000t\000i\000o\000n}{section.39}% 71
\BOOKMARK [1][-]{section.40}{\376\377\000G\000e\000n\000e\000r\000a\000l\000i\000z\000a\000t\000i\000o\000n\000:\000\040\000a\000\040\000r\000e\000p\000r\000e\000s\000e\000n\000t\000a\000t\000i\000o\000n\000-\000a\000g\000n\000o\000s\000t\000i\000c\000\040\000t\000r\000a\000n\000s\000p\000o\000r\000t}{part.5}% 72
\BOOKMARK [1][-]{section.41}{\376\377\000T\000h\000e\000\040\000t\000r\000a\000n\000s\000p\000o\000r\000t\000\040\000m\000a\000c\000h\000i\000n\000e\000\040\000a\000n\000d\000\040\000u\000n\000i\000v\000e\000r\000s\000a\000l\000\040\000c\000a\000r\000r\000i\000e\000r\000\040\000t\000r\000a\000n\000s\000p\000o\000r\000t}{part.5}% 73
\BOOKMARK [0][-]{part.6}{\376\377\000V\000I\000\040\000O\000t\000h\000e\000r\000\040\000S\000i\000g\000n\000i\000f\000i\000c\000a\000n\000t\000\040\000R\000e\000s\000u\000l\000t\000s}{}% 74
\BOOKMARK [1][-]{section.42}{\376\377\000O\000b\000s\000t\000r\000u\000c\000t\000i\000o\000n\000-\000d\000i\000r\000e\000c\000t\000e\000d\000\040\000h\000a\000r\000m\000o\000n\000i\000z\000a\000t\000i\000o\000n\000:\000\040\000f\000r\000o\000m\000\040\000d\000e\000t\000e\000c\000t\000i\000o\000n\000\040\000t\000o\000\040\000r\000e\000m\000o\000v\000a\000l}{part.6}% 75
\BOOKMARK [1][-]{section.43}{\376\377\000F\000o\000r\000m\000a\000l\000i\000z\000a\000t\000i\000o\000n\000\040\000s\000c\000o\000p\000e}{part.6}% 76
\BOOKMARK [1][-]{section.44}{\376\377\000H\000o\000d\000g\000e\000\040\000C\000o\000n\000n\000e\000c\000t\000i\000o\000n}{part.6}% 77
\BOOKMARK [2][-]{subsection.44.1}{\376\377\000C\000y\000c\000l\000e\000-\000f\000i\000l\000t\000r\000a\000t\000i\000o\000n\000\040\000f\000a\000i\000t\000h\000f\000u\000l\000n\000e\000s\000s\000:\000\040\000f\000i\000n\000i\000t\000e\000\040\000e\000x\000t\000e\000n\000s\000i\000o\000n\000\040\000r\000e\000t\000e\000n\000t\000i\000o\000n\000\040\000a\000n\000d\000\040\000t\000h\000e\000\040\000C\000e\000r\000e\000s\000a\000\040\000f\000r\000o\000n\000t\000i\000e\000r}{section.44}% 78
\BOOKMARK [1][-]{subsection.44.1}{\376\377\000C\000o\000n\000c\000l\000u\000s\000i\000o\000n}{part.6}% 79
\BOOKMARK [1][-]{appendix.A}{\376\377\000T\000h\000e\000\040\000e\000x\000a\000c\000t\000\040\000g\000a\000u\000g\000e\000\040\000o\000n\000\040\000t\000h\000e\000\040\000a\000r\000c\000h\000i\000m\000e\000d\000e\000a\000n\000\040\000u\000n\000i\000f\000o\000r\000m\000i\000t\000y}{part.6}% 80
\BOOKMARK [1][-]{appendix.B}{\376\377\000R\000e\000p\000r\000o\000d\000u\000c\000i\000b\000i\000l\000i\000t\000y}{part.6}% 81
