This is pdfTeX, Version 3.141592653-2.6-1.40.28 (TeX Live 2025) (preloaded format=pdflatex 2025.8.6)  21 JUN 2026 13:32
entering extended mode
 restricted \write18 enabled.
 %&-line parsing enabled.
**helix_phasor_model.tex
(./helix_phasor_model.tex
LaTeX2e <2025-06-01> patch level 1
L3 programming layer <2025-07-20>
(/usr/local/texlive/2025/texmf-dist/tex/latex/base/article.cls
Document Class: article 2025/01/22 v1.4n Standard LaTeX document class
(/usr/local/texlive/2025/texmf-dist/tex/latex/base/size11.clo
File: size11.clo 2025/01/22 v1.4n Standard LaTeX file (size option)
)
\c@part=\count275
\c@section=\count276
\c@subsection=\count277
\c@subsubsection=\count278
\c@paragraph=\count279
\c@subparagraph=\count280
\c@figure=\count281
\c@table=\count282
\abovecaptionskip=\skip49
\belowcaptionskip=\skip50
\bibindent=\dimen148
)
(/usr/local/texlive/2025/texmf-dist/tex/latex/geometry/geometry.sty
Package: geometry 2020/01/02 v5.9 Page Geometry

(/usr/local/texlive/2025/texmf-dist/tex/latex/graphics/keyval.sty
Package: keyval 2022/05/29 v1.15 key=value parser (DPC)
\KV@toks@=\toks17
)
(/usr/local/texlive/2025/texmf-dist/tex/generic/iftex/ifvtex.sty
Package: ifvtex 2019/10/25 v1.7 ifvtex legacy package. Use iftex instead.

(/usr/local/texlive/2025/texmf-dist/tex/generic/iftex/iftex.sty
Package: iftex 2024/12/12 v1.0g TeX engine tests
))
\Gm@cnth=\count283
\Gm@cntv=\count284
\c@Gm@tempcnt=\count285
\Gm@bindingoffset=\dimen149
\Gm@wd@mp=\dimen150
\Gm@odd@mp=\dimen151
\Gm@even@mp=\dimen152
\Gm@layoutwidth=\dimen153
\Gm@layoutheight=\dimen154
\Gm@layouthoffset=\dimen155
\Gm@layoutvoffset=\dimen156
\Gm@dimlist=\toks18
)
(/usr/local/texlive/2025/texmf-dist/tex/latex/amsmath/amsmath.sty
Package: amsmath 2025/06/16 v2.17y AMS math features
\@mathmargin=\skip51

For additional information on amsmath, use the `?' option.
(/usr/local/texlive/2025/texmf-dist/tex/latex/amsmath/amstext.sty
Package: amstext 2024/11/17 v2.01 AMS text

(/usr/local/texlive/2025/texmf-dist/tex/latex/amsmath/amsgen.sty
File: amsgen.sty 1999/11/30 v2.0 generic functions
\@emptytoks=\toks19
\ex@=\dimen157
))
(/usr/local/texlive/2025/texmf-dist/tex/latex/amsmath/amsbsy.sty
Package: amsbsy 1999/11/29 v1.2d Bold Symbols
\pmbraise@=\dimen158
)
(/usr/local/texlive/2025/texmf-dist/tex/latex/amsmath/amsopn.sty
Package: amsopn 2022/04/08 v2.04 operator names
)
\inf@bad=\count286
LaTeX Info: Redefining \frac on input line 233.
\uproot@=\count287
\leftroot@=\count288
LaTeX Info: Redefining \overline on input line 398.
LaTeX Info: Redefining \colon on input line 409.
\classnum@=\count289
\DOTSCASE@=\count290
LaTeX Info: Redefining \ldots on input line 495.
LaTeX Info: Redefining \dots on input line 498.
LaTeX Info: Redefining \cdots on input line 619.
\Mathstrutbox@=\box53
\strutbox@=\box54
LaTeX Info: Redefining \big on input line 721.
LaTeX Info: Redefining \Big on input line 722.
LaTeX Info: Redefining \bigg on input line 723.
LaTeX Info: Redefining \Bigg on input line 724.
\big@size=\dimen159
LaTeX Font Info:    Redeclaring font encoding OML on input line 742.
LaTeX Font Info:    Redeclaring font encoding OMS on input line 743.
\macc@depth=\count291
LaTeX Info: Redefining \bmod on input line 904.
LaTeX Info: Redefining \pmod on input line 909.
LaTeX Info: Redefining \smash on input line 939.
LaTeX Info: Redefining \relbar on input line 969.
LaTeX Info: Redefining \Relbar on input line 970.
\c@MaxMatrixCols=\count292
\dotsspace@=\muskip17
\c@parentequation=\count293
\dspbrk@lvl=\count294
\tag@help=\toks20
\row@=\count295
\column@=\count296
\maxfields@=\count297
\andhelp@=\toks21
\eqnshift@=\dimen160
\alignsep@=\dimen161
\tagshift@=\dimen162
\tagwidth@=\dimen163
\totwidth@=\dimen164
\lineht@=\dimen165
\@envbody=\toks22
\multlinegap=\skip52
\multlinetaggap=\skip53
\mathdisplay@stack=\toks23
LaTeX Info: Redefining \[ on input line 2949.
LaTeX Info: Redefining \] on input line 2950.
)
(/usr/local/texlive/2025/texmf-dist/tex/latex/amsfonts/amssymb.sty
Package: amssymb 2013/01/14 v3.01 AMS font symbols

(/usr/local/texlive/2025/texmf-dist/tex/latex/amsfonts/amsfonts.sty
Package: amsfonts 2013/01/14 v3.01 Basic AMSFonts support
\symAMSa=\mathgroup4
\symAMSb=\mathgroup5
LaTeX Font Info:    Redeclaring math symbol \hbar on input line 98.
LaTeX Font Info:    Overwriting math alphabet `\mathfrak' in version `bold'
(Font)                  U/euf/m/n --> U/euf/b/n on input line 106.
))
(/usr/local/texlive/2025/texmf-dist/tex/latex/amscls/amsthm.sty
Package: amsthm 2020/05/29 v2.20.6
\thm@style=\toks24
\thm@bodyfont=\toks25
\thm@headfont=\toks26
\thm@notefont=\toks27
\thm@headpunct=\toks28
\thm@preskip=\skip54
\thm@postskip=\skip55
\thm@headsep=\skip56
\dth@everypar=\toks29
)
(/usr/local/texlive/2025/texmf-dist/tex/latex/mathtools/mathtools.sty
Package: mathtools 2024/10/04 v1.31 mathematical typesetting tools

(/usr/local/texlive/2025/texmf-dist/tex/latex/tools/calc.sty
Package: calc 2025/03/01 v4.3b Infix arithmetic (KKT,FJ)
\calc@Acount=\count298
\calc@Bcount=\count299
\calc@Adimen=\dimen166
\calc@Bdimen=\dimen167
\calc@Askip=\skip57
\calc@Bskip=\skip58
LaTeX Info: Redefining \setlength on input line 86.
LaTeX Info: Redefining \addtolength on input line 87.
\calc@Ccount=\count300
\calc@Cskip=\skip59
)
(/usr/local/texlive/2025/texmf-dist/tex/latex/mathtools/mhsetup.sty
Package: mhsetup 2021/03/18 v1.4 programming setup (MH)
)
\g_MT_multlinerow_int=\count301
\l_MT_multwidth_dim=\dimen168
\origjot=\skip60
\l_MT_shortvdotswithinadjustabove_dim=\dimen169
\l_MT_shortvdotswithinadjustbelow_dim=\dimen170
\l_MT_above_intertext_sep=\dimen171
\l_MT_below_intertext_sep=\dimen172
\l_MT_above_shortintertext_sep=\dimen173
\l_MT_below_shortintertext_sep=\dimen174
\xmathstrut@box=\box55
\xmathstrut@dim=\dimen175
)
(/usr/local/texlive/2025/texmf-dist/tex/latex/tools/array.sty
Package: array 2025/06/08 v2.6j Tabular extension package (FMi)
\col@sep=\dimen176
\ar@mcellbox=\box56
\extrarowheight=\dimen177
\NC@list=\toks30
\extratabsurround=\skip61
\backup@length=\skip62
\ar@cellbox=\box57
)
(/usr/local/texlive/2025/texmf-dist/tex/latex/enumitem/enumitem.sty
Package: enumitem 2025/02/06 v3.11 Customized lists
\labelindent=\skip63
\enit@outerparindent=\dimen178
\enit@toks=\toks31
\enit@inbox=\box58
\enit@count@id=\count302
\enitdp@description=\count303
)
(/usr/local/texlive/2025/texmf-dist/tex/latex/hyperref/hyperref.sty
Package: hyperref 2025-07-12 v7.01o Hypertext links for LaTeX

(/usr/local/texlive/2025/texmf-dist/tex/latex/kvsetkeys/kvsetkeys.sty
Package: kvsetkeys 2022-10-05 v1.19 Key value parser (HO)
)
(/usr/local/texlive/2025/texmf-dist/tex/generic/kvdefinekeys/kvdefinekeys.sty
Package: kvdefinekeys 2019-12-19 v1.6 Define keys (HO)
)
(/usr/local/texlive/2025/texmf-dist/tex/generic/pdfescape/pdfescape.sty
Package: pdfescape 2019/12/09 v1.15 Implements pdfTeX's escape features (HO)

(/usr/local/texlive/2025/texmf-dist/tex/generic/ltxcmds/ltxcmds.sty
Package: ltxcmds 2023-12-04 v1.26 LaTeX kernel commands for general use (HO)
)
(/usr/local/texlive/2025/texmf-dist/tex/generic/pdftexcmds/pdftexcmds.sty
Package: pdftexcmds 2020-06-27 v0.33 Utility functions of pdfTeX for LuaTeX (HO
)

(/usr/local/texlive/2025/texmf-dist/tex/generic/infwarerr/infwarerr.sty
Package: infwarerr 2019/12/03 v1.5 Providing info/warning/error messages (HO)
)
Package pdftexcmds Info: \pdf@primitive is available.
Package pdftexcmds Info: \pdf@ifprimitive is available.
Package pdftexcmds Info: \pdfdraftmode found.
))
(/usr/local/texlive/2025/texmf-dist/tex/latex/hycolor/hycolor.sty
Package: hycolor 2020-01-27 v1.10 Color options for hyperref/bookmark (HO)
)
(/usr/local/texlive/2025/texmf-dist/tex/latex/hyperref/nameref.sty
Package: nameref 2025-06-21 v2.57 Cross-referencing by name of section

(/usr/local/texlive/2025/texmf-dist/tex/latex/refcount/refcount.sty
Package: refcount 2019/12/15 v3.6 Data extraction from label references (HO)
)
(/usr/local/texlive/2025/texmf-dist/tex/generic/gettitlestring/gettitlestring.s
ty
Package: gettitlestring 2019/12/15 v1.6 Cleanup title references (HO)
 (/usr/local/texlive/2025/texmf-dist/tex/latex/kvoptions/kvoptions.sty
Package: kvoptions 2022-06-15 v3.15 Key value format for package options (HO)
))
\c@section@level=\count304
)
(/usr/local/texlive/2025/texmf-dist/tex/latex/etoolbox/etoolbox.sty
Package: etoolbox 2025/02/11 v2.5l e-TeX tools for LaTeX (JAW)
\etb@tempcnta=\count305
)
(/usr/local/texlive/2025/texmf-dist/tex/generic/stringenc/stringenc.sty
Package: stringenc 2019/11/29 v1.12 Convert strings between diff. encodings (HO
)
)
\@linkdim=\dimen179
\Hy@linkcounter=\count306
\Hy@pagecounter=\count307

(/usr/local/texlive/2025/texmf-dist/tex/latex/hyperref/pd1enc.def
File: pd1enc.def 2025-07-12 v7.01o Hyperref: PDFDocEncoding definition (HO)
Now handling font encoding PD1 ...
... no UTF-8 mapping file for font encoding PD1
)
(/usr/local/texlive/2025/texmf-dist/tex/generic/intcalc/intcalc.sty
Package: intcalc 2019/12/15 v1.3 Expandable calculations with integers (HO)
)
\Hy@SavedSpaceFactor=\count308

(/usr/local/texlive/2025/texmf-dist/tex/latex/hyperref/puenc.def
File: puenc.def 2025-07-12 v7.01o Hyperref: PDF Unicode definition (HO)
Now handling font encoding PU ...
... no UTF-8 mapping file for font encoding PU
)
Package hyperref Info: Hyper figures OFF on input line 4195.
Package hyperref Info: Link nesting OFF on input line 4200.
Package hyperref Info: Hyper index ON on input line 4203.
Package hyperref Info: Plain pages OFF on input line 4210.
Package hyperref Info: Backreferencing OFF on input line 4215.
Package hyperref Info: Implicit mode ON; LaTeX internals redefined.
Package hyperref Info: Bookmarks ON on input line 4462.
\c@Hy@tempcnt=\count309

(/usr/local/texlive/2025/texmf-dist/tex/latex/url/url.sty
\Urlmuskip=\muskip18
Package: url 2013/09/16  ver 3.4  Verb mode for urls, etc.
)
LaTeX Info: Redefining \url on input line 4801.
\XeTeXLinkMargin=\dimen180

(/usr/local/texlive/2025/texmf-dist/tex/generic/bitset/bitset.sty
Package: bitset 2019/12/09 v1.3 Handle bit-vector datatype (HO)

(/usr/local/texlive/2025/texmf-dist/tex/generic/bigintcalc/bigintcalc.sty
Package: bigintcalc 2019/12/15 v1.5 Expandable calculations on big integers (HO
)
))
\Fld@menulength=\count310
\Field@Width=\dimen181
\Fld@charsize=\dimen182
Package hyperref Info: Hyper figures OFF on input line 6078.
Package hyperref Info: Link nesting OFF on input line 6083.
Package hyperref Info: Hyper index ON on input line 6086.
Package hyperref Info: backreferencing OFF on input line 6093.
Package hyperref Info: Link coloring OFF on input line 6098.
Package hyperref Info: Link coloring with OCG OFF on input line 6103.
Package hyperref Info: PDF/A mode OFF on input line 6108.
\Hy@abspage=\count311
\c@Item=\count312
\c@Hfootnote=\count313
)
Package hyperref Info: Driver (autodetected): hpdftex.

(/usr/local/texlive/2025/texmf-dist/tex/latex/hyperref/hpdftex.def
File: hpdftex.def 2025-07-12 v7.01o Hyperref driver for pdfTeX
\Fld@listcount=\count314
\c@bookmark@seq@number=\count315

(/usr/local/texlive/2025/texmf-dist/tex/latex/rerunfilecheck/rerunfilecheck.sty
Package: rerunfilecheck 2025-06-21 v1.11 Rerun checks for auxiliary files (HO)

(/usr/local/texlive/2025/texmf-dist/tex/generic/uniquecounter/uniquecounter.sty
Package: uniquecounter 2019/12/15 v1.4 Provide unlimited unique counter (HO)
)
Package uniquecounter Info: New unique counter `rerunfilecheck' on input line 2
84.
)
\Hy@SectionHShift=\skip64
)
\c@definition=\count316

(/usr/local/texlive/2025/texmf-dist/tex/latex/l3backend/l3backend-pdftex.def
File: l3backend-pdftex.def 2025-06-09 L3 backend support: PDF output (pdfTeX)
\l__color_backend_stack_int=\count317
)
(./helix_phasor_model.aux)
\openout1 = `helix_phasor_model.aux'.

LaTeX Font Info:    Checking defaults for OML/cmm/m/it on input line 35.
LaTeX Font Info:    ... okay on input line 35.
LaTeX Font Info:    Checking defaults for OMS/cmsy/m/n on input line 35.
LaTeX Font Info:    ... okay on input line 35.
LaTeX Font Info:    Checking defaults for OT1/cmr/m/n on input line 35.
LaTeX Font Info:    ... okay on input line 35.
LaTeX Font Info:    Checking defaults for T1/cmr/m/n on input line 35.
LaTeX Font Info:    ... okay on input line 35.
LaTeX Font Info:    Checking defaults for TS1/cmr/m/n on input line 35.
LaTeX Font Info:    ... okay on input line 35.
LaTeX Font Info:    Checking defaults for OMX/cmex/m/n on input line 35.
LaTeX Font Info:    ... okay on input line 35.
LaTeX Font Info:    Checking defaults for U/cmr/m/n on input line 35.
LaTeX Font Info:    ... okay on input line 35.
LaTeX Font Info:    Checking defaults for PD1/pdf/m/n on input line 35.
LaTeX Font Info:    ... okay on input line 35.
LaTeX Font Info:    Checking defaults for PU/pdf/m/n on input line 35.
LaTeX Font Info:    ... okay on input line 35.

*geometry* driver: auto-detecting
*geometry* detected driver: pdftex
*geometry* verbose mode - [ preamble ] result:
* driver: pdftex
* paper: <default>
* layout: <same size as paper>
* layoutoffset:(h,v)=(0.0pt,0.0pt)
* modes: 
* h-part:(L,W,R)=(72.26999pt, 469.75502pt, 72.26999pt)
* v-part:(T,H,B)=(72.26999pt, 650.43001pt, 72.26999pt)
* \paperwidth=614.295pt
* \paperheight=794.96999pt
* \textwidth=469.75502pt
* \textheight=650.43001pt
* \oddsidemargin=0.0pt
* \evensidemargin=0.0pt
* \topmargin=-37.0pt
* \headheight=12.0pt
* \headsep=25.0pt
* \topskip=11.0pt
* \footskip=30.0pt
* \marginparwidth=59.0pt
* \marginparsep=10.0pt
* \columnsep=10.0pt
* \skip\footins=10.0pt plus 4.0pt minus 2.0pt
* \hoffset=0.0pt
* \voffset=0.0pt
* \mag=1000
* \@twocolumnfalse
* \@twosidefalse
* \@mparswitchfalse
* \@reversemarginfalse
* (1in=72.27pt=25.4mm, 1cm=28.453pt)

(/usr/local/texlive/2025/texmf-dist/tex/latex/graphics/graphicx.sty
Package: graphicx 2024/12/31 v1.2e Enhanced LaTeX Graphics (DPC,SPQR)

(/usr/local/texlive/2025/texmf-dist/tex/latex/graphics/graphics.sty
Package: graphics 2024/08/06 v1.4g Standard LaTeX Graphics (DPC,SPQR)

(/usr/local/texlive/2025/texmf-dist/tex/latex/graphics/trig.sty
Package: trig 2023/12/02 v1.11 sin cos tan (DPC)
)
(/usr/local/texlive/2025/texmf-dist/tex/latex/graphics-cfg/graphics.cfg
File: graphics.cfg 2016/06/04 v1.11 sample graphics configuration
)
Package graphics Info: Driver file: pdftex.def on input line 106.

(/usr/local/texlive/2025/texmf-dist/tex/latex/graphics-def/pdftex.def
File: pdftex.def 2024/04/13 v1.2c Graphics/color driver for pdftex

(/usr/local/texlive/2025/texmf-dist/tex/context/base/mkii/supp-pdf.mkii
[Loading MPS to PDF converter (version 2006.09.02).]
\scratchcounter=\count318
\scratchdimen=\dimen183
\scratchbox=\box59
\nofMPsegments=\count319
\nofMParguments=\count320
\everyMPshowfont=\toks32
\MPscratchCnt=\count321
\MPscratchDim=\dimen184
\MPnumerator=\count322
\makeMPintoPDFobject=\count323
\everyMPtoPDFconversion=\toks33
)))
(/usr/local/texlive/2025/texmf-dist/tex/latex/epstopdf-pkg/epstopdf-base.sty
Package: epstopdf-base 2020-01-24 v2.11 Base part for package epstopdf
Package epstopdf-base Info: Redefining graphics rule for `.eps' on input line 4
85.

(/usr/local/texlive/2025/texmf-dist/tex/latex/latexconfig/epstopdf-sys.cfg
File: epstopdf-sys.cfg 2010/07/13 v1.3 Configuration of (r)epstopdf for TeX Liv
e
))
\Gin@req@height=\dimen185
\Gin@req@width=\dimen186
)
Package hyperref Info: Link coloring OFF on input line 35.

(./helix_phasor_model.out) (./helix_phasor_model.out)
\@outlinefile=\write3
\openout3 = `helix_phasor_model.out'.

LaTeX Font Info:    Trying to load font information for U+msa on input line 37.


(/usr/local/texlive/2025/texmf-dist/tex/latex/amsfonts/umsa.fd
File: umsa.fd 2013/01/14 v3.01 AMS symbols A
)
LaTeX Font Info:    Trying to load font information for U+msb on input line 37.


(/usr/local/texlive/2025/texmf-dist/tex/latex/amsfonts/umsb.fd
File: umsb.fd 2013/01/14 v3.01 AMS symbols B
)
(./helix_phasor_model.toc

[1

{/usr/local/texlive/2025/texmf-var/fonts/map/pdftex/updmap/pdftex.map}])
\tf@toc=\write4
\openout4 = `helix_phasor_model.toc'.



[2]
Underfull \hbox (badness 3439) in paragraph at lines 115--117
[]\OT1/cmr/m/n/10.95 All named re-sults carry the iden-ti-fier of the cor-re-sp
ond-ing Lean dec-la-ra-tion, e.g.
 []


Package hyperref Warning: Token not allowed in a PDF string (Unicode):
(hyperref)                removing `math shift' on input line 118.


Package hyperref Warning: Token not allowed in a PDF string (Unicode):
(hyperref)                removing `\pi' on input line 118.


Package hyperref Warning: Token not allowed in a PDF string (Unicode):
(hyperref)                removing `math shift' on input line 118.


Underfull \hbox (badness 4832) in paragraph at lines 163--166
[]\OT1/cmr/m/n/10.95 Differentiate the stated an-tideriva-tive and check it equ
als the in-te-grand
 []


Underfull \hbox (badness 1354) in paragraph at lines 163--166
[]$ \OT1/cmr/m/n/10.95 point-wise, then ap-ply the fun-da-men-tal the-o-rem of 
cal-cu-lus on $[0\OML/cmm/m/it/10.95 ; k\OT1/cmr/m/n/10.95 ]$;
 []



[3]
Overfull \hbox (3.97034pt too wide) in paragraph at lines 181--182
[]\OT1/cmr/bx/n/10.95 Theorem 2.7 \OT1/cmr/m/n/10.95 (Area-law bound; \OT1/cmtt
/m/n/10.95 arclengthClosed[]lower[]bound\OT1/cmr/m/n/10.95 , \OT1/cmtt/m/n/10.9
5 arclengthClosed[]upper[]bound\OT1/cmr/m/n/10.95 )\OT1/cmr/bx/n/10.95 .
 []


Underfull \hbox (badness 2005) in paragraph at lines 188--193
[]\OT1/cmr/bx/n/10.95 Definition 2.8 \OT1/cmr/m/n/10.95 (Wound in-te-ger place-
ment; \OT1/cmtt/m/n/10.95 Geometry.windParameter\OT1/cmr/m/n/10.95 , \OT1/cmtt/
m/n/10.95 windIntegerSite\OT1/cmr/m/n/10.95 ,
 []


Underfull \hbox (badness 2042) in paragraph at lines 188--193
\OT1/cmtt/m/n/10.95 exists[]unique[]windParameter\OT1/cmr/m/n/10.95 )\OT1/cmr/b
x/n/10.95 . \OT1/cmr/m/it/10.95 In-te-ger $\OML/cmm/m/it/10.95 n$ \OT1/cmr/m/it
/10.95 sits at ar-clength $\OML/cmm/m/it/10.95 s[] \OT1/cmr/m/n/10.95 = \OML/cm
m/m/it/10.95 n\OT1/cmr/m/n/10.95 ^^A$ \OT1/cmr/m/it/10.95 on the un-wound
 []


Underfull \hbox (badness 1178) in paragraph at lines 188--193
\OT1/cmr/m/it/10.95 line (Def-i-ni-tion []2.5[]). \OT1/cmr/m/n/10.95 Wind-ing t
he line onto the he-lix \OT1/cmr/m/it/10.95 places it at the unique pa-ram-e-
 []


Overfull \hbox (81.17247pt too wide) in paragraph at lines 196--197
[]\OT1/cmr/bx/n/10.95 Theorem 2.9 \OT1/cmr/m/n/10.95 (Emer-gent ra-dius / area 
law; \OT1/cmtt/m/n/10.95 emergent[]radius[]sq[]tendsto\OT1/cmr/m/n/10.95 , \OT1
/cmtt/m/n/10.95 windIntegerSite[]radius[]sq[]tendsto\OT1/cmr/m/n/10.95 )\OT1/cm
r/bx/n/10.95 .
 []



[4]

Package hyperref Warning: Token not allowed in a PDF string (Unicode):
(hyperref)                removing `math shift' on input line 255.


Package hyperref Warning: Token not allowed in a PDF string (Unicode):
(hyperref)                removing `math shift' on input line 255.


Underfull \hbox (badness 3354) in paragraph at lines 260--263
[]\OT1/cmr/bx/n/10.95 Theorem 2.13 \OT1/cmr/m/n/10.95 (Bucket pe-ri-od-ic-ity a
nd counts; \OT1/cmtt/m/n/10.95 spin[]phasor[]period6\OT1/cmr/m/n/10.95 , \OT1/c
mtt/m/n/10.95 bucket[]count\OT1/cmr/m/n/10.95 )\OT1/cmr/bx/n/10.95 .
 []


Package hyperref Warning: Token not allowed in a PDF string (Unicode):
(hyperref)                removing `math shift' on input line 303.


Package hyperref Warning: Token not allowed in a PDF string (Unicode):
(hyperref)                removing `\leavevmode@ifvmode' on input line 303.


Package hyperref Warning: Token not allowed in a PDF string (Unicode):
(hyperref)                \kern 1.8254pt
(hyperref)                removed on input line 303.


Package hyperref Warning: Token not allowed in a PDF string (Unicode):
(hyperref)                removing `\leftrightarrow' on input line 303.


Package hyperref Warning: Token not allowed in a PDF string (Unicode):
(hyperref)                removing `superscript' on input line 303.


Package hyperref Warning: Token not allowed in a PDF string (Unicode):
(hyperref)                removing `math shift' on input line 303.



[5]
Overfull \hbox (56.07948pt too wide) in paragraph at lines 331--332
[]\OT1/cmr/bx/n/10.95 Theorem 4.1 \OT1/cmr/m/n/10.95 (Ver-ti-cal--line pha-sor 
and mag-ni-tude; \OT1/cmtt/m/n/10.95 cpow[]vertical[]line[]phasor\OT1/cmr/m/n/1
0.95 , \OT1/cmtt/m/n/10.95 norm[]cpow[]vertical[]line\OT1/cmr/m/n/10.95 )\OT1/c
mr/bx/n/10.95 .
 []


Package hyperref Warning: Token not allowed in a PDF string (Unicode):
(hyperref)                removing `math shift' on input line 363.


Package hyperref Warning: Token not allowed in a PDF string (Unicode):
(hyperref)                removing `math shift' on input line 363.


Overfull \hbox (43.90224pt too wide) in paragraph at lines 370--371
[]\OT1/cmr/bx/n/10.95 Theorem 4.6 \OT1/cmr/m/n/10.95 (Ac-cu-mu-la-tion on $[] \
OML/cmm/m/it/10.95 s > \OT1/cmr/m/n/10.95 1$; \OT1/cmtt/m/n/10.95 fiber[]accumu
lates[]to[]L\OT1/cmr/m/n/10.95 , \OT1/cmtt/m/n/10.95 finiteCarrier[]tendsto[]LF
unction\OT1/cmr/m/n/10.95 )\OT1/cmr/bx/n/10.95 .
 []



[6]

[7]

[8]

Package hyperref Warning: Token not allowed in a PDF string (Unicode):
(hyperref)                removing `math shift' on input line 528.


Package hyperref Warning: Token not allowed in a PDF string (Unicode):
(hyperref)                removing `math shift' on input line 528.


Overfull \hbox (78.49637pt too wide) in paragraph at lines 548--549
[]\OT1/cmr/bx/n/10.95 Theorem 8.3 \OT1/cmr/m/n/10.95 (Com-ple-tion and func-tio
nal equa-tion; \OT1/cmtt/m/n/10.95 faithful[]all[]L[]completed\OT1/cmr/m/n/10.9
5 , \OT1/cmtt/m/n/10.95 completedCarrier[]eq[]zero[]iff\OT1/cmr/m/n/10.95 ,
 []



[9]
Overfull \hbox (17.40544pt too wide) in paragraph at lines 659--662
[]\OT1/cmr/bx/n/10.95 Theorem 10.6 \OT1/cmr/m/n/10.95 (Unit--mod-u-lus eigen-st
ate of $\OML/cmm/m/it/10.95 D \OT1/cmr/m/n/10.95 = \OMS/cmsy/m/n/10.95 ^^@\OML/
cmm/m/it/10.95 i d=dt$\OT1/cmr/m/n/10.95 ; \OT1/cmtt/m/n/10.95 spectralWave[]ei
gen\OT1/cmr/m/n/10.95 , \OT1/cmtt/m/n/10.95 spectralWave[]norm\OT1/cmr/m/n/10.9
5 )\OT1/cmr/bx/n/10.95 .
 []


Underfull \hbox (badness 1082) in paragraph at lines 664--676
[]\OT1/cmr/m/n/10.95 The re-al-ity is struc-tural, not an ac-ci-dent of $\OML/c
mm/m/it/10.95  []$\OT1/cmr/m/n/10.95 . Mul-ti-pli-ca-tion by the real height,
 []


Overfull \hbox (16.49162pt too wide) in paragraph at lines 664--676
[]\OT1/cmr/m/n/10.95 (\OML/cmm/m/it/10.95 ^^M\OT1/cmr/m/n/10.95 ) = \OML/cmm/m/
it/10.95 ^^M \OMS/cmsy/m/n/10.95 ^^A []$ \OT1/cmr/m/n/10.95 on the fiber $\U/ms
b/m/n/10.95 C$\OT1/cmr/m/n/10.95 , is sym-met-ric with eigen-value $\OML/cmm/m/
it/10.95 ^^M$ \OT1/cmr/m/n/10.95 (\OT1/cmtt/m/n/10.95 vonNeumannOp[]isSymmetric
\OT1/cmr/m/n/10.95 ,
 []


Underfull \hbox (badness 1478) in paragraph at lines 664--676
\OT1/cmtt/m/n/10.95 vonNeumannOp[]hasEigenvalue\OT1/cmr/m/n/10.95 ); on the fin
itely-supported se-quence space the real-diagonal
 []



[10]
Overfull \hbox (62.07826pt too wide) in paragraph at lines 678--680
[]\OT1/cmr/bx/n/10.95 Proposition 10.7 \OT1/cmr/m/n/10.95 (The chi-ral-i-ties a
re eigen-state val-ues; \OT1/cmtt/m/n/10.95 spin[]eq[]spectralWave\OT1/cmr/m/n/
10.95 , \OT1/cmtt/m/n/10.95 conj[]spin[]eq[]spectralWave\OT1/cmr/m/n/10.95 )\OT
1/cmr/bx/n/10.95 .
 []


Overfull \hbox (39.32051pt too wide) in paragraph at lines 686--691
[]\OT1/cmr/bx/n/10.95 Proposition 10.8 \OT1/cmr/m/n/10.95 (The ac-cu-mu-la-tion
 is an eigen-state---data in-ner prod-uct; \OT1/cmtt/m/n/10.95 fiberCarrierFini
te[]eq[]inner\OT1/cmr/m/n/10.95 ,
 []


Underfull \hbox (badness 1688) in paragraph at lines 686--691
\OT1/cmtt/m/n/10.95 fiberCarrierFinite[]eq[]zero[]iff[]orthogonal\OT1/cmr/m/n/1
0.95 )\OT1/cmr/bx/n/10.95 . \OT1/cmr/m/it/10.95 Split the critical-line pha-sor
 $\OML/cmm/m/it/10.95 ^^_\OT1/cmr/m/n/10.95 (\OML/cmm/m/it/10.95 n\OT1/cmr/m/n/
10.95 ) \OML/cmm/m/it/10.95 n[]$
 []


Overfull \hbox (138.16682pt too wide) in paragraph at lines 693--701
\OT1/cmr/m/it/10.95 so it van-ishes \OT1/cmr/m/n/10.95 iff \OT1/cmr/m/it/10.95 
the sam-pled eigen-wave is $\OML/cmm/m/it/10.95 `[]$\OT1/cmr/m/it/10.95 -orthog
onal to the arith-metic data (\OT1/cmtt/m/it/10.95 fiberCarrierFinite[]eq[]zero
[]iff[]orthogonal\OT1/cmr/m/it/10.95 ).
 []


Overfull \hbox (30.3105pt too wide) in paragraph at lines 708--711
[]\OT1/cmr/bx/n/10.95 Theorem 10.10 \OT1/cmr/m/n/10.95 (Frobe-nius uni-mod-u-la
r-ity of the pro-duced eigen-state; \OT1/cmtt/m/n/10.95 frobenius[]eigenstate[]
det[]one\OT1/cmr/m/n/10.95 )\OT1/cmr/bx/n/10.95 .
 []



[11]
Underfull \hbox (badness 3386) in paragraph at lines 790--795
[]\OT1/cmr/bx/n/10.95 Theorem 12.2 \OT1/cmr/m/n/10.95 (The ad-mis-si-ble ex-po-
nent is forced, not cho-sen; \OT1/cmtt/m/n/10.95 scaleBalanced[]iff\OT1/cmr/m/n
/10.95 ,
 []



[12]

[13]

[14]

[15] (./helix_phasor_model.aux)
 ***********
LaTeX2e <2025-06-01> patch level 1
L3 programming layer <2025-07-20>
 ***********
Package rerunfilecheck Info: File `helix_phasor_model.out' has not changed.
(rerunfilecheck)             Checksum: C8B9C59F74EAD352DFC476A4C765C4C3;5472.
 ) 
Here is how much of TeX's memory you used:
 11581 strings out of 467801
 177324 string characters out of 5431917
 612562 words of memory out of 5000000
 39950 multiletter control sequences out of 15000+600000
 642512 words of font info for 102 fonts, out of 8000000 for 9000
 1141 hyphenation exceptions out of 8191
 75i,11n,79p,555b,606s stack positions out of 10000i,1000n,20000p,200000b,200000s
</usr/local/texlive/2025/texmf-dist/fonts/type1/public/amsfonts/cm/cmbx10.pfb
></usr/local/texlive/2025/texmf-dist/fonts/type1/public/amsfonts/cm/cmbx12.pfb>
</usr/local/texlive/2025/texmf-dist/fonts/type1/public/amsfonts/cm/cmex10.pfb><
/usr/local/texlive/2025/texmf-dist/fonts/type1/public/amsfonts/cm/cmitt10.pfb><
/usr/local/texlive/2025/texmf-dist/fonts/type1/public/amsfonts/cm/cmmi10.pfb></
usr/local/texlive/2025/texmf-dist/fonts/type1/public/amsfonts/cm/cmmi12.pfb></u
sr/local/texlive/2025/texmf-dist/fonts/type1/public/amsfonts/cm/cmmi6.pfb></usr
/local/texlive/2025/texmf-dist/fonts/type1/public/amsfonts/cm/cmmi7.pfb></usr/l
ocal/texlive/2025/texmf-dist/fonts/type1/public/amsfonts/cm/cmmi8.pfb></usr/loc
al/texlive/2025/texmf-dist/fonts/type1/public/amsfonts/cm/cmr10.pfb></usr/local
/texlive/2025/texmf-dist/fonts/type1/public/amsfonts/cm/cmr12.pfb></usr/local/t
exlive/2025/texmf-dist/fonts/type1/public/amsfonts/cm/cmr17.pfb></usr/local/tex
live/2025/texmf-dist/fonts/type1/public/amsfonts/cm/cmr7.pfb></usr/local/texliv
e/2025/texmf-dist/fonts/type1/public/amsfonts/cm/cmr8.pfb></usr/local/texlive/2
025/texmf-dist/fonts/type1/public/amsfonts/cm/cmss8.pfb></usr/local/texlive/202
5/texmf-dist/fonts/type1/public/amsfonts/cm/cmsy10.pfb></usr/local/texlive/2025
/texmf-dist/fonts/type1/public/amsfonts/cm/cmsy6.pfb></usr/local/texlive/2025/t
exmf-dist/fonts/type1/public/amsfonts/cm/cmsy7.pfb></usr/local/texlive/2025/tex
mf-dist/fonts/type1/public/amsfonts/cm/cmsy8.pfb></usr/local/texlive/2025/texmf
-dist/fonts/type1/public/amsfonts/cm/cmti10.pfb></usr/local/texlive/2025/texmf-
dist/fonts/type1/public/amsfonts/cm/cmti8.pfb></usr/local/texlive/2025/texmf-di
st/fonts/type1/public/amsfonts/cm/cmtt10.pfb></usr/local/texlive/2025/texmf-dis
t/fonts/type1/public/amsfonts/symbols/msbm10.pfb>
Output written on helix_phasor_model.pdf (15 pages, 363192 bytes).
PDF statistics:
 537 PDF objects out of 1000 (max. 8388607)
 469 compressed objects within 5 object streams
 136 named destinations out of 1000 (max. 500000)
 193 words of extra memory for PDF output out of 10000 (max. 10000000)

