{"synthetic": false,
 "schemaVersion": "2025-09-10",
 "outputs":
 {"o": ["3d12dbe6a85bd795.olean"],
  "m": false,
  "i": "a21d0c2b74358c72.ilean",
  "c": "a72720779a912fc9.c"},
 "log":
 [{"message":
   ".> LEAN_PATH=/Users/samuellavery/work/helix_frobenius/.lake/packages/auto/.lake/build/lib/lean:/Users/samuellavery/work/helix_frobenius/.lake/packages/Cli/.lake/build/lib/lean:/Users/samuellavery/work/helix_frobenius/.lake/packages/premise-selection/.lake/build/lib/lean:/Users/samuellavery/work/helix_frobenius/.lake/packages/Duper/.lake/build/lib/lean:/Users/samuellavery/work/helix_frobenius/.lake/packages/batteries/.lake/build/lib/lean:/Users/samuellavery/work/helix_frobenius/.lake/packages/Qq/.lake/build/lib/lean:/Users/samuellavery/work/helix_frobenius/.lake/packages/aesop/.lake/build/lib/lean:/Users/samuellavery/work/helix_frobenius/.lake/packages/proofwidgets/.lake/build/lib/lean:/Users/samuellavery/work/helix_frobenius/.lake/packages/importGraph/.lake/build/lib/lean:/Users/samuellavery/work/helix_frobenius/.lake/packages/LeanSearchClient/.lake/build/lib/lean:/Users/samuellavery/work/helix_frobenius/.lake/packages/plausible/.lake/build/lib/lean:/Users/samuellavery/work/helix_frobenius/.lake/packages/Hammer/.lake/build/lib/lean:/Users/samuellavery/work/helix_frobenius/.lake/packages/mathlib/.lake/build/lib/lean:/Users/samuellavery/work/helix_frobenius/.lake/build/lib/lean /Users/samuellavery/.elan/toolchains/leanprover--lean4---v4.31.0/bin/lean /Users/samuellavery/work/helix_frobenius/RequestProject/AreaLaw.lean -o /Users/samuellavery/work/helix_frobenius/.lake/build/lib/lean/RequestProject/AreaLaw.olean -i /Users/samuellavery/work/helix_frobenius/.lake/build/lib/lean/RequestProject/AreaLaw.ilean -c /Users/samuellavery/work/helix_frobenius/.lake/build/ir/RequestProject/AreaLaw.c --setup /Users/samuellavery/work/helix_frobenius/.lake/build/ir/RequestProject/AreaLaw.setup.json --json",
   "level": "trace"}],
 "inputs":
 [["RequestProject.AreaLaw:deps",
   [["deps",
     [["RequestProject/RequestProject:extraDep",
       [["@RequestProject:extraDep", "00000000000006bb"]]],
      ["imports",
       [["RequestProject.ClosedForm transitive imports (legacy)",
         "5b786c59c8c8a49f"],
        ["RequestProject.ClosedForm:importAllArts", "9dad2615fa5a468c"]]]]],
    ["libs",
     [["import dynlibs", "00000000000006bb"],
      ["package external libraries", "00000000000006bb"],
      ["module dynlibs", "00000000000006bb"],
      ["module plugins", "00000000000006bb"]]]]],
  ["Lean 4.31.0, commit 68218e876d2a38b1985b8590fff244a83c321783",
   "fc45ac412f28501c"],
  ["/Users/samuellavery/work/helix_frobenius/RequestProject/AreaLaw.lean",
   "be3c05223f8e8011"],
  ["options", "00000000000006bb"],
  ["isModule: false", "feefd2a0d3a1847e"],
  ["Module.name: RequestProject.AreaLaw", "9482728bf19f19d7"],
  ["Package.id?: (some RequestProject)", "a74cf997b7727a0f"],
  ["Module.leanArgs: #[]", "00000000000006bb"]],
 "depHash": "6221bab9a672e41e"}