{"synthetic": false,
 "schemaVersion": "2025-09-10",
 "outputs":
 {"o": ["ff12cacaed8edb1b.olean"],
  "m": false,
  "i": "54a896cd90a1edfa.ilean",
  "c": "4023bef43928f017.c"},
 "log":
 [{"message":
   ".> LEAN_PATH=/Users/samuellavery/work/helix_frobenius/.lake/packages/auto/.lake/build/lib/lean:/Users/samuellavery/work/helix_frobenius/.lake/packages/Cli/.lake/build/lib/lean:/Users/samuellavery/work/helix_frobenius/.lake/packages/premise-selection/.lake/build/lib/lean:/Users/samuellavery/work/helix_frobenius/.lake/packages/Duper/.lake/build/lib/lean:/Users/samuellavery/work/helix_frobenius/.lake/packages/batteries/.lake/build/lib/lean:/Users/samuellavery/work/helix_frobenius/.lake/packages/Qq/.lake/build/lib/lean:/Users/samuellavery/work/helix_frobenius/.lake/packages/aesop/.lake/build/lib/lean:/Users/samuellavery/work/helix_frobenius/.lake/packages/proofwidgets/.lake/build/lib/lean:/Users/samuellavery/work/helix_frobenius/.lake/packages/importGraph/.lake/build/lib/lean:/Users/samuellavery/work/helix_frobenius/.lake/packages/LeanSearchClient/.lake/build/lib/lean:/Users/samuellavery/work/helix_frobenius/.lake/packages/plausible/.lake/build/lib/lean:/Users/samuellavery/work/helix_frobenius/.lake/packages/Hammer/.lake/build/lib/lean:/Users/samuellavery/work/helix_frobenius/.lake/packages/mathlib/.lake/build/lib/lean:/Users/samuellavery/work/helix_frobenius/.lake/build/lib/lean /Users/samuellavery/.elan/toolchains/leanprover--lean4---v4.31.0/bin/lean /Users/samuellavery/work/helix_frobenius/RequestProject/ClosedForm.lean -o /Users/samuellavery/work/helix_frobenius/.lake/build/lib/lean/RequestProject/ClosedForm.olean -i /Users/samuellavery/work/helix_frobenius/.lake/build/lib/lean/RequestProject/ClosedForm.ilean -c /Users/samuellavery/work/helix_frobenius/.lake/build/ir/RequestProject/ClosedForm.c --setup /Users/samuellavery/work/helix_frobenius/.lake/build/ir/RequestProject/ClosedForm.setup.json --json",
   "level": "trace"},
  {"message":
   "RequestProject/ClosedForm.lean:212:378: Try this:\n  [apply] ring_nf\n  \n  The `ring` tactic failed to close the goal. Use `ring_nf` to obtain a normal form.\n    \n  Note that `ring` works primarily in *commutative* rings. If you have a noncommutative ring, abelian group or module, consider using `noncomm_ring`, `abel` or `module` instead.",
   "level": "info"},
  {"message":
   "RequestProject/ClosedForm.lean:213:49: Try this:\n  [apply] ring_nf\n  \n  The `ring` tactic failed to close the goal. Use `ring_nf` to obtain a normal form.\n    \n  Note that `ring` works primarily in *commutative* rings. If you have a noncommutative ring, abelian group or module, consider using `noncomm_ring`, `abel` or `module` instead.",
   "level": "info"},
  {"message":
   "RequestProject/ClosedForm.lean:214:4: Try this:\n  [apply] ring_nf\n  \n  The `ring` tactic failed to close the goal. Use `ring_nf` to obtain a normal form.\n    \n  Note that `ring` works primarily in *commutative* rings. If you have a noncommutative ring, abelian group or module, consider using `noncomm_ring`, `abel` or `module` instead.",
   "level": "info"},
  {"message":
   "RequestProject/ClosedForm.lean:241:75: Try this:\n  [apply] ring_nf\n  \n  The `ring` tactic failed to close the goal. Use `ring_nf` to obtain a normal form.\n    \n  Note that `ring` works primarily in *commutative* rings. If you have a noncommutative ring, abelian group or module, consider using `noncomm_ring`, `abel` or `module` instead.",
   "level": "info"},
  {"message":
   "RequestProject/ClosedForm.lean:242:36: Try this:\n  [apply] ring_nf\n  \n  The `ring` tactic failed to close the goal. Use `ring_nf` to obtain a normal form.\n    \n  Note that `ring` works primarily in *commutative* rings. If you have a noncommutative ring, abelian group or module, consider using `noncomm_ring`, `abel` or `module` instead.",
   "level": "info"},
  {"message":
   "RequestProject/ClosedForm.lean:256:79: Try this:\n  [apply] ring_nf\n  \n  The `ring` tactic failed to close the goal. Use `ring_nf` to obtain a normal form.\n    \n  Note that `ring` works primarily in *commutative* rings. If you have a noncommutative ring, abelian group or module, consider using `noncomm_ring`, `abel` or `module` instead.",
   "level": "info"},
  {"message":
   "RequestProject/ClosedForm.lean:640:74: Try this:\n  [apply] ring_nf\n  \n  The `ring` tactic failed to close the goal. Use `ring_nf` to obtain a normal form.\n    \n  Note that `ring` works primarily in *commutative* rings. If you have a noncommutative ring, abelian group or module, consider using `noncomm_ring`, `abel` or `module` instead.",
   "level": "info"},
  {"message":
   "RequestProject/ClosedForm.lean:642:93: Try this:\n  [apply] ring_nf\n  \n  The `ring` tactic failed to close the goal. Use `ring_nf` to obtain a normal form.\n    \n  Note that `ring` works primarily in *commutative* rings. If you have a noncommutative ring, abelian group or module, consider using `noncomm_ring`, `abel` or `module` instead.",
   "level": "info"},
  {"message":
   "RequestProject/ClosedForm.lean:662:183: Try this:\n  [apply] ring_nf\n  \n  The `ring` tactic failed to close the goal. Use `ring_nf` to obtain a normal form.\n    \n  Note that `ring` works primarily in *commutative* rings. If you have a noncommutative ring, abelian group or module, consider using `noncomm_ring`, `abel` or `module` instead.",
   "level": "info"},
  {"message":
   "RequestProject/ClosedForm.lean:666:193: Try this:\n  [apply] ring_nf\n  \n  The `ring` tactic failed to close the goal. Use `ring_nf` to obtain a normal form.\n    \n  Note that `ring` works primarily in *commutative* rings. If you have a noncommutative ring, abelian group or module, consider using `noncomm_ring`, `abel` or `module` instead.",
   "level": "info"},
  {"message":
   "RequestProject/ClosedForm.lean:667:206: Try this:\n  [apply] ring_nf\n  \n  The `ring` tactic failed to close the goal. Use `ring_nf` to obtain a normal form.\n    \n  Note that `ring` works primarily in *commutative* rings. If you have a noncommutative ring, abelian group or module, consider using `noncomm_ring`, `abel` or `module` instead.",
   "level": "info"},
  {"message":
   "RequestProject/ClosedForm.lean:668:103: Try this:\n  [apply] ring_nf\n  \n  The `ring` tactic failed to close the goal. Use `ring_nf` to obtain a normal form.\n    \n  Note that `ring` works primarily in *commutative* rings. If you have a noncommutative ring, abelian group or module, consider using `noncomm_ring`, `abel` or `module` instead.",
   "level": "info"},
  {"message":
   "RequestProject/ClosedForm.lean:668:131: Try this:\n  [apply] ring_nf\n  \n  The `ring` tactic failed to close the goal. Use `ring_nf` to obtain a normal form.\n    \n  Note that `ring` works primarily in *commutative* rings. If you have a noncommutative ring, abelian group or module, consider using `noncomm_ring`, `abel` or `module` instead.",
   "level": "info"},
  {"message":
   "RequestProject/ClosedForm.lean:669:66: Try this:\n  [apply] ring_nf\n  \n  The `ring` tactic failed to close the goal. Use `ring_nf` to obtain a normal form.\n    \n  Note that `ring` works primarily in *commutative* rings. If you have a noncommutative ring, abelian group or module, consider using `noncomm_ring`, `abel` or `module` instead.",
   "level": "info"},
  {"message":
   "RequestProject/ClosedForm.lean:669:94: Try this:\n  [apply] ring_nf\n  \n  The `ring` tactic failed to close the goal. Use `ring_nf` to obtain a normal form.\n    \n  Note that `ring` works primarily in *commutative* rings. If you have a noncommutative ring, abelian group or module, consider using `noncomm_ring`, `abel` or `module` instead.",
   "level": "info"},
  {"message":
   "RequestProject/ClosedForm.lean:670:99: Try this:\n  [apply] ring_nf\n  \n  The `ring` tactic failed to close the goal. Use `ring_nf` to obtain a normal form.\n    \n  Note that `ring` works primarily in *commutative* rings. If you have a noncommutative ring, abelian group or module, consider using `noncomm_ring`, `abel` or `module` instead.",
   "level": "info"},
  {"message":
   "RequestProject/ClosedForm.lean:670:127: Try this:\n  [apply] ring_nf\n  \n  The `ring` tactic failed to close the goal. Use `ring_nf` to obtain a normal form.\n    \n  Note that `ring` works primarily in *commutative* rings. If you have a noncommutative ring, abelian group or module, consider using `noncomm_ring`, `abel` or `module` instead.",
   "level": "info"},
  {"message":
   "RequestProject/ClosedForm.lean:691:135: Try this:\n  [apply] ring_nf\n  \n  The `ring` tactic failed to close the goal. Use `ring_nf` to obtain a normal form.\n    \n  Note that `ring` works primarily in *commutative* rings. If you have a noncommutative ring, abelian group or module, consider using `noncomm_ring`, `abel` or `module` instead.",
   "level": "info"},
  {"message":
   "RequestProject/ClosedForm.lean:824:85: Try this:\n  [apply] ring_nf\n  \n  The `ring` tactic failed to close the goal. Use `ring_nf` to obtain a normal form.\n    \n  Note that `ring` works primarily in *commutative* rings. If you have a noncommutative ring, abelian group or module, consider using `noncomm_ring`, `abel` or `module` instead.",
   "level": "info"},
  {"message":
   "RequestProject/ClosedForm.lean:839:100: Try this:\n  [apply] ring_nf\n  \n  The `ring` tactic failed to close the goal. Use `ring_nf` to obtain a normal form.\n    \n  Note that `ring` works primarily in *commutative* rings. If you have a noncommutative ring, abelian group or module, consider using `noncomm_ring`, `abel` or `module` instead.",
   "level": "info"},
  {"message":
   "RequestProject/ClosedForm.lean:840:160: Try this:\n  [apply] ring_nf\n  \n  The `ring` tactic failed to close the goal. Use `ring_nf` to obtain a normal form.\n    \n  Note that `ring` works primarily in *commutative* rings. If you have a noncommutative ring, abelian group or module, consider using `noncomm_ring`, `abel` or `module` instead.",
   "level": "info"},
  {"message":
   "RequestProject/ClosedForm.lean:841:161: Try this:\n  [apply] ring_nf\n  \n  The `ring` tactic failed to close the goal. Use `ring_nf` to obtain a normal form.\n    \n  Note that `ring` works primarily in *commutative* rings. If you have a noncommutative ring, abelian group or module, consider using `noncomm_ring`, `abel` or `module` instead.",
   "level": "info"},
  {"message":
   "RequestProject/ClosedForm.lean:1219:0: automatically included section variable(s) unused in theorem `CriticalLinePhasor.DirichletPhasorCarrier.phasor_summable`:\n  [NeZero q]\nconsider restructuring your `variable` declarations so that the variables are not in scope or explicitly omit them:\n  omit [NeZero q] in theorem ...\n\nNote: This linter can be disabled with `set_option linter.unusedSectionVars false`",
   "level": "warning"},
  {"message":
   "RequestProject/ClosedForm.lean:1273:74: Try this:\n  [apply] ring_nf\n  \n  The `ring` tactic failed to close the goal. Use `ring_nf` to obtain a normal form.\n    \n  Note that `ring` works primarily in *commutative* rings. If you have a noncommutative ring, abelian group or module, consider using `noncomm_ring`, `abel` or `module` instead.",
   "level": "info"},
  {"message":
   "RequestProject/ClosedForm.lean:1282:8: Try this:\n  [apply] ring_nf\n  \n  The `ring` tactic failed to close the goal. Use `ring_nf` to obtain a normal form.\n    \n  Note that `ring` works primarily in *commutative* rings. If you have a noncommutative ring, abelian group or module, consider using `noncomm_ring`, `abel` or `module` instead.",
   "level": "info"},
  {"message":
   "RequestProject/ClosedForm.lean:1294:6: Try this:\n  [apply] ring_nf\n  \n  The `ring` tactic failed to close the goal. Use `ring_nf` to obtain a normal form.\n    \n  Note that `ring` works primarily in *commutative* rings. If you have a noncommutative ring, abelian group or module, consider using `noncomm_ring`, `abel` or `module` instead.",
   "level": "info"},
  {"message":
   "RequestProject/ClosedForm.lean:1296:61: Try this:\n  [apply] ring_nf\n  \n  The `ring` tactic failed to close the goal. Use `ring_nf` to obtain a normal form.\n    \n  Note that `ring` works primarily in *commutative* rings. If you have a noncommutative ring, abelian group or module, consider using `noncomm_ring`, `abel` or `module` instead.",
   "level": "info"},
  {"message":
   "RequestProject/ClosedForm.lean:1297:131: Try this:\n  [apply] ring_nf\n  \n  The `ring` tactic failed to close the goal. Use `ring_nf` to obtain a normal form.\n    \n  Note that `ring` works primarily in *commutative* rings. If you have a noncommutative ring, abelian group or module, consider using `noncomm_ring`, `abel` or `module` instead.",
   "level": "info"},
  {"message":
   "RequestProject/ClosedForm.lean:1298:145: Try this:\n  [apply] ring_nf\n  \n  The `ring` tactic failed to close the goal. Use `ring_nf` to obtain a normal form.\n    \n  Note that `ring` works primarily in *commutative* rings. If you have a noncommutative ring, abelian group or module, consider using `noncomm_ring`, `abel` or `module` instead.",
   "level": "info"},
  {"message":
   "RequestProject/ClosedForm.lean:1299:97: Try this:\n  [apply] ring_nf\n  \n  The `ring` tactic failed to close the goal. Use `ring_nf` to obtain a normal form.\n    \n  Note that `ring` works primarily in *commutative* rings. If you have a noncommutative ring, abelian group or module, consider using `noncomm_ring`, `abel` or `module` instead.",
   "level": "info"},
  {"message":
   "RequestProject/ClosedForm.lean:1387:0: automatically included section variable(s) unused in theorem `CriticalLinePhasor.FiberHarmonic.fiberPhasor_eq_cpow`:\n  [NeZero q]\nconsider restructuring your `variable` declarations so that the variables are not in scope or explicitly omit them:\n  omit [NeZero q] in theorem ...\n\nNote: This linter can be disabled with `set_option linter.unusedSectionVars false`",
   "level": "warning"},
  {"message":
   "RequestProject/ClosedForm.lean:1396:0: automatically included section variable(s) unused in theorem `CriticalLinePhasor.FiberHarmonic.fiberPhasor_hasDerivAt`:\n  [NeZero q]\nconsider restructuring your `variable` declarations so that the variables are not in scope or explicitly omit them:\n  omit [NeZero q] in theorem ...\n\nNote: This linter can be disabled with `set_option linter.unusedSectionVars false`",
   "level": "warning"},
  {"message":
   "RequestProject/ClosedForm.lean:1426:115: Try this:\n  [apply] ring_nf\n  \n  The `ring` tactic failed to close the goal. Use `ring_nf` to obtain a normal form.\n    \n  Note that `ring` works primarily in *commutative* rings. If you have a noncommutative ring, abelian group or module, consider using `noncomm_ring`, `abel` or `module` instead.",
   "level": "info"},
  {"message":
   "RequestProject/ClosedForm.lean:1526:24: Try this:\n  [apply] ring_nf\n  \n  The `ring` tactic failed to close the goal. Use `ring_nf` to obtain a normal form.\n    \n  Note that `ring` works primarily in *commutative* rings. If you have a noncommutative ring, abelian group or module, consider using `noncomm_ring`, `abel` or `module` instead.",
   "level": "info"},
  {"message":
   "RequestProject/ClosedForm.lean:1523:0: automatically included section variable(s) unused in theorem `CriticalLinePhasor.Tate.fiberPhasor_eq_mellin_character`:\n  [NeZero q]\nconsider restructuring your `variable` declarations so that the variables are not in scope or explicitly omit them:\n  omit [NeZero q] in theorem ...\n\nNote: This linter can be disabled with `set_option linter.unusedSectionVars false`",
   "level": "warning"},
  {"message":
   "RequestProject/ClosedForm.lean:1534:0: automatically included section variable(s) unused in theorem `CriticalLinePhasor.Tate.gammaFactor_ne_zero_of_re_pos`:\n  [NeZero q]\nconsider restructuring your `variable` declarations so that the variables are not in scope or explicitly omit them:\n  omit [NeZero q] in theorem ...\n\nNote: This linter can be disabled with `set_option linter.unusedSectionVars false`",
   "level": "warning"},
  {"message":
   "RequestProject/ClosedForm.lean:1788:7: `MeasureTheory.integral_finset_sum_measure` has been deprecated: Use `MeasureTheory.integral_finsetSum_measure` instead",
   "level": "warning"},
  {"message":
   "RequestProject/ClosedForm.lean:1790:64: This simp argument is unused:\n  hi'\n\nHint: Omit it from the simp argument list.\n  simp +decide [ ̵h̵i̵'̵,̵ ̵MeasureTheory.Integrable ̵]\n\nNote: This linter can be disabled with `set_option linter.unusedSimpArgs false`",
   "level": "warning"},
  {"message":
   "RequestProject/ClosedForm.lean:1800:56: This simp argument is unused:\n  hi'\n\nHint: Omit it from the simp argument list.\n  simp +decide [ ̵MeasureTheory.HasFiniteIntegral,̵ ̵h̵i̵'̵ ̵]\n\nNote: This linter can be disabled with `set_option linter.unusedSimpArgs false`",
   "level": "warning"},
  {"message":
   "RequestProject/ClosedForm.lean:1801:73: This simp argument is unused:\n  hi'\n\nHint: Omit it from the simp argument list.\n  simp +decide ̵[̵ ̵h̵i̵'̵ ̵]̵\n\nNote: This linter can be disabled with `set_option linter.unusedSimpArgs false`",
   "level": "warning"}],
 "inputs":
 [["RequestProject.ClosedForm:deps",
   [["deps",
     [["RequestProject/RequestProject:extraDep",
       [["@RequestProject:extraDep", "00000000000006bb"]]],
      ["imports",
       [["Mathlib transitive imports (legacy)", "41d2570f76c2764a"],
        ["Mathlib:importAllArts", "bbb4e5729d155599"]]]]],
    ["libs",
     [["import dynlibs", "00000000000006bb"],
      ["package external libraries", "00000000000006bb"],
      ["module dynlibs", "00000000000006bb"],
      ["module plugins", "00000000000006bb"]]]]],
  ["Lean 4.31.0, commit 68218e876d2a38b1985b8590fff244a83c321783",
   "fc45ac412f28501c"],
  ["/Users/samuellavery/work/helix_frobenius/RequestProject/ClosedForm.lean",
   "ec058e8e1fb63892"],
  ["options", "00000000000006bb"],
  ["isModule: false", "feefd2a0d3a1847e"],
  ["Module.name: RequestProject.ClosedForm", "9e35f687038dd0ef"],
  ["Package.id?: (some RequestProject)", "a74cf997b7727a0f"],
  ["Module.leanArgs: #[]", "00000000000006bb"]],
 "depHash": "e1e6ae33e78d1a46"}