{"synthetic": false,
 "schemaVersion": "2025-09-10",
 "outputs":
 {"o": ["dce19d68a0fbb41e.olean"],
  "m": false,
  "i": "79ddfe63b49c20c4.ilean",
  "c": "2eb3060a8f2c8e20.c"},
 "log":
 [{"message":
   ".> LEAN_PATH=/Users/samuellavery/work/helix_frobenius/.lake/packages/auto/.lake/build/lib/lean:/Users/samuellavery/work/helix_frobenius/.lake/packages/Cli/.lake/build/lib/lean:/Users/samuellavery/work/helix_frobenius/.lake/packages/premise-selection/.lake/build/lib/lean:/Users/samuellavery/work/helix_frobenius/.lake/packages/Duper/.lake/build/lib/lean:/Users/samuellavery/work/helix_frobenius/.lake/packages/batteries/.lake/build/lib/lean:/Users/samuellavery/work/helix_frobenius/.lake/packages/Qq/.lake/build/lib/lean:/Users/samuellavery/work/helix_frobenius/.lake/packages/aesop/.lake/build/lib/lean:/Users/samuellavery/work/helix_frobenius/.lake/packages/proofwidgets/.lake/build/lib/lean:/Users/samuellavery/work/helix_frobenius/.lake/packages/importGraph/.lake/build/lib/lean:/Users/samuellavery/work/helix_frobenius/.lake/packages/LeanSearchClient/.lake/build/lib/lean:/Users/samuellavery/work/helix_frobenius/.lake/packages/plausible/.lake/build/lib/lean:/Users/samuellavery/work/helix_frobenius/.lake/packages/Hammer/.lake/build/lib/lean:/Users/samuellavery/work/helix_frobenius/.lake/packages/mathlib/.lake/build/lib/lean:/Users/samuellavery/work/helix_frobenius/.lake/build/lib/lean /Users/samuellavery/.elan/toolchains/leanprover--lean4---v4.31.0/bin/lean /Users/samuellavery/work/helix_frobenius/RequestProject/DeBranges.lean -o /Users/samuellavery/work/helix_frobenius/.lake/build/lib/lean/RequestProject/DeBranges.olean -i /Users/samuellavery/work/helix_frobenius/.lake/build/lib/lean/RequestProject/DeBranges.ilean -c /Users/samuellavery/work/helix_frobenius/.lake/build/ir/RequestProject/DeBranges.c --setup /Users/samuellavery/work/helix_frobenius/.lake/build/ir/RequestProject/DeBranges.setup.json --json",
   "level": "trace"}],
 "inputs":
 [["RequestProject.DeBranges:deps",
   [["deps",
     [["RequestProject/RequestProject:extraDep",
       [["@RequestProject:extraDep", "00000000000006bb"]]],
      ["imports",
       [["Mathlib transitive imports (legacy)", "41d2570f76c2764a"],
        ["Mathlib:importAllArts", "bbb4e5729d155599"]]]]],
    ["libs",
     [["import dynlibs", "00000000000006bb"],
      ["package external libraries", "00000000000006bb"],
      ["module dynlibs", "00000000000006bb"],
      ["module plugins", "00000000000006bb"]]]]],
  ["Lean 4.31.0, commit 68218e876d2a38b1985b8590fff244a83c321783",
   "fc45ac412f28501c"],
  ["/Users/samuellavery/work/helix_frobenius/RequestProject/DeBranges.lean",
   "d42a1e71d5e47428"],
  ["options", "00000000000006bb"],
  ["isModule: false", "feefd2a0d3a1847e"],
  ["Module.name: RequestProject.DeBranges", "f5d48bc5a574c10b"],
  ["Package.id?: (some RequestProject)", "a74cf997b7727a0f"],
  ["Module.leanArgs: #[]", "00000000000006bb"]],
 "depHash": "e153c0fad7af26a6"}