{"synthetic": false,
 "schemaVersion": "2025-09-10",
 "outputs":
 {"o": ["3c5714cfc9742bb7.olean"],
  "m": false,
  "i": "47a1c87efecf2927.ilean",
  "c": "ba56a9611423c306.c"},
 "log":
 [{"message":
   ".> LEAN_PATH=/Users/samuellavery/work/helix_frobenius/.lake/packages/auto/.lake/build/lib/lean:/Users/samuellavery/work/helix_frobenius/.lake/packages/Cli/.lake/build/lib/lean:/Users/samuellavery/work/helix_frobenius/.lake/packages/premise-selection/.lake/build/lib/lean:/Users/samuellavery/work/helix_frobenius/.lake/packages/Duper/.lake/build/lib/lean:/Users/samuellavery/work/helix_frobenius/.lake/packages/batteries/.lake/build/lib/lean:/Users/samuellavery/work/helix_frobenius/.lake/packages/Qq/.lake/build/lib/lean:/Users/samuellavery/work/helix_frobenius/.lake/packages/aesop/.lake/build/lib/lean:/Users/samuellavery/work/helix_frobenius/.lake/packages/proofwidgets/.lake/build/lib/lean:/Users/samuellavery/work/helix_frobenius/.lake/packages/importGraph/.lake/build/lib/lean:/Users/samuellavery/work/helix_frobenius/.lake/packages/LeanSearchClient/.lake/build/lib/lean:/Users/samuellavery/work/helix_frobenius/.lake/packages/plausible/.lake/build/lib/lean:/Users/samuellavery/work/helix_frobenius/.lake/packages/Hammer/.lake/build/lib/lean:/Users/samuellavery/work/helix_frobenius/.lake/packages/mathlib/.lake/build/lib/lean:/Users/samuellavery/work/helix_frobenius/.lake/build/lib/lean /Users/samuellavery/.elan/toolchains/leanprover--lean4---v4.31.0/bin/lean /Users/samuellavery/work/helix_frobenius/RequestProject/Faithfulness.lean -o /Users/samuellavery/work/helix_frobenius/.lake/build/lib/lean/RequestProject/Faithfulness.olean -i /Users/samuellavery/work/helix_frobenius/.lake/build/lib/lean/RequestProject/Faithfulness.ilean -c /Users/samuellavery/work/helix_frobenius/.lake/build/ir/RequestProject/Faithfulness.c --setup /Users/samuellavery/work/helix_frobenius/.lake/build/ir/RequestProject/Faithfulness.setup.json --json",
   "level": "trace"}],
 "inputs":
 [["RequestProject.Faithfulness:deps",
   [["deps",
     [["RequestProject/RequestProject:extraDep",
       [["@RequestProject:extraDep", "00000000000006bb"]]],
      ["imports",
       [["RequestProject.ClosedForm transitive imports (legacy)",
         "5b786c59c8c8a49f"],
        ["RequestProject.ClosedForm:importAllArts", "9dad2615fa5a468c"],
        ["RequestProject.HelixLogFreeFTA transitive imports (legacy)",
         "5b786c59c8c8a49f"],
        ["RequestProject.HelixLogFreeFTA:importAllArts", "8a6633a51354adc7"],
        ["RequestProject.HelixCollapseReality transitive imports (legacy)",
         "5b786c59c8c8a49f"],
        ["RequestProject.HelixCollapseReality:importAllArts",
         "b96361281e38aa5f"],
        ["RequestProject.LFunctionPhasor transitive imports (legacy)",
         "abdd274a3743470e"],
        ["RequestProject.LFunctionPhasor:importAllArts",
         "96be1d91e3cad8d5"]]]]],
    ["libs",
     [["import dynlibs", "00000000000006bb"],
      ["package external libraries", "00000000000006bb"],
      ["module dynlibs", "00000000000006bb"],
      ["module plugins", "00000000000006bb"]]]]],
  ["Lean 4.31.0, commit 68218e876d2a38b1985b8590fff244a83c321783",
   "fc45ac412f28501c"],
  ["/Users/samuellavery/work/helix_frobenius/RequestProject/Faithfulness.lean",
   "ba5e49a7bef40c23"],
  ["options", "00000000000006bb"],
  ["isModule: false", "feefd2a0d3a1847e"],
  ["Module.name: RequestProject.Faithfulness", "0a49dd9e43e695cc"],
  ["Package.id?: (some RequestProject)", "a74cf997b7727a0f"],
  ["Module.leanArgs: #[]", "00000000000006bb"]],
 "depHash": "33bb193c8d2331e9"}