{"synthetic": false,
 "schemaVersion": "2025-09-10",
 "outputs":
 {"o": ["50062d48ca9d9439.olean"],
  "m": false,
  "i": "8bcf4988bdcb55b3.ilean",
  "c": "c52e2969b53754ac.c"},
 "log":
 [{"message":
   ".> LEAN_PATH=/Users/samuellavery/work/helix_frobenius/.lake/packages/auto/.lake/build/lib/lean:/Users/samuellavery/work/helix_frobenius/.lake/packages/Cli/.lake/build/lib/lean:/Users/samuellavery/work/helix_frobenius/.lake/packages/premise-selection/.lake/build/lib/lean:/Users/samuellavery/work/helix_frobenius/.lake/packages/Duper/.lake/build/lib/lean:/Users/samuellavery/work/helix_frobenius/.lake/packages/batteries/.lake/build/lib/lean:/Users/samuellavery/work/helix_frobenius/.lake/packages/Qq/.lake/build/lib/lean:/Users/samuellavery/work/helix_frobenius/.lake/packages/aesop/.lake/build/lib/lean:/Users/samuellavery/work/helix_frobenius/.lake/packages/proofwidgets/.lake/build/lib/lean:/Users/samuellavery/work/helix_frobenius/.lake/packages/importGraph/.lake/build/lib/lean:/Users/samuellavery/work/helix_frobenius/.lake/packages/LeanSearchClient/.lake/build/lib/lean:/Users/samuellavery/work/helix_frobenius/.lake/packages/plausible/.lake/build/lib/lean:/Users/samuellavery/work/helix_frobenius/.lake/packages/Hammer/.lake/build/lib/lean:/Users/samuellavery/work/helix_frobenius/.lake/packages/mathlib/.lake/build/lib/lean:/Users/samuellavery/work/helix_frobenius/.lake/build/lib/lean /Users/samuellavery/.elan/toolchains/leanprover--lean4---v4.31.0/bin/lean /Users/samuellavery/work/helix_frobenius/RequestProject/HelixLogFreeFTA.lean -o /Users/samuellavery/work/helix_frobenius/.lake/build/lib/lean/RequestProject/HelixLogFreeFTA.olean -i /Users/samuellavery/work/helix_frobenius/.lake/build/lib/lean/RequestProject/HelixLogFreeFTA.ilean -c /Users/samuellavery/work/helix_frobenius/.lake/build/ir/RequestProject/HelixLogFreeFTA.c --setup /Users/samuellavery/work/helix_frobenius/.lake/build/ir/RequestProject/HelixLogFreeFTA.setup.json --json",
   "level": "trace"}],
 "inputs":
 [["RequestProject.HelixLogFreeFTA:deps",
   [["deps",
     [["RequestProject/RequestProject:extraDep",
       [["@RequestProject:extraDep", "00000000000006bb"]]],
      ["imports",
       [["Mathlib transitive imports (legacy)", "41d2570f76c2764a"],
        ["Mathlib:importAllArts", "bbb4e5729d155599"]]]]],
    ["libs",
     [["import dynlibs", "00000000000006bb"],
      ["package external libraries", "00000000000006bb"],
      ["module dynlibs", "00000000000006bb"],
      ["module plugins", "00000000000006bb"]]]]],
  ["Lean 4.31.0, commit 68218e876d2a38b1985b8590fff244a83c321783",
   "fc45ac412f28501c"],
  ["/Users/samuellavery/work/helix_frobenius/RequestProject/HelixLogFreeFTA.lean",
   "73ea5661083f0679"],
  ["options", "00000000000006bb"],
  ["isModule: false", "feefd2a0d3a1847e"],
  ["Module.name: RequestProject.HelixLogFreeFTA", "58ad4ede28f5afe4"],
  ["Package.id?: (some RequestProject)", "a74cf997b7727a0f"],
  ["Module.leanArgs: #[]", "00000000000006bb"]],
 "depHash": "856f3291c81b4887"}