{"synthetic": false,
 "schemaVersion": "2025-09-10",
 "outputs":
 {"o": ["e2f8dfa80d765621.olean"],
  "m": false,
  "i": "f33d783efe3bcd26.ilean",
  "c": "b2d71efb071b5415.c"},
 "log":
 [{"message":
   ".> LEAN_PATH=/Users/samuellavery/work/helix_frobenius/.lake/packages/auto/.lake/build/lib/lean:/Users/samuellavery/work/helix_frobenius/.lake/packages/Cli/.lake/build/lib/lean:/Users/samuellavery/work/helix_frobenius/.lake/packages/premise-selection/.lake/build/lib/lean:/Users/samuellavery/work/helix_frobenius/.lake/packages/Duper/.lake/build/lib/lean:/Users/samuellavery/work/helix_frobenius/.lake/packages/batteries/.lake/build/lib/lean:/Users/samuellavery/work/helix_frobenius/.lake/packages/Qq/.lake/build/lib/lean:/Users/samuellavery/work/helix_frobenius/.lake/packages/aesop/.lake/build/lib/lean:/Users/samuellavery/work/helix_frobenius/.lake/packages/proofwidgets/.lake/build/lib/lean:/Users/samuellavery/work/helix_frobenius/.lake/packages/importGraph/.lake/build/lib/lean:/Users/samuellavery/work/helix_frobenius/.lake/packages/LeanSearchClient/.lake/build/lib/lean:/Users/samuellavery/work/helix_frobenius/.lake/packages/plausible/.lake/build/lib/lean:/Users/samuellavery/work/helix_frobenius/.lake/packages/Hammer/.lake/build/lib/lean:/Users/samuellavery/work/helix_frobenius/.lake/packages/mathlib/.lake/build/lib/lean:/Users/samuellavery/work/helix_frobenius/.lake/build/lib/lean /Users/samuellavery/.elan/toolchains/leanprover--lean4---v4.31.0/bin/lean /Users/samuellavery/work/helix_frobenius/RequestProject/LFunctionPhasor.lean -o /Users/samuellavery/work/helix_frobenius/.lake/build/lib/lean/RequestProject/LFunctionPhasor.olean -i /Users/samuellavery/work/helix_frobenius/.lake/build/lib/lean/RequestProject/LFunctionPhasor.ilean -c /Users/samuellavery/work/helix_frobenius/.lake/build/ir/RequestProject/LFunctionPhasor.c --setup /Users/samuellavery/work/helix_frobenius/.lake/build/ir/RequestProject/LFunctionPhasor.setup.json --json",
   "level": "trace"}],
 "inputs":
 [["RequestProject.LFunctionPhasor:deps",
   [["deps",
     [["RequestProject/RequestProject:extraDep",
       [["@RequestProject:extraDep", "00000000000006bb"]]],
      ["imports",
       [["RequestProject.ClosedForm transitive imports (legacy)",
         "5b786c59c8c8a49f"],
        ["RequestProject.ClosedForm:importAllArts", "9dad2615fa5a468c"]]]]],
    ["libs",
     [["import dynlibs", "00000000000006bb"],
      ["package external libraries", "00000000000006bb"],
      ["module dynlibs", "00000000000006bb"],
      ["module plugins", "00000000000006bb"]]]]],
  ["Lean 4.31.0, commit 68218e876d2a38b1985b8590fff244a83c321783",
   "fc45ac412f28501c"],
  ["/Users/samuellavery/work/helix_frobenius/RequestProject/LFunctionPhasor.lean",
   "6f2f1e21b65133ca"],
  ["options", "00000000000006bb"],
  ["isModule: false", "feefd2a0d3a1847e"],
  ["Module.name: RequestProject.LFunctionPhasor", "a076ab3db8d12cb5"],
  ["Package.id?: (some RequestProject)", "a74cf997b7727a0f"],
  ["Module.leanArgs: #[]", "00000000000006bb"]],
 "depHash": "465a3d06afb09cb9"}