{"synthetic": false,
 "schemaVersion": "2025-09-10",
 "outputs":
 {"o": ["4ac53fb2b13b5edc.olean"],
  "m": false,
  "i": "3824b4ed775fdf98.ilean",
  "c": "428e48aec4365427.c"},
 "log":
 [{"message":
   ".> LEAN_PATH=/Users/samuellavery/work/helix_frobenius/.lake/packages/auto/.lake/build/lib/lean:/Users/samuellavery/work/helix_frobenius/.lake/packages/Cli/.lake/build/lib/lean:/Users/samuellavery/work/helix_frobenius/.lake/packages/premise-selection/.lake/build/lib/lean:/Users/samuellavery/work/helix_frobenius/.lake/packages/Duper/.lake/build/lib/lean:/Users/samuellavery/work/helix_frobenius/.lake/packages/batteries/.lake/build/lib/lean:/Users/samuellavery/work/helix_frobenius/.lake/packages/Qq/.lake/build/lib/lean:/Users/samuellavery/work/helix_frobenius/.lake/packages/aesop/.lake/build/lib/lean:/Users/samuellavery/work/helix_frobenius/.lake/packages/proofwidgets/.lake/build/lib/lean:/Users/samuellavery/work/helix_frobenius/.lake/packages/importGraph/.lake/build/lib/lean:/Users/samuellavery/work/helix_frobenius/.lake/packages/LeanSearchClient/.lake/build/lib/lean:/Users/samuellavery/work/helix_frobenius/.lake/packages/plausible/.lake/build/lib/lean:/Users/samuellavery/work/helix_frobenius/.lake/packages/Hammer/.lake/build/lib/lean:/Users/samuellavery/work/helix_frobenius/.lake/packages/mathlib/.lake/build/lib/lean:/Users/samuellavery/work/helix_frobenius/.lake/build/lib/lean /Users/samuellavery/.elan/toolchains/leanprover--lean4---v4.31.0/bin/lean /Users/samuellavery/work/helix_frobenius/RequestProject/UnconditionalFrobenius.lean -o /Users/samuellavery/work/helix_frobenius/.lake/build/lib/lean/RequestProject/UnconditionalFrobenius.olean -i /Users/samuellavery/work/helix_frobenius/.lake/build/lib/lean/RequestProject/UnconditionalFrobenius.ilean -c /Users/samuellavery/work/helix_frobenius/.lake/build/ir/RequestProject/UnconditionalFrobenius.c --setup /Users/samuellavery/work/helix_frobenius/.lake/build/ir/RequestProject/UnconditionalFrobenius.setup.json --json",
   "level": "trace"},
  {"message":
   "RequestProject/UnconditionalFrobenius.lean:173:8: Try this:\n  [apply] ring_nf\n  \n  The `ring` tactic failed to close the goal. Use `ring_nf` to obtain a normal form.\n    \n  Note that `ring` works primarily in *commutative* rings. If you have a noncommutative ring, abelian group or module, consider using `noncomm_ring`, `abel` or `module` instead.",
   "level": "info"},
  {"message":
   "RequestProject/UnconditionalFrobenius.lean:177:119: Try this:\n  [apply] ring_nf!\n  \n  The `ring!` tactic failed to close the goal. Use `ring_nf!` to obtain a normal form.\n    \n  Note that `ring!` works primarily in *commutative* rings. If you have a noncommutative ring, abelian group or module, consider using `noncomm_ring`, `abel` or `module` instead.",
   "level": "info"}],
 "inputs":
 [["RequestProject.UnconditionalFrobenius:deps",
   [["deps",
     [["RequestProject/RequestProject:extraDep",
       [["@RequestProject:extraDep", "00000000000006bb"]]],
      ["imports",
       [["Mathlib transitive imports (legacy)", "41d2570f76c2764a"],
        ["Mathlib:importAllArts", "bbb4e5729d155599"]]]]],
    ["libs",
     [["import dynlibs", "00000000000006bb"],
      ["package external libraries", "00000000000006bb"],
      ["module dynlibs", "00000000000006bb"],
      ["module plugins", "00000000000006bb"]]]]],
  ["Lean 4.31.0, commit 68218e876d2a38b1985b8590fff244a83c321783",
   "fc45ac412f28501c"],
  ["/Users/samuellavery/work/helix_frobenius/RequestProject/UnconditionalFrobenius.lean",
   "2be3eff0be28935e"],
  ["options", "00000000000006bb"],
  ["isModule: false", "feefd2a0d3a1847e"],
  ["Module.name: RequestProject.UnconditionalFrobenius", "5f355994551dd9e7"],
  ["Package.id?: (some RequestProject)", "a74cf997b7727a0f"],
  ["Module.leanArgs: #[]", "00000000000006bb"]],
 "depHash": "b78baa9ba0dc9d62"}